[2024-06-02T12:38:32.242+0000] {local_task_job_runner.py:120} INFO - ::group::Pre task execution logs
[2024-06-02T12:38:32.269+0000] {taskinstance.py:2076} INFO - Dependencies all met for dep_context=non-requeueable deps ti=<TaskInstance: api_to_redshift.fetch_data_task manual__2024-06-02T12:38:28.986912+00:00 [queued]>
[2024-06-02T12:38:32.278+0000] {taskinstance.py:2076} INFO - Dependencies all met for dep_context=requeueable deps ti=<TaskInstance: api_to_redshift.fetch_data_task manual__2024-06-02T12:38:28.986912+00:00 [queued]>
[2024-06-02T12:38:32.279+0000] {taskinstance.py:2306} INFO - Starting attempt 1 of 1
[2024-06-02T12:38:32.293+0000] {taskinstance.py:2330} INFO - Executing <Task(BashOperator): fetch_data_task> on 2024-06-02 12:38:28.986912+00:00
[2024-06-02T12:38:32.305+0000] {warnings.py:110} WARNING - /home/***/.local/lib/python3.12/site-packages/***/task/task_runner/standard_task_runner.py:61: DeprecationWarning: This process (pid=367) is multi-threaded, use of fork() may lead to deadlocks in the child.
  pid = os.fork()

[2024-06-02T12:38:32.308+0000] {standard_task_runner.py:63} INFO - Started process 369 to run task
[2024-06-02T12:38:32.306+0000] {standard_task_runner.py:90} INFO - Running: ['***', 'tasks', 'run', 'api_to_redshift', 'fetch_data_task', 'manual__2024-06-02T12:38:28.986912+00:00', '--job-id', '236', '--raw', '--subdir', 'DAGS_FOLDER/get_data.py', '--cfg-path', '/tmp/tmp8zn5yn2n']
[2024-06-02T12:38:32.311+0000] {standard_task_runner.py:91} INFO - Job 236: Subtask fetch_data_task
[2024-06-02T12:38:32.362+0000] {task_command.py:426} INFO - Running <TaskInstance: api_to_redshift.fetch_data_task manual__2024-06-02T12:38:28.986912+00:00 [running]> on host 1d861f4bf9ce
[2024-06-02T12:38:32.430+0000] {taskinstance.py:2648} INFO - Exporting env vars: AIRFLOW_CTX_DAG_OWNER='Data Team' AIRFLOW_CTX_DAG_ID='api_to_redshift' AIRFLOW_CTX_TASK_ID='fetch_data_task' AIRFLOW_CTX_EXECUTION_DATE='2024-06-02T12:38:28.986912+00:00' AIRFLOW_CTX_TRY_NUMBER='1' AIRFLOW_CTX_DAG_RUN_ID='manual__2024-06-02T12:38:28.986912+00:00'
[2024-06-02T12:38:32.431+0000] {taskinstance.py:430} INFO - ::endgroup::
[2024-06-02T12:38:32.432+0000] {subprocess.py:63} INFO - Tmp dir root location: /tmp
[2024-06-02T12:38:32.433+0000] {subprocess.py:75} INFO - Running command: ['/usr/bin/bash', '-c', "curl 'http://api-to-s3-lambda:8080/2015-03-31/functions/function/invocations' -d '{}'"]
[2024-06-02T12:38:32.444+0000] {subprocess.py:86} INFO - Output:
[2024-06-02T12:38:32.454+0000] {subprocess.py:93} INFO -   % Total    % Received % Xferd  Average Speed   Time    Time     Time  Current
[2024-06-02T12:38:32.455+0000] {subprocess.py:93} INFO -                                  Dload  Upload   Total   Spent    Left  Speed
[2024-06-02T12:38:32.688+0000] {subprocess.py:93} INFO -   0     0    0     0    0     0      0      0 --:--:-- --:--:-- --:--:--     0100    72  100    70  100     2    299      8 --:--:-- --:--:-- --:--:--   309
[2024-06-02T12:38:32.690+0000] {subprocess.py:93} INFO - {"statusCode": 200, "body": "\"Raw data file created successfully!\""}
[2024-06-02T12:38:32.691+0000] {subprocess.py:97} INFO - Command exited with return code 0
[2024-06-02T12:38:32.692+0000] {taskinstance.py:441} INFO - ::group::Post task execution logs
[2024-06-02T12:38:32.716+0000] {taskinstance.py:1206} INFO - Marking task as SUCCESS. dag_id=api_to_redshift, task_id=fetch_data_task, run_id=manual__2024-06-02T12:38:28.986912+00:00, execution_date=20240602T123828, start_date=20240602T123832, end_date=20240602T123832
[2024-06-02T12:38:32.767+0000] {local_task_job_runner.py:240} INFO - Task exited with return code 0
[2024-06-02T12:38:32.787+0000] {taskinstance.py:3498} INFO - 1 downstream tasks scheduled from follow-on schedule check
[2024-06-02T12:38:32.789+0000] {local_task_job_runner.py:222} INFO - ::endgroup::
