[2024-06-02T20:58:02.893+0000] {local_task_job_runner.py:120} INFO - ::group::Pre task execution logs
[2024-06-02T20:58:02.906+0000] {taskinstance.py:2076} INFO - Dependencies all met for dep_context=non-requeueable deps ti=<TaskInstance: api_to_redshift.fetch_data_task scheduled__2024-06-02T20:57:00+00:00 [queued]>
[2024-06-02T20:58:02.913+0000] {taskinstance.py:2076} INFO - Dependencies all met for dep_context=requeueable deps ti=<TaskInstance: api_to_redshift.fetch_data_task scheduled__2024-06-02T20:57:00+00:00 [queued]>
[2024-06-02T20:58:02.917+0000] {taskinstance.py:2306} INFO - Starting attempt 1 of 1
[2024-06-02T20:58:02.926+0000] {taskinstance.py:2330} INFO - Executing <Task(BashOperator): fetch_data_task> on 2024-06-02 20:57:00+00:00
[2024-06-02T20:58:02.933+0000] {warnings.py:110} WARNING - /home/***/.local/lib/python3.12/site-packages/***/task/task_runner/standard_task_runner.py:61: DeprecationWarning: This process (pid=2881) is multi-threaded, use of fork() may lead to deadlocks in the child.
  pid = os.fork()

[2024-06-02T20:58:02.935+0000] {standard_task_runner.py:63} INFO - Started process 2883 to run task
[2024-06-02T20:58:02.937+0000] {standard_task_runner.py:90} INFO - Running: ['***', 'tasks', 'run', 'api_to_redshift', 'fetch_data_task', 'scheduled__2024-06-02T20:57:00+00:00', '--job-id', '618', '--raw', '--subdir', 'DAGS_FOLDER/get_data.py', '--cfg-path', '/tmp/tmp2y7cvhdi']
[2024-06-02T20:58:02.939+0000] {standard_task_runner.py:91} INFO - Job 618: Subtask fetch_data_task
[2024-06-02T20:58:03.033+0000] {task_command.py:426} INFO - Running <TaskInstance: api_to_redshift.fetch_data_task scheduled__2024-06-02T20:57:00+00:00 [running]> on host 79dff19b798d
[2024-06-02T20:58:03.126+0000] {taskinstance.py:2648} INFO - Exporting env vars: AIRFLOW_CTX_DAG_OWNER='Data Team' AIRFLOW_CTX_DAG_ID='api_to_redshift' AIRFLOW_CTX_TASK_ID='fetch_data_task' AIRFLOW_CTX_EXECUTION_DATE='2024-06-02T20:57:00+00:00' AIRFLOW_CTX_TRY_NUMBER='1' AIRFLOW_CTX_DAG_RUN_ID='scheduled__2024-06-02T20:57:00+00:00'
[2024-06-02T20:58:03.129+0000] {taskinstance.py:430} INFO - ::endgroup::
[2024-06-02T20:58:03.131+0000] {subprocess.py:63} INFO - Tmp dir root location: /tmp
[2024-06-02T20:58:03.132+0000] {subprocess.py:75} INFO - Running command: ['/usr/bin/bash', '-c', "curl 'http://api-to-s3-lambda:8080/2015-03-31/functions/function/invocations' -d '{}'"]
[2024-06-02T20:58:03.146+0000] {subprocess.py:86} INFO - Output:
[2024-06-02T20:58:03.156+0000] {subprocess.py:93} INFO -   % Total    % Received % Xferd  Average Speed   Time    Time     Time  Current
[2024-06-02T20:58:03.157+0000] {subprocess.py:93} INFO -                                  Dload  Upload   Total   Spent    Left  Speed
[2024-06-02T20:58:03.463+0000] {subprocess.py:93} INFO -   0     0    0     0    0     0      0      0 --:--:-- --:--:-- --:--:--     0100    72  100    70  100     2    228      6 --:--:-- --:--:-- --:--:--   235
[2024-06-02T20:58:03.464+0000] {subprocess.py:93} INFO - {"statusCode": 200, "body": "\"Raw data file created successfully!\""}
[2024-06-02T20:58:03.465+0000] {subprocess.py:97} INFO - Command exited with return code 0
[2024-06-02T20:58:03.466+0000] {taskinstance.py:441} INFO - ::group::Post task execution logs
[2024-06-02T20:58:03.490+0000] {taskinstance.py:1206} INFO - Marking task as SUCCESS. dag_id=api_to_redshift, task_id=fetch_data_task, run_id=scheduled__2024-06-02T20:57:00+00:00, execution_date=20240602T205700, start_date=20240602T205802, end_date=20240602T205803
[2024-06-02T20:58:03.526+0000] {local_task_job_runner.py:240} INFO - Task exited with return code 0
[2024-06-02T20:58:03.546+0000] {taskinstance.py:3498} INFO - 1 downstream tasks scheduled from follow-on schedule check
[2024-06-02T20:58:03.547+0000] {local_task_job_runner.py:222} INFO - ::endgroup::
