[2024-06-02T20:13:06.574+0000] {local_task_job_runner.py:120} INFO - ::group::Pre task execution logs
[2024-06-02T20:13:06.585+0000] {taskinstance.py:2076} INFO - Dependencies all met for dep_context=non-requeueable deps ti=<TaskInstance: api_to_redshift.load_data_task scheduled__2024-06-02T20:12:00+00:00 [queued]>
[2024-06-02T20:13:06.589+0000] {taskinstance.py:2076} INFO - Dependencies all met for dep_context=requeueable deps ti=<TaskInstance: api_to_redshift.load_data_task scheduled__2024-06-02T20:12:00+00:00 [queued]>
[2024-06-02T20:13:06.590+0000] {taskinstance.py:2306} INFO - Starting attempt 1 of 1
[2024-06-02T20:13:06.596+0000] {taskinstance.py:2330} INFO - Executing <Task(BashOperator): load_data_task> on 2024-06-02 20:12:00+00:00
[2024-06-02T20:13:06.602+0000] {warnings.py:110} WARNING - /home/***/.local/lib/python3.12/site-packages/***/task/task_runner/standard_task_runner.py:61: DeprecationWarning: This process (pid=1349) is multi-threaded, use of fork() may lead to deadlocks in the child.
  pid = os.fork()

[2024-06-02T20:13:06.603+0000] {standard_task_runner.py:63} INFO - Started process 1351 to run task
[2024-06-02T20:13:06.604+0000] {standard_task_runner.py:90} INFO - Running: ['***', 'tasks', 'run', 'api_to_redshift', 'load_data_task', 'scheduled__2024-06-02T20:12:00+00:00', '--job-id', '485', '--raw', '--subdir', 'DAGS_FOLDER/get_data.py', '--cfg-path', '/tmp/tmpwbzc81aj']
[2024-06-02T20:13:06.605+0000] {standard_task_runner.py:91} INFO - Job 485: Subtask load_data_task
[2024-06-02T20:13:06.642+0000] {task_command.py:426} INFO - Running <TaskInstance: api_to_redshift.load_data_task scheduled__2024-06-02T20:12:00+00:00 [running]> on host 79dff19b798d
[2024-06-02T20:13:06.698+0000] {taskinstance.py:2648} INFO - Exporting env vars: AIRFLOW_CTX_DAG_OWNER='Data Team' AIRFLOW_CTX_DAG_ID='api_to_redshift' AIRFLOW_CTX_TASK_ID='load_data_task' AIRFLOW_CTX_EXECUTION_DATE='2024-06-02T20:12:00+00:00' AIRFLOW_CTX_TRY_NUMBER='1' AIRFLOW_CTX_DAG_RUN_ID='scheduled__2024-06-02T20:12:00+00:00'
[2024-06-02T20:13:06.699+0000] {taskinstance.py:430} INFO - ::endgroup::
[2024-06-02T20:13:06.700+0000] {subprocess.py:63} INFO - Tmp dir root location: /tmp
[2024-06-02T20:13:06.701+0000] {subprocess.py:75} INFO - Running command: ['/usr/bin/bash', '-c', "curl 'http://s3-to-redshift-lambda:8080/2015-03-31/functions/function/invocations' -d '{}'"]
[2024-06-02T20:13:06.711+0000] {subprocess.py:86} INFO - Output:
[2024-06-02T20:13:06.720+0000] {subprocess.py:93} INFO -   % Total    % Received % Xferd  Average Speed   Time    Time     Time  Current
[2024-06-02T20:13:06.721+0000] {subprocess.py:93} INFO -                                  Dload  Upload   Total   Spent    Left  Speed
[2024-06-02T20:13:06.809+0000] {subprocess.py:93} INFO -   0     0    0     0    0     0      0      0 --:--:-- --:--:-- --:--:--     0100    70  100    68  100     2    763     22 --:--:-- --:--:-- --:--:--   795
[2024-06-02T20:13:06.810+0000] {subprocess.py:93} INFO - {"statusCode": 9, "body": "\"Enriched data inserted successfully\""}
[2024-06-02T20:13:06.811+0000] {subprocess.py:97} INFO - Command exited with return code 0
[2024-06-02T20:13:06.812+0000] {taskinstance.py:441} INFO - ::group::Post task execution logs
[2024-06-02T20:13:06.831+0000] {taskinstance.py:1206} INFO - Marking task as SUCCESS. dag_id=api_to_redshift, task_id=load_data_task, run_id=scheduled__2024-06-02T20:12:00+00:00, execution_date=20240602T201200, start_date=20240602T201306, end_date=20240602T201306
[2024-06-02T20:13:06.858+0000] {local_task_job_runner.py:240} INFO - Task exited with return code 0
[2024-06-02T20:13:06.874+0000] {taskinstance.py:3498} INFO - 0 downstream tasks scheduled from follow-on schedule check
[2024-06-02T20:13:06.875+0000] {local_task_job_runner.py:222} INFO - ::endgroup::
