[2024-06-02T20:20:04.902+0000] {local_task_job_runner.py:120} INFO - ::group::Pre task execution logs
[2024-06-02T20:20:04.913+0000] {taskinstance.py:2076} INFO - Dependencies all met for dep_context=non-requeueable deps ti=<TaskInstance: api_to_redshift.transformation_task scheduled__2024-06-02T20:19:00+00:00 [queued]>
[2024-06-02T20:20:04.917+0000] {taskinstance.py:2076} INFO - Dependencies all met for dep_context=requeueable deps ti=<TaskInstance: api_to_redshift.transformation_task scheduled__2024-06-02T20:19:00+00:00 [queued]>
[2024-06-02T20:20:04.918+0000] {taskinstance.py:2306} INFO - Starting attempt 1 of 1
[2024-06-02T20:20:04.924+0000] {taskinstance.py:2330} INFO - Executing <Task(BashOperator): transformation_task> on 2024-06-02 20:19:00+00:00
[2024-06-02T20:20:04.930+0000] {warnings.py:110} WARNING - /home/***/.local/lib/python3.12/site-packages/***/task/task_runner/standard_task_runner.py:61: DeprecationWarning: This process (pid=1582) is multi-threaded, use of fork() may lead to deadlocks in the child.
  pid = os.fork()

[2024-06-02T20:20:04.931+0000] {standard_task_runner.py:63} INFO - Started process 1584 to run task
[2024-06-02T20:20:04.932+0000] {standard_task_runner.py:90} INFO - Running: ['***', 'tasks', 'run', 'api_to_redshift', 'transformation_task', 'scheduled__2024-06-02T20:19:00+00:00', '--job-id', '505', '--raw', '--subdir', 'DAGS_FOLDER/get_data.py', '--cfg-path', '/tmp/tmp7y8dzrb1']
[2024-06-02T20:20:04.934+0000] {standard_task_runner.py:91} INFO - Job 505: Subtask transformation_task
[2024-06-02T20:20:04.971+0000] {task_command.py:426} INFO - Running <TaskInstance: api_to_redshift.transformation_task scheduled__2024-06-02T20:19:00+00:00 [running]> on host 79dff19b798d
[2024-06-02T20:20:05.029+0000] {taskinstance.py:2648} INFO - Exporting env vars: AIRFLOW_CTX_DAG_OWNER='Data Team' AIRFLOW_CTX_DAG_ID='api_to_redshift' AIRFLOW_CTX_TASK_ID='transformation_task' AIRFLOW_CTX_EXECUTION_DATE='2024-06-02T20:19:00+00:00' AIRFLOW_CTX_TRY_NUMBER='1' AIRFLOW_CTX_DAG_RUN_ID='scheduled__2024-06-02T20:19:00+00:00'
[2024-06-02T20:20:05.030+0000] {taskinstance.py:430} INFO - ::endgroup::
[2024-06-02T20:20:05.031+0000] {subprocess.py:63} INFO - Tmp dir root location: /tmp
[2024-06-02T20:20:05.032+0000] {subprocess.py:75} INFO - Running command: ['/usr/bin/bash', '-c', 'python glue_job.py']
[2024-06-02T20:20:05.042+0000] {subprocess.py:86} INFO - Output:
[2024-06-02T20:20:05.776+0000] {subprocess.py:93} INFO - /opt/***/scripts/glue_job.py:36: FutureWarning: Passing literal json to 'read_json' is deprecated and will be removed in a future version. To read from a literal string, wrap it in a 'StringIO' object.
[2024-06-02T20:20:05.776+0000] {subprocess.py:93} INFO -   df = pd.read_json(json_data)
[2024-06-02T20:20:05.967+0000] {subprocess.py:97} INFO - Command exited with return code 0
[2024-06-02T20:20:05.968+0000] {taskinstance.py:441} INFO - ::group::Post task execution logs
[2024-06-02T20:20:05.989+0000] {taskinstance.py:1206} INFO - Marking task as SUCCESS. dag_id=api_to_redshift, task_id=transformation_task, run_id=scheduled__2024-06-02T20:19:00+00:00, execution_date=20240602T201900, start_date=20240602T202004, end_date=20240602T202005
[2024-06-02T20:20:06.037+0000] {local_task_job_runner.py:240} INFO - Task exited with return code 0
[2024-06-02T20:20:06.057+0000] {taskinstance.py:3498} INFO - 1 downstream tasks scheduled from follow-on schedule check
[2024-06-02T20:20:06.059+0000] {local_task_job_runner.py:222} INFO - ::endgroup::
