[2024-06-02T20:16:02.449+0000] {local_task_job_runner.py:120} INFO - ::group::Pre task execution logs
[2024-06-02T20:16:02.461+0000] {taskinstance.py:2076} INFO - Dependencies all met for dep_context=non-requeueable deps ti=<TaskInstance: api_to_redshift.fetch_data_task scheduled__2024-06-02T20:15:00+00:00 [queued]>
[2024-06-02T20:16:02.466+0000] {taskinstance.py:2076} INFO - Dependencies all met for dep_context=requeueable deps ti=<TaskInstance: api_to_redshift.fetch_data_task scheduled__2024-06-02T20:15:00+00:00 [queued]>
[2024-06-02T20:16:02.467+0000] {taskinstance.py:2306} INFO - Starting attempt 1 of 1
[2024-06-02T20:16:02.474+0000] {taskinstance.py:2330} INFO - Executing <Task(BashOperator): fetch_data_task> on 2024-06-02 20:15:00+00:00
[2024-06-02T20:16:02.481+0000] {warnings.py:110} WARNING - /home/***/.local/lib/python3.12/site-packages/***/task/task_runner/standard_task_runner.py:61: DeprecationWarning: This process (pid=1438) is multi-threaded, use of fork() may lead to deadlocks in the child.
  pid = os.fork()

[2024-06-02T20:16:02.483+0000] {standard_task_runner.py:63} INFO - Started process 1440 to run task
[2024-06-02T20:16:02.484+0000] {standard_task_runner.py:90} INFO - Running: ['***', 'tasks', 'run', 'api_to_redshift', 'fetch_data_task', 'scheduled__2024-06-02T20:15:00+00:00', '--job-id', '492', '--raw', '--subdir', 'DAGS_FOLDER/get_data.py', '--cfg-path', '/tmp/tmpxmaylkwe']
[2024-06-02T20:16:02.485+0000] {standard_task_runner.py:91} INFO - Job 492: Subtask fetch_data_task
[2024-06-02T20:16:02.524+0000] {task_command.py:426} INFO - Running <TaskInstance: api_to_redshift.fetch_data_task scheduled__2024-06-02T20:15:00+00:00 [running]> on host 79dff19b798d
[2024-06-02T20:16:02.593+0000] {taskinstance.py:2648} INFO - Exporting env vars: AIRFLOW_CTX_DAG_OWNER='Data Team' AIRFLOW_CTX_DAG_ID='api_to_redshift' AIRFLOW_CTX_TASK_ID='fetch_data_task' AIRFLOW_CTX_EXECUTION_DATE='2024-06-02T20:15:00+00:00' AIRFLOW_CTX_TRY_NUMBER='1' AIRFLOW_CTX_DAG_RUN_ID='scheduled__2024-06-02T20:15:00+00:00'
[2024-06-02T20:16:02.594+0000] {taskinstance.py:430} INFO - ::endgroup::
[2024-06-02T20:16:02.596+0000] {subprocess.py:63} INFO - Tmp dir root location: /tmp
[2024-06-02T20:16:02.597+0000] {subprocess.py:75} INFO - Running command: ['/usr/bin/bash', '-c', "curl 'http://api-to-s3-lambda:8080/2015-03-31/functions/function/invocations' -d '{}'"]
[2024-06-02T20:16:02.606+0000] {subprocess.py:86} INFO - Output:
[2024-06-02T20:16:02.616+0000] {subprocess.py:93} INFO -   % Total    % Received % Xferd  Average Speed   Time    Time     Time  Current
[2024-06-02T20:16:02.617+0000] {subprocess.py:93} INFO -                                  Dload  Upload   Total   Spent    Left  Speed
[2024-06-02T20:16:02.865+0000] {subprocess.py:93} INFO -   0     0    0     0    0     0      0      0 --:--:-- --:--:-- --:--:--     0100    72  100    70  100     2    280      8 --:--:-- --:--:-- --:--:--   289
[2024-06-02T20:16:02.867+0000] {subprocess.py:93} INFO - {"statusCode": 200, "body": "\"Raw data file created successfully!\""}
[2024-06-02T20:16:02.868+0000] {subprocess.py:97} INFO - Command exited with return code 0
[2024-06-02T20:16:02.869+0000] {taskinstance.py:441} INFO - ::group::Post task execution logs
[2024-06-02T20:16:02.893+0000] {taskinstance.py:1206} INFO - Marking task as SUCCESS. dag_id=api_to_redshift, task_id=fetch_data_task, run_id=scheduled__2024-06-02T20:15:00+00:00, execution_date=20240602T201500, start_date=20240602T201602, end_date=20240602T201602
[2024-06-02T20:16:02.939+0000] {local_task_job_runner.py:240} INFO - Task exited with return code 0
[2024-06-02T20:16:02.965+0000] {taskinstance.py:3498} INFO - 1 downstream tasks scheduled from follow-on schedule check
[2024-06-02T20:16:02.969+0000] {local_task_job_runner.py:222} INFO - ::endgroup::
