[2024-06-02T15:56:39.026+0000] {local_task_job_runner.py:120} INFO - ::group::Pre task execution logs
[2024-06-02T15:56:39.039+0000] {taskinstance.py:2076} INFO - Dependencies all met for dep_context=non-requeueable deps ti=<TaskInstance: api_to_redshift.transformation_task manual__2024-06-02T15:56:32.811181+00:00 [queued]>
[2024-06-02T15:56:39.044+0000] {taskinstance.py:2076} INFO - Dependencies all met for dep_context=requeueable deps ti=<TaskInstance: api_to_redshift.transformation_task manual__2024-06-02T15:56:32.811181+00:00 [queued]>
[2024-06-02T15:56:39.045+0000] {taskinstance.py:2306} INFO - Starting attempt 1 of 1
[2024-06-02T15:56:39.053+0000] {taskinstance.py:2330} INFO - Executing <Task(BashOperator): transformation_task> on 2024-06-02 15:56:32.811181+00:00
[2024-06-02T15:56:39.059+0000] {warnings.py:110} WARNING - /home/***/.local/lib/python3.12/site-packages/***/task/task_runner/standard_task_runner.py:61: DeprecationWarning: This process (pid=58) is multi-threaded, use of fork() may lead to deadlocks in the child.
  pid = os.fork()

[2024-06-02T15:56:39.060+0000] {standard_task_runner.py:63} INFO - Started process 60 to run task
[2024-06-02T15:56:39.061+0000] {standard_task_runner.py:90} INFO - Running: ['***', 'tasks', 'run', 'api_to_redshift', 'transformation_task', 'manual__2024-06-02T15:56:32.811181+00:00', '--job-id', '293', '--raw', '--subdir', 'DAGS_FOLDER/get_data.py', '--cfg-path', '/tmp/tmpai_8kstq']
[2024-06-02T15:56:39.063+0000] {standard_task_runner.py:91} INFO - Job 293: Subtask transformation_task
[2024-06-02T15:56:39.105+0000] {task_command.py:426} INFO - Running <TaskInstance: api_to_redshift.transformation_task manual__2024-06-02T15:56:32.811181+00:00 [running]> on host bcb5f26e96c9
[2024-06-02T15:56:39.169+0000] {taskinstance.py:2648} INFO - Exporting env vars: AIRFLOW_CTX_DAG_OWNER='Data Team' AIRFLOW_CTX_DAG_ID='api_to_redshift' AIRFLOW_CTX_TASK_ID='transformation_task' AIRFLOW_CTX_EXECUTION_DATE='2024-06-02T15:56:32.811181+00:00' AIRFLOW_CTX_TRY_NUMBER='1' AIRFLOW_CTX_DAG_RUN_ID='manual__2024-06-02T15:56:32.811181+00:00'
[2024-06-02T15:56:39.171+0000] {taskinstance.py:430} INFO - ::endgroup::
[2024-06-02T15:56:39.172+0000] {subprocess.py:63} INFO - Tmp dir root location: /tmp
[2024-06-02T15:56:39.173+0000] {subprocess.py:75} INFO - Running command: ['/usr/bin/bash', '-c', 'python glue_job.py']
[2024-06-02T15:56:39.186+0000] {subprocess.py:86} INFO - Output:
[2024-06-02T15:56:40.178+0000] {subprocess.py:93} INFO - /opt/***/scripts/glue_job.py:36: FutureWarning: Passing literal json to 'read_json' is deprecated and will be removed in a future version. To read from a literal string, wrap it in a 'StringIO' object.
[2024-06-02T15:56:40.179+0000] {subprocess.py:93} INFO -   df = pd.read_json(json_data)
[2024-06-02T15:56:40.447+0000] {subprocess.py:97} INFO - Command exited with return code 0
[2024-06-02T15:56:40.449+0000] {taskinstance.py:441} INFO - ::group::Post task execution logs
[2024-06-02T15:56:40.474+0000] {taskinstance.py:1206} INFO - Marking task as SUCCESS. dag_id=api_to_redshift, task_id=transformation_task, run_id=manual__2024-06-02T15:56:32.811181+00:00, execution_date=20240602T155632, start_date=20240602T155639, end_date=20240602T155640
[2024-06-02T15:56:40.523+0000] {local_task_job_runner.py:240} INFO - Task exited with return code 0
[2024-06-02T15:56:40.547+0000] {taskinstance.py:3498} INFO - 1 downstream tasks scheduled from follow-on schedule check
[2024-06-02T15:56:40.549+0000] {local_task_job_runner.py:222} INFO - ::endgroup::
