[2024-06-02T12:38:34.096+0000] {local_task_job_runner.py:120} INFO - ::group::Pre task execution logs
[2024-06-02T12:38:34.108+0000] {taskinstance.py:2076} INFO - Dependencies all met for dep_context=non-requeueable deps ti=<TaskInstance: api_to_redshift.transformation_task manual__2024-06-02T12:38:28.986912+00:00 [queued]>
[2024-06-02T12:38:34.112+0000] {taskinstance.py:2076} INFO - Dependencies all met for dep_context=requeueable deps ti=<TaskInstance: api_to_redshift.transformation_task manual__2024-06-02T12:38:28.986912+00:00 [queued]>
[2024-06-02T12:38:34.113+0000] {taskinstance.py:2306} INFO - Starting attempt 1 of 1
[2024-06-02T12:38:34.120+0000] {taskinstance.py:2330} INFO - Executing <Task(BashOperator): transformation_task> on 2024-06-02 12:38:28.986912+00:00
[2024-06-02T12:38:34.125+0000] {warnings.py:110} WARNING - /home/***/.local/lib/python3.12/site-packages/***/task/task_runner/standard_task_runner.py:61: DeprecationWarning: This process (pid=372) is multi-threaded, use of fork() may lead to deadlocks in the child.
  pid = os.fork()

[2024-06-02T12:38:34.127+0000] {standard_task_runner.py:63} INFO - Started process 374 to run task
[2024-06-02T12:38:34.128+0000] {standard_task_runner.py:90} INFO - Running: ['***', 'tasks', 'run', 'api_to_redshift', 'transformation_task', 'manual__2024-06-02T12:38:28.986912+00:00', '--job-id', '237', '--raw', '--subdir', 'DAGS_FOLDER/get_data.py', '--cfg-path', '/tmp/tmpqv_j7528']
[2024-06-02T12:38:34.129+0000] {standard_task_runner.py:91} INFO - Job 237: Subtask transformation_task
[2024-06-02T12:38:34.165+0000] {task_command.py:426} INFO - Running <TaskInstance: api_to_redshift.transformation_task manual__2024-06-02T12:38:28.986912+00:00 [running]> on host 1d861f4bf9ce
[2024-06-02T12:38:34.218+0000] {taskinstance.py:2648} INFO - Exporting env vars: AIRFLOW_CTX_DAG_OWNER='Data Team' AIRFLOW_CTX_DAG_ID='api_to_redshift' AIRFLOW_CTX_TASK_ID='transformation_task' AIRFLOW_CTX_EXECUTION_DATE='2024-06-02T12:38:28.986912+00:00' AIRFLOW_CTX_TRY_NUMBER='1' AIRFLOW_CTX_DAG_RUN_ID='manual__2024-06-02T12:38:28.986912+00:00'
[2024-06-02T12:38:34.220+0000] {taskinstance.py:430} INFO - ::endgroup::
[2024-06-02T12:38:34.221+0000] {taskinstance.py:441} INFO - ::group::Post task execution logs
[2024-06-02T12:38:34.228+0000] {taskinstance.py:2905} ERROR - Task failed with exception
Traceback (most recent call last):
  File "/home/airflow/.local/lib/python3.12/site-packages/airflow/models/taskinstance.py", line 465, in _execute_task
    result = _execute_callable(context=context, **execute_callable_kwargs)
             ^^^^^^^^^^^^^^^^^^^^^^^^^^^^^^^^^^^^^^^^^^^^^^^^^^^^^^^^^^^^^
  File "/home/airflow/.local/lib/python3.12/site-packages/airflow/models/taskinstance.py", line 432, in _execute_callable
    return execute_callable(context=context, **execute_callable_kwargs)
           ^^^^^^^^^^^^^^^^^^^^^^^^^^^^^^^^^^^^^^^^^^^^^^^^^^^^^^^^^^^^
  File "/home/airflow/.local/lib/python3.12/site-packages/airflow/models/baseoperator.py", line 400, in wrapper
    return func(self, *args, **kwargs)
           ^^^^^^^^^^^^^^^^^^^^^^^^^^^
  File "/home/airflow/.local/lib/python3.12/site-packages/airflow/operators/bash.py", line 220, in execute
    raise AirflowException(f"Can not find the cwd: {self.cwd}")
airflow.exceptions.AirflowException: Can not find the cwd: /usr/local/***/scripts
[2024-06-02T12:38:34.231+0000] {taskinstance.py:1206} INFO - Marking task as FAILED. dag_id=api_to_redshift, task_id=transformation_task, run_id=manual__2024-06-02T12:38:28.986912+00:00, execution_date=20240602T123828, start_date=20240602T123834, end_date=20240602T123834
[2024-06-02T12:38:34.238+0000] {standard_task_runner.py:110} ERROR - Failed to execute job 237 for task transformation_task (Can not find the cwd: /usr/local/***/scripts; 374)
[2024-06-02T12:38:34.261+0000] {local_task_job_runner.py:240} INFO - Task exited with return code 1
[2024-06-02T12:38:34.276+0000] {taskinstance.py:3498} INFO - 0 downstream tasks scheduled from follow-on schedule check
[2024-06-02T12:38:34.279+0000] {local_task_job_runner.py:222} INFO - ::endgroup::
