[2024-06-02T18:41:25.796+0000] {local_task_job_runner.py:120} INFO - ::group::Pre task execution logs
[2024-06-02T18:41:25.812+0000] {taskinstance.py:2076} INFO - Dependencies all met for dep_context=non-requeueable deps ti=<TaskInstance: api_to_redshift.fetch_data_task manual__2024-06-02T18:41:22.556315+00:00 [queued]>
[2024-06-02T18:41:25.817+0000] {taskinstance.py:2076} INFO - Dependencies all met for dep_context=requeueable deps ti=<TaskInstance: api_to_redshift.fetch_data_task manual__2024-06-02T18:41:22.556315+00:00 [queued]>
[2024-06-02T18:41:25.818+0000] {taskinstance.py:2306} INFO - Starting attempt 1 of 1
[2024-06-02T18:41:25.826+0000] {taskinstance.py:2330} INFO - Executing <Task(BashOperator): fetch_data_task> on 2024-06-02 18:41:22.556315+00:00
[2024-06-02T18:41:25.833+0000] {warnings.py:110} WARNING - /home/***/.local/lib/python3.12/site-packages/***/task/task_runner/standard_task_runner.py:61: DeprecationWarning: This process (pid=52) is multi-threaded, use of fork() may lead to deadlocks in the child.
  pid = os.fork()

[2024-06-02T18:41:25.835+0000] {standard_task_runner.py:63} INFO - Started process 61 to run task
[2024-06-02T18:41:25.835+0000] {standard_task_runner.py:90} INFO - Running: ['***', 'tasks', 'run', 'api_to_redshift', 'fetch_data_task', 'manual__2024-06-02T18:41:22.556315+00:00', '--job-id', '365', '--raw', '--subdir', 'DAGS_FOLDER/get_data.py', '--cfg-path', '/tmp/tmpl30urwc1']
[2024-06-02T18:41:25.837+0000] {standard_task_runner.py:91} INFO - Job 365: Subtask fetch_data_task
[2024-06-02T18:41:25.895+0000] {task_command.py:426} INFO - Running <TaskInstance: api_to_redshift.fetch_data_task manual__2024-06-02T18:41:22.556315+00:00 [running]> on host aab76724134f
[2024-06-02T18:41:26.008+0000] {taskinstance.py:2648} INFO - Exporting env vars: AIRFLOW_CTX_DAG_OWNER='Data Team' AIRFLOW_CTX_DAG_ID='api_to_redshift' AIRFLOW_CTX_TASK_ID='fetch_data_task' AIRFLOW_CTX_EXECUTION_DATE='2024-06-02T18:41:22.556315+00:00' AIRFLOW_CTX_TRY_NUMBER='1' AIRFLOW_CTX_DAG_RUN_ID='manual__2024-06-02T18:41:22.556315+00:00'
[2024-06-02T18:41:26.010+0000] {taskinstance.py:430} INFO - ::endgroup::
[2024-06-02T18:41:26.012+0000] {subprocess.py:63} INFO - Tmp dir root location: /tmp
[2024-06-02T18:41:26.013+0000] {subprocess.py:75} INFO - Running command: ['/usr/bin/bash', '-c', "curl 'http://api-to-s3-lambda:8080/2015-03-31/functions/function/invocations' -d '{}'"]
[2024-06-02T18:41:26.027+0000] {subprocess.py:86} INFO - Output:
[2024-06-02T18:41:26.038+0000] {subprocess.py:93} INFO -   % Total    % Received % Xferd  Average Speed   Time    Time     Time  Current
[2024-06-02T18:41:26.039+0000] {subprocess.py:93} INFO -                                  Dload  Upload   Total   Spent    Left  Speed
[2024-06-02T18:41:26.610+0000] {subprocess.py:93} INFO -   0     0    0     0    0     0      0      0 --:--:-- --:--:-- --:--:--     0100     2    0     0  100     2      0      9 --:--:-- --:--:-- --:--:--     9100    72  100    70  100     2    122      3 --:--:-- --:--:-- --:--:--   126
[2024-06-02T18:41:26.613+0000] {subprocess.py:93} INFO - {"statusCode": 200, "body": "\"Raw data file created successfully!\""}
[2024-06-02T18:41:26.614+0000] {subprocess.py:97} INFO - Command exited with return code 0
[2024-06-02T18:41:26.615+0000] {taskinstance.py:441} INFO - ::group::Post task execution logs
[2024-06-02T18:41:26.641+0000] {taskinstance.py:1206} INFO - Marking task as SUCCESS. dag_id=api_to_redshift, task_id=fetch_data_task, run_id=manual__2024-06-02T18:41:22.556315+00:00, execution_date=20240602T184122, start_date=20240602T184125, end_date=20240602T184126
[2024-06-02T18:41:26.659+0000] {local_task_job_runner.py:240} INFO - Task exited with return code 0
[2024-06-02T18:41:26.677+0000] {taskinstance.py:3498} INFO - 1 downstream tasks scheduled from follow-on schedule check
[2024-06-02T18:41:26.679+0000] {local_task_job_runner.py:222} INFO - ::endgroup::
