[2024-06-02T20:11:04.799+0000] {local_task_job_runner.py:120} INFO - ::group::Pre task execution logs
[2024-06-02T20:11:04.810+0000] {taskinstance.py:2076} INFO - Dependencies all met for dep_context=non-requeueable deps ti=<TaskInstance: api_to_redshift.transformation_task scheduled__2024-06-02T20:10:00+00:00 [queued]>
[2024-06-02T20:11:04.814+0000] {taskinstance.py:2076} INFO - Dependencies all met for dep_context=requeueable deps ti=<TaskInstance: api_to_redshift.transformation_task scheduled__2024-06-02T20:10:00+00:00 [queued]>
[2024-06-02T20:11:04.815+0000] {taskinstance.py:2306} INFO - Starting attempt 1 of 1
[2024-06-02T20:11:04.821+0000] {taskinstance.py:2330} INFO - Executing <Task(BashOperator): transformation_task> on 2024-06-02 20:10:00+00:00
[2024-06-02T20:11:04.826+0000] {warnings.py:110} WARNING - /home/***/.local/lib/python3.12/site-packages/***/task/task_runner/standard_task_runner.py:61: DeprecationWarning: This process (pid=1267) is multi-threaded, use of fork() may lead to deadlocks in the child.
  pid = os.fork()

[2024-06-02T20:11:04.827+0000] {standard_task_runner.py:63} INFO - Started process 1269 to run task
[2024-06-02T20:11:04.829+0000] {standard_task_runner.py:90} INFO - Running: ['***', 'tasks', 'run', 'api_to_redshift', 'transformation_task', 'scheduled__2024-06-02T20:10:00+00:00', '--job-id', '478', '--raw', '--subdir', 'DAGS_FOLDER/get_data.py', '--cfg-path', '/tmp/tmpc9x4se64']
[2024-06-02T20:11:04.830+0000] {standard_task_runner.py:91} INFO - Job 478: Subtask transformation_task
[2024-06-02T20:11:04.868+0000] {task_command.py:426} INFO - Running <TaskInstance: api_to_redshift.transformation_task scheduled__2024-06-02T20:10:00+00:00 [running]> on host 79dff19b798d
[2024-06-02T20:11:04.924+0000] {taskinstance.py:2648} INFO - Exporting env vars: AIRFLOW_CTX_DAG_OWNER='Data Team' AIRFLOW_CTX_DAG_ID='api_to_redshift' AIRFLOW_CTX_TASK_ID='transformation_task' AIRFLOW_CTX_EXECUTION_DATE='2024-06-02T20:10:00+00:00' AIRFLOW_CTX_TRY_NUMBER='1' AIRFLOW_CTX_DAG_RUN_ID='scheduled__2024-06-02T20:10:00+00:00'
[2024-06-02T20:11:04.926+0000] {taskinstance.py:430} INFO - ::endgroup::
[2024-06-02T20:11:04.927+0000] {subprocess.py:63} INFO - Tmp dir root location: /tmp
[2024-06-02T20:11:04.927+0000] {subprocess.py:75} INFO - Running command: ['/usr/bin/bash', '-c', 'python glue_job.py']
[2024-06-02T20:11:04.938+0000] {subprocess.py:86} INFO - Output:
[2024-06-02T20:11:05.668+0000] {subprocess.py:93} INFO - /opt/***/scripts/glue_job.py:36: FutureWarning: Passing literal json to 'read_json' is deprecated and will be removed in a future version. To read from a literal string, wrap it in a 'StringIO' object.
[2024-06-02T20:11:05.670+0000] {subprocess.py:93} INFO -   df = pd.read_json(json_data)
[2024-06-02T20:11:05.818+0000] {subprocess.py:97} INFO - Command exited with return code 0
[2024-06-02T20:11:05.819+0000] {taskinstance.py:441} INFO - ::group::Post task execution logs
[2024-06-02T20:11:05.839+0000] {taskinstance.py:1206} INFO - Marking task as SUCCESS. dag_id=api_to_redshift, task_id=transformation_task, run_id=scheduled__2024-06-02T20:10:00+00:00, execution_date=20240602T201000, start_date=20240602T201104, end_date=20240602T201105
[2024-06-02T20:11:05.888+0000] {local_task_job_runner.py:240} INFO - Task exited with return code 0
[2024-06-02T20:11:05.906+0000] {taskinstance.py:3498} INFO - 1 downstream tasks scheduled from follow-on schedule check
[2024-06-02T20:11:05.908+0000] {local_task_job_runner.py:222} INFO - ::endgroup::
