[2024-06-02T09:13:06.050+0000] {local_task_job_runner.py:120} INFO - ::group::Pre task execution logs
[2024-06-02T09:13:06.062+0000] {taskinstance.py:2076} INFO - Dependencies all met for dep_context=non-requeueable deps ti=<TaskInstance: api_to_redshift.fetch_data_task manual__2024-06-02T09:13:03.883551+00:00 [queued]>
[2024-06-02T09:13:06.066+0000] {taskinstance.py:2076} INFO - Dependencies all met for dep_context=requeueable deps ti=<TaskInstance: api_to_redshift.fetch_data_task manual__2024-06-02T09:13:03.883551+00:00 [queued]>
[2024-06-02T09:13:06.067+0000] {taskinstance.py:2306} INFO - Starting attempt 1 of 1
[2024-06-02T09:13:06.074+0000] {taskinstance.py:2330} INFO - Executing <Task(BashOperator): fetch_data_task> on 2024-06-02 09:13:03.883551+00:00
[2024-06-02T09:13:06.080+0000] {warnings.py:110} WARNING - /home/***/.local/lib/python3.12/site-packages/***/task/task_runner/standard_task_runner.py:61: DeprecationWarning: This process (pid=1401) is multi-threaded, use of fork() may lead to deadlocks in the child.
  pid = os.fork()

[2024-06-02T09:13:06.082+0000] {standard_task_runner.py:63} INFO - Started process 1403 to run task
[2024-06-02T09:13:06.083+0000] {standard_task_runner.py:90} INFO - Running: ['***', 'tasks', 'run', 'api_to_redshift', 'fetch_data_task', 'manual__2024-06-02T09:13:03.883551+00:00', '--job-id', '124', '--raw', '--subdir', 'DAGS_FOLDER/get_data.py', '--cfg-path', '/tmp/tmpyomwmqbz']
[2024-06-02T09:13:06.084+0000] {standard_task_runner.py:91} INFO - Job 124: Subtask fetch_data_task
[2024-06-02T09:13:06.127+0000] {task_command.py:426} INFO - Running <TaskInstance: api_to_redshift.fetch_data_task manual__2024-06-02T09:13:03.883551+00:00 [running]> on host e5491654e688
[2024-06-02T09:13:06.183+0000] {taskinstance.py:2648} INFO - Exporting env vars: AIRFLOW_CTX_DAG_OWNER='Data Team' AIRFLOW_CTX_DAG_ID='api_to_redshift' AIRFLOW_CTX_TASK_ID='fetch_data_task' AIRFLOW_CTX_EXECUTION_DATE='2024-06-02T09:13:03.883551+00:00' AIRFLOW_CTX_TRY_NUMBER='1' AIRFLOW_CTX_DAG_RUN_ID='manual__2024-06-02T09:13:03.883551+00:00'
[2024-06-02T09:13:06.185+0000] {taskinstance.py:430} INFO - ::endgroup::
[2024-06-02T09:13:06.186+0000] {subprocess.py:63} INFO - Tmp dir root location: /tmp
[2024-06-02T09:13:06.187+0000] {subprocess.py:75} INFO - Running command: ['/usr/bin/bash', '-c', "curl 'http://localhost:8793/2015-03-31/functions/function/invocations' -d '{}'"]
[2024-06-02T09:13:06.198+0000] {subprocess.py:86} INFO - Output:
[2024-06-02T09:13:06.207+0000] {subprocess.py:93} INFO -   % Total    % Received % Xferd  Average Speed   Time    Time     Time  Current
[2024-06-02T09:13:06.208+0000] {subprocess.py:93} INFO -                                  Dload  Upload   Total   Spent    Left  Speed
[2024-06-02T09:13:06.219+0000] {subprocess.py:93} INFO -   0     0    0     0    0     0      0      0 --:--:-- --:--:-- --:--:--     0100   215  100   213  100     2  18428    173 --:--:-- --:--:-- --:--:-- 19545
[2024-06-02T09:13:06.220+0000] {subprocess.py:93} INFO - <!doctype html>
[2024-06-02T09:13:06.220+0000] {subprocess.py:93} INFO - <html lang=en>
[2024-06-02T09:13:06.220+0000] {subprocess.py:93} INFO - <title>403 Forbidden</title>
[2024-06-02T09:13:06.221+0000] {subprocess.py:93} INFO - <h1>Forbidden</h1>
[2024-06-02T09:13:06.221+0000] {subprocess.py:93} INFO - <p>You don&#39;t have the permission to access the requested resource. It is either read-protected or not readable by the server.</p>
[2024-06-02T09:13:06.222+0000] {subprocess.py:97} INFO - Command exited with return code 0
[2024-06-02T09:13:06.223+0000] {taskinstance.py:441} INFO - ::group::Post task execution logs
[2024-06-02T09:13:06.245+0000] {taskinstance.py:1206} INFO - Marking task as SUCCESS. dag_id=api_to_redshift, task_id=fetch_data_task, run_id=manual__2024-06-02T09:13:03.883551+00:00, execution_date=20240602T091303, start_date=20240602T091306, end_date=20240602T091306
[2024-06-02T09:13:06.296+0000] {local_task_job_runner.py:240} INFO - Task exited with return code 0
[2024-06-02T09:13:06.320+0000] {taskinstance.py:3498} INFO - 0 downstream tasks scheduled from follow-on schedule check
[2024-06-02T09:13:06.323+0000] {local_task_job_runner.py:222} INFO - ::endgroup::
