[2024-06-02T18:04:01.550+0000] {local_task_job_runner.py:120} INFO - ::group::Pre task execution logs
[2024-06-02T18:04:01.561+0000] {taskinstance.py:2076} INFO - Dependencies all met for dep_context=non-requeueable deps ti=<TaskInstance: api_to_redshift.load_data_task manual__2024-06-02T18:03:52.722483+00:00 [queued]>
[2024-06-02T18:04:01.566+0000] {taskinstance.py:2076} INFO - Dependencies all met for dep_context=requeueable deps ti=<TaskInstance: api_to_redshift.load_data_task manual__2024-06-02T18:03:52.722483+00:00 [queued]>
[2024-06-02T18:04:01.567+0000] {taskinstance.py:2306} INFO - Starting attempt 1 of 1
[2024-06-02T18:04:01.574+0000] {taskinstance.py:2330} INFO - Executing <Task(BashOperator): load_data_task> on 2024-06-02 18:03:52.722483+00:00
[2024-06-02T18:04:01.580+0000] {warnings.py:110} WARNING - /home/***/.local/lib/python3.12/site-packages/***/task/task_runner/standard_task_runner.py:61: DeprecationWarning: This process (pid=88) is multi-threaded, use of fork() may lead to deadlocks in the child.
  pid = os.fork()

[2024-06-02T18:04:01.581+0000] {standard_task_runner.py:63} INFO - Started process 90 to run task
[2024-06-02T18:04:01.582+0000] {standard_task_runner.py:90} INFO - Running: ['***', 'tasks', 'run', 'api_to_redshift', 'load_data_task', 'manual__2024-06-02T18:03:52.722483+00:00', '--job-id', '352', '--raw', '--subdir', 'DAGS_FOLDER/get_data.py', '--cfg-path', '/tmp/tmpfoh_4tth']
[2024-06-02T18:04:01.583+0000] {standard_task_runner.py:91} INFO - Job 352: Subtask load_data_task
[2024-06-02T18:04:01.622+0000] {task_command.py:426} INFO - Running <TaskInstance: api_to_redshift.load_data_task manual__2024-06-02T18:03:52.722483+00:00 [running]> on host a50baa645420
[2024-06-02T18:04:01.690+0000] {taskinstance.py:2648} INFO - Exporting env vars: AIRFLOW_CTX_DAG_OWNER='Data Team' AIRFLOW_CTX_DAG_ID='api_to_redshift' AIRFLOW_CTX_TASK_ID='load_data_task' AIRFLOW_CTX_EXECUTION_DATE='2024-06-02T18:03:52.722483+00:00' AIRFLOW_CTX_TRY_NUMBER='1' AIRFLOW_CTX_DAG_RUN_ID='manual__2024-06-02T18:03:52.722483+00:00'
[2024-06-02T18:04:01.691+0000] {taskinstance.py:430} INFO - ::endgroup::
[2024-06-02T18:04:01.692+0000] {subprocess.py:63} INFO - Tmp dir root location: /tmp
[2024-06-02T18:04:01.693+0000] {subprocess.py:75} INFO - Running command: ['/usr/bin/bash', '-c', "curl 'http://s3-to-redshift-lambda:8080/2015-03-31/functions/function/invocations' -d '{}'"]
[2024-06-02T18:04:01.705+0000] {subprocess.py:86} INFO - Output:
[2024-06-02T18:04:01.713+0000] {subprocess.py:93} INFO -   % Total    % Received % Xferd  Average Speed   Time    Time     Time  Current
[2024-06-02T18:04:01.716+0000] {subprocess.py:93} INFO -                                  Dload  Upload   Total   Spent    Left  Speed
[2024-06-02T18:04:02.346+0000] {subprocess.py:93} INFO -   0     0    0     0    0     0      0      0 --:--:-- --:--:-- --:--:--     0100    70  100    68  100     2    107      3 --:--:-- --:--:-- --:--:--   110100    70  100    68  100     2    107      3 --:--:-- --:--:-- --:--:--   110
[2024-06-02T18:04:02.349+0000] {subprocess.py:93} INFO - {"statusCode": 9, "body": "\"Enriched data inserted successfully\""}
[2024-06-02T18:04:02.350+0000] {subprocess.py:97} INFO - Command exited with return code 0
[2024-06-02T18:04:02.351+0000] {taskinstance.py:441} INFO - ::group::Post task execution logs
[2024-06-02T18:04:02.377+0000] {taskinstance.py:1206} INFO - Marking task as SUCCESS. dag_id=api_to_redshift, task_id=load_data_task, run_id=manual__2024-06-02T18:03:52.722483+00:00, execution_date=20240602T180352, start_date=20240602T180401, end_date=20240602T180402
[2024-06-02T18:04:02.401+0000] {local_task_job_runner.py:240} INFO - Task exited with return code 0
[2024-06-02T18:04:02.417+0000] {taskinstance.py:3498} INFO - 0 downstream tasks scheduled from follow-on schedule check
[2024-06-02T18:04:02.418+0000] {local_task_job_runner.py:222} INFO - ::endgroup::
