[2024-06-02T20:23:04.330+0000] {local_task_job_runner.py:120} INFO - ::group::Pre task execution logs
[2024-06-02T20:23:04.344+0000] {taskinstance.py:2076} INFO - Dependencies all met for dep_context=non-requeueable deps ti=<TaskInstance: api_to_redshift.transformation_task scheduled__2024-06-02T20:22:00+00:00 [queued]>
[2024-06-02T20:23:04.349+0000] {taskinstance.py:2076} INFO - Dependencies all met for dep_context=requeueable deps ti=<TaskInstance: api_to_redshift.transformation_task scheduled__2024-06-02T20:22:00+00:00 [queued]>
[2024-06-02T20:23:04.350+0000] {taskinstance.py:2306} INFO - Starting attempt 1 of 1
[2024-06-02T20:23:04.359+0000] {taskinstance.py:2330} INFO - Executing <Task(BashOperator): transformation_task> on 2024-06-02 20:22:00+00:00
[2024-06-02T20:23:04.366+0000] {warnings.py:110} WARNING - /home/***/.local/lib/python3.12/site-packages/***/task/task_runner/standard_task_runner.py:61: DeprecationWarning: This process (pid=1680) is multi-threaded, use of fork() may lead to deadlocks in the child.
  pid = os.fork()

[2024-06-02T20:23:04.368+0000] {standard_task_runner.py:63} INFO - Started process 1682 to run task
[2024-06-02T20:23:04.369+0000] {standard_task_runner.py:90} INFO - Running: ['***', 'tasks', 'run', 'api_to_redshift', 'transformation_task', 'scheduled__2024-06-02T20:22:00+00:00', '--job-id', '514', '--raw', '--subdir', 'DAGS_FOLDER/get_data.py', '--cfg-path', '/tmp/tmp2d4g_x2l']
[2024-06-02T20:23:04.371+0000] {standard_task_runner.py:91} INFO - Job 514: Subtask transformation_task
[2024-06-02T20:23:04.426+0000] {task_command.py:426} INFO - Running <TaskInstance: api_to_redshift.transformation_task scheduled__2024-06-02T20:22:00+00:00 [running]> on host 79dff19b798d
[2024-06-02T20:23:04.517+0000] {taskinstance.py:2648} INFO - Exporting env vars: AIRFLOW_CTX_DAG_OWNER='Data Team' AIRFLOW_CTX_DAG_ID='api_to_redshift' AIRFLOW_CTX_TASK_ID='transformation_task' AIRFLOW_CTX_EXECUTION_DATE='2024-06-02T20:22:00+00:00' AIRFLOW_CTX_TRY_NUMBER='1' AIRFLOW_CTX_DAG_RUN_ID='scheduled__2024-06-02T20:22:00+00:00'
[2024-06-02T20:23:04.519+0000] {taskinstance.py:430} INFO - ::endgroup::
[2024-06-02T20:23:04.520+0000] {subprocess.py:63} INFO - Tmp dir root location: /tmp
[2024-06-02T20:23:04.521+0000] {subprocess.py:75} INFO - Running command: ['/usr/bin/bash', '-c', 'python glue_job.py']
[2024-06-02T20:23:04.532+0000] {subprocess.py:86} INFO - Output:
[2024-06-02T20:23:05.261+0000] {subprocess.py:93} INFO - /opt/***/scripts/glue_job.py:36: FutureWarning: Passing literal json to 'read_json' is deprecated and will be removed in a future version. To read from a literal string, wrap it in a 'StringIO' object.
[2024-06-02T20:23:05.262+0000] {subprocess.py:93} INFO -   df = pd.read_json(json_data)
[2024-06-02T20:23:05.413+0000] {subprocess.py:97} INFO - Command exited with return code 0
[2024-06-02T20:23:05.414+0000] {taskinstance.py:441} INFO - ::group::Post task execution logs
[2024-06-02T20:23:05.437+0000] {taskinstance.py:1206} INFO - Marking task as SUCCESS. dag_id=api_to_redshift, task_id=transformation_task, run_id=scheduled__2024-06-02T20:22:00+00:00, execution_date=20240602T202200, start_date=20240602T202304, end_date=20240602T202305
[2024-06-02T20:23:05.478+0000] {local_task_job_runner.py:240} INFO - Task exited with return code 0
[2024-06-02T20:23:05.500+0000] {taskinstance.py:3498} INFO - 1 downstream tasks scheduled from follow-on schedule check
[2024-06-02T20:23:05.502+0000] {local_task_job_runner.py:222} INFO - ::endgroup::
