[2024-06-03T08:02:56.350+0000] {local_task_job_runner.py:120} INFO - ::group::Pre task execution logs
[2024-06-03T08:02:56.364+0000] {taskinstance.py:2076} INFO - Dependencies all met for dep_context=non-requeueable deps ti=<TaskInstance: api_to_redshift.load_data_task manual__2024-06-03T08:02:47.692533+00:00 [queued]>
[2024-06-03T08:02:56.370+0000] {taskinstance.py:2076} INFO - Dependencies all met for dep_context=requeueable deps ti=<TaskInstance: api_to_redshift.load_data_task manual__2024-06-03T08:02:47.692533+00:00 [queued]>
[2024-06-03T08:02:56.370+0000] {taskinstance.py:2306} INFO - Starting attempt 1 of 1
[2024-06-03T08:02:56.376+0000] {taskinstance.py:2330} INFO - Executing <Task(BashOperator): load_data_task> on 2024-06-03 08:02:47.692533+00:00
[2024-06-03T08:02:56.382+0000] {warnings.py:110} WARNING - /home/***/.local/lib/python3.12/site-packages/***/task/task_runner/standard_task_runner.py:61: DeprecationWarning: This process (pid=69) is multi-threaded, use of fork() may lead to deadlocks in the child.
  pid = os.fork()

[2024-06-03T08:02:56.384+0000] {standard_task_runner.py:63} INFO - Started process 71 to run task
[2024-06-03T08:02:56.384+0000] {standard_task_runner.py:90} INFO - Running: ['***', 'tasks', 'run', 'api_to_redshift', 'load_data_task', 'manual__2024-06-03T08:02:47.692533+00:00', '--job-id', '633', '--raw', '--subdir', 'DAGS_FOLDER/get_data.py', '--cfg-path', '/tmp/tmpb1ryh36o']
[2024-06-03T08:02:56.387+0000] {standard_task_runner.py:91} INFO - Job 633: Subtask load_data_task
[2024-06-03T08:02:56.424+0000] {task_command.py:426} INFO - Running <TaskInstance: api_to_redshift.load_data_task manual__2024-06-03T08:02:47.692533+00:00 [running]> on host d0a1dad8ab4f
[2024-06-03T08:02:56.484+0000] {taskinstance.py:2648} INFO - Exporting env vars: AIRFLOW_CTX_DAG_OWNER='Data Team' AIRFLOW_CTX_DAG_ID='api_to_redshift' AIRFLOW_CTX_TASK_ID='load_data_task' AIRFLOW_CTX_EXECUTION_DATE='2024-06-03T08:02:47.692533+00:00' AIRFLOW_CTX_TRY_NUMBER='1' AIRFLOW_CTX_DAG_RUN_ID='manual__2024-06-03T08:02:47.692533+00:00'
[2024-06-03T08:02:56.486+0000] {taskinstance.py:430} INFO - ::endgroup::
[2024-06-03T08:02:56.487+0000] {subprocess.py:63} INFO - Tmp dir root location: /tmp
[2024-06-03T08:02:56.488+0000] {subprocess.py:75} INFO - Running command: ['/usr/bin/bash', '-c', "curl 'http://s3_to_redshift_lambda:8080/2015-03-31/functions/function/invocations' -d '{}'"]
[2024-06-03T08:02:56.499+0000] {subprocess.py:86} INFO - Output:
[2024-06-03T08:02:56.510+0000] {subprocess.py:93} INFO -   % Total    % Received % Xferd  Average Speed   Time    Time     Time  Current
[2024-06-03T08:02:56.511+0000] {subprocess.py:93} INFO -                                  Dload  Upload   Total   Spent    Left  Speed
[2024-06-03T08:02:57.452+0000] {subprocess.py:93} INFO -   0     0    0     0    0     0      0      0 --:--:-- --:--:-- --:--:--     0100    70  100    68  100     2     72      2  0:00:01 --:--:--  0:00:01    74100    70  100    68  100     2     72      2  0:00:01 --:--:--  0:00:01    74
[2024-06-03T08:02:57.457+0000] {subprocess.py:93} INFO - {"statusCode": 9, "body": "\"Enriched data inserted successfully\""}
[2024-06-03T08:02:57.458+0000] {subprocess.py:97} INFO - Command exited with return code 0
[2024-06-03T08:02:57.460+0000] {taskinstance.py:441} INFO - ::group::Post task execution logs
[2024-06-03T08:02:57.489+0000] {taskinstance.py:1206} INFO - Marking task as SUCCESS. dag_id=api_to_redshift, task_id=load_data_task, run_id=manual__2024-06-03T08:02:47.692533+00:00, execution_date=20240603T080247, start_date=20240603T080256, end_date=20240603T080257
[2024-06-03T08:02:57.531+0000] {local_task_job_runner.py:240} INFO - Task exited with return code 0
[2024-06-03T08:02:57.548+0000] {taskinstance.py:3498} INFO - 0 downstream tasks scheduled from follow-on schedule check
[2024-06-03T08:02:57.550+0000] {local_task_job_runner.py:222} INFO - ::endgroup::
