[2024-06-03T14:50:40.974+0000] {local_task_job_runner.py:120} INFO - ::group::Pre task execution logs
[2024-06-03T14:50:40.989+0000] {taskinstance.py:2076} INFO - Dependencies all met for dep_context=non-requeueable deps ti=<TaskInstance: api_to_redshift.load_data_task manual__2024-06-03T14:50:34.008596+00:00 [queued]>
[2024-06-03T14:50:40.994+0000] {taskinstance.py:2076} INFO - Dependencies all met for dep_context=requeueable deps ti=<TaskInstance: api_to_redshift.load_data_task manual__2024-06-03T14:50:34.008596+00:00 [queued]>
[2024-06-03T14:50:40.995+0000] {taskinstance.py:2306} INFO - Starting attempt 1 of 1
[2024-06-03T14:50:41.001+0000] {taskinstance.py:2330} INFO - Executing <Task(BashOperator): load_data_task> on 2024-06-03 14:50:34.008596+00:00
[2024-06-03T14:50:41.007+0000] {warnings.py:110} WARNING - /home/***/.local/lib/python3.12/site-packages/***/task/task_runner/standard_task_runner.py:61: DeprecationWarning: This process (pid=75) is multi-threaded, use of fork() may lead to deadlocks in the child.
  pid = os.fork()

[2024-06-03T14:50:41.008+0000] {standard_task_runner.py:63} INFO - Started process 77 to run task
[2024-06-03T14:50:41.009+0000] {standard_task_runner.py:90} INFO - Running: ['***', 'tasks', 'run', 'api_to_redshift', 'load_data_task', 'manual__2024-06-03T14:50:34.008596+00:00', '--job-id', '638', '--raw', '--subdir', 'DAGS_FOLDER/get_data.py', '--cfg-path', '/tmp/tmp041_0wji']
[2024-06-03T14:50:41.011+0000] {standard_task_runner.py:91} INFO - Job 638: Subtask load_data_task
[2024-06-03T14:50:41.047+0000] {task_command.py:426} INFO - Running <TaskInstance: api_to_redshift.load_data_task manual__2024-06-03T14:50:34.008596+00:00 [running]> on host d0a1dad8ab4f
[2024-06-03T14:50:41.103+0000] {taskinstance.py:2648} INFO - Exporting env vars: AIRFLOW_CTX_DAG_OWNER='Data Team' AIRFLOW_CTX_DAG_ID='api_to_redshift' AIRFLOW_CTX_TASK_ID='load_data_task' AIRFLOW_CTX_EXECUTION_DATE='2024-06-03T14:50:34.008596+00:00' AIRFLOW_CTX_TRY_NUMBER='1' AIRFLOW_CTX_DAG_RUN_ID='manual__2024-06-03T14:50:34.008596+00:00'
[2024-06-03T14:50:41.105+0000] {taskinstance.py:430} INFO - ::endgroup::
[2024-06-03T14:50:41.106+0000] {subprocess.py:63} INFO - Tmp dir root location: /tmp
[2024-06-03T14:50:41.107+0000] {subprocess.py:75} INFO - Running command: ['/usr/bin/bash', '-c', "curl 'http://s3_to_redshift_lambda:8080/2015-03-31/functions/function/invocations' -d '{}'"]
[2024-06-03T14:50:41.115+0000] {subprocess.py:86} INFO - Output:
[2024-06-03T14:50:41.124+0000] {subprocess.py:93} INFO -   % Total    % Received % Xferd  Average Speed   Time    Time     Time  Current
[2024-06-03T14:50:41.125+0000] {subprocess.py:93} INFO -                                  Dload  Upload   Total   Spent    Left  Speed
[2024-06-03T14:50:42.077+0000] {subprocess.py:93} INFO -   0     0    0     0    0     0      0      0 --:--:-- --:--:-- --:--:--     0100     2    0     0  100     2      0      9 --:--:-- --:--:-- --:--:--     9100    70  100    68  100     2     71      2  0:00:01 --:--:--  0:00:01    73
[2024-06-03T14:50:42.078+0000] {subprocess.py:93} INFO - {"statusCode": 9, "body": "\"Enriched data inserted successfully\""}
[2024-06-03T14:50:42.079+0000] {subprocess.py:97} INFO - Command exited with return code 0
[2024-06-03T14:50:42.080+0000] {taskinstance.py:441} INFO - ::group::Post task execution logs
[2024-06-03T14:50:42.104+0000] {taskinstance.py:1206} INFO - Marking task as SUCCESS. dag_id=api_to_redshift, task_id=load_data_task, run_id=manual__2024-06-03T14:50:34.008596+00:00, execution_date=20240603T145034, start_date=20240603T145040, end_date=20240603T145042
[2024-06-03T14:50:42.153+0000] {local_task_job_runner.py:240} INFO - Task exited with return code 0
[2024-06-03T14:50:42.168+0000] {taskinstance.py:3498} INFO - 0 downstream tasks scheduled from follow-on schedule check
[2024-06-03T14:50:42.169+0000] {local_task_job_runner.py:222} INFO - ::endgroup::
