[2024-06-02T20:07:04.961+0000] {local_task_job_runner.py:120} INFO - ::group::Pre task execution logs
[2024-06-02T20:07:04.973+0000] {taskinstance.py:2076} INFO - Dependencies all met for dep_context=non-requeueable deps ti=<TaskInstance: api_to_redshift.transformation_task scheduled__2024-06-02T20:06:00+00:00 [queued]>
[2024-06-02T20:07:04.979+0000] {taskinstance.py:2076} INFO - Dependencies all met for dep_context=requeueable deps ti=<TaskInstance: api_to_redshift.transformation_task scheduled__2024-06-02T20:06:00+00:00 [queued]>
[2024-06-02T20:07:04.980+0000] {taskinstance.py:2306} INFO - Starting attempt 1 of 1
[2024-06-02T20:07:04.989+0000] {taskinstance.py:2330} INFO - Executing <Task(BashOperator): transformation_task> on 2024-06-02 20:06:00+00:00
[2024-06-02T20:07:04.996+0000] {warnings.py:110} WARNING - /home/***/.local/lib/python3.12/site-packages/***/task/task_runner/standard_task_runner.py:61: DeprecationWarning: This process (pid=1134) is multi-threaded, use of fork() may lead to deadlocks in the child.
  pid = os.fork()

[2024-06-02T20:07:04.999+0000] {standard_task_runner.py:63} INFO - Started process 1136 to run task
[2024-06-02T20:07:05.000+0000] {standard_task_runner.py:90} INFO - Running: ['***', 'tasks', 'run', 'api_to_redshift', 'transformation_task', 'scheduled__2024-06-02T20:06:00+00:00', '--job-id', '466', '--raw', '--subdir', 'DAGS_FOLDER/get_data.py', '--cfg-path', '/tmp/tmpbhhw89zi']
[2024-06-02T20:07:05.002+0000] {standard_task_runner.py:91} INFO - Job 466: Subtask transformation_task
[2024-06-02T20:07:05.053+0000] {task_command.py:426} INFO - Running <TaskInstance: api_to_redshift.transformation_task scheduled__2024-06-02T20:06:00+00:00 [running]> on host 79dff19b798d
[2024-06-02T20:07:05.125+0000] {taskinstance.py:2648} INFO - Exporting env vars: AIRFLOW_CTX_DAG_OWNER='Data Team' AIRFLOW_CTX_DAG_ID='api_to_redshift' AIRFLOW_CTX_TASK_ID='transformation_task' AIRFLOW_CTX_EXECUTION_DATE='2024-06-02T20:06:00+00:00' AIRFLOW_CTX_TRY_NUMBER='1' AIRFLOW_CTX_DAG_RUN_ID='scheduled__2024-06-02T20:06:00+00:00'
[2024-06-02T20:07:05.127+0000] {taskinstance.py:430} INFO - ::endgroup::
[2024-06-02T20:07:05.128+0000] {subprocess.py:63} INFO - Tmp dir root location: /tmp
[2024-06-02T20:07:05.129+0000] {subprocess.py:75} INFO - Running command: ['/usr/bin/bash', '-c', 'python glue_job.py']
[2024-06-02T20:07:05.141+0000] {subprocess.py:86} INFO - Output:
[2024-06-02T20:07:05.964+0000] {subprocess.py:93} INFO - /opt/***/scripts/glue_job.py:36: FutureWarning: Passing literal json to 'read_json' is deprecated and will be removed in a future version. To read from a literal string, wrap it in a 'StringIO' object.
[2024-06-02T20:07:05.965+0000] {subprocess.py:93} INFO -   df = pd.read_json(json_data)
[2024-06-02T20:07:06.123+0000] {subprocess.py:97} INFO - Command exited with return code 0
[2024-06-02T20:07:06.124+0000] {taskinstance.py:441} INFO - ::group::Post task execution logs
[2024-06-02T20:07:06.150+0000] {taskinstance.py:1206} INFO - Marking task as SUCCESS. dag_id=api_to_redshift, task_id=transformation_task, run_id=scheduled__2024-06-02T20:06:00+00:00, execution_date=20240602T200600, start_date=20240602T200704, end_date=20240602T200706
[2024-06-02T20:07:06.203+0000] {local_task_job_runner.py:240} INFO - Task exited with return code 0
[2024-06-02T20:07:06.226+0000] {taskinstance.py:3498} INFO - 1 downstream tasks scheduled from follow-on schedule check
[2024-06-02T20:07:06.228+0000] {local_task_job_runner.py:222} INFO - ::endgroup::
