[2024-06-02T12:34:30.825+0000] {local_task_job_runner.py:120} INFO - ::group::Pre task execution logs
[2024-06-02T12:34:30.839+0000] {taskinstance.py:2076} INFO - Dependencies all met for dep_context=non-requeueable deps ti=<TaskInstance: api_to_redshift.transformation_task manual__2024-06-02T12:34:26.703885+00:00 [queued]>
[2024-06-02T12:34:30.844+0000] {taskinstance.py:2076} INFO - Dependencies all met for dep_context=requeueable deps ti=<TaskInstance: api_to_redshift.transformation_task manual__2024-06-02T12:34:26.703885+00:00 [queued]>
[2024-06-02T12:34:30.845+0000] {taskinstance.py:2306} INFO - Starting attempt 1 of 1
[2024-06-02T12:34:30.851+0000] {taskinstance.py:2330} INFO - Executing <Task(BashOperator): transformation_task> on 2024-06-02 12:34:26.703885+00:00
[2024-06-02T12:34:30.857+0000] {warnings.py:110} WARNING - /home/***/.local/lib/python3.12/site-packages/***/task/task_runner/standard_task_runner.py:61: DeprecationWarning: This process (pid=316) is multi-threaded, use of fork() may lead to deadlocks in the child.
  pid = os.fork()

[2024-06-02T12:34:30.859+0000] {standard_task_runner.py:63} INFO - Started process 318 to run task
[2024-06-02T12:34:30.859+0000] {standard_task_runner.py:90} INFO - Running: ['***', 'tasks', 'run', 'api_to_redshift', 'transformation_task', 'manual__2024-06-02T12:34:26.703885+00:00', '--job-id', '235', '--raw', '--subdir', 'DAGS_FOLDER/get_data.py', '--cfg-path', '/tmp/tmp6ouu93ly']
[2024-06-02T12:34:30.861+0000] {standard_task_runner.py:91} INFO - Job 235: Subtask transformation_task
[2024-06-02T12:34:30.902+0000] {task_command.py:426} INFO - Running <TaskInstance: api_to_redshift.transformation_task manual__2024-06-02T12:34:26.703885+00:00 [running]> on host 1d861f4bf9ce
[2024-06-02T12:34:30.961+0000] {taskinstance.py:2648} INFO - Exporting env vars: AIRFLOW_CTX_DAG_OWNER='Data Team' AIRFLOW_CTX_DAG_ID='api_to_redshift' AIRFLOW_CTX_TASK_ID='transformation_task' AIRFLOW_CTX_EXECUTION_DATE='2024-06-02T12:34:26.703885+00:00' AIRFLOW_CTX_TRY_NUMBER='1' AIRFLOW_CTX_DAG_RUN_ID='manual__2024-06-02T12:34:26.703885+00:00'
[2024-06-02T12:34:30.963+0000] {taskinstance.py:430} INFO - ::endgroup::
[2024-06-02T12:34:30.964+0000] {taskinstance.py:441} INFO - ::group::Post task execution logs
[2024-06-02T12:34:30.972+0000] {taskinstance.py:2905} ERROR - Task failed with exception
Traceback (most recent call last):
  File "/home/airflow/.local/lib/python3.12/site-packages/airflow/models/taskinstance.py", line 465, in _execute_task
    result = _execute_callable(context=context, **execute_callable_kwargs)
             ^^^^^^^^^^^^^^^^^^^^^^^^^^^^^^^^^^^^^^^^^^^^^^^^^^^^^^^^^^^^^
  File "/home/airflow/.local/lib/python3.12/site-packages/airflow/models/taskinstance.py", line 432, in _execute_callable
    return execute_callable(context=context, **execute_callable_kwargs)
           ^^^^^^^^^^^^^^^^^^^^^^^^^^^^^^^^^^^^^^^^^^^^^^^^^^^^^^^^^^^^
  File "/home/airflow/.local/lib/python3.12/site-packages/airflow/models/baseoperator.py", line 400, in wrapper
    return func(self, *args, **kwargs)
           ^^^^^^^^^^^^^^^^^^^^^^^^^^^
  File "/home/airflow/.local/lib/python3.12/site-packages/airflow/operators/bash.py", line 220, in execute
    raise AirflowException(f"Can not find the cwd: {self.cwd}")
airflow.exceptions.AirflowException: Can not find the cwd: opt/***/scripts
[2024-06-02T12:34:30.975+0000] {taskinstance.py:1206} INFO - Marking task as FAILED. dag_id=api_to_redshift, task_id=transformation_task, run_id=manual__2024-06-02T12:34:26.703885+00:00, execution_date=20240602T123426, start_date=20240602T123430, end_date=20240602T123430
[2024-06-02T12:34:30.982+0000] {standard_task_runner.py:110} ERROR - Failed to execute job 235 for task transformation_task (Can not find the cwd: opt/***/scripts; 318)
[2024-06-02T12:34:31.034+0000] {local_task_job_runner.py:240} INFO - Task exited with return code 1
[2024-06-02T12:34:31.050+0000] {taskinstance.py:3498} INFO - 0 downstream tasks scheduled from follow-on schedule check
[2024-06-02T12:34:31.054+0000] {local_task_job_runner.py:222} INFO - ::endgroup::
