[2024-06-02T14:50:39.224+0000] {local_task_job_runner.py:120} INFO - ::group::Pre task execution logs
[2024-06-02T14:50:39.237+0000] {taskinstance.py:2076} INFO - Dependencies all met for dep_context=non-requeueable deps ti=<TaskInstance: api_to_redshift.transformation_task manual__2024-06-02T14:50:34.098696+00:00 [queued]>
[2024-06-02T14:50:39.241+0000] {taskinstance.py:2076} INFO - Dependencies all met for dep_context=requeueable deps ti=<TaskInstance: api_to_redshift.transformation_task manual__2024-06-02T14:50:34.098696+00:00 [queued]>
[2024-06-02T14:50:39.242+0000] {taskinstance.py:2306} INFO - Starting attempt 1 of 1
[2024-06-02T14:50:39.248+0000] {taskinstance.py:2330} INFO - Executing <Task(BashOperator): transformation_task> on 2024-06-02 14:50:34.098696+00:00
[2024-06-02T14:50:39.254+0000] {warnings.py:110} WARNING - /home/***/.local/lib/python3.12/site-packages/***/task/task_runner/standard_task_runner.py:61: DeprecationWarning: This process (pid=114) is multi-threaded, use of fork() may lead to deadlocks in the child.
  pid = os.fork()

[2024-06-02T14:50:39.256+0000] {standard_task_runner.py:63} INFO - Started process 116 to run task
[2024-06-02T14:50:39.257+0000] {standard_task_runner.py:90} INFO - Running: ['***', 'tasks', 'run', 'api_to_redshift', 'transformation_task', 'manual__2024-06-02T14:50:34.098696+00:00', '--job-id', '258', '--raw', '--subdir', 'DAGS_FOLDER/get_data.py', '--cfg-path', '/tmp/tmpv9vooyrb']
[2024-06-02T14:50:39.259+0000] {standard_task_runner.py:91} INFO - Job 258: Subtask transformation_task
[2024-06-02T14:50:39.304+0000] {task_command.py:426} INFO - Running <TaskInstance: api_to_redshift.transformation_task manual__2024-06-02T14:50:34.098696+00:00 [running]> on host 9bced60b0c33
[2024-06-02T14:50:39.363+0000] {taskinstance.py:2648} INFO - Exporting env vars: AIRFLOW_CTX_DAG_OWNER='Data Team' AIRFLOW_CTX_DAG_ID='api_to_redshift' AIRFLOW_CTX_TASK_ID='transformation_task' AIRFLOW_CTX_EXECUTION_DATE='2024-06-02T14:50:34.098696+00:00' AIRFLOW_CTX_TRY_NUMBER='1' AIRFLOW_CTX_DAG_RUN_ID='manual__2024-06-02T14:50:34.098696+00:00'
[2024-06-02T14:50:39.365+0000] {taskinstance.py:430} INFO - ::endgroup::
[2024-06-02T14:50:39.366+0000] {subprocess.py:63} INFO - Tmp dir root location: /tmp
[2024-06-02T14:50:39.367+0000] {subprocess.py:75} INFO - Running command: ['/usr/bin/bash', '-c', 'python glue_job.py']
[2024-06-02T14:50:39.377+0000] {subprocess.py:86} INFO - Output:
[2024-06-02T14:50:40.152+0000] {subprocess.py:93} INFO - /opt/***/scripts/glue_job.py:36: FutureWarning: Passing literal json to 'read_json' is deprecated and will be removed in a future version. To read from a literal string, wrap it in a 'StringIO' object.
[2024-06-02T14:50:40.152+0000] {subprocess.py:93} INFO -   df = pd.read_json(json_data)
[2024-06-02T14:50:40.311+0000] {subprocess.py:97} INFO - Command exited with return code 0
[2024-06-02T14:50:40.312+0000] {taskinstance.py:441} INFO - ::group::Post task execution logs
[2024-06-02T14:50:40.333+0000] {taskinstance.py:1206} INFO - Marking task as SUCCESS. dag_id=api_to_redshift, task_id=transformation_task, run_id=manual__2024-06-02T14:50:34.098696+00:00, execution_date=20240602T145034, start_date=20240602T145039, end_date=20240602T145040
[2024-06-02T14:50:40.361+0000] {local_task_job_runner.py:240} INFO - Task exited with return code 0
[2024-06-02T14:50:40.384+0000] {taskinstance.py:3498} INFO - 1 downstream tasks scheduled from follow-on schedule check
[2024-06-02T14:50:40.385+0000] {local_task_job_runner.py:222} INFO - ::endgroup::
