[2024-06-02T20:02:07.423+0000] {local_task_job_runner.py:120} INFO - ::group::Pre task execution logs
[2024-06-02T20:02:07.434+0000] {taskinstance.py:2076} INFO - Dependencies all met for dep_context=non-requeueable deps ti=<TaskInstance: api_to_redshift.load_data_task scheduled__2024-06-02T20:01:00+00:00 [queued]>
[2024-06-02T20:02:07.438+0000] {taskinstance.py:2076} INFO - Dependencies all met for dep_context=requeueable deps ti=<TaskInstance: api_to_redshift.load_data_task scheduled__2024-06-02T20:01:00+00:00 [queued]>
[2024-06-02T20:02:07.439+0000] {taskinstance.py:2306} INFO - Starting attempt 1 of 1
[2024-06-02T20:02:07.445+0000] {taskinstance.py:2330} INFO - Executing <Task(BashOperator): load_data_task> on 2024-06-02 20:01:00+00:00
[2024-06-02T20:02:07.451+0000] {warnings.py:110} WARNING - /home/***/.local/lib/python3.12/site-packages/***/task/task_runner/standard_task_runner.py:61: DeprecationWarning: This process (pid=970) is multi-threaded, use of fork() may lead to deadlocks in the child.
  pid = os.fork()

[2024-06-02T20:02:07.452+0000] {standard_task_runner.py:63} INFO - Started process 972 to run task
[2024-06-02T20:02:07.453+0000] {standard_task_runner.py:90} INFO - Running: ['***', 'tasks', 'run', 'api_to_redshift', 'load_data_task', 'scheduled__2024-06-02T20:01:00+00:00', '--job-id', '452', '--raw', '--subdir', 'DAGS_FOLDER/get_data.py', '--cfg-path', '/tmp/tmpvmmg4pdc']
[2024-06-02T20:02:07.454+0000] {standard_task_runner.py:91} INFO - Job 452: Subtask load_data_task
[2024-06-02T20:02:07.492+0000] {task_command.py:426} INFO - Running <TaskInstance: api_to_redshift.load_data_task scheduled__2024-06-02T20:01:00+00:00 [running]> on host 79dff19b798d
[2024-06-02T20:02:07.549+0000] {taskinstance.py:2648} INFO - Exporting env vars: AIRFLOW_CTX_DAG_OWNER='Data Team' AIRFLOW_CTX_DAG_ID='api_to_redshift' AIRFLOW_CTX_TASK_ID='load_data_task' AIRFLOW_CTX_EXECUTION_DATE='2024-06-02T20:01:00+00:00' AIRFLOW_CTX_TRY_NUMBER='1' AIRFLOW_CTX_DAG_RUN_ID='scheduled__2024-06-02T20:01:00+00:00'
[2024-06-02T20:02:07.551+0000] {taskinstance.py:430} INFO - ::endgroup::
[2024-06-02T20:02:07.552+0000] {subprocess.py:63} INFO - Tmp dir root location: /tmp
[2024-06-02T20:02:07.553+0000] {subprocess.py:75} INFO - Running command: ['/usr/bin/bash', '-c', "curl 'http://s3-to-redshift-lambda:8080/2015-03-31/functions/function/invocations' -d '{}'"]
[2024-06-02T20:02:07.563+0000] {subprocess.py:86} INFO - Output:
[2024-06-02T20:02:07.571+0000] {subprocess.py:93} INFO -   % Total    % Received % Xferd  Average Speed   Time    Time     Time  Current
[2024-06-02T20:02:07.572+0000] {subprocess.py:93} INFO -                                  Dload  Upload   Total   Spent    Left  Speed
[2024-06-02T20:02:07.725+0000] {subprocess.py:93} INFO -   0     0    0     0    0     0      0      0 --:--:-- --:--:-- --:--:--     0100    70  100    68  100     2    441     12 --:--:-- --:--:-- --:--:--   457
[2024-06-02T20:02:07.726+0000] {subprocess.py:93} INFO - {"statusCode": 9, "body": "\"Enriched data inserted successfully\""}
[2024-06-02T20:02:07.727+0000] {subprocess.py:97} INFO - Command exited with return code 0
[2024-06-02T20:02:07.728+0000] {taskinstance.py:441} INFO - ::group::Post task execution logs
[2024-06-02T20:02:07.753+0000] {taskinstance.py:1206} INFO - Marking task as SUCCESS. dag_id=api_to_redshift, task_id=load_data_task, run_id=scheduled__2024-06-02T20:01:00+00:00, execution_date=20240602T200100, start_date=20240602T200207, end_date=20240602T200207
[2024-06-02T20:02:07.792+0000] {local_task_job_runner.py:240} INFO - Task exited with return code 0
[2024-06-02T20:02:07.807+0000] {taskinstance.py:3498} INFO - 0 downstream tasks scheduled from follow-on schedule check
[2024-06-02T20:02:07.809+0000] {local_task_job_runner.py:222} INFO - ::endgroup::
