[2024-06-02T18:03:58.925+0000] {local_task_job_runner.py:120} INFO - ::group::Pre task execution logs
[2024-06-02T18:03:58.938+0000] {taskinstance.py:2076} INFO - Dependencies all met for dep_context=non-requeueable deps ti=<TaskInstance: api_to_redshift.transformation_task manual__2024-06-02T18:03:52.722483+00:00 [queued]>
[2024-06-02T18:03:58.943+0000] {taskinstance.py:2076} INFO - Dependencies all met for dep_context=requeueable deps ti=<TaskInstance: api_to_redshift.transformation_task manual__2024-06-02T18:03:52.722483+00:00 [queued]>
[2024-06-02T18:03:58.944+0000] {taskinstance.py:2306} INFO - Starting attempt 1 of 1
[2024-06-02T18:03:58.951+0000] {taskinstance.py:2330} INFO - Executing <Task(BashOperator): transformation_task> on 2024-06-02 18:03:52.722483+00:00
[2024-06-02T18:03:58.957+0000] {warnings.py:110} WARNING - /home/***/.local/lib/python3.12/site-packages/***/task/task_runner/standard_task_runner.py:61: DeprecationWarning: This process (pid=77) is multi-threaded, use of fork() may lead to deadlocks in the child.
  pid = os.fork()

[2024-06-02T18:03:58.958+0000] {standard_task_runner.py:63} INFO - Started process 79 to run task
[2024-06-02T18:03:58.959+0000] {standard_task_runner.py:90} INFO - Running: ['***', 'tasks', 'run', 'api_to_redshift', 'transformation_task', 'manual__2024-06-02T18:03:52.722483+00:00', '--job-id', '351', '--raw', '--subdir', 'DAGS_FOLDER/get_data.py', '--cfg-path', '/tmp/tmpbhjroi1v']
[2024-06-02T18:03:58.961+0000] {standard_task_runner.py:91} INFO - Job 351: Subtask transformation_task
[2024-06-02T18:03:59.000+0000] {task_command.py:426} INFO - Running <TaskInstance: api_to_redshift.transformation_task manual__2024-06-02T18:03:52.722483+00:00 [running]> on host a50baa645420
[2024-06-02T18:03:59.069+0000] {taskinstance.py:2648} INFO - Exporting env vars: AIRFLOW_CTX_DAG_OWNER='Data Team' AIRFLOW_CTX_DAG_ID='api_to_redshift' AIRFLOW_CTX_TASK_ID='transformation_task' AIRFLOW_CTX_EXECUTION_DATE='2024-06-02T18:03:52.722483+00:00' AIRFLOW_CTX_TRY_NUMBER='1' AIRFLOW_CTX_DAG_RUN_ID='manual__2024-06-02T18:03:52.722483+00:00'
[2024-06-02T18:03:59.070+0000] {taskinstance.py:430} INFO - ::endgroup::
[2024-06-02T18:03:59.071+0000] {subprocess.py:63} INFO - Tmp dir root location: /tmp
[2024-06-02T18:03:59.072+0000] {subprocess.py:75} INFO - Running command: ['/usr/bin/bash', '-c', 'python glue_job.py']
[2024-06-02T18:03:59.083+0000] {subprocess.py:86} INFO - Output:
[2024-06-02T18:03:59.893+0000] {subprocess.py:93} INFO - /opt/***/scripts/glue_job.py:31: FutureWarning: Passing literal json to 'read_json' is deprecated and will be removed in a future version. To read from a literal string, wrap it in a 'StringIO' object.
[2024-06-02T18:03:59.894+0000] {subprocess.py:93} INFO -   df = pd.read_json(json_data)
[2024-06-02T18:04:00.125+0000] {subprocess.py:97} INFO - Command exited with return code 0
[2024-06-02T18:04:00.126+0000] {taskinstance.py:441} INFO - ::group::Post task execution logs
[2024-06-02T18:04:00.146+0000] {taskinstance.py:1206} INFO - Marking task as SUCCESS. dag_id=api_to_redshift, task_id=transformation_task, run_id=manual__2024-06-02T18:03:52.722483+00:00, execution_date=20240602T180352, start_date=20240602T180358, end_date=20240602T180400
[2024-06-02T18:04:00.190+0000] {local_task_job_runner.py:240} INFO - Task exited with return code 0
[2024-06-02T18:04:00.211+0000] {taskinstance.py:3498} INFO - 1 downstream tasks scheduled from follow-on schedule check
[2024-06-02T18:04:00.212+0000] {local_task_job_runner.py:222} INFO - ::endgroup::
