[2024-06-02T14:49:56.643+0000] {local_task_job_runner.py:120} INFO - ::group::Pre task execution logs
[2024-06-02T14:49:56.654+0000] {taskinstance.py:2076} INFO - Dependencies all met for dep_context=non-requeueable deps ti=<TaskInstance: api_to_redshift.transformation_task manual__2024-06-02T14:49:52.763737+00:00 [queued]>
[2024-06-02T14:49:56.659+0000] {taskinstance.py:2076} INFO - Dependencies all met for dep_context=requeueable deps ti=<TaskInstance: api_to_redshift.transformation_task manual__2024-06-02T14:49:52.763737+00:00 [queued]>
[2024-06-02T14:49:56.659+0000] {taskinstance.py:2306} INFO - Starting attempt 1 of 1
[2024-06-02T14:49:56.665+0000] {taskinstance.py:2330} INFO - Executing <Task(BashOperator): transformation_task> on 2024-06-02 14:49:52.763737+00:00
[2024-06-02T14:49:56.671+0000] {warnings.py:110} WARNING - /home/***/.local/lib/python3.12/site-packages/***/task/task_runner/standard_task_runner.py:61: DeprecationWarning: This process (pid=86) is multi-threaded, use of fork() may lead to deadlocks in the child.
  pid = os.fork()

[2024-06-02T14:49:56.673+0000] {standard_task_runner.py:63} INFO - Started process 88 to run task
[2024-06-02T14:49:56.674+0000] {standard_task_runner.py:90} INFO - Running: ['***', 'tasks', 'run', 'api_to_redshift', 'transformation_task', 'manual__2024-06-02T14:49:52.763737+00:00', '--job-id', '255', '--raw', '--subdir', 'DAGS_FOLDER/get_data.py', '--cfg-path', '/tmp/tmpcym8uv6d']
[2024-06-02T14:49:56.675+0000] {standard_task_runner.py:91} INFO - Job 255: Subtask transformation_task
[2024-06-02T14:49:56.711+0000] {task_command.py:426} INFO - Running <TaskInstance: api_to_redshift.transformation_task manual__2024-06-02T14:49:52.763737+00:00 [running]> on host 9bced60b0c33
[2024-06-02T14:49:56.770+0000] {taskinstance.py:2648} INFO - Exporting env vars: AIRFLOW_CTX_DAG_OWNER='Data Team' AIRFLOW_CTX_DAG_ID='api_to_redshift' AIRFLOW_CTX_TASK_ID='transformation_task' AIRFLOW_CTX_EXECUTION_DATE='2024-06-02T14:49:52.763737+00:00' AIRFLOW_CTX_TRY_NUMBER='1' AIRFLOW_CTX_DAG_RUN_ID='manual__2024-06-02T14:49:52.763737+00:00'
[2024-06-02T14:49:56.772+0000] {taskinstance.py:430} INFO - ::endgroup::
[2024-06-02T14:49:56.773+0000] {subprocess.py:63} INFO - Tmp dir root location: /tmp
[2024-06-02T14:49:56.773+0000] {subprocess.py:75} INFO - Running command: ['/usr/bin/bash', '-c', 'python glue_job.py']
[2024-06-02T14:49:56.786+0000] {subprocess.py:86} INFO - Output:
[2024-06-02T14:49:57.819+0000] {subprocess.py:93} INFO - /opt/***/scripts/glue_job.py:36: FutureWarning: Passing literal json to 'read_json' is deprecated and will be removed in a future version. To read from a literal string, wrap it in a 'StringIO' object.
[2024-06-02T14:49:57.821+0000] {subprocess.py:93} INFO -   df = pd.read_json(json_data)
[2024-06-02T14:49:58.107+0000] {subprocess.py:97} INFO - Command exited with return code 0
[2024-06-02T14:49:58.108+0000] {taskinstance.py:441} INFO - ::group::Post task execution logs
[2024-06-02T14:49:58.129+0000] {taskinstance.py:1206} INFO - Marking task as SUCCESS. dag_id=api_to_redshift, task_id=transformation_task, run_id=manual__2024-06-02T14:49:52.763737+00:00, execution_date=20240602T144952, start_date=20240602T144956, end_date=20240602T144958
[2024-06-02T14:49:58.158+0000] {local_task_job_runner.py:240} INFO - Task exited with return code 0
[2024-06-02T14:49:58.184+0000] {taskinstance.py:3498} INFO - 1 downstream tasks scheduled from follow-on schedule check
[2024-06-02T14:49:58.186+0000] {local_task_job_runner.py:222} INFO - ::endgroup::
