[2024-06-03T06:19:27.522+0000] {processor.py:161} INFO - Started process (PID=38) to work on /home/airflow/.local/lib/python3.12/site-packages/airflow/example_dags/example_subdag_operator.py
[2024-06-03T06:19:27.524+0000] {processor.py:830} INFO - Processing file /home/airflow/.local/lib/python3.12/site-packages/airflow/example_dags/example_subdag_operator.py for tasks to queue
[2024-06-03T06:19:27.527+0000] {logging_mixin.py:188} INFO - [2024-06-03T06:19:27.527+0000] {dagbag.py:545} INFO - Filling up the DagBag from /home/airflow/.local/lib/python3.12/site-packages/airflow/example_dags/example_subdag_operator.py
[2024-06-03T06:19:27.597+0000] {processor.py:840} INFO - DAG(s) 'example_subdag_operator.section-1', 'example_subdag_operator.section-2', 'example_subdag_operator' retrieved from /home/airflow/.local/lib/python3.12/site-packages/airflow/example_dags/example_subdag_operator.py
[2024-06-03T06:19:27.606+0000] {logging_mixin.py:188} INFO - [2024-06-03T06:19:27.605+0000] {dag.py:3096} INFO - Sync 3 DAGs
[2024-06-03T06:19:27.624+0000] {logging_mixin.py:188} INFO - [2024-06-03T06:19:27.623+0000] {dag.py:3954} INFO - Setting next_dagrun for example_subdag_operator to 2022-01-01 00:00:00+00:00, run_after=2022-01-01 00:00:00+00:00
[2024-06-03T06:19:27.627+0000] {logging_mixin.py:188} INFO - [2024-06-03T06:19:27.627+0000] {dag.py:3954} INFO - Setting next_dagrun for example_subdag_operator.section-1 to None, run_after=None
[2024-06-03T06:19:27.629+0000] {logging_mixin.py:188} INFO - [2024-06-03T06:19:27.629+0000] {dag.py:3954} INFO - Setting next_dagrun for example_subdag_operator.section-2 to None, run_after=None
[2024-06-03T06:19:27.637+0000] {logging_mixin.py:188} INFO - [2024-06-03T06:19:27.637+0000] {dag.py:3096} INFO - Sync 2 DAGs
[2024-06-03T06:19:27.642+0000] {logging_mixin.py:188} INFO - [2024-06-03T06:19:27.642+0000] {dag.py:3954} INFO - Setting next_dagrun for example_subdag_operator.section-1 to None, run_after=None
[2024-06-03T06:19:27.643+0000] {logging_mixin.py:188} INFO - [2024-06-03T06:19:27.643+0000] {dag.py:3954} INFO - Setting next_dagrun for example_subdag_operator.section-2 to None, run_after=None
[2024-06-03T06:19:27.657+0000] {processor.py:183} INFO - Processing /home/airflow/.local/lib/python3.12/site-packages/airflow/example_dags/example_subdag_operator.py took 0.143 seconds
[2024-06-03T06:19:57.783+0000] {processor.py:161} INFO - Started process (PID=95) to work on /home/airflow/.local/lib/python3.12/site-packages/airflow/example_dags/example_subdag_operator.py
[2024-06-03T06:19:57.785+0000] {processor.py:830} INFO - Processing file /home/airflow/.local/lib/python3.12/site-packages/airflow/example_dags/example_subdag_operator.py for tasks to queue
[2024-06-03T06:19:57.786+0000] {logging_mixin.py:188} INFO - [2024-06-03T06:19:57.786+0000] {dagbag.py:545} INFO - Filling up the DagBag from /home/airflow/.local/lib/python3.12/site-packages/airflow/example_dags/example_subdag_operator.py
[2024-06-03T06:19:57.804+0000] {processor.py:840} INFO - DAG(s) 'example_subdag_operator.section-1', 'example_subdag_operator.section-2', 'example_subdag_operator' retrieved from /home/airflow/.local/lib/python3.12/site-packages/airflow/example_dags/example_subdag_operator.py
[2024-06-03T06:19:57.860+0000] {logging_mixin.py:188} INFO - [2024-06-03T06:19:57.860+0000] {dag.py:3096} INFO - Sync 3 DAGs
[2024-06-03T06:19:57.871+0000] {logging_mixin.py:188} INFO - [2024-06-03T06:19:57.870+0000] {dag.py:3954} INFO - Setting next_dagrun for example_subdag_operator to 2022-01-01 00:00:00+00:00, run_after=2022-01-01 00:00:00+00:00
[2024-06-03T06:19:57.874+0000] {logging_mixin.py:188} INFO - [2024-06-03T06:19:57.874+0000] {dag.py:3954} INFO - Setting next_dagrun for example_subdag_operator.section-1 to None, run_after=None
[2024-06-03T06:19:57.875+0000] {logging_mixin.py:188} INFO - [2024-06-03T06:19:57.875+0000] {dag.py:3954} INFO - Setting next_dagrun for example_subdag_operator.section-2 to None, run_after=None
[2024-06-03T06:19:57.880+0000] {logging_mixin.py:188} INFO - [2024-06-03T06:19:57.880+0000] {dag.py:3096} INFO - Sync 2 DAGs
[2024-06-03T06:19:57.884+0000] {logging_mixin.py:188} INFO - [2024-06-03T06:19:57.884+0000] {dag.py:3954} INFO - Setting next_dagrun for example_subdag_operator.section-1 to None, run_after=None
[2024-06-03T06:19:57.884+0000] {logging_mixin.py:188} INFO - [2024-06-03T06:19:57.884+0000] {dag.py:3954} INFO - Setting next_dagrun for example_subdag_operator.section-2 to None, run_after=None
[2024-06-03T06:19:57.890+0000] {processor.py:183} INFO - Processing /home/airflow/.local/lib/python3.12/site-packages/airflow/example_dags/example_subdag_operator.py took 0.112 seconds
[2024-06-03T06:20:28.375+0000] {processor.py:161} INFO - Started process (PID=153) to work on /home/airflow/.local/lib/python3.12/site-packages/airflow/example_dags/example_subdag_operator.py
[2024-06-03T06:20:28.378+0000] {processor.py:830} INFO - Processing file /home/airflow/.local/lib/python3.12/site-packages/airflow/example_dags/example_subdag_operator.py for tasks to queue
[2024-06-03T06:20:28.381+0000] {logging_mixin.py:188} INFO - [2024-06-03T06:20:28.380+0000] {dagbag.py:545} INFO - Filling up the DagBag from /home/airflow/.local/lib/python3.12/site-packages/airflow/example_dags/example_subdag_operator.py
[2024-06-03T06:20:28.407+0000] {processor.py:840} INFO - DAG(s) 'example_subdag_operator.section-1', 'example_subdag_operator.section-2', 'example_subdag_operator' retrieved from /home/airflow/.local/lib/python3.12/site-packages/airflow/example_dags/example_subdag_operator.py
[2024-06-03T06:20:28.419+0000] {logging_mixin.py:188} INFO - [2024-06-03T06:20:28.419+0000] {dag.py:3096} INFO - Sync 3 DAGs
[2024-06-03T06:20:28.440+0000] {logging_mixin.py:188} INFO - [2024-06-03T06:20:28.440+0000] {dag.py:3954} INFO - Setting next_dagrun for example_subdag_operator to 2022-01-01 00:00:00+00:00, run_after=2022-01-01 00:00:00+00:00
[2024-06-03T06:20:28.443+0000] {logging_mixin.py:188} INFO - [2024-06-03T06:20:28.443+0000] {dag.py:3954} INFO - Setting next_dagrun for example_subdag_operator.section-1 to None, run_after=None
[2024-06-03T06:20:28.444+0000] {logging_mixin.py:188} INFO - [2024-06-03T06:20:28.444+0000] {dag.py:3954} INFO - Setting next_dagrun for example_subdag_operator.section-2 to None, run_after=None
[2024-06-03T06:20:28.450+0000] {logging_mixin.py:188} INFO - [2024-06-03T06:20:28.450+0000] {dag.py:3096} INFO - Sync 2 DAGs
[2024-06-03T06:20:28.454+0000] {logging_mixin.py:188} INFO - [2024-06-03T06:20:28.453+0000] {dag.py:3954} INFO - Setting next_dagrun for example_subdag_operator.section-1 to None, run_after=None
[2024-06-03T06:20:28.454+0000] {logging_mixin.py:188} INFO - [2024-06-03T06:20:28.454+0000] {dag.py:3954} INFO - Setting next_dagrun for example_subdag_operator.section-2 to None, run_after=None
[2024-06-03T06:20:28.462+0000] {processor.py:183} INFO - Processing /home/airflow/.local/lib/python3.12/site-packages/airflow/example_dags/example_subdag_operator.py took 0.093 seconds
[2024-06-03T06:20:58.630+0000] {processor.py:161} INFO - Started process (PID=211) to work on /home/airflow/.local/lib/python3.12/site-packages/airflow/example_dags/example_subdag_operator.py
[2024-06-03T06:20:58.632+0000] {processor.py:830} INFO - Processing file /home/airflow/.local/lib/python3.12/site-packages/airflow/example_dags/example_subdag_operator.py for tasks to queue
[2024-06-03T06:20:58.634+0000] {logging_mixin.py:188} INFO - [2024-06-03T06:20:58.633+0000] {dagbag.py:545} INFO - Filling up the DagBag from /home/airflow/.local/lib/python3.12/site-packages/airflow/example_dags/example_subdag_operator.py
[2024-06-03T06:20:58.654+0000] {processor.py:840} INFO - DAG(s) 'example_subdag_operator.section-1', 'example_subdag_operator.section-2', 'example_subdag_operator' retrieved from /home/airflow/.local/lib/python3.12/site-packages/airflow/example_dags/example_subdag_operator.py
[2024-06-03T06:20:58.665+0000] {logging_mixin.py:188} INFO - [2024-06-03T06:20:58.665+0000] {dag.py:3096} INFO - Sync 3 DAGs
[2024-06-03T06:20:58.679+0000] {logging_mixin.py:188} INFO - [2024-06-03T06:20:58.678+0000] {dag.py:3954} INFO - Setting next_dagrun for example_subdag_operator to 2022-01-01 00:00:00+00:00, run_after=2022-01-01 00:00:00+00:00
[2024-06-03T06:20:58.682+0000] {logging_mixin.py:188} INFO - [2024-06-03T06:20:58.682+0000] {dag.py:3954} INFO - Setting next_dagrun for example_subdag_operator.section-1 to None, run_after=None
[2024-06-03T06:20:58.683+0000] {logging_mixin.py:188} INFO - [2024-06-03T06:20:58.683+0000] {dag.py:3954} INFO - Setting next_dagrun for example_subdag_operator.section-2 to None, run_after=None
[2024-06-03T06:20:58.689+0000] {logging_mixin.py:188} INFO - [2024-06-03T06:20:58.689+0000] {dag.py:3096} INFO - Sync 2 DAGs
[2024-06-03T06:20:58.692+0000] {logging_mixin.py:188} INFO - [2024-06-03T06:20:58.692+0000] {dag.py:3954} INFO - Setting next_dagrun for example_subdag_operator.section-1 to None, run_after=None
[2024-06-03T06:20:58.693+0000] {logging_mixin.py:188} INFO - [2024-06-03T06:20:58.693+0000] {dag.py:3954} INFO - Setting next_dagrun for example_subdag_operator.section-2 to None, run_after=None
[2024-06-03T06:20:58.700+0000] {processor.py:183} INFO - Processing /home/airflow/.local/lib/python3.12/site-packages/airflow/example_dags/example_subdag_operator.py took 0.074 seconds
[2024-06-03T06:21:28.918+0000] {processor.py:161} INFO - Started process (PID=269) to work on /home/airflow/.local/lib/python3.12/site-packages/airflow/example_dags/example_subdag_operator.py
[2024-06-03T06:21:28.919+0000] {processor.py:830} INFO - Processing file /home/airflow/.local/lib/python3.12/site-packages/airflow/example_dags/example_subdag_operator.py for tasks to queue
[2024-06-03T06:21:28.922+0000] {logging_mixin.py:188} INFO - [2024-06-03T06:21:28.922+0000] {dagbag.py:545} INFO - Filling up the DagBag from /home/airflow/.local/lib/python3.12/site-packages/airflow/example_dags/example_subdag_operator.py
[2024-06-03T06:21:28.956+0000] {processor.py:840} INFO - DAG(s) 'example_subdag_operator.section-1', 'example_subdag_operator.section-2', 'example_subdag_operator' retrieved from /home/airflow/.local/lib/python3.12/site-packages/airflow/example_dags/example_subdag_operator.py
[2024-06-03T06:21:28.971+0000] {logging_mixin.py:188} INFO - [2024-06-03T06:21:28.971+0000] {dag.py:3096} INFO - Sync 3 DAGs
[2024-06-03T06:21:28.987+0000] {logging_mixin.py:188} INFO - [2024-06-03T06:21:28.987+0000] {dag.py:3954} INFO - Setting next_dagrun for example_subdag_operator to 2022-01-01 00:00:00+00:00, run_after=2022-01-01 00:00:00+00:00
[2024-06-03T06:21:28.991+0000] {logging_mixin.py:188} INFO - [2024-06-03T06:21:28.990+0000] {dag.py:3954} INFO - Setting next_dagrun for example_subdag_operator.section-1 to None, run_after=None
[2024-06-03T06:21:28.996+0000] {logging_mixin.py:188} INFO - [2024-06-03T06:21:28.996+0000] {dag.py:3954} INFO - Setting next_dagrun for example_subdag_operator.section-2 to None, run_after=None
[2024-06-03T06:21:29.004+0000] {logging_mixin.py:188} INFO - [2024-06-03T06:21:29.003+0000] {dag.py:3096} INFO - Sync 2 DAGs
[2024-06-03T06:21:29.008+0000] {logging_mixin.py:188} INFO - [2024-06-03T06:21:29.008+0000] {dag.py:3954} INFO - Setting next_dagrun for example_subdag_operator.section-1 to None, run_after=None
[2024-06-03T06:21:29.009+0000] {logging_mixin.py:188} INFO - [2024-06-03T06:21:29.009+0000] {dag.py:3954} INFO - Setting next_dagrun for example_subdag_operator.section-2 to None, run_after=None
[2024-06-03T06:21:29.023+0000] {processor.py:183} INFO - Processing /home/airflow/.local/lib/python3.12/site-packages/airflow/example_dags/example_subdag_operator.py took 0.114 seconds
[2024-06-03T06:21:59.506+0000] {processor.py:161} INFO - Started process (PID=327) to work on /home/airflow/.local/lib/python3.12/site-packages/airflow/example_dags/example_subdag_operator.py
[2024-06-03T06:21:59.507+0000] {processor.py:830} INFO - Processing file /home/airflow/.local/lib/python3.12/site-packages/airflow/example_dags/example_subdag_operator.py for tasks to queue
[2024-06-03T06:21:59.510+0000] {logging_mixin.py:188} INFO - [2024-06-03T06:21:59.510+0000] {dagbag.py:545} INFO - Filling up the DagBag from /home/airflow/.local/lib/python3.12/site-packages/airflow/example_dags/example_subdag_operator.py
[2024-06-03T06:21:59.541+0000] {processor.py:840} INFO - DAG(s) 'example_subdag_operator.section-1', 'example_subdag_operator.section-2', 'example_subdag_operator' retrieved from /home/airflow/.local/lib/python3.12/site-packages/airflow/example_dags/example_subdag_operator.py
[2024-06-03T06:21:59.553+0000] {logging_mixin.py:188} INFO - [2024-06-03T06:21:59.552+0000] {dag.py:3096} INFO - Sync 3 DAGs
[2024-06-03T06:21:59.570+0000] {logging_mixin.py:188} INFO - [2024-06-03T06:21:59.569+0000] {dag.py:3954} INFO - Setting next_dagrun for example_subdag_operator to 2022-01-01 00:00:00+00:00, run_after=2022-01-01 00:00:00+00:00
[2024-06-03T06:21:59.573+0000] {logging_mixin.py:188} INFO - [2024-06-03T06:21:59.573+0000] {dag.py:3954} INFO - Setting next_dagrun for example_subdag_operator.section-1 to None, run_after=None
[2024-06-03T06:21:59.575+0000] {logging_mixin.py:188} INFO - [2024-06-03T06:21:59.574+0000] {dag.py:3954} INFO - Setting next_dagrun for example_subdag_operator.section-2 to None, run_after=None
[2024-06-03T06:21:59.580+0000] {logging_mixin.py:188} INFO - [2024-06-03T06:21:59.580+0000] {dag.py:3096} INFO - Sync 2 DAGs
[2024-06-03T06:21:59.585+0000] {logging_mixin.py:188} INFO - [2024-06-03T06:21:59.585+0000] {dag.py:3954} INFO - Setting next_dagrun for example_subdag_operator.section-1 to None, run_after=None
[2024-06-03T06:21:59.587+0000] {logging_mixin.py:188} INFO - [2024-06-03T06:21:59.587+0000] {dag.py:3954} INFO - Setting next_dagrun for example_subdag_operator.section-2 to None, run_after=None
[2024-06-03T06:21:59.597+0000] {processor.py:183} INFO - Processing /home/airflow/.local/lib/python3.12/site-packages/airflow/example_dags/example_subdag_operator.py took 0.097 seconds
[2024-06-03T06:22:29.639+0000] {processor.py:161} INFO - Started process (PID=385) to work on /home/airflow/.local/lib/python3.12/site-packages/airflow/example_dags/example_subdag_operator.py
[2024-06-03T06:22:29.640+0000] {processor.py:830} INFO - Processing file /home/airflow/.local/lib/python3.12/site-packages/airflow/example_dags/example_subdag_operator.py for tasks to queue
[2024-06-03T06:22:29.642+0000] {logging_mixin.py:188} INFO - [2024-06-03T06:22:29.642+0000] {dagbag.py:545} INFO - Filling up the DagBag from /home/airflow/.local/lib/python3.12/site-packages/airflow/example_dags/example_subdag_operator.py
[2024-06-03T06:22:29.661+0000] {processor.py:840} INFO - DAG(s) 'example_subdag_operator.section-1', 'example_subdag_operator.section-2', 'example_subdag_operator' retrieved from /home/airflow/.local/lib/python3.12/site-packages/airflow/example_dags/example_subdag_operator.py
[2024-06-03T06:22:29.670+0000] {logging_mixin.py:188} INFO - [2024-06-03T06:22:29.670+0000] {dag.py:3096} INFO - Sync 3 DAGs
[2024-06-03T06:22:29.686+0000] {logging_mixin.py:188} INFO - [2024-06-03T06:22:29.686+0000] {dag.py:3954} INFO - Setting next_dagrun for example_subdag_operator to 2022-01-01 00:00:00+00:00, run_after=2022-01-01 00:00:00+00:00
[2024-06-03T06:22:29.690+0000] {logging_mixin.py:188} INFO - [2024-06-03T06:22:29.690+0000] {dag.py:3954} INFO - Setting next_dagrun for example_subdag_operator.section-1 to None, run_after=None
[2024-06-03T06:22:29.692+0000] {logging_mixin.py:188} INFO - [2024-06-03T06:22:29.691+0000] {dag.py:3954} INFO - Setting next_dagrun for example_subdag_operator.section-2 to None, run_after=None
[2024-06-03T06:22:29.697+0000] {logging_mixin.py:188} INFO - [2024-06-03T06:22:29.697+0000] {dag.py:3096} INFO - Sync 2 DAGs
[2024-06-03T06:22:29.701+0000] {logging_mixin.py:188} INFO - [2024-06-03T06:22:29.701+0000] {dag.py:3954} INFO - Setting next_dagrun for example_subdag_operator.section-1 to None, run_after=None
[2024-06-03T06:22:29.702+0000] {logging_mixin.py:188} INFO - [2024-06-03T06:22:29.701+0000] {dag.py:3954} INFO - Setting next_dagrun for example_subdag_operator.section-2 to None, run_after=None
[2024-06-03T06:22:29.709+0000] {processor.py:183} INFO - Processing /home/airflow/.local/lib/python3.12/site-packages/airflow/example_dags/example_subdag_operator.py took 0.075 seconds
[2024-06-03T06:23:00.336+0000] {processor.py:161} INFO - Started process (PID=443) to work on /home/airflow/.local/lib/python3.12/site-packages/airflow/example_dags/example_subdag_operator.py
[2024-06-03T06:23:00.337+0000] {processor.py:830} INFO - Processing file /home/airflow/.local/lib/python3.12/site-packages/airflow/example_dags/example_subdag_operator.py for tasks to queue
[2024-06-03T06:23:00.339+0000] {logging_mixin.py:188} INFO - [2024-06-03T06:23:00.339+0000] {dagbag.py:545} INFO - Filling up the DagBag from /home/airflow/.local/lib/python3.12/site-packages/airflow/example_dags/example_subdag_operator.py
[2024-06-03T06:23:00.359+0000] {processor.py:840} INFO - DAG(s) 'example_subdag_operator.section-1', 'example_subdag_operator.section-2', 'example_subdag_operator' retrieved from /home/airflow/.local/lib/python3.12/site-packages/airflow/example_dags/example_subdag_operator.py
[2024-06-03T06:23:00.371+0000] {logging_mixin.py:188} INFO - [2024-06-03T06:23:00.370+0000] {dag.py:3096} INFO - Sync 3 DAGs
[2024-06-03T06:23:00.386+0000] {logging_mixin.py:188} INFO - [2024-06-03T06:23:00.386+0000] {dag.py:3954} INFO - Setting next_dagrun for example_subdag_operator to 2022-01-01 00:00:00+00:00, run_after=2022-01-01 00:00:00+00:00
[2024-06-03T06:23:00.388+0000] {logging_mixin.py:188} INFO - [2024-06-03T06:23:00.388+0000] {dag.py:3954} INFO - Setting next_dagrun for example_subdag_operator.section-1 to None, run_after=None
[2024-06-03T06:23:00.390+0000] {logging_mixin.py:188} INFO - [2024-06-03T06:23:00.390+0000] {dag.py:3954} INFO - Setting next_dagrun for example_subdag_operator.section-2 to None, run_after=None
[2024-06-03T06:23:00.395+0000] {logging_mixin.py:188} INFO - [2024-06-03T06:23:00.395+0000] {dag.py:3096} INFO - Sync 2 DAGs
[2024-06-03T06:23:00.399+0000] {logging_mixin.py:188} INFO - [2024-06-03T06:23:00.399+0000] {dag.py:3954} INFO - Setting next_dagrun for example_subdag_operator.section-1 to None, run_after=None
[2024-06-03T06:23:00.399+0000] {logging_mixin.py:188} INFO - [2024-06-03T06:23:00.399+0000] {dag.py:3954} INFO - Setting next_dagrun for example_subdag_operator.section-2 to None, run_after=None
[2024-06-03T06:23:00.406+0000] {processor.py:183} INFO - Processing /home/airflow/.local/lib/python3.12/site-packages/airflow/example_dags/example_subdag_operator.py took 0.075 seconds
[2024-06-03T06:25:20.093+0000] {processor.py:161} INFO - Started process (PID=39) to work on /home/airflow/.local/lib/python3.12/site-packages/airflow/example_dags/example_subdag_operator.py
[2024-06-03T06:25:20.095+0000] {processor.py:830} INFO - Processing file /home/airflow/.local/lib/python3.12/site-packages/airflow/example_dags/example_subdag_operator.py for tasks to queue
[2024-06-03T06:25:20.098+0000] {logging_mixin.py:188} INFO - [2024-06-03T06:25:20.097+0000] {dagbag.py:545} INFO - Filling up the DagBag from /home/airflow/.local/lib/python3.12/site-packages/airflow/example_dags/example_subdag_operator.py
[2024-06-03T06:25:20.133+0000] {processor.py:840} INFO - DAG(s) 'example_subdag_operator.section-1', 'example_subdag_operator.section-2', 'example_subdag_operator' retrieved from /home/airflow/.local/lib/python3.12/site-packages/airflow/example_dags/example_subdag_operator.py
[2024-06-03T06:25:20.137+0000] {logging_mixin.py:188} INFO - [2024-06-03T06:25:20.137+0000] {dag.py:3096} INFO - Sync 3 DAGs
[2024-06-03T06:25:20.158+0000] {logging_mixin.py:188} INFO - [2024-06-03T06:25:20.157+0000] {dag.py:3954} INFO - Setting next_dagrun for example_subdag_operator to 2022-01-01 00:00:00+00:00, run_after=2022-01-01 00:00:00+00:00
[2024-06-03T06:25:20.162+0000] {logging_mixin.py:188} INFO - [2024-06-03T06:25:20.161+0000] {dag.py:3954} INFO - Setting next_dagrun for example_subdag_operator.section-1 to None, run_after=None
[2024-06-03T06:25:20.163+0000] {logging_mixin.py:188} INFO - [2024-06-03T06:25:20.163+0000] {dag.py:3954} INFO - Setting next_dagrun for example_subdag_operator.section-2 to None, run_after=None
[2024-06-03T06:25:20.170+0000] {logging_mixin.py:188} INFO - [2024-06-03T06:25:20.170+0000] {dag.py:3096} INFO - Sync 2 DAGs
[2024-06-03T06:25:20.174+0000] {logging_mixin.py:188} INFO - [2024-06-03T06:25:20.174+0000] {dag.py:3954} INFO - Setting next_dagrun for example_subdag_operator.section-1 to None, run_after=None
[2024-06-03T06:25:20.175+0000] {logging_mixin.py:188} INFO - [2024-06-03T06:25:20.175+0000] {dag.py:3954} INFO - Setting next_dagrun for example_subdag_operator.section-2 to None, run_after=None
[2024-06-03T06:25:20.184+0000] {processor.py:183} INFO - Processing /home/airflow/.local/lib/python3.12/site-packages/airflow/example_dags/example_subdag_operator.py took 0.097 seconds
[2024-06-03T06:25:50.936+0000] {processor.py:161} INFO - Started process (PID=97) to work on /home/airflow/.local/lib/python3.12/site-packages/airflow/example_dags/example_subdag_operator.py
[2024-06-03T06:25:50.937+0000] {processor.py:830} INFO - Processing file /home/airflow/.local/lib/python3.12/site-packages/airflow/example_dags/example_subdag_operator.py for tasks to queue
[2024-06-03T06:25:50.939+0000] {logging_mixin.py:188} INFO - [2024-06-03T06:25:50.939+0000] {dagbag.py:545} INFO - Filling up the DagBag from /home/airflow/.local/lib/python3.12/site-packages/airflow/example_dags/example_subdag_operator.py
[2024-06-03T06:25:50.958+0000] {processor.py:840} INFO - DAG(s) 'example_subdag_operator.section-1', 'example_subdag_operator.section-2', 'example_subdag_operator' retrieved from /home/airflow/.local/lib/python3.12/site-packages/airflow/example_dags/example_subdag_operator.py
[2024-06-03T06:25:51.012+0000] {logging_mixin.py:188} INFO - [2024-06-03T06:25:51.011+0000] {dag.py:3096} INFO - Sync 3 DAGs
[2024-06-03T06:25:51.023+0000] {logging_mixin.py:188} INFO - [2024-06-03T06:25:51.023+0000] {dag.py:3954} INFO - Setting next_dagrun for example_subdag_operator to 2022-01-01 00:00:00+00:00, run_after=2022-01-01 00:00:00+00:00
[2024-06-03T06:25:51.026+0000] {logging_mixin.py:188} INFO - [2024-06-03T06:25:51.026+0000] {dag.py:3954} INFO - Setting next_dagrun for example_subdag_operator.section-1 to None, run_after=None
[2024-06-03T06:25:51.027+0000] {logging_mixin.py:188} INFO - [2024-06-03T06:25:51.027+0000] {dag.py:3954} INFO - Setting next_dagrun for example_subdag_operator.section-2 to None, run_after=None
[2024-06-03T06:25:51.033+0000] {logging_mixin.py:188} INFO - [2024-06-03T06:25:51.033+0000] {dag.py:3096} INFO - Sync 2 DAGs
[2024-06-03T06:25:51.037+0000] {logging_mixin.py:188} INFO - [2024-06-03T06:25:51.037+0000] {dag.py:3954} INFO - Setting next_dagrun for example_subdag_operator.section-1 to None, run_after=None
[2024-06-03T06:25:51.038+0000] {logging_mixin.py:188} INFO - [2024-06-03T06:25:51.038+0000] {dag.py:3954} INFO - Setting next_dagrun for example_subdag_operator.section-2 to None, run_after=None
[2024-06-03T06:25:51.043+0000] {processor.py:183} INFO - Processing /home/airflow/.local/lib/python3.12/site-packages/airflow/example_dags/example_subdag_operator.py took 0.112 seconds
[2024-06-03T06:26:21.269+0000] {processor.py:161} INFO - Started process (PID=155) to work on /home/airflow/.local/lib/python3.12/site-packages/airflow/example_dags/example_subdag_operator.py
[2024-06-03T06:26:21.270+0000] {processor.py:830} INFO - Processing file /home/airflow/.local/lib/python3.12/site-packages/airflow/example_dags/example_subdag_operator.py for tasks to queue
[2024-06-03T06:26:21.272+0000] {logging_mixin.py:188} INFO - [2024-06-03T06:26:21.272+0000] {dagbag.py:545} INFO - Filling up the DagBag from /home/airflow/.local/lib/python3.12/site-packages/airflow/example_dags/example_subdag_operator.py
[2024-06-03T06:26:21.293+0000] {processor.py:840} INFO - DAG(s) 'example_subdag_operator.section-1', 'example_subdag_operator.section-2', 'example_subdag_operator' retrieved from /home/airflow/.local/lib/python3.12/site-packages/airflow/example_dags/example_subdag_operator.py
[2024-06-03T06:26:21.302+0000] {logging_mixin.py:188} INFO - [2024-06-03T06:26:21.302+0000] {dag.py:3096} INFO - Sync 3 DAGs
[2024-06-03T06:26:21.314+0000] {logging_mixin.py:188} INFO - [2024-06-03T06:26:21.314+0000] {dag.py:3954} INFO - Setting next_dagrun for example_subdag_operator to 2022-01-01 00:00:00+00:00, run_after=2022-01-01 00:00:00+00:00
[2024-06-03T06:26:21.317+0000] {logging_mixin.py:188} INFO - [2024-06-03T06:26:21.317+0000] {dag.py:3954} INFO - Setting next_dagrun for example_subdag_operator.section-1 to None, run_after=None
[2024-06-03T06:26:21.318+0000] {logging_mixin.py:188} INFO - [2024-06-03T06:26:21.318+0000] {dag.py:3954} INFO - Setting next_dagrun for example_subdag_operator.section-2 to None, run_after=None
[2024-06-03T06:26:21.322+0000] {logging_mixin.py:188} INFO - [2024-06-03T06:26:21.322+0000] {dag.py:3096} INFO - Sync 2 DAGs
[2024-06-03T06:26:21.326+0000] {logging_mixin.py:188} INFO - [2024-06-03T06:26:21.326+0000] {dag.py:3954} INFO - Setting next_dagrun for example_subdag_operator.section-1 to None, run_after=None
[2024-06-03T06:26:21.326+0000] {logging_mixin.py:188} INFO - [2024-06-03T06:26:21.326+0000] {dag.py:3954} INFO - Setting next_dagrun for example_subdag_operator.section-2 to None, run_after=None
[2024-06-03T06:26:21.334+0000] {processor.py:183} INFO - Processing /home/airflow/.local/lib/python3.12/site-packages/airflow/example_dags/example_subdag_operator.py took 0.069 seconds
[2024-06-03T06:26:51.986+0000] {processor.py:161} INFO - Started process (PID=213) to work on /home/airflow/.local/lib/python3.12/site-packages/airflow/example_dags/example_subdag_operator.py
[2024-06-03T06:26:51.988+0000] {processor.py:830} INFO - Processing file /home/airflow/.local/lib/python3.12/site-packages/airflow/example_dags/example_subdag_operator.py for tasks to queue
[2024-06-03T06:26:51.991+0000] {logging_mixin.py:188} INFO - [2024-06-03T06:26:51.990+0000] {dagbag.py:545} INFO - Filling up the DagBag from /home/airflow/.local/lib/python3.12/site-packages/airflow/example_dags/example_subdag_operator.py
[2024-06-03T06:26:52.013+0000] {processor.py:840} INFO - DAG(s) 'example_subdag_operator.section-1', 'example_subdag_operator.section-2', 'example_subdag_operator' retrieved from /home/airflow/.local/lib/python3.12/site-packages/airflow/example_dags/example_subdag_operator.py
[2024-06-03T06:26:52.023+0000] {logging_mixin.py:188} INFO - [2024-06-03T06:26:52.023+0000] {dag.py:3096} INFO - Sync 3 DAGs
[2024-06-03T06:26:52.035+0000] {logging_mixin.py:188} INFO - [2024-06-03T06:26:52.035+0000] {dag.py:3954} INFO - Setting next_dagrun for example_subdag_operator to 2022-01-01 00:00:00+00:00, run_after=2022-01-01 00:00:00+00:00
[2024-06-03T06:26:52.037+0000] {logging_mixin.py:188} INFO - [2024-06-03T06:26:52.037+0000] {dag.py:3954} INFO - Setting next_dagrun for example_subdag_operator.section-1 to None, run_after=None
[2024-06-03T06:26:52.039+0000] {logging_mixin.py:188} INFO - [2024-06-03T06:26:52.038+0000] {dag.py:3954} INFO - Setting next_dagrun for example_subdag_operator.section-2 to None, run_after=None
[2024-06-03T06:26:52.044+0000] {logging_mixin.py:188} INFO - [2024-06-03T06:26:52.043+0000] {dag.py:3096} INFO - Sync 2 DAGs
[2024-06-03T06:26:52.047+0000] {logging_mixin.py:188} INFO - [2024-06-03T06:26:52.047+0000] {dag.py:3954} INFO - Setting next_dagrun for example_subdag_operator.section-1 to None, run_after=None
[2024-06-03T06:26:52.048+0000] {logging_mixin.py:188} INFO - [2024-06-03T06:26:52.048+0000] {dag.py:3954} INFO - Setting next_dagrun for example_subdag_operator.section-2 to None, run_after=None
[2024-06-03T06:26:52.054+0000] {processor.py:183} INFO - Processing /home/airflow/.local/lib/python3.12/site-packages/airflow/example_dags/example_subdag_operator.py took 0.073 seconds
[2024-06-03T06:27:22.281+0000] {processor.py:161} INFO - Started process (PID=271) to work on /home/airflow/.local/lib/python3.12/site-packages/airflow/example_dags/example_subdag_operator.py
[2024-06-03T06:27:22.282+0000] {processor.py:830} INFO - Processing file /home/airflow/.local/lib/python3.12/site-packages/airflow/example_dags/example_subdag_operator.py for tasks to queue
[2024-06-03T06:27:22.284+0000] {logging_mixin.py:188} INFO - [2024-06-03T06:27:22.284+0000] {dagbag.py:545} INFO - Filling up the DagBag from /home/airflow/.local/lib/python3.12/site-packages/airflow/example_dags/example_subdag_operator.py
[2024-06-03T06:27:22.303+0000] {processor.py:840} INFO - DAG(s) 'example_subdag_operator.section-1', 'example_subdag_operator.section-2', 'example_subdag_operator' retrieved from /home/airflow/.local/lib/python3.12/site-packages/airflow/example_dags/example_subdag_operator.py
[2024-06-03T06:27:22.314+0000] {logging_mixin.py:188} INFO - [2024-06-03T06:27:22.313+0000] {dag.py:3096} INFO - Sync 3 DAGs
[2024-06-03T06:27:22.327+0000] {logging_mixin.py:188} INFO - [2024-06-03T06:27:22.326+0000] {dag.py:3954} INFO - Setting next_dagrun for example_subdag_operator to 2022-01-01 00:00:00+00:00, run_after=2022-01-01 00:00:00+00:00
[2024-06-03T06:27:22.329+0000] {logging_mixin.py:188} INFO - [2024-06-03T06:27:22.329+0000] {dag.py:3954} INFO - Setting next_dagrun for example_subdag_operator.section-1 to None, run_after=None
[2024-06-03T06:27:22.330+0000] {logging_mixin.py:188} INFO - [2024-06-03T06:27:22.330+0000] {dag.py:3954} INFO - Setting next_dagrun for example_subdag_operator.section-2 to None, run_after=None
[2024-06-03T06:27:22.334+0000] {logging_mixin.py:188} INFO - [2024-06-03T06:27:22.334+0000] {dag.py:3096} INFO - Sync 2 DAGs
[2024-06-03T06:27:22.338+0000] {logging_mixin.py:188} INFO - [2024-06-03T06:27:22.337+0000] {dag.py:3954} INFO - Setting next_dagrun for example_subdag_operator.section-1 to None, run_after=None
[2024-06-03T06:27:22.338+0000] {logging_mixin.py:188} INFO - [2024-06-03T06:27:22.338+0000] {dag.py:3954} INFO - Setting next_dagrun for example_subdag_operator.section-2 to None, run_after=None
[2024-06-03T06:27:22.345+0000] {processor.py:183} INFO - Processing /home/airflow/.local/lib/python3.12/site-packages/airflow/example_dags/example_subdag_operator.py took 0.068 seconds
