[2024-06-03T06:19:29.704+0000] {processor.py:161} INFO - Started process (PID=66) to work on /home/airflow/.local/lib/python3.12/site-packages/airflow/example_dags/example_sensors.py
[2024-06-03T06:19:29.706+0000] {processor.py:830} INFO - Processing file /home/airflow/.local/lib/python3.12/site-packages/airflow/example_dags/example_sensors.py for tasks to queue
[2024-06-03T06:19:29.709+0000] {logging_mixin.py:188} INFO - [2024-06-03T06:19:29.709+0000] {dagbag.py:545} INFO - Filling up the DagBag from /home/airflow/.local/lib/python3.12/site-packages/airflow/example_dags/example_sensors.py
[2024-06-03T06:19:29.720+0000] {processor.py:840} INFO - DAG(s) 'example_sensors' retrieved from /home/airflow/.local/lib/python3.12/site-packages/airflow/example_dags/example_sensors.py
[2024-06-03T06:19:29.741+0000] {logging_mixin.py:188} INFO - [2024-06-03T06:19:29.741+0000] {dag.py:3096} INFO - Sync 1 DAGs
[2024-06-03T06:19:29.757+0000] {logging_mixin.py:188} INFO - [2024-06-03T06:19:29.757+0000] {dag.py:3954} INFO - Setting next_dagrun for example_sensors to None, run_after=None
[2024-06-03T06:19:29.787+0000] {processor.py:183} INFO - Processing /home/airflow/.local/lib/python3.12/site-packages/airflow/example_dags/example_sensors.py took 0.092 seconds
[2024-06-03T06:20:00.708+0000] {processor.py:161} INFO - Started process (PID=123) to work on /home/airflow/.local/lib/python3.12/site-packages/airflow/example_dags/example_sensors.py
[2024-06-03T06:20:00.710+0000] {processor.py:830} INFO - Processing file /home/airflow/.local/lib/python3.12/site-packages/airflow/example_dags/example_sensors.py for tasks to queue
[2024-06-03T06:20:00.711+0000] {logging_mixin.py:188} INFO - [2024-06-03T06:20:00.711+0000] {dagbag.py:545} INFO - Filling up the DagBag from /home/airflow/.local/lib/python3.12/site-packages/airflow/example_dags/example_sensors.py
[2024-06-03T06:20:00.717+0000] {processor.py:840} INFO - DAG(s) 'example_sensors' retrieved from /home/airflow/.local/lib/python3.12/site-packages/airflow/example_dags/example_sensors.py
[2024-06-03T06:20:00.778+0000] {logging_mixin.py:188} INFO - [2024-06-03T06:20:00.778+0000] {dag.py:3096} INFO - Sync 1 DAGs
[2024-06-03T06:20:00.784+0000] {logging_mixin.py:188} INFO - [2024-06-03T06:20:00.784+0000] {dag.py:3954} INFO - Setting next_dagrun for example_sensors to None, run_after=None
[2024-06-03T06:20:00.796+0000] {processor.py:183} INFO - Processing /home/airflow/.local/lib/python3.12/site-packages/airflow/example_dags/example_sensors.py took 0.093 seconds
[2024-06-03T06:20:30.930+0000] {processor.py:161} INFO - Started process (PID=181) to work on /home/airflow/.local/lib/python3.12/site-packages/airflow/example_dags/example_sensors.py
[2024-06-03T06:20:30.933+0000] {processor.py:830} INFO - Processing file /home/airflow/.local/lib/python3.12/site-packages/airflow/example_dags/example_sensors.py for tasks to queue
[2024-06-03T06:20:30.935+0000] {logging_mixin.py:188} INFO - [2024-06-03T06:20:30.934+0000] {dagbag.py:545} INFO - Filling up the DagBag from /home/airflow/.local/lib/python3.12/site-packages/airflow/example_dags/example_sensors.py
[2024-06-03T06:20:30.942+0000] {processor.py:840} INFO - DAG(s) 'example_sensors' retrieved from /home/airflow/.local/lib/python3.12/site-packages/airflow/example_dags/example_sensors.py
[2024-06-03T06:20:31.016+0000] {logging_mixin.py:188} INFO - [2024-06-03T06:20:31.015+0000] {dag.py:3096} INFO - Sync 1 DAGs
[2024-06-03T06:20:31.033+0000] {logging_mixin.py:188} INFO - [2024-06-03T06:20:31.033+0000] {dag.py:3954} INFO - Setting next_dagrun for example_sensors to None, run_after=None
[2024-06-03T06:20:31.076+0000] {processor.py:183} INFO - Processing /home/airflow/.local/lib/python3.12/site-packages/airflow/example_dags/example_sensors.py took 0.151 seconds
[2024-06-03T06:21:02.075+0000] {processor.py:161} INFO - Started process (PID=239) to work on /home/airflow/.local/lib/python3.12/site-packages/airflow/example_dags/example_sensors.py
[2024-06-03T06:21:02.076+0000] {processor.py:830} INFO - Processing file /home/airflow/.local/lib/python3.12/site-packages/airflow/example_dags/example_sensors.py for tasks to queue
[2024-06-03T06:21:02.088+0000] {logging_mixin.py:188} INFO - [2024-06-03T06:21:02.085+0000] {dagbag.py:545} INFO - Filling up the DagBag from /home/airflow/.local/lib/python3.12/site-packages/airflow/example_dags/example_sensors.py
[2024-06-03T06:21:02.102+0000] {processor.py:840} INFO - DAG(s) 'example_sensors' retrieved from /home/airflow/.local/lib/python3.12/site-packages/airflow/example_dags/example_sensors.py
[2024-06-03T06:21:02.122+0000] {logging_mixin.py:188} INFO - [2024-06-03T06:21:02.122+0000] {dag.py:3096} INFO - Sync 1 DAGs
[2024-06-03T06:21:02.131+0000] {logging_mixin.py:188} INFO - [2024-06-03T06:21:02.131+0000] {dag.py:3954} INFO - Setting next_dagrun for example_sensors to None, run_after=None
[2024-06-03T06:21:02.143+0000] {processor.py:183} INFO - Processing /home/airflow/.local/lib/python3.12/site-packages/airflow/example_dags/example_sensors.py took 0.073 seconds
[2024-06-03T06:21:32.190+0000] {processor.py:161} INFO - Started process (PID=297) to work on /home/airflow/.local/lib/python3.12/site-packages/airflow/example_dags/example_sensors.py
[2024-06-03T06:21:32.191+0000] {processor.py:830} INFO - Processing file /home/airflow/.local/lib/python3.12/site-packages/airflow/example_dags/example_sensors.py for tasks to queue
[2024-06-03T06:21:32.193+0000] {logging_mixin.py:188} INFO - [2024-06-03T06:21:32.193+0000] {dagbag.py:545} INFO - Filling up the DagBag from /home/airflow/.local/lib/python3.12/site-packages/airflow/example_dags/example_sensors.py
[2024-06-03T06:21:32.200+0000] {processor.py:840} INFO - DAG(s) 'example_sensors' retrieved from /home/airflow/.local/lib/python3.12/site-packages/airflow/example_dags/example_sensors.py
[2024-06-03T06:21:32.218+0000] {logging_mixin.py:188} INFO - [2024-06-03T06:21:32.218+0000] {dag.py:3096} INFO - Sync 1 DAGs
[2024-06-03T06:21:32.225+0000] {logging_mixin.py:188} INFO - [2024-06-03T06:21:32.225+0000] {dag.py:3954} INFO - Setting next_dagrun for example_sensors to None, run_after=None
[2024-06-03T06:21:32.237+0000] {processor.py:183} INFO - Processing /home/airflow/.local/lib/python3.12/site-packages/airflow/example_dags/example_sensors.py took 0.052 seconds
[2024-06-03T06:22:02.787+0000] {processor.py:161} INFO - Started process (PID=355) to work on /home/airflow/.local/lib/python3.12/site-packages/airflow/example_dags/example_sensors.py
[2024-06-03T06:22:02.789+0000] {processor.py:830} INFO - Processing file /home/airflow/.local/lib/python3.12/site-packages/airflow/example_dags/example_sensors.py for tasks to queue
[2024-06-03T06:22:02.791+0000] {logging_mixin.py:188} INFO - [2024-06-03T06:22:02.791+0000] {dagbag.py:545} INFO - Filling up the DagBag from /home/airflow/.local/lib/python3.12/site-packages/airflow/example_dags/example_sensors.py
[2024-06-03T06:22:02.801+0000] {processor.py:840} INFO - DAG(s) 'example_sensors' retrieved from /home/airflow/.local/lib/python3.12/site-packages/airflow/example_dags/example_sensors.py
[2024-06-03T06:22:02.827+0000] {logging_mixin.py:188} INFO - [2024-06-03T06:22:02.827+0000] {dag.py:3096} INFO - Sync 1 DAGs
[2024-06-03T06:22:02.838+0000] {logging_mixin.py:188} INFO - [2024-06-03T06:22:02.837+0000] {dag.py:3954} INFO - Setting next_dagrun for example_sensors to None, run_after=None
[2024-06-03T06:22:02.849+0000] {processor.py:183} INFO - Processing /home/airflow/.local/lib/python3.12/site-packages/airflow/example_dags/example_sensors.py took 0.068 seconds
[2024-06-03T06:22:32.933+0000] {processor.py:161} INFO - Started process (PID=413) to work on /home/airflow/.local/lib/python3.12/site-packages/airflow/example_dags/example_sensors.py
[2024-06-03T06:22:32.934+0000] {processor.py:830} INFO - Processing file /home/airflow/.local/lib/python3.12/site-packages/airflow/example_dags/example_sensors.py for tasks to queue
[2024-06-03T06:22:32.936+0000] {logging_mixin.py:188} INFO - [2024-06-03T06:22:32.936+0000] {dagbag.py:545} INFO - Filling up the DagBag from /home/airflow/.local/lib/python3.12/site-packages/airflow/example_dags/example_sensors.py
[2024-06-03T06:22:32.943+0000] {processor.py:840} INFO - DAG(s) 'example_sensors' retrieved from /home/airflow/.local/lib/python3.12/site-packages/airflow/example_dags/example_sensors.py
[2024-06-03T06:22:32.964+0000] {logging_mixin.py:188} INFO - [2024-06-03T06:22:32.964+0000] {dag.py:3096} INFO - Sync 1 DAGs
[2024-06-03T06:22:32.973+0000] {logging_mixin.py:188} INFO - [2024-06-03T06:22:32.973+0000] {dag.py:3954} INFO - Setting next_dagrun for example_sensors to None, run_after=None
[2024-06-03T06:22:32.984+0000] {processor.py:183} INFO - Processing /home/airflow/.local/lib/python3.12/site-packages/airflow/example_dags/example_sensors.py took 0.056 seconds
[2024-06-03T06:23:03.604+0000] {processor.py:161} INFO - Started process (PID=471) to work on /home/airflow/.local/lib/python3.12/site-packages/airflow/example_dags/example_sensors.py
[2024-06-03T06:23:03.606+0000] {processor.py:830} INFO - Processing file /home/airflow/.local/lib/python3.12/site-packages/airflow/example_dags/example_sensors.py for tasks to queue
[2024-06-03T06:23:03.607+0000] {logging_mixin.py:188} INFO - [2024-06-03T06:23:03.607+0000] {dagbag.py:545} INFO - Filling up the DagBag from /home/airflow/.local/lib/python3.12/site-packages/airflow/example_dags/example_sensors.py
[2024-06-03T06:23:03.613+0000] {processor.py:840} INFO - DAG(s) 'example_sensors' retrieved from /home/airflow/.local/lib/python3.12/site-packages/airflow/example_dags/example_sensors.py
[2024-06-03T06:23:03.632+0000] {logging_mixin.py:188} INFO - [2024-06-03T06:23:03.632+0000] {dag.py:3096} INFO - Sync 1 DAGs
[2024-06-03T06:23:03.641+0000] {logging_mixin.py:188} INFO - [2024-06-03T06:23:03.641+0000] {dag.py:3954} INFO - Setting next_dagrun for example_sensors to None, run_after=None
[2024-06-03T06:23:03.653+0000] {processor.py:183} INFO - Processing /home/airflow/.local/lib/python3.12/site-packages/airflow/example_dags/example_sensors.py took 0.053 seconds
[2024-06-03T06:25:22.157+0000] {processor.py:161} INFO - Started process (PID=67) to work on /home/airflow/.local/lib/python3.12/site-packages/airflow/example_dags/example_sensors.py
[2024-06-03T06:25:22.158+0000] {processor.py:830} INFO - Processing file /home/airflow/.local/lib/python3.12/site-packages/airflow/example_dags/example_sensors.py for tasks to queue
[2024-06-03T06:25:22.160+0000] {logging_mixin.py:188} INFO - [2024-06-03T06:25:22.160+0000] {dagbag.py:545} INFO - Filling up the DagBag from /home/airflow/.local/lib/python3.12/site-packages/airflow/example_dags/example_sensors.py
[2024-06-03T06:25:22.168+0000] {processor.py:840} INFO - DAG(s) 'example_sensors' retrieved from /home/airflow/.local/lib/python3.12/site-packages/airflow/example_dags/example_sensors.py
[2024-06-03T06:25:22.182+0000] {logging_mixin.py:188} INFO - [2024-06-03T06:25:22.181+0000] {dag.py:3096} INFO - Sync 1 DAGs
[2024-06-03T06:25:22.198+0000] {logging_mixin.py:188} INFO - [2024-06-03T06:25:22.198+0000] {dag.py:3954} INFO - Setting next_dagrun for example_sensors to None, run_after=None
[2024-06-03T06:25:22.221+0000] {processor.py:183} INFO - Processing /home/airflow/.local/lib/python3.12/site-packages/airflow/example_dags/example_sensors.py took 0.069 seconds
[2024-06-03T06:25:52.785+0000] {processor.py:161} INFO - Started process (PID=125) to work on /home/airflow/.local/lib/python3.12/site-packages/airflow/example_dags/example_sensors.py
[2024-06-03T06:25:52.786+0000] {processor.py:830} INFO - Processing file /home/airflow/.local/lib/python3.12/site-packages/airflow/example_dags/example_sensors.py for tasks to queue
[2024-06-03T06:25:52.788+0000] {logging_mixin.py:188} INFO - [2024-06-03T06:25:52.788+0000] {dagbag.py:545} INFO - Filling up the DagBag from /home/airflow/.local/lib/python3.12/site-packages/airflow/example_dags/example_sensors.py
[2024-06-03T06:25:52.794+0000] {processor.py:840} INFO - DAG(s) 'example_sensors' retrieved from /home/airflow/.local/lib/python3.12/site-packages/airflow/example_dags/example_sensors.py
[2024-06-03T06:25:52.883+0000] {logging_mixin.py:188} INFO - [2024-06-03T06:25:52.883+0000] {dag.py:3096} INFO - Sync 1 DAGs
[2024-06-03T06:25:52.890+0000] {logging_mixin.py:188} INFO - [2024-06-03T06:25:52.890+0000] {dag.py:3954} INFO - Setting next_dagrun for example_sensors to None, run_after=None
[2024-06-03T06:25:52.907+0000] {processor.py:183} INFO - Processing /home/airflow/.local/lib/python3.12/site-packages/airflow/example_dags/example_sensors.py took 0.125 seconds
[2024-06-03T06:26:23.475+0000] {processor.py:161} INFO - Started process (PID=183) to work on /home/airflow/.local/lib/python3.12/site-packages/airflow/example_dags/example_sensors.py
[2024-06-03T06:26:23.476+0000] {processor.py:830} INFO - Processing file /home/airflow/.local/lib/python3.12/site-packages/airflow/example_dags/example_sensors.py for tasks to queue
[2024-06-03T06:26:23.478+0000] {logging_mixin.py:188} INFO - [2024-06-03T06:26:23.478+0000] {dagbag.py:545} INFO - Filling up the DagBag from /home/airflow/.local/lib/python3.12/site-packages/airflow/example_dags/example_sensors.py
[2024-06-03T06:26:23.485+0000] {processor.py:840} INFO - DAG(s) 'example_sensors' retrieved from /home/airflow/.local/lib/python3.12/site-packages/airflow/example_dags/example_sensors.py
[2024-06-03T06:26:23.507+0000] {logging_mixin.py:188} INFO - [2024-06-03T06:26:23.507+0000] {dag.py:3096} INFO - Sync 1 DAGs
[2024-06-03T06:26:23.515+0000] {logging_mixin.py:188} INFO - [2024-06-03T06:26:23.515+0000] {dag.py:3954} INFO - Setting next_dagrun for example_sensors to None, run_after=None
[2024-06-03T06:26:23.530+0000] {processor.py:183} INFO - Processing /home/airflow/.local/lib/python3.12/site-packages/airflow/example_dags/example_sensors.py took 0.061 seconds
[2024-06-03T06:26:54.448+0000] {processor.py:161} INFO - Started process (PID=241) to work on /home/airflow/.local/lib/python3.12/site-packages/airflow/example_dags/example_sensors.py
[2024-06-03T06:26:54.450+0000] {processor.py:830} INFO - Processing file /home/airflow/.local/lib/python3.12/site-packages/airflow/example_dags/example_sensors.py for tasks to queue
[2024-06-03T06:26:54.453+0000] {logging_mixin.py:188} INFO - [2024-06-03T06:26:54.453+0000] {dagbag.py:545} INFO - Filling up the DagBag from /home/airflow/.local/lib/python3.12/site-packages/airflow/example_dags/example_sensors.py
[2024-06-03T06:26:54.459+0000] {processor.py:840} INFO - DAG(s) 'example_sensors' retrieved from /home/airflow/.local/lib/python3.12/site-packages/airflow/example_dags/example_sensors.py
[2024-06-03T06:26:54.479+0000] {logging_mixin.py:188} INFO - [2024-06-03T06:26:54.479+0000] {dag.py:3096} INFO - Sync 1 DAGs
[2024-06-03T06:26:54.487+0000] {logging_mixin.py:188} INFO - [2024-06-03T06:26:54.487+0000] {dag.py:3954} INFO - Setting next_dagrun for example_sensors to None, run_after=None
[2024-06-03T06:26:54.499+0000] {processor.py:183} INFO - Processing /home/airflow/.local/lib/python3.12/site-packages/airflow/example_dags/example_sensors.py took 0.056 seconds
[2024-06-03T06:27:24.582+0000] {processor.py:161} INFO - Started process (PID=299) to work on /home/airflow/.local/lib/python3.12/site-packages/airflow/example_dags/example_sensors.py
[2024-06-03T06:27:24.584+0000] {processor.py:830} INFO - Processing file /home/airflow/.local/lib/python3.12/site-packages/airflow/example_dags/example_sensors.py for tasks to queue
[2024-06-03T06:27:24.586+0000] {logging_mixin.py:188} INFO - [2024-06-03T06:27:24.585+0000] {dagbag.py:545} INFO - Filling up the DagBag from /home/airflow/.local/lib/python3.12/site-packages/airflow/example_dags/example_sensors.py
[2024-06-03T06:27:24.592+0000] {processor.py:840} INFO - DAG(s) 'example_sensors' retrieved from /home/airflow/.local/lib/python3.12/site-packages/airflow/example_dags/example_sensors.py
[2024-06-03T06:27:24.612+0000] {logging_mixin.py:188} INFO - [2024-06-03T06:27:24.612+0000] {dag.py:3096} INFO - Sync 1 DAGs
[2024-06-03T06:27:24.620+0000] {logging_mixin.py:188} INFO - [2024-06-03T06:27:24.620+0000] {dag.py:3954} INFO - Setting next_dagrun for example_sensors to None, run_after=None
[2024-06-03T06:27:24.631+0000] {processor.py:183} INFO - Processing /home/airflow/.local/lib/python3.12/site-packages/airflow/example_dags/example_sensors.py took 0.054 seconds
