[2024-06-03T06:19:28.256+0000] {processor.py:161} INFO - Started process (PID=48) to work on /home/airflow/.local/lib/python3.12/site-packages/airflow/example_dags/example_display_name.py
[2024-06-03T06:19:28.258+0000] {processor.py:830} INFO - Processing file /home/airflow/.local/lib/python3.12/site-packages/airflow/example_dags/example_display_name.py for tasks to queue
[2024-06-03T06:19:28.260+0000] {logging_mixin.py:188} INFO - [2024-06-03T06:19:28.260+0000] {dagbag.py:545} INFO - Filling up the DagBag from /home/airflow/.local/lib/python3.12/site-packages/airflow/example_dags/example_display_name.py
[2024-06-03T06:19:28.267+0000] {processor.py:840} INFO - DAG(s) 'example_display_name' retrieved from /home/airflow/.local/lib/python3.12/site-packages/airflow/example_dags/example_display_name.py
[2024-06-03T06:19:28.297+0000] {logging_mixin.py:188} INFO - [2024-06-03T06:19:28.296+0000] {dag.py:3096} INFO - Sync 1 DAGs
[2024-06-03T06:19:28.317+0000] {logging_mixin.py:188} INFO - [2024-06-03T06:19:28.317+0000] {dag.py:3954} INFO - Setting next_dagrun for example_display_name to None, run_after=None
[2024-06-03T06:19:28.335+0000] {processor.py:183} INFO - Processing /home/airflow/.local/lib/python3.12/site-packages/airflow/example_dags/example_display_name.py took 0.086 seconds
[2024-06-03T06:19:58.391+0000] {processor.py:161} INFO - Started process (PID=105) to work on /home/airflow/.local/lib/python3.12/site-packages/airflow/example_dags/example_display_name.py
[2024-06-03T06:19:58.392+0000] {processor.py:830} INFO - Processing file /home/airflow/.local/lib/python3.12/site-packages/airflow/example_dags/example_display_name.py for tasks to queue
[2024-06-03T06:19:58.394+0000] {logging_mixin.py:188} INFO - [2024-06-03T06:19:58.393+0000] {dagbag.py:545} INFO - Filling up the DagBag from /home/airflow/.local/lib/python3.12/site-packages/airflow/example_dags/example_display_name.py
[2024-06-03T06:19:58.398+0000] {processor.py:840} INFO - DAG(s) 'example_display_name' retrieved from /home/airflow/.local/lib/python3.12/site-packages/airflow/example_dags/example_display_name.py
[2024-06-03T06:19:58.452+0000] {logging_mixin.py:188} INFO - [2024-06-03T06:19:58.452+0000] {dag.py:3096} INFO - Sync 1 DAGs
[2024-06-03T06:19:58.458+0000] {logging_mixin.py:188} INFO - [2024-06-03T06:19:58.458+0000] {dag.py:3954} INFO - Setting next_dagrun for example_display_name to None, run_after=None
[2024-06-03T06:19:58.469+0000] {processor.py:183} INFO - Processing /home/airflow/.local/lib/python3.12/site-packages/airflow/example_dags/example_display_name.py took 0.082 seconds
[2024-06-03T06:20:28.897+0000] {processor.py:161} INFO - Started process (PID=163) to work on /home/airflow/.local/lib/python3.12/site-packages/airflow/example_dags/example_display_name.py
[2024-06-03T06:20:28.899+0000] {processor.py:830} INFO - Processing file /home/airflow/.local/lib/python3.12/site-packages/airflow/example_dags/example_display_name.py for tasks to queue
[2024-06-03T06:20:28.901+0000] {logging_mixin.py:188} INFO - [2024-06-03T06:20:28.900+0000] {dagbag.py:545} INFO - Filling up the DagBag from /home/airflow/.local/lib/python3.12/site-packages/airflow/example_dags/example_display_name.py
[2024-06-03T06:20:28.906+0000] {processor.py:840} INFO - DAG(s) 'example_display_name' retrieved from /home/airflow/.local/lib/python3.12/site-packages/airflow/example_dags/example_display_name.py
[2024-06-03T06:20:28.924+0000] {logging_mixin.py:188} INFO - [2024-06-03T06:20:28.924+0000] {dag.py:3096} INFO - Sync 1 DAGs
[2024-06-03T06:20:28.934+0000] {logging_mixin.py:188} INFO - [2024-06-03T06:20:28.934+0000] {dag.py:3954} INFO - Setting next_dagrun for example_display_name to None, run_after=None
[2024-06-03T06:20:28.948+0000] {processor.py:183} INFO - Processing /home/airflow/.local/lib/python3.12/site-packages/airflow/example_dags/example_display_name.py took 0.055 seconds
[2024-06-03T06:20:59.185+0000] {processor.py:161} INFO - Started process (PID=221) to work on /home/airflow/.local/lib/python3.12/site-packages/airflow/example_dags/example_display_name.py
[2024-06-03T06:20:59.187+0000] {processor.py:830} INFO - Processing file /home/airflow/.local/lib/python3.12/site-packages/airflow/example_dags/example_display_name.py for tasks to queue
[2024-06-03T06:20:59.189+0000] {logging_mixin.py:188} INFO - [2024-06-03T06:20:59.189+0000] {dagbag.py:545} INFO - Filling up the DagBag from /home/airflow/.local/lib/python3.12/site-packages/airflow/example_dags/example_display_name.py
[2024-06-03T06:20:59.195+0000] {processor.py:840} INFO - DAG(s) 'example_display_name' retrieved from /home/airflow/.local/lib/python3.12/site-packages/airflow/example_dags/example_display_name.py
[2024-06-03T06:20:59.212+0000] {logging_mixin.py:188} INFO - [2024-06-03T06:20:59.212+0000] {dag.py:3096} INFO - Sync 1 DAGs
[2024-06-03T06:20:59.219+0000] {logging_mixin.py:188} INFO - [2024-06-03T06:20:59.219+0000] {dag.py:3954} INFO - Setting next_dagrun for example_display_name to None, run_after=None
[2024-06-03T06:20:59.229+0000] {processor.py:183} INFO - Processing /home/airflow/.local/lib/python3.12/site-packages/airflow/example_dags/example_display_name.py took 0.049 seconds
[2024-06-03T06:21:29.399+0000] {processor.py:161} INFO - Started process (PID=279) to work on /home/airflow/.local/lib/python3.12/site-packages/airflow/example_dags/example_display_name.py
[2024-06-03T06:21:29.400+0000] {processor.py:830} INFO - Processing file /home/airflow/.local/lib/python3.12/site-packages/airflow/example_dags/example_display_name.py for tasks to queue
[2024-06-03T06:21:29.402+0000] {logging_mixin.py:188} INFO - [2024-06-03T06:21:29.402+0000] {dagbag.py:545} INFO - Filling up the DagBag from /home/airflow/.local/lib/python3.12/site-packages/airflow/example_dags/example_display_name.py
[2024-06-03T06:21:29.407+0000] {processor.py:840} INFO - DAG(s) 'example_display_name' retrieved from /home/airflow/.local/lib/python3.12/site-packages/airflow/example_dags/example_display_name.py
[2024-06-03T06:21:29.423+0000] {logging_mixin.py:188} INFO - [2024-06-03T06:21:29.423+0000] {dag.py:3096} INFO - Sync 1 DAGs
[2024-06-03T06:21:29.431+0000] {logging_mixin.py:188} INFO - [2024-06-03T06:21:29.431+0000] {dag.py:3954} INFO - Setting next_dagrun for example_display_name to None, run_after=None
[2024-06-03T06:21:29.441+0000] {processor.py:183} INFO - Processing /home/airflow/.local/lib/python3.12/site-packages/airflow/example_dags/example_display_name.py took 0.047 seconds
[2024-06-03T06:22:00.007+0000] {processor.py:161} INFO - Started process (PID=337) to work on /home/airflow/.local/lib/python3.12/site-packages/airflow/example_dags/example_display_name.py
[2024-06-03T06:22:00.009+0000] {processor.py:830} INFO - Processing file /home/airflow/.local/lib/python3.12/site-packages/airflow/example_dags/example_display_name.py for tasks to queue
[2024-06-03T06:22:00.011+0000] {logging_mixin.py:188} INFO - [2024-06-03T06:22:00.011+0000] {dagbag.py:545} INFO - Filling up the DagBag from /home/airflow/.local/lib/python3.12/site-packages/airflow/example_dags/example_display_name.py
[2024-06-03T06:22:00.016+0000] {processor.py:840} INFO - DAG(s) 'example_display_name' retrieved from /home/airflow/.local/lib/python3.12/site-packages/airflow/example_dags/example_display_name.py
[2024-06-03T06:22:00.032+0000] {logging_mixin.py:188} INFO - [2024-06-03T06:22:00.032+0000] {dag.py:3096} INFO - Sync 1 DAGs
[2024-06-03T06:22:00.041+0000] {logging_mixin.py:188} INFO - [2024-06-03T06:22:00.041+0000] {dag.py:3954} INFO - Setting next_dagrun for example_display_name to None, run_after=None
[2024-06-03T06:22:00.056+0000] {processor.py:183} INFO - Processing /home/airflow/.local/lib/python3.12/site-packages/airflow/example_dags/example_display_name.py took 0.053 seconds
[2024-06-03T06:22:31.150+0000] {processor.py:161} INFO - Started process (PID=395) to work on /home/airflow/.local/lib/python3.12/site-packages/airflow/example_dags/example_display_name.py
[2024-06-03T06:22:31.152+0000] {processor.py:830} INFO - Processing file /home/airflow/.local/lib/python3.12/site-packages/airflow/example_dags/example_display_name.py for tasks to queue
[2024-06-03T06:22:31.153+0000] {logging_mixin.py:188} INFO - [2024-06-03T06:22:31.153+0000] {dagbag.py:545} INFO - Filling up the DagBag from /home/airflow/.local/lib/python3.12/site-packages/airflow/example_dags/example_display_name.py
[2024-06-03T06:22:31.159+0000] {processor.py:840} INFO - DAG(s) 'example_display_name' retrieved from /home/airflow/.local/lib/python3.12/site-packages/airflow/example_dags/example_display_name.py
[2024-06-03T06:22:31.175+0000] {logging_mixin.py:188} INFO - [2024-06-03T06:22:31.175+0000] {dag.py:3096} INFO - Sync 1 DAGs
[2024-06-03T06:22:31.183+0000] {logging_mixin.py:188} INFO - [2024-06-03T06:22:31.183+0000] {dag.py:3954} INFO - Setting next_dagrun for example_display_name to None, run_after=None
[2024-06-03T06:22:31.194+0000] {processor.py:183} INFO - Processing /home/airflow/.local/lib/python3.12/site-packages/airflow/example_dags/example_display_name.py took 0.047 seconds
[2024-06-03T06:23:01.857+0000] {processor.py:161} INFO - Started process (PID=453) to work on /home/airflow/.local/lib/python3.12/site-packages/airflow/example_dags/example_display_name.py
[2024-06-03T06:23:01.858+0000] {processor.py:830} INFO - Processing file /home/airflow/.local/lib/python3.12/site-packages/airflow/example_dags/example_display_name.py for tasks to queue
[2024-06-03T06:23:01.860+0000] {logging_mixin.py:188} INFO - [2024-06-03T06:23:01.860+0000] {dagbag.py:545} INFO - Filling up the DagBag from /home/airflow/.local/lib/python3.12/site-packages/airflow/example_dags/example_display_name.py
[2024-06-03T06:23:01.865+0000] {processor.py:840} INFO - DAG(s) 'example_display_name' retrieved from /home/airflow/.local/lib/python3.12/site-packages/airflow/example_dags/example_display_name.py
[2024-06-03T06:23:01.880+0000] {logging_mixin.py:188} INFO - [2024-06-03T06:23:01.880+0000] {dag.py:3096} INFO - Sync 1 DAGs
[2024-06-03T06:23:01.888+0000] {logging_mixin.py:188} INFO - [2024-06-03T06:23:01.888+0000] {dag.py:3954} INFO - Setting next_dagrun for example_display_name to None, run_after=None
[2024-06-03T06:23:01.899+0000] {processor.py:183} INFO - Processing /home/airflow/.local/lib/python3.12/site-packages/airflow/example_dags/example_display_name.py took 0.046 seconds
[2024-06-03T06:25:20.828+0000] {processor.py:161} INFO - Started process (PID=49) to work on /home/airflow/.local/lib/python3.12/site-packages/airflow/example_dags/example_display_name.py
[2024-06-03T06:25:20.831+0000] {processor.py:830} INFO - Processing file /home/airflow/.local/lib/python3.12/site-packages/airflow/example_dags/example_display_name.py for tasks to queue
[2024-06-03T06:25:20.835+0000] {logging_mixin.py:188} INFO - [2024-06-03T06:25:20.834+0000] {dagbag.py:545} INFO - Filling up the DagBag from /home/airflow/.local/lib/python3.12/site-packages/airflow/example_dags/example_display_name.py
[2024-06-03T06:25:20.844+0000] {processor.py:840} INFO - DAG(s) 'example_display_name' retrieved from /home/airflow/.local/lib/python3.12/site-packages/airflow/example_dags/example_display_name.py
[2024-06-03T06:25:20.861+0000] {logging_mixin.py:188} INFO - [2024-06-03T06:25:20.861+0000] {dag.py:3096} INFO - Sync 1 DAGs
[2024-06-03T06:25:20.876+0000] {logging_mixin.py:188} INFO - [2024-06-03T06:25:20.876+0000] {dag.py:3954} INFO - Setting next_dagrun for example_display_name to None, run_after=None
[2024-06-03T06:25:20.906+0000] {processor.py:183} INFO - Processing /home/airflow/.local/lib/python3.12/site-packages/airflow/example_dags/example_display_name.py took 0.085 seconds
[2024-06-03T06:25:51.543+0000] {processor.py:161} INFO - Started process (PID=107) to work on /home/airflow/.local/lib/python3.12/site-packages/airflow/example_dags/example_display_name.py
[2024-06-03T06:25:51.544+0000] {processor.py:830} INFO - Processing file /home/airflow/.local/lib/python3.12/site-packages/airflow/example_dags/example_display_name.py for tasks to queue
[2024-06-03T06:25:51.546+0000] {logging_mixin.py:188} INFO - [2024-06-03T06:25:51.546+0000] {dagbag.py:545} INFO - Filling up the DagBag from /home/airflow/.local/lib/python3.12/site-packages/airflow/example_dags/example_display_name.py
[2024-06-03T06:25:51.551+0000] {processor.py:840} INFO - DAG(s) 'example_display_name' retrieved from /home/airflow/.local/lib/python3.12/site-packages/airflow/example_dags/example_display_name.py
[2024-06-03T06:25:51.612+0000] {logging_mixin.py:188} INFO - [2024-06-03T06:25:51.612+0000] {dag.py:3096} INFO - Sync 1 DAGs
[2024-06-03T06:25:51.618+0000] {logging_mixin.py:188} INFO - [2024-06-03T06:25:51.618+0000] {dag.py:3954} INFO - Setting next_dagrun for example_display_name to None, run_after=None
[2024-06-03T06:25:51.628+0000] {processor.py:183} INFO - Processing /home/airflow/.local/lib/python3.12/site-packages/airflow/example_dags/example_display_name.py took 0.089 seconds
[2024-06-03T06:26:21.670+0000] {processor.py:161} INFO - Started process (PID=165) to work on /home/airflow/.local/lib/python3.12/site-packages/airflow/example_dags/example_display_name.py
[2024-06-03T06:26:21.672+0000] {processor.py:830} INFO - Processing file /home/airflow/.local/lib/python3.12/site-packages/airflow/example_dags/example_display_name.py for tasks to queue
[2024-06-03T06:26:21.674+0000] {logging_mixin.py:188} INFO - [2024-06-03T06:26:21.674+0000] {dagbag.py:545} INFO - Filling up the DagBag from /home/airflow/.local/lib/python3.12/site-packages/airflow/example_dags/example_display_name.py
[2024-06-03T06:26:21.679+0000] {processor.py:840} INFO - DAG(s) 'example_display_name' retrieved from /home/airflow/.local/lib/python3.12/site-packages/airflow/example_dags/example_display_name.py
[2024-06-03T06:26:21.695+0000] {logging_mixin.py:188} INFO - [2024-06-03T06:26:21.695+0000] {dag.py:3096} INFO - Sync 1 DAGs
[2024-06-03T06:26:21.703+0000] {logging_mixin.py:188} INFO - [2024-06-03T06:26:21.703+0000] {dag.py:3954} INFO - Setting next_dagrun for example_display_name to None, run_after=None
[2024-06-03T06:26:21.714+0000] {processor.py:183} INFO - Processing /home/airflow/.local/lib/python3.12/site-packages/airflow/example_dags/example_display_name.py took 0.049 seconds
[2024-06-03T06:26:52.509+0000] {processor.py:161} INFO - Started process (PID=223) to work on /home/airflow/.local/lib/python3.12/site-packages/airflow/example_dags/example_display_name.py
[2024-06-03T06:26:52.511+0000] {processor.py:830} INFO - Processing file /home/airflow/.local/lib/python3.12/site-packages/airflow/example_dags/example_display_name.py for tasks to queue
[2024-06-03T06:26:52.513+0000] {logging_mixin.py:188} INFO - [2024-06-03T06:26:52.512+0000] {dagbag.py:545} INFO - Filling up the DagBag from /home/airflow/.local/lib/python3.12/site-packages/airflow/example_dags/example_display_name.py
[2024-06-03T06:26:52.517+0000] {processor.py:840} INFO - DAG(s) 'example_display_name' retrieved from /home/airflow/.local/lib/python3.12/site-packages/airflow/example_dags/example_display_name.py
[2024-06-03T06:26:52.537+0000] {logging_mixin.py:188} INFO - [2024-06-03T06:26:52.537+0000] {dag.py:3096} INFO - Sync 1 DAGs
[2024-06-03T06:26:52.554+0000] {logging_mixin.py:188} INFO - [2024-06-03T06:26:52.553+0000] {dag.py:3954} INFO - Setting next_dagrun for example_display_name to None, run_after=None
[2024-06-03T06:26:52.571+0000] {processor.py:183} INFO - Processing /home/airflow/.local/lib/python3.12/site-packages/airflow/example_dags/example_display_name.py took 0.067 seconds
[2024-06-03T06:27:22.694+0000] {processor.py:161} INFO - Started process (PID=281) to work on /home/airflow/.local/lib/python3.12/site-packages/airflow/example_dags/example_display_name.py
[2024-06-03T06:27:22.696+0000] {processor.py:830} INFO - Processing file /home/airflow/.local/lib/python3.12/site-packages/airflow/example_dags/example_display_name.py for tasks to queue
[2024-06-03T06:27:22.698+0000] {logging_mixin.py:188} INFO - [2024-06-03T06:27:22.697+0000] {dagbag.py:545} INFO - Filling up the DagBag from /home/airflow/.local/lib/python3.12/site-packages/airflow/example_dags/example_display_name.py
[2024-06-03T06:27:22.703+0000] {processor.py:840} INFO - DAG(s) 'example_display_name' retrieved from /home/airflow/.local/lib/python3.12/site-packages/airflow/example_dags/example_display_name.py
[2024-06-03T06:27:22.719+0000] {logging_mixin.py:188} INFO - [2024-06-03T06:27:22.718+0000] {dag.py:3096} INFO - Sync 1 DAGs
[2024-06-03T06:27:22.726+0000] {logging_mixin.py:188} INFO - [2024-06-03T06:27:22.726+0000] {dag.py:3954} INFO - Setting next_dagrun for example_display_name to None, run_after=None
[2024-06-03T06:27:22.736+0000] {processor.py:183} INFO - Processing /home/airflow/.local/lib/python3.12/site-packages/airflow/example_dags/example_display_name.py took 0.046 seconds
