[2024-06-03T06:19:27.888+0000] {processor.py:161} INFO - Started process (PID=43) to work on /home/airflow/.local/lib/python3.12/site-packages/airflow/example_dags/example_sla_dag.py
[2024-06-03T06:19:27.890+0000] {processor.py:830} INFO - Processing file /home/airflow/.local/lib/python3.12/site-packages/airflow/example_dags/example_sla_dag.py for tasks to queue
[2024-06-03T06:19:27.894+0000] {logging_mixin.py:188} INFO - [2024-06-03T06:19:27.893+0000] {dagbag.py:545} INFO - Filling up the DagBag from /home/airflow/.local/lib/python3.12/site-packages/airflow/example_dags/example_sla_dag.py
[2024-06-03T06:19:27.910+0000] {processor.py:840} INFO - DAG(s) 'example_sla_dag' retrieved from /home/airflow/.local/lib/python3.12/site-packages/airflow/example_dags/example_sla_dag.py
[2024-06-03T06:19:27.931+0000] {logging_mixin.py:188} INFO - [2024-06-03T06:19:27.931+0000] {dag.py:3096} INFO - Sync 1 DAGs
[2024-06-03T06:19:27.974+0000] {logging_mixin.py:188} INFO - [2024-06-03T06:19:27.974+0000] {dag.py:3954} INFO - Setting next_dagrun for example_sla_dag to 2024-06-03 06:16:00+00:00, run_after=2024-06-03 06:18:00+00:00
[2024-06-03T06:19:28.001+0000] {processor.py:183} INFO - Processing /home/airflow/.local/lib/python3.12/site-packages/airflow/example_dags/example_sla_dag.py took 0.119 seconds
[2024-06-03T06:19:58.072+0000] {processor.py:161} INFO - Started process (PID=100) to work on /home/airflow/.local/lib/python3.12/site-packages/airflow/example_dags/example_sla_dag.py
[2024-06-03T06:19:58.074+0000] {processor.py:830} INFO - Processing file /home/airflow/.local/lib/python3.12/site-packages/airflow/example_dags/example_sla_dag.py for tasks to queue
[2024-06-03T06:19:58.077+0000] {logging_mixin.py:188} INFO - [2024-06-03T06:19:58.077+0000] {dagbag.py:545} INFO - Filling up the DagBag from /home/airflow/.local/lib/python3.12/site-packages/airflow/example_dags/example_sla_dag.py
[2024-06-03T06:19:58.086+0000] {processor.py:840} INFO - DAG(s) 'example_sla_dag' retrieved from /home/airflow/.local/lib/python3.12/site-packages/airflow/example_dags/example_sla_dag.py
[2024-06-03T06:19:58.146+0000] {logging_mixin.py:188} INFO - [2024-06-03T06:19:58.146+0000] {dag.py:3096} INFO - Sync 1 DAGs
[2024-06-03T06:19:58.158+0000] {logging_mixin.py:188} INFO - [2024-06-03T06:19:58.158+0000] {dag.py:3954} INFO - Setting next_dagrun for example_sla_dag to 2024-06-03 06:16:00+00:00, run_after=2024-06-03 06:18:00+00:00
[2024-06-03T06:19:58.170+0000] {processor.py:183} INFO - Processing /home/airflow/.local/lib/python3.12/site-packages/airflow/example_dags/example_sla_dag.py took 0.103 seconds
[2024-06-03T06:20:28.621+0000] {processor.py:161} INFO - Started process (PID=158) to work on /home/airflow/.local/lib/python3.12/site-packages/airflow/example_dags/example_sla_dag.py
[2024-06-03T06:20:28.622+0000] {processor.py:830} INFO - Processing file /home/airflow/.local/lib/python3.12/site-packages/airflow/example_dags/example_sla_dag.py for tasks to queue
[2024-06-03T06:20:28.625+0000] {logging_mixin.py:188} INFO - [2024-06-03T06:20:28.624+0000] {dagbag.py:545} INFO - Filling up the DagBag from /home/airflow/.local/lib/python3.12/site-packages/airflow/example_dags/example_sla_dag.py
[2024-06-03T06:20:28.633+0000] {processor.py:840} INFO - DAG(s) 'example_sla_dag' retrieved from /home/airflow/.local/lib/python3.12/site-packages/airflow/example_dags/example_sla_dag.py
[2024-06-03T06:20:28.652+0000] {logging_mixin.py:188} INFO - [2024-06-03T06:20:28.652+0000] {dag.py:3096} INFO - Sync 1 DAGs
[2024-06-03T06:20:28.669+0000] {logging_mixin.py:188} INFO - [2024-06-03T06:20:28.669+0000] {dag.py:3954} INFO - Setting next_dagrun for example_sla_dag to 2024-06-03 06:18:00+00:00, run_after=2024-06-03 06:20:00+00:00
[2024-06-03T06:20:28.683+0000] {processor.py:183} INFO - Processing /home/airflow/.local/lib/python3.12/site-packages/airflow/example_dags/example_sla_dag.py took 0.068 seconds
[2024-06-03T06:20:58.896+0000] {processor.py:161} INFO - Started process (PID=216) to work on /home/airflow/.local/lib/python3.12/site-packages/airflow/example_dags/example_sla_dag.py
[2024-06-03T06:20:58.898+0000] {processor.py:830} INFO - Processing file /home/airflow/.local/lib/python3.12/site-packages/airflow/example_dags/example_sla_dag.py for tasks to queue
[2024-06-03T06:20:58.900+0000] {logging_mixin.py:188} INFO - [2024-06-03T06:20:58.900+0000] {dagbag.py:545} INFO - Filling up the DagBag from /home/airflow/.local/lib/python3.12/site-packages/airflow/example_dags/example_sla_dag.py
[2024-06-03T06:20:58.908+0000] {processor.py:840} INFO - DAG(s) 'example_sla_dag' retrieved from /home/airflow/.local/lib/python3.12/site-packages/airflow/example_dags/example_sla_dag.py
[2024-06-03T06:20:58.926+0000] {logging_mixin.py:188} INFO - [2024-06-03T06:20:58.926+0000] {dag.py:3096} INFO - Sync 1 DAGs
[2024-06-03T06:20:58.940+0000] {logging_mixin.py:188} INFO - [2024-06-03T06:20:58.940+0000] {dag.py:3954} INFO - Setting next_dagrun for example_sla_dag to 2024-06-03 06:18:00+00:00, run_after=2024-06-03 06:20:00+00:00
[2024-06-03T06:20:58.950+0000] {processor.py:183} INFO - Processing /home/airflow/.local/lib/python3.12/site-packages/airflow/example_dags/example_sla_dag.py took 0.058 seconds
[2024-06-03T06:21:29.197+0000] {processor.py:161} INFO - Started process (PID=274) to work on /home/airflow/.local/lib/python3.12/site-packages/airflow/example_dags/example_sla_dag.py
[2024-06-03T06:21:29.198+0000] {processor.py:830} INFO - Processing file /home/airflow/.local/lib/python3.12/site-packages/airflow/example_dags/example_sla_dag.py for tasks to queue
[2024-06-03T06:21:29.200+0000] {logging_mixin.py:188} INFO - [2024-06-03T06:21:29.200+0000] {dagbag.py:545} INFO - Filling up the DagBag from /home/airflow/.local/lib/python3.12/site-packages/airflow/example_dags/example_sla_dag.py
[2024-06-03T06:21:29.206+0000] {processor.py:840} INFO - DAG(s) 'example_sla_dag' retrieved from /home/airflow/.local/lib/python3.12/site-packages/airflow/example_dags/example_sla_dag.py
[2024-06-03T06:21:29.223+0000] {logging_mixin.py:188} INFO - [2024-06-03T06:21:29.222+0000] {dag.py:3096} INFO - Sync 1 DAGs
[2024-06-03T06:21:29.237+0000] {logging_mixin.py:188} INFO - [2024-06-03T06:21:29.237+0000] {dag.py:3954} INFO - Setting next_dagrun for example_sla_dag to 2024-06-03 06:18:00+00:00, run_after=2024-06-03 06:20:00+00:00
[2024-06-03T06:21:29.248+0000] {processor.py:183} INFO - Processing /home/airflow/.local/lib/python3.12/site-packages/airflow/example_dags/example_sla_dag.py took 0.056 seconds
[2024-06-03T06:21:59.740+0000] {processor.py:161} INFO - Started process (PID=332) to work on /home/airflow/.local/lib/python3.12/site-packages/airflow/example_dags/example_sla_dag.py
[2024-06-03T06:21:59.742+0000] {processor.py:830} INFO - Processing file /home/airflow/.local/lib/python3.12/site-packages/airflow/example_dags/example_sla_dag.py for tasks to queue
[2024-06-03T06:21:59.746+0000] {logging_mixin.py:188} INFO - [2024-06-03T06:21:59.745+0000] {dagbag.py:545} INFO - Filling up the DagBag from /home/airflow/.local/lib/python3.12/site-packages/airflow/example_dags/example_sla_dag.py
[2024-06-03T06:21:59.754+0000] {processor.py:840} INFO - DAG(s) 'example_sla_dag' retrieved from /home/airflow/.local/lib/python3.12/site-packages/airflow/example_dags/example_sla_dag.py
[2024-06-03T06:21:59.776+0000] {logging_mixin.py:188} INFO - [2024-06-03T06:21:59.776+0000] {dag.py:3096} INFO - Sync 1 DAGs
[2024-06-03T06:21:59.794+0000] {logging_mixin.py:188} INFO - [2024-06-03T06:21:59.794+0000] {dag.py:3954} INFO - Setting next_dagrun for example_sla_dag to 2024-06-03 06:18:00+00:00, run_after=2024-06-03 06:20:00+00:00
[2024-06-03T06:21:59.812+0000] {processor.py:183} INFO - Processing /home/airflow/.local/lib/python3.12/site-packages/airflow/example_dags/example_sla_dag.py took 0.077 seconds
[2024-06-03T06:22:30.851+0000] {processor.py:161} INFO - Started process (PID=390) to work on /home/airflow/.local/lib/python3.12/site-packages/airflow/example_dags/example_sla_dag.py
[2024-06-03T06:22:30.853+0000] {processor.py:830} INFO - Processing file /home/airflow/.local/lib/python3.12/site-packages/airflow/example_dags/example_sla_dag.py for tasks to queue
[2024-06-03T06:22:30.856+0000] {logging_mixin.py:188} INFO - [2024-06-03T06:22:30.856+0000] {dagbag.py:545} INFO - Filling up the DagBag from /home/airflow/.local/lib/python3.12/site-packages/airflow/example_dags/example_sla_dag.py
[2024-06-03T06:22:30.864+0000] {processor.py:840} INFO - DAG(s) 'example_sla_dag' retrieved from /home/airflow/.local/lib/python3.12/site-packages/airflow/example_dags/example_sla_dag.py
[2024-06-03T06:22:30.882+0000] {logging_mixin.py:188} INFO - [2024-06-03T06:22:30.882+0000] {dag.py:3096} INFO - Sync 1 DAGs
[2024-06-03T06:22:30.898+0000] {logging_mixin.py:188} INFO - [2024-06-03T06:22:30.898+0000] {dag.py:3954} INFO - Setting next_dagrun for example_sla_dag to 2024-06-03 06:20:00+00:00, run_after=2024-06-03 06:22:00+00:00
[2024-06-03T06:22:30.910+0000] {processor.py:183} INFO - Processing /home/airflow/.local/lib/python3.12/site-packages/airflow/example_dags/example_sla_dag.py took 0.067 seconds
[2024-06-03T06:23:01.549+0000] {processor.py:161} INFO - Started process (PID=448) to work on /home/airflow/.local/lib/python3.12/site-packages/airflow/example_dags/example_sla_dag.py
[2024-06-03T06:23:01.550+0000] {processor.py:830} INFO - Processing file /home/airflow/.local/lib/python3.12/site-packages/airflow/example_dags/example_sla_dag.py for tasks to queue
[2024-06-03T06:23:01.552+0000] {logging_mixin.py:188} INFO - [2024-06-03T06:23:01.552+0000] {dagbag.py:545} INFO - Filling up the DagBag from /home/airflow/.local/lib/python3.12/site-packages/airflow/example_dags/example_sla_dag.py
[2024-06-03T06:23:01.559+0000] {processor.py:840} INFO - DAG(s) 'example_sla_dag' retrieved from /home/airflow/.local/lib/python3.12/site-packages/airflow/example_dags/example_sla_dag.py
[2024-06-03T06:23:01.576+0000] {logging_mixin.py:188} INFO - [2024-06-03T06:23:01.576+0000] {dag.py:3096} INFO - Sync 1 DAGs
[2024-06-03T06:23:01.593+0000] {logging_mixin.py:188} INFO - [2024-06-03T06:23:01.593+0000] {dag.py:3954} INFO - Setting next_dagrun for example_sla_dag to 2024-06-03 06:20:00+00:00, run_after=2024-06-03 06:22:00+00:00
[2024-06-03T06:23:01.605+0000] {processor.py:183} INFO - Processing /home/airflow/.local/lib/python3.12/site-packages/airflow/example_dags/example_sla_dag.py took 0.061 seconds
[2024-06-03T06:25:20.472+0000] {processor.py:161} INFO - Started process (PID=44) to work on /home/airflow/.local/lib/python3.12/site-packages/airflow/example_dags/example_sla_dag.py
[2024-06-03T06:25:20.475+0000] {processor.py:830} INFO - Processing file /home/airflow/.local/lib/python3.12/site-packages/airflow/example_dags/example_sla_dag.py for tasks to queue
[2024-06-03T06:25:20.478+0000] {logging_mixin.py:188} INFO - [2024-06-03T06:25:20.477+0000] {dagbag.py:545} INFO - Filling up the DagBag from /home/airflow/.local/lib/python3.12/site-packages/airflow/example_dags/example_sla_dag.py
[2024-06-03T06:25:20.490+0000] {processor.py:840} INFO - DAG(s) 'example_sla_dag' retrieved from /home/airflow/.local/lib/python3.12/site-packages/airflow/example_dags/example_sla_dag.py
[2024-06-03T06:25:20.513+0000] {logging_mixin.py:188} INFO - [2024-06-03T06:25:20.513+0000] {dag.py:3096} INFO - Sync 1 DAGs
[2024-06-03T06:25:20.546+0000] {logging_mixin.py:188} INFO - [2024-06-03T06:25:20.546+0000] {dag.py:3954} INFO - Setting next_dagrun for example_sla_dag to 2024-06-03 06:22:00+00:00, run_after=2024-06-03 06:24:00+00:00
[2024-06-03T06:25:20.562+0000] {processor.py:183} INFO - Processing /home/airflow/.local/lib/python3.12/site-packages/airflow/example_dags/example_sla_dag.py took 0.095 seconds
[2024-06-03T06:25:51.231+0000] {processor.py:161} INFO - Started process (PID=102) to work on /home/airflow/.local/lib/python3.12/site-packages/airflow/example_dags/example_sla_dag.py
[2024-06-03T06:25:51.233+0000] {processor.py:830} INFO - Processing file /home/airflow/.local/lib/python3.12/site-packages/airflow/example_dags/example_sla_dag.py for tasks to queue
[2024-06-03T06:25:51.235+0000] {logging_mixin.py:188} INFO - [2024-06-03T06:25:51.234+0000] {dagbag.py:545} INFO - Filling up the DagBag from /home/airflow/.local/lib/python3.12/site-packages/airflow/example_dags/example_sla_dag.py
[2024-06-03T06:25:51.241+0000] {processor.py:840} INFO - DAG(s) 'example_sla_dag' retrieved from /home/airflow/.local/lib/python3.12/site-packages/airflow/example_dags/example_sla_dag.py
[2024-06-03T06:25:51.301+0000] {logging_mixin.py:188} INFO - [2024-06-03T06:25:51.301+0000] {dag.py:3096} INFO - Sync 1 DAGs
[2024-06-03T06:25:51.313+0000] {logging_mixin.py:188} INFO - [2024-06-03T06:25:51.313+0000] {dag.py:3954} INFO - Setting next_dagrun for example_sla_dag to 2024-06-03 06:22:00+00:00, run_after=2024-06-03 06:24:00+00:00
[2024-06-03T06:25:51.324+0000] {processor.py:183} INFO - Processing /home/airflow/.local/lib/python3.12/site-packages/airflow/example_dags/example_sla_dag.py took 0.097 seconds
[2024-06-03T06:26:21.457+0000] {processor.py:161} INFO - Started process (PID=160) to work on /home/airflow/.local/lib/python3.12/site-packages/airflow/example_dags/example_sla_dag.py
[2024-06-03T06:26:21.459+0000] {processor.py:830} INFO - Processing file /home/airflow/.local/lib/python3.12/site-packages/airflow/example_dags/example_sla_dag.py for tasks to queue
[2024-06-03T06:26:21.461+0000] {logging_mixin.py:188} INFO - [2024-06-03T06:26:21.460+0000] {dagbag.py:545} INFO - Filling up the DagBag from /home/airflow/.local/lib/python3.12/site-packages/airflow/example_dags/example_sla_dag.py
[2024-06-03T06:26:21.467+0000] {processor.py:840} INFO - DAG(s) 'example_sla_dag' retrieved from /home/airflow/.local/lib/python3.12/site-packages/airflow/example_dags/example_sla_dag.py
[2024-06-03T06:26:21.483+0000] {logging_mixin.py:188} INFO - [2024-06-03T06:26:21.482+0000] {dag.py:3096} INFO - Sync 1 DAGs
[2024-06-03T06:26:21.498+0000] {logging_mixin.py:188} INFO - [2024-06-03T06:26:21.498+0000] {dag.py:3954} INFO - Setting next_dagrun for example_sla_dag to 2024-06-03 06:24:00+00:00, run_after=2024-06-03 06:26:00+00:00
[2024-06-03T06:26:21.511+0000] {processor.py:183} INFO - Processing /home/airflow/.local/lib/python3.12/site-packages/airflow/example_dags/example_sla_dag.py took 0.058 seconds
[2024-06-03T06:26:52.246+0000] {processor.py:161} INFO - Started process (PID=218) to work on /home/airflow/.local/lib/python3.12/site-packages/airflow/example_dags/example_sla_dag.py
[2024-06-03T06:26:52.247+0000] {processor.py:830} INFO - Processing file /home/airflow/.local/lib/python3.12/site-packages/airflow/example_dags/example_sla_dag.py for tasks to queue
[2024-06-03T06:26:52.249+0000] {logging_mixin.py:188} INFO - [2024-06-03T06:26:52.249+0000] {dagbag.py:545} INFO - Filling up the DagBag from /home/airflow/.local/lib/python3.12/site-packages/airflow/example_dags/example_sla_dag.py
[2024-06-03T06:26:52.256+0000] {processor.py:840} INFO - DAG(s) 'example_sla_dag' retrieved from /home/airflow/.local/lib/python3.12/site-packages/airflow/example_dags/example_sla_dag.py
[2024-06-03T06:26:52.273+0000] {logging_mixin.py:188} INFO - [2024-06-03T06:26:52.273+0000] {dag.py:3096} INFO - Sync 1 DAGs
[2024-06-03T06:26:52.288+0000] {logging_mixin.py:188} INFO - [2024-06-03T06:26:52.288+0000] {dag.py:3954} INFO - Setting next_dagrun for example_sla_dag to 2024-06-03 06:24:00+00:00, run_after=2024-06-03 06:26:00+00:00
[2024-06-03T06:26:52.299+0000] {processor.py:183} INFO - Processing /home/airflow/.local/lib/python3.12/site-packages/airflow/example_dags/example_sla_dag.py took 0.058 seconds
[2024-06-03T06:27:22.480+0000] {processor.py:161} INFO - Started process (PID=276) to work on /home/airflow/.local/lib/python3.12/site-packages/airflow/example_dags/example_sla_dag.py
[2024-06-03T06:27:22.482+0000] {processor.py:830} INFO - Processing file /home/airflow/.local/lib/python3.12/site-packages/airflow/example_dags/example_sla_dag.py for tasks to queue
[2024-06-03T06:27:22.483+0000] {logging_mixin.py:188} INFO - [2024-06-03T06:27:22.483+0000] {dagbag.py:545} INFO - Filling up the DagBag from /home/airflow/.local/lib/python3.12/site-packages/airflow/example_dags/example_sla_dag.py
[2024-06-03T06:27:22.490+0000] {processor.py:840} INFO - DAG(s) 'example_sla_dag' retrieved from /home/airflow/.local/lib/python3.12/site-packages/airflow/example_dags/example_sla_dag.py
[2024-06-03T06:27:22.507+0000] {logging_mixin.py:188} INFO - [2024-06-03T06:27:22.507+0000] {dag.py:3096} INFO - Sync 1 DAGs
[2024-06-03T06:27:22.522+0000] {logging_mixin.py:188} INFO - [2024-06-03T06:27:22.522+0000] {dag.py:3954} INFO - Setting next_dagrun for example_sla_dag to 2024-06-03 06:24:00+00:00, run_after=2024-06-03 06:26:00+00:00
[2024-06-03T06:27:22.533+0000] {processor.py:183} INFO - Processing /home/airflow/.local/lib/python3.12/site-packages/airflow/example_dags/example_sla_dag.py took 0.057 seconds
