[2024-06-03T06:19:29.839+0000] {processor.py:161} INFO - Started process (PID=67) to work on /home/airflow/.local/lib/python3.12/site-packages/airflow/example_dags/example_xcomargs.py
[2024-06-03T06:19:29.842+0000] {processor.py:830} INFO - Processing file /home/airflow/.local/lib/python3.12/site-packages/airflow/example_dags/example_xcomargs.py for tasks to queue
[2024-06-03T06:19:29.857+0000] {logging_mixin.py:188} INFO - [2024-06-03T06:19:29.856+0000] {dagbag.py:545} INFO - Filling up the DagBag from /home/airflow/.local/lib/python3.12/site-packages/airflow/example_dags/example_xcomargs.py
[2024-06-03T06:19:29.870+0000] {processor.py:840} INFO - DAG(s) 'example_xcom_args', 'example_xcom_args_with_operators' retrieved from /home/airflow/.local/lib/python3.12/site-packages/airflow/example_dags/example_xcomargs.py
[2024-06-03T06:19:29.885+0000] {logging_mixin.py:188} INFO - [2024-06-03T06:19:29.885+0000] {dag.py:3096} INFO - Sync 2 DAGs
[2024-06-03T06:19:29.897+0000] {logging_mixin.py:188} INFO - [2024-06-03T06:19:29.897+0000] {dag.py:3954} INFO - Setting next_dagrun for example_xcom_args to None, run_after=None
[2024-06-03T06:19:29.900+0000] {logging_mixin.py:188} INFO - [2024-06-03T06:19:29.900+0000] {dag.py:3954} INFO - Setting next_dagrun for example_xcom_args_with_operators to None, run_after=None
[2024-06-03T06:19:29.912+0000] {processor.py:183} INFO - Processing /home/airflow/.local/lib/python3.12/site-packages/airflow/example_dags/example_xcomargs.py took 0.089 seconds
[2024-06-03T06:20:00.823+0000] {processor.py:161} INFO - Started process (PID=124) to work on /home/airflow/.local/lib/python3.12/site-packages/airflow/example_dags/example_xcomargs.py
[2024-06-03T06:20:00.824+0000] {processor.py:830} INFO - Processing file /home/airflow/.local/lib/python3.12/site-packages/airflow/example_dags/example_xcomargs.py for tasks to queue
[2024-06-03T06:20:00.826+0000] {logging_mixin.py:188} INFO - [2024-06-03T06:20:00.825+0000] {dagbag.py:545} INFO - Filling up the DagBag from /home/airflow/.local/lib/python3.12/site-packages/airflow/example_dags/example_xcomargs.py
[2024-06-03T06:20:00.832+0000] {processor.py:840} INFO - DAG(s) 'example_xcom_args', 'example_xcom_args_with_operators' retrieved from /home/airflow/.local/lib/python3.12/site-packages/airflow/example_dags/example_xcomargs.py
[2024-06-03T06:20:00.898+0000] {logging_mixin.py:188} INFO - [2024-06-03T06:20:00.898+0000] {dag.py:3096} INFO - Sync 2 DAGs
[2024-06-03T06:20:00.905+0000] {logging_mixin.py:188} INFO - [2024-06-03T06:20:00.904+0000] {dag.py:3954} INFO - Setting next_dagrun for example_xcom_args to None, run_after=None
[2024-06-03T06:20:00.908+0000] {logging_mixin.py:188} INFO - [2024-06-03T06:20:00.908+0000] {dag.py:3954} INFO - Setting next_dagrun for example_xcom_args_with_operators to None, run_after=None
[2024-06-03T06:20:00.918+0000] {processor.py:183} INFO - Processing /home/airflow/.local/lib/python3.12/site-packages/airflow/example_dags/example_xcomargs.py took 0.101 seconds
[2024-06-03T06:20:31.142+0000] {processor.py:161} INFO - Started process (PID=182) to work on /home/airflow/.local/lib/python3.12/site-packages/airflow/example_dags/example_xcomargs.py
[2024-06-03T06:20:31.147+0000] {processor.py:830} INFO - Processing file /home/airflow/.local/lib/python3.12/site-packages/airflow/example_dags/example_xcomargs.py for tasks to queue
[2024-06-03T06:20:31.155+0000] {logging_mixin.py:188} INFO - [2024-06-03T06:20:31.153+0000] {dagbag.py:545} INFO - Filling up the DagBag from /home/airflow/.local/lib/python3.12/site-packages/airflow/example_dags/example_xcomargs.py
[2024-06-03T06:20:31.213+0000] {processor.py:840} INFO - DAG(s) 'example_xcom_args_with_operators', 'example_xcom_args' retrieved from /home/airflow/.local/lib/python3.12/site-packages/airflow/example_dags/example_xcomargs.py
[2024-06-03T06:20:31.269+0000] {logging_mixin.py:188} INFO - [2024-06-03T06:20:31.268+0000] {dag.py:3096} INFO - Sync 2 DAGs
[2024-06-03T06:20:31.284+0000] {logging_mixin.py:188} INFO - [2024-06-03T06:20:31.284+0000] {dag.py:3954} INFO - Setting next_dagrun for example_xcom_args to None, run_after=None
[2024-06-03T06:20:31.289+0000] {logging_mixin.py:188} INFO - [2024-06-03T06:20:31.289+0000] {dag.py:3954} INFO - Setting next_dagrun for example_xcom_args_with_operators to None, run_after=None
[2024-06-03T06:20:31.306+0000] {processor.py:183} INFO - Processing /home/airflow/.local/lib/python3.12/site-packages/airflow/example_dags/example_xcomargs.py took 0.177 seconds
[2024-06-03T06:21:02.170+0000] {processor.py:161} INFO - Started process (PID=240) to work on /home/airflow/.local/lib/python3.12/site-packages/airflow/example_dags/example_xcomargs.py
[2024-06-03T06:21:02.172+0000] {processor.py:830} INFO - Processing file /home/airflow/.local/lib/python3.12/site-packages/airflow/example_dags/example_xcomargs.py for tasks to queue
[2024-06-03T06:21:02.174+0000] {logging_mixin.py:188} INFO - [2024-06-03T06:21:02.174+0000] {dagbag.py:545} INFO - Filling up the DagBag from /home/airflow/.local/lib/python3.12/site-packages/airflow/example_dags/example_xcomargs.py
[2024-06-03T06:21:02.181+0000] {processor.py:840} INFO - DAG(s) 'example_xcom_args', 'example_xcom_args_with_operators' retrieved from /home/airflow/.local/lib/python3.12/site-packages/airflow/example_dags/example_xcomargs.py
[2024-06-03T06:21:02.209+0000] {logging_mixin.py:188} INFO - [2024-06-03T06:21:02.209+0000] {dag.py:3096} INFO - Sync 2 DAGs
[2024-06-03T06:21:02.219+0000] {logging_mixin.py:188} INFO - [2024-06-03T06:21:02.218+0000] {dag.py:3954} INFO - Setting next_dagrun for example_xcom_args to None, run_after=None
[2024-06-03T06:21:02.222+0000] {logging_mixin.py:188} INFO - [2024-06-03T06:21:02.222+0000] {dag.py:3954} INFO - Setting next_dagrun for example_xcom_args_with_operators to None, run_after=None
[2024-06-03T06:21:02.235+0000] {processor.py:183} INFO - Processing /home/airflow/.local/lib/python3.12/site-packages/airflow/example_dags/example_xcomargs.py took 0.070 seconds
[2024-06-03T06:21:32.262+0000] {processor.py:161} INFO - Started process (PID=298) to work on /home/airflow/.local/lib/python3.12/site-packages/airflow/example_dags/example_xcomargs.py
[2024-06-03T06:21:32.263+0000] {processor.py:830} INFO - Processing file /home/airflow/.local/lib/python3.12/site-packages/airflow/example_dags/example_xcomargs.py for tasks to queue
[2024-06-03T06:21:32.265+0000] {logging_mixin.py:188} INFO - [2024-06-03T06:21:32.264+0000] {dagbag.py:545} INFO - Filling up the DagBag from /home/airflow/.local/lib/python3.12/site-packages/airflow/example_dags/example_xcomargs.py
[2024-06-03T06:21:32.271+0000] {processor.py:840} INFO - DAG(s) 'example_xcom_args', 'example_xcom_args_with_operators' retrieved from /home/airflow/.local/lib/python3.12/site-packages/airflow/example_dags/example_xcomargs.py
[2024-06-03T06:21:32.289+0000] {logging_mixin.py:188} INFO - [2024-06-03T06:21:32.288+0000] {dag.py:3096} INFO - Sync 2 DAGs
[2024-06-03T06:21:32.297+0000] {logging_mixin.py:188} INFO - [2024-06-03T06:21:32.296+0000] {dag.py:3954} INFO - Setting next_dagrun for example_xcom_args to None, run_after=None
[2024-06-03T06:21:32.299+0000] {logging_mixin.py:188} INFO - [2024-06-03T06:21:32.299+0000] {dag.py:3954} INFO - Setting next_dagrun for example_xcom_args_with_operators to None, run_after=None
[2024-06-03T06:21:32.308+0000] {processor.py:183} INFO - Processing /home/airflow/.local/lib/python3.12/site-packages/airflow/example_dags/example_xcomargs.py took 0.050 seconds
[2024-06-03T06:22:02.875+0000] {processor.py:161} INFO - Started process (PID=356) to work on /home/airflow/.local/lib/python3.12/site-packages/airflow/example_dags/example_xcomargs.py
[2024-06-03T06:22:02.876+0000] {processor.py:830} INFO - Processing file /home/airflow/.local/lib/python3.12/site-packages/airflow/example_dags/example_xcomargs.py for tasks to queue
[2024-06-03T06:22:02.878+0000] {logging_mixin.py:188} INFO - [2024-06-03T06:22:02.878+0000] {dagbag.py:545} INFO - Filling up the DagBag from /home/airflow/.local/lib/python3.12/site-packages/airflow/example_dags/example_xcomargs.py
[2024-06-03T06:22:02.884+0000] {processor.py:840} INFO - DAG(s) 'example_xcom_args_with_operators', 'example_xcom_args' retrieved from /home/airflow/.local/lib/python3.12/site-packages/airflow/example_dags/example_xcomargs.py
[2024-06-03T06:22:02.903+0000] {logging_mixin.py:188} INFO - [2024-06-03T06:22:02.903+0000] {dag.py:3096} INFO - Sync 2 DAGs
[2024-06-03T06:22:02.911+0000] {logging_mixin.py:188} INFO - [2024-06-03T06:22:02.911+0000] {dag.py:3954} INFO - Setting next_dagrun for example_xcom_args to None, run_after=None
[2024-06-03T06:22:02.913+0000] {logging_mixin.py:188} INFO - [2024-06-03T06:22:02.913+0000] {dag.py:3954} INFO - Setting next_dagrun for example_xcom_args_with_operators to None, run_after=None
[2024-06-03T06:22:02.922+0000] {processor.py:183} INFO - Processing /home/airflow/.local/lib/python3.12/site-packages/airflow/example_dags/example_xcomargs.py took 0.052 seconds
[2024-06-03T06:22:33.011+0000] {processor.py:161} INFO - Started process (PID=414) to work on /home/airflow/.local/lib/python3.12/site-packages/airflow/example_dags/example_xcomargs.py
[2024-06-03T06:22:33.012+0000] {processor.py:830} INFO - Processing file /home/airflow/.local/lib/python3.12/site-packages/airflow/example_dags/example_xcomargs.py for tasks to queue
[2024-06-03T06:22:33.014+0000] {logging_mixin.py:188} INFO - [2024-06-03T06:22:33.013+0000] {dagbag.py:545} INFO - Filling up the DagBag from /home/airflow/.local/lib/python3.12/site-packages/airflow/example_dags/example_xcomargs.py
[2024-06-03T06:22:33.024+0000] {processor.py:840} INFO - DAG(s) 'example_xcom_args', 'example_xcom_args_with_operators' retrieved from /home/airflow/.local/lib/python3.12/site-packages/airflow/example_dags/example_xcomargs.py
[2024-06-03T06:22:33.045+0000] {logging_mixin.py:188} INFO - [2024-06-03T06:22:33.045+0000] {dag.py:3096} INFO - Sync 2 DAGs
[2024-06-03T06:22:33.054+0000] {logging_mixin.py:188} INFO - [2024-06-03T06:22:33.054+0000] {dag.py:3954} INFO - Setting next_dagrun for example_xcom_args to None, run_after=None
[2024-06-03T06:22:33.058+0000] {logging_mixin.py:188} INFO - [2024-06-03T06:22:33.057+0000] {dag.py:3954} INFO - Setting next_dagrun for example_xcom_args_with_operators to None, run_after=None
[2024-06-03T06:22:33.068+0000] {processor.py:183} INFO - Processing /home/airflow/.local/lib/python3.12/site-packages/airflow/example_dags/example_xcomargs.py took 0.061 seconds
[2024-06-03T06:23:03.609+0000] {processor.py:161} INFO - Started process (PID=472) to work on /home/airflow/.local/lib/python3.12/site-packages/airflow/example_dags/example_xcomargs.py
[2024-06-03T06:23:03.610+0000] {processor.py:830} INFO - Processing file /home/airflow/.local/lib/python3.12/site-packages/airflow/example_dags/example_xcomargs.py for tasks to queue
[2024-06-03T06:23:03.611+0000] {logging_mixin.py:188} INFO - [2024-06-03T06:23:03.611+0000] {dagbag.py:545} INFO - Filling up the DagBag from /home/airflow/.local/lib/python3.12/site-packages/airflow/example_dags/example_xcomargs.py
[2024-06-03T06:23:03.617+0000] {processor.py:840} INFO - DAG(s) 'example_xcom_args_with_operators', 'example_xcom_args' retrieved from /home/airflow/.local/lib/python3.12/site-packages/airflow/example_dags/example_xcomargs.py
[2024-06-03T06:23:03.635+0000] {logging_mixin.py:188} INFO - [2024-06-03T06:23:03.635+0000] {dag.py:3096} INFO - Sync 2 DAGs
[2024-06-03T06:23:03.643+0000] {logging_mixin.py:188} INFO - [2024-06-03T06:23:03.643+0000] {dag.py:3954} INFO - Setting next_dagrun for example_xcom_args to None, run_after=None
[2024-06-03T06:23:03.645+0000] {logging_mixin.py:188} INFO - [2024-06-03T06:23:03.645+0000] {dag.py:3954} INFO - Setting next_dagrun for example_xcom_args_with_operators to None, run_after=None
[2024-06-03T06:23:03.655+0000] {processor.py:183} INFO - Processing /home/airflow/.local/lib/python3.12/site-packages/airflow/example_dags/example_xcomargs.py took 0.051 seconds
[2024-06-03T06:25:22.249+0000] {processor.py:161} INFO - Started process (PID=68) to work on /home/airflow/.local/lib/python3.12/site-packages/airflow/example_dags/example_xcomargs.py
[2024-06-03T06:25:22.250+0000] {processor.py:830} INFO - Processing file /home/airflow/.local/lib/python3.12/site-packages/airflow/example_dags/example_xcomargs.py for tasks to queue
[2024-06-03T06:25:22.252+0000] {logging_mixin.py:188} INFO - [2024-06-03T06:25:22.252+0000] {dagbag.py:545} INFO - Filling up the DagBag from /home/airflow/.local/lib/python3.12/site-packages/airflow/example_dags/example_xcomargs.py
[2024-06-03T06:25:22.262+0000] {processor.py:840} INFO - DAG(s) 'example_xcom_args', 'example_xcom_args_with_operators' retrieved from /home/airflow/.local/lib/python3.12/site-packages/airflow/example_dags/example_xcomargs.py
[2024-06-03T06:25:22.278+0000] {logging_mixin.py:188} INFO - [2024-06-03T06:25:22.278+0000] {dag.py:3096} INFO - Sync 2 DAGs
[2024-06-03T06:25:22.302+0000] {logging_mixin.py:188} INFO - [2024-06-03T06:25:22.302+0000] {dag.py:3954} INFO - Setting next_dagrun for example_xcom_args to None, run_after=None
[2024-06-03T06:25:22.308+0000] {logging_mixin.py:188} INFO - [2024-06-03T06:25:22.308+0000] {dag.py:3954} INFO - Setting next_dagrun for example_xcom_args_with_operators to None, run_after=None
[2024-06-03T06:25:22.325+0000] {processor.py:183} INFO - Processing /home/airflow/.local/lib/python3.12/site-packages/airflow/example_dags/example_xcomargs.py took 0.080 seconds
[2024-06-03T06:25:52.923+0000] {processor.py:161} INFO - Started process (PID=126) to work on /home/airflow/.local/lib/python3.12/site-packages/airflow/example_dags/example_xcomargs.py
[2024-06-03T06:25:52.925+0000] {processor.py:830} INFO - Processing file /home/airflow/.local/lib/python3.12/site-packages/airflow/example_dags/example_xcomargs.py for tasks to queue
[2024-06-03T06:25:52.927+0000] {logging_mixin.py:188} INFO - [2024-06-03T06:25:52.926+0000] {dagbag.py:545} INFO - Filling up the DagBag from /home/airflow/.local/lib/python3.12/site-packages/airflow/example_dags/example_xcomargs.py
[2024-06-03T06:25:52.933+0000] {processor.py:840} INFO - DAG(s) 'example_xcom_args_with_operators', 'example_xcom_args' retrieved from /home/airflow/.local/lib/python3.12/site-packages/airflow/example_dags/example_xcomargs.py
[2024-06-03T06:25:53.001+0000] {logging_mixin.py:188} INFO - [2024-06-03T06:25:53.001+0000] {dag.py:3096} INFO - Sync 2 DAGs
[2024-06-03T06:25:53.008+0000] {logging_mixin.py:188} INFO - [2024-06-03T06:25:53.008+0000] {dag.py:3954} INFO - Setting next_dagrun for example_xcom_args to None, run_after=None
[2024-06-03T06:25:53.011+0000] {logging_mixin.py:188} INFO - [2024-06-03T06:25:53.011+0000] {dag.py:3954} INFO - Setting next_dagrun for example_xcom_args_with_operators to None, run_after=None
[2024-06-03T06:25:53.021+0000] {processor.py:183} INFO - Processing /home/airflow/.local/lib/python3.12/site-packages/airflow/example_dags/example_xcomargs.py took 0.102 seconds
[2024-06-03T06:26:23.494+0000] {processor.py:161} INFO - Started process (PID=184) to work on /home/airflow/.local/lib/python3.12/site-packages/airflow/example_dags/example_xcomargs.py
[2024-06-03T06:26:23.496+0000] {processor.py:830} INFO - Processing file /home/airflow/.local/lib/python3.12/site-packages/airflow/example_dags/example_xcomargs.py for tasks to queue
[2024-06-03T06:26:23.498+0000] {logging_mixin.py:188} INFO - [2024-06-03T06:26:23.498+0000] {dagbag.py:545} INFO - Filling up the DagBag from /home/airflow/.local/lib/python3.12/site-packages/airflow/example_dags/example_xcomargs.py
[2024-06-03T06:26:23.505+0000] {processor.py:840} INFO - DAG(s) 'example_xcom_args', 'example_xcom_args_with_operators' retrieved from /home/airflow/.local/lib/python3.12/site-packages/airflow/example_dags/example_xcomargs.py
[2024-06-03T06:26:23.526+0000] {logging_mixin.py:188} INFO - [2024-06-03T06:26:23.526+0000] {dag.py:3096} INFO - Sync 2 DAGs
[2024-06-03T06:26:23.543+0000] {logging_mixin.py:188} INFO - [2024-06-03T06:26:23.542+0000] {dag.py:3954} INFO - Setting next_dagrun for example_xcom_args to None, run_after=None
[2024-06-03T06:26:23.549+0000] {logging_mixin.py:188} INFO - [2024-06-03T06:26:23.548+0000] {dag.py:3954} INFO - Setting next_dagrun for example_xcom_args_with_operators to None, run_after=None
[2024-06-03T06:26:23.562+0000] {processor.py:183} INFO - Processing /home/airflow/.local/lib/python3.12/site-packages/airflow/example_dags/example_xcomargs.py took 0.073 seconds
[2024-06-03T06:26:54.466+0000] {processor.py:161} INFO - Started process (PID=242) to work on /home/airflow/.local/lib/python3.12/site-packages/airflow/example_dags/example_xcomargs.py
[2024-06-03T06:26:54.468+0000] {processor.py:830} INFO - Processing file /home/airflow/.local/lib/python3.12/site-packages/airflow/example_dags/example_xcomargs.py for tasks to queue
[2024-06-03T06:26:54.470+0000] {logging_mixin.py:188} INFO - [2024-06-03T06:26:54.469+0000] {dagbag.py:545} INFO - Filling up the DagBag from /home/airflow/.local/lib/python3.12/site-packages/airflow/example_dags/example_xcomargs.py
[2024-06-03T06:26:54.476+0000] {processor.py:840} INFO - DAG(s) 'example_xcom_args_with_operators', 'example_xcom_args' retrieved from /home/airflow/.local/lib/python3.12/site-packages/airflow/example_dags/example_xcomargs.py
[2024-06-03T06:26:54.495+0000] {logging_mixin.py:188} INFO - [2024-06-03T06:26:54.495+0000] {dag.py:3096} INFO - Sync 2 DAGs
[2024-06-03T06:26:54.504+0000] {logging_mixin.py:188} INFO - [2024-06-03T06:26:54.503+0000] {dag.py:3954} INFO - Setting next_dagrun for example_xcom_args to None, run_after=None
[2024-06-03T06:26:54.507+0000] {logging_mixin.py:188} INFO - [2024-06-03T06:26:54.507+0000] {dag.py:3954} INFO - Setting next_dagrun for example_xcom_args_with_operators to None, run_after=None
[2024-06-03T06:26:54.517+0000] {processor.py:183} INFO - Processing /home/airflow/.local/lib/python3.12/site-packages/airflow/example_dags/example_xcomargs.py took 0.056 seconds
[2024-06-03T06:27:24.585+0000] {processor.py:161} INFO - Started process (PID=300) to work on /home/airflow/.local/lib/python3.12/site-packages/airflow/example_dags/example_xcomargs.py
[2024-06-03T06:27:24.586+0000] {processor.py:830} INFO - Processing file /home/airflow/.local/lib/python3.12/site-packages/airflow/example_dags/example_xcomargs.py for tasks to queue
[2024-06-03T06:27:24.588+0000] {logging_mixin.py:188} INFO - [2024-06-03T06:27:24.587+0000] {dagbag.py:545} INFO - Filling up the DagBag from /home/airflow/.local/lib/python3.12/site-packages/airflow/example_dags/example_xcomargs.py
[2024-06-03T06:27:24.594+0000] {processor.py:840} INFO - DAG(s) 'example_xcom_args_with_operators', 'example_xcom_args' retrieved from /home/airflow/.local/lib/python3.12/site-packages/airflow/example_dags/example_xcomargs.py
[2024-06-03T06:27:24.619+0000] {logging_mixin.py:188} INFO - [2024-06-03T06:27:24.618+0000] {dag.py:3096} INFO - Sync 2 DAGs
[2024-06-03T06:27:24.626+0000] {logging_mixin.py:188} INFO - [2024-06-03T06:27:24.626+0000] {dag.py:3954} INFO - Setting next_dagrun for example_xcom_args to None, run_after=None
[2024-06-03T06:27:24.629+0000] {logging_mixin.py:188} INFO - [2024-06-03T06:27:24.629+0000] {dag.py:3954} INFO - Setting next_dagrun for example_xcom_args_with_operators to None, run_after=None
[2024-06-03T06:27:24.639+0000] {processor.py:183} INFO - Processing /home/airflow/.local/lib/python3.12/site-packages/airflow/example_dags/example_xcomargs.py took 0.058 seconds
