[2024-06-03T06:19:27.636+0000] {processor.py:161} INFO - Started process (PID=39) to work on /home/airflow/.local/lib/python3.12/site-packages/airflow/example_dags/example_latest_only_with_trigger.py
[2024-06-03T06:19:27.638+0000] {processor.py:830} INFO - Processing file /home/airflow/.local/lib/python3.12/site-packages/airflow/example_dags/example_latest_only_with_trigger.py for tasks to queue
[2024-06-03T06:19:27.651+0000] {logging_mixin.py:188} INFO - [2024-06-03T06:19:27.650+0000] {dagbag.py:545} INFO - Filling up the DagBag from /home/airflow/.local/lib/python3.12/site-packages/airflow/example_dags/example_latest_only_with_trigger.py
[2024-06-03T06:19:27.659+0000] {processor.py:840} INFO - DAG(s) 'latest_only_with_trigger' retrieved from /home/airflow/.local/lib/python3.12/site-packages/airflow/example_dags/example_latest_only_with_trigger.py
[2024-06-03T06:19:27.681+0000] {logging_mixin.py:188} INFO - [2024-06-03T06:19:27.680+0000] {dag.py:3096} INFO - Sync 1 DAGs
[2024-06-03T06:19:27.703+0000] {logging_mixin.py:188} INFO - [2024-06-03T06:19:27.703+0000] {dag.py:3954} INFO - Setting next_dagrun for latest_only_with_trigger to 2024-06-03 00:00:00+00:00, run_after=2024-06-03 04:00:00+00:00
[2024-06-03T06:19:27.720+0000] {processor.py:183} INFO - Processing /home/airflow/.local/lib/python3.12/site-packages/airflow/example_dags/example_latest_only_with_trigger.py took 0.093 seconds
[2024-06-03T06:19:57.839+0000] {processor.py:161} INFO - Started process (PID=96) to work on /home/airflow/.local/lib/python3.12/site-packages/airflow/example_dags/example_latest_only_with_trigger.py
[2024-06-03T06:19:57.840+0000] {processor.py:830} INFO - Processing file /home/airflow/.local/lib/python3.12/site-packages/airflow/example_dags/example_latest_only_with_trigger.py for tasks to queue
[2024-06-03T06:19:57.842+0000] {logging_mixin.py:188} INFO - [2024-06-03T06:19:57.842+0000] {dagbag.py:545} INFO - Filling up the DagBag from /home/airflow/.local/lib/python3.12/site-packages/airflow/example_dags/example_latest_only_with_trigger.py
[2024-06-03T06:19:57.847+0000] {processor.py:840} INFO - DAG(s) 'latest_only_with_trigger' retrieved from /home/airflow/.local/lib/python3.12/site-packages/airflow/example_dags/example_latest_only_with_trigger.py
[2024-06-03T06:19:57.906+0000] {logging_mixin.py:188} INFO - [2024-06-03T06:19:57.906+0000] {dag.py:3096} INFO - Sync 1 DAGs
[2024-06-03T06:19:57.918+0000] {logging_mixin.py:188} INFO - [2024-06-03T06:19:57.918+0000] {dag.py:3954} INFO - Setting next_dagrun for latest_only_with_trigger to 2024-06-03 00:00:00+00:00, run_after=2024-06-03 04:00:00+00:00
[2024-06-03T06:19:57.929+0000] {processor.py:183} INFO - Processing /home/airflow/.local/lib/python3.12/site-packages/airflow/example_dags/example_latest_only_with_trigger.py took 0.096 seconds
[2024-06-03T06:20:28.412+0000] {processor.py:161} INFO - Started process (PID=154) to work on /home/airflow/.local/lib/python3.12/site-packages/airflow/example_dags/example_latest_only_with_trigger.py
[2024-06-03T06:20:28.413+0000] {processor.py:830} INFO - Processing file /home/airflow/.local/lib/python3.12/site-packages/airflow/example_dags/example_latest_only_with_trigger.py for tasks to queue
[2024-06-03T06:20:28.416+0000] {logging_mixin.py:188} INFO - [2024-06-03T06:20:28.415+0000] {dagbag.py:545} INFO - Filling up the DagBag from /home/airflow/.local/lib/python3.12/site-packages/airflow/example_dags/example_latest_only_with_trigger.py
[2024-06-03T06:20:28.424+0000] {processor.py:840} INFO - DAG(s) 'latest_only_with_trigger' retrieved from /home/airflow/.local/lib/python3.12/site-packages/airflow/example_dags/example_latest_only_with_trigger.py
[2024-06-03T06:20:28.447+0000] {logging_mixin.py:188} INFO - [2024-06-03T06:20:28.447+0000] {dag.py:3096} INFO - Sync 1 DAGs
[2024-06-03T06:20:28.464+0000] {logging_mixin.py:188} INFO - [2024-06-03T06:20:28.464+0000] {dag.py:3954} INFO - Setting next_dagrun for latest_only_with_trigger to 2024-06-03 00:00:00+00:00, run_after=2024-06-03 04:00:00+00:00
[2024-06-03T06:20:28.481+0000] {processor.py:183} INFO - Processing /home/airflow/.local/lib/python3.12/site-packages/airflow/example_dags/example_latest_only_with_trigger.py took 0.075 seconds
[2024-06-03T06:20:58.654+0000] {processor.py:161} INFO - Started process (PID=212) to work on /home/airflow/.local/lib/python3.12/site-packages/airflow/example_dags/example_latest_only_with_trigger.py
[2024-06-03T06:20:58.656+0000] {processor.py:830} INFO - Processing file /home/airflow/.local/lib/python3.12/site-packages/airflow/example_dags/example_latest_only_with_trigger.py for tasks to queue
[2024-06-03T06:20:58.658+0000] {logging_mixin.py:188} INFO - [2024-06-03T06:20:58.657+0000] {dagbag.py:545} INFO - Filling up the DagBag from /home/airflow/.local/lib/python3.12/site-packages/airflow/example_dags/example_latest_only_with_trigger.py
[2024-06-03T06:20:58.663+0000] {processor.py:840} INFO - DAG(s) 'latest_only_with_trigger' retrieved from /home/airflow/.local/lib/python3.12/site-packages/airflow/example_dags/example_latest_only_with_trigger.py
[2024-06-03T06:20:58.682+0000] {logging_mixin.py:188} INFO - [2024-06-03T06:20:58.682+0000] {dag.py:3096} INFO - Sync 1 DAGs
[2024-06-03T06:20:58.696+0000] {logging_mixin.py:188} INFO - [2024-06-03T06:20:58.696+0000] {dag.py:3954} INFO - Setting next_dagrun for latest_only_with_trigger to 2024-06-03 00:00:00+00:00, run_after=2024-06-03 04:00:00+00:00
[2024-06-03T06:20:58.707+0000] {processor.py:183} INFO - Processing /home/airflow/.local/lib/python3.12/site-packages/airflow/example_dags/example_latest_only_with_trigger.py took 0.058 seconds
[2024-06-03T06:21:28.966+0000] {processor.py:161} INFO - Started process (PID=270) to work on /home/airflow/.local/lib/python3.12/site-packages/airflow/example_dags/example_latest_only_with_trigger.py
[2024-06-03T06:21:28.968+0000] {processor.py:830} INFO - Processing file /home/airflow/.local/lib/python3.12/site-packages/airflow/example_dags/example_latest_only_with_trigger.py for tasks to queue
[2024-06-03T06:21:28.972+0000] {logging_mixin.py:188} INFO - [2024-06-03T06:21:28.972+0000] {dagbag.py:545} INFO - Filling up the DagBag from /home/airflow/.local/lib/python3.12/site-packages/airflow/example_dags/example_latest_only_with_trigger.py
[2024-06-03T06:21:28.978+0000] {processor.py:840} INFO - DAG(s) 'latest_only_with_trigger' retrieved from /home/airflow/.local/lib/python3.12/site-packages/airflow/example_dags/example_latest_only_with_trigger.py
[2024-06-03T06:21:29.010+0000] {logging_mixin.py:188} INFO - [2024-06-03T06:21:29.010+0000] {dag.py:3096} INFO - Sync 1 DAGs
[2024-06-03T06:21:29.044+0000] {logging_mixin.py:188} INFO - [2024-06-03T06:21:29.044+0000] {dag.py:3954} INFO - Setting next_dagrun for latest_only_with_trigger to 2024-06-03 00:00:00+00:00, run_after=2024-06-03 04:00:00+00:00
[2024-06-03T06:21:29.065+0000] {processor.py:183} INFO - Processing /home/airflow/.local/lib/python3.12/site-packages/airflow/example_dags/example_latest_only_with_trigger.py took 0.104 seconds
[2024-06-03T06:21:59.510+0000] {processor.py:161} INFO - Started process (PID=328) to work on /home/airflow/.local/lib/python3.12/site-packages/airflow/example_dags/example_latest_only_with_trigger.py
[2024-06-03T06:21:59.511+0000] {processor.py:830} INFO - Processing file /home/airflow/.local/lib/python3.12/site-packages/airflow/example_dags/example_latest_only_with_trigger.py for tasks to queue
[2024-06-03T06:21:59.519+0000] {logging_mixin.py:188} INFO - [2024-06-03T06:21:59.519+0000] {dagbag.py:545} INFO - Filling up the DagBag from /home/airflow/.local/lib/python3.12/site-packages/airflow/example_dags/example_latest_only_with_trigger.py
[2024-06-03T06:21:59.524+0000] {processor.py:840} INFO - DAG(s) 'latest_only_with_trigger' retrieved from /home/airflow/.local/lib/python3.12/site-packages/airflow/example_dags/example_latest_only_with_trigger.py
[2024-06-03T06:21:59.544+0000] {logging_mixin.py:188} INFO - [2024-06-03T06:21:59.544+0000] {dag.py:3096} INFO - Sync 1 DAGs
[2024-06-03T06:21:59.560+0000] {logging_mixin.py:188} INFO - [2024-06-03T06:21:59.560+0000] {dag.py:3954} INFO - Setting next_dagrun for latest_only_with_trigger to 2024-06-03 00:00:00+00:00, run_after=2024-06-03 04:00:00+00:00
[2024-06-03T06:21:59.583+0000] {processor.py:183} INFO - Processing /home/airflow/.local/lib/python3.12/site-packages/airflow/example_dags/example_latest_only_with_trigger.py took 0.077 seconds
[2024-06-03T06:22:29.643+0000] {processor.py:161} INFO - Started process (PID=386) to work on /home/airflow/.local/lib/python3.12/site-packages/airflow/example_dags/example_latest_only_with_trigger.py
[2024-06-03T06:22:29.644+0000] {processor.py:830} INFO - Processing file /home/airflow/.local/lib/python3.12/site-packages/airflow/example_dags/example_latest_only_with_trigger.py for tasks to queue
[2024-06-03T06:22:29.645+0000] {logging_mixin.py:188} INFO - [2024-06-03T06:22:29.645+0000] {dagbag.py:545} INFO - Filling up the DagBag from /home/airflow/.local/lib/python3.12/site-packages/airflow/example_dags/example_latest_only_with_trigger.py
[2024-06-03T06:22:29.650+0000] {processor.py:840} INFO - DAG(s) 'latest_only_with_trigger' retrieved from /home/airflow/.local/lib/python3.12/site-packages/airflow/example_dags/example_latest_only_with_trigger.py
[2024-06-03T06:22:29.665+0000] {logging_mixin.py:188} INFO - [2024-06-03T06:22:29.665+0000] {dag.py:3096} INFO - Sync 1 DAGs
[2024-06-03T06:22:29.679+0000] {logging_mixin.py:188} INFO - [2024-06-03T06:22:29.679+0000] {dag.py:3954} INFO - Setting next_dagrun for latest_only_with_trigger to 2024-06-03 00:00:00+00:00, run_after=2024-06-03 04:00:00+00:00
[2024-06-03T06:22:29.696+0000] {processor.py:183} INFO - Processing /home/airflow/.local/lib/python3.12/site-packages/airflow/example_dags/example_latest_only_with_trigger.py took 0.058 seconds
[2024-06-03T06:23:00.389+0000] {processor.py:161} INFO - Started process (PID=444) to work on /home/airflow/.local/lib/python3.12/site-packages/airflow/example_dags/example_latest_only_with_trigger.py
[2024-06-03T06:23:00.390+0000] {processor.py:830} INFO - Processing file /home/airflow/.local/lib/python3.12/site-packages/airflow/example_dags/example_latest_only_with_trigger.py for tasks to queue
[2024-06-03T06:23:00.392+0000] {logging_mixin.py:188} INFO - [2024-06-03T06:23:00.392+0000] {dagbag.py:545} INFO - Filling up the DagBag from /home/airflow/.local/lib/python3.12/site-packages/airflow/example_dags/example_latest_only_with_trigger.py
[2024-06-03T06:23:00.397+0000] {processor.py:840} INFO - DAG(s) 'latest_only_with_trigger' retrieved from /home/airflow/.local/lib/python3.12/site-packages/airflow/example_dags/example_latest_only_with_trigger.py
[2024-06-03T06:23:00.417+0000] {logging_mixin.py:188} INFO - [2024-06-03T06:23:00.417+0000] {dag.py:3096} INFO - Sync 1 DAGs
[2024-06-03T06:23:00.435+0000] {logging_mixin.py:188} INFO - [2024-06-03T06:23:00.435+0000] {dag.py:3954} INFO - Setting next_dagrun for latest_only_with_trigger to 2024-06-03 00:00:00+00:00, run_after=2024-06-03 04:00:00+00:00
[2024-06-03T06:23:00.447+0000] {processor.py:183} INFO - Processing /home/airflow/.local/lib/python3.12/site-packages/airflow/example_dags/example_latest_only_with_trigger.py took 0.063 seconds
[2024-06-03T06:25:20.214+0000] {processor.py:161} INFO - Started process (PID=40) to work on /home/airflow/.local/lib/python3.12/site-packages/airflow/example_dags/example_latest_only_with_trigger.py
[2024-06-03T06:25:20.216+0000] {processor.py:830} INFO - Processing file /home/airflow/.local/lib/python3.12/site-packages/airflow/example_dags/example_latest_only_with_trigger.py for tasks to queue
[2024-06-03T06:25:20.232+0000] {logging_mixin.py:188} INFO - [2024-06-03T06:25:20.232+0000] {dagbag.py:545} INFO - Filling up the DagBag from /home/airflow/.local/lib/python3.12/site-packages/airflow/example_dags/example_latest_only_with_trigger.py
[2024-06-03T06:25:20.241+0000] {processor.py:840} INFO - DAG(s) 'latest_only_with_trigger' retrieved from /home/airflow/.local/lib/python3.12/site-packages/airflow/example_dags/example_latest_only_with_trigger.py
[2024-06-03T06:25:20.260+0000] {logging_mixin.py:188} INFO - [2024-06-03T06:25:20.260+0000] {dag.py:3096} INFO - Sync 1 DAGs
[2024-06-03T06:25:20.281+0000] {logging_mixin.py:188} INFO - [2024-06-03T06:25:20.281+0000] {dag.py:3954} INFO - Setting next_dagrun for latest_only_with_trigger to 2024-06-03 00:00:00+00:00, run_after=2024-06-03 04:00:00+00:00
[2024-06-03T06:25:20.305+0000] {processor.py:183} INFO - Processing /home/airflow/.local/lib/python3.12/site-packages/airflow/example_dags/example_latest_only_with_trigger.py took 0.097 seconds
[2024-06-03T06:25:50.993+0000] {processor.py:161} INFO - Started process (PID=98) to work on /home/airflow/.local/lib/python3.12/site-packages/airflow/example_dags/example_latest_only_with_trigger.py
[2024-06-03T06:25:50.994+0000] {processor.py:830} INFO - Processing file /home/airflow/.local/lib/python3.12/site-packages/airflow/example_dags/example_latest_only_with_trigger.py for tasks to queue
[2024-06-03T06:25:50.996+0000] {logging_mixin.py:188} INFO - [2024-06-03T06:25:50.996+0000] {dagbag.py:545} INFO - Filling up the DagBag from /home/airflow/.local/lib/python3.12/site-packages/airflow/example_dags/example_latest_only_with_trigger.py
[2024-06-03T06:25:51.001+0000] {processor.py:840} INFO - DAG(s) 'latest_only_with_trigger' retrieved from /home/airflow/.local/lib/python3.12/site-packages/airflow/example_dags/example_latest_only_with_trigger.py
[2024-06-03T06:25:51.065+0000] {logging_mixin.py:188} INFO - [2024-06-03T06:25:51.065+0000] {dag.py:3096} INFO - Sync 1 DAGs
[2024-06-03T06:25:51.077+0000] {logging_mixin.py:188} INFO - [2024-06-03T06:25:51.077+0000] {dag.py:3954} INFO - Setting next_dagrun for latest_only_with_trigger to 2024-06-03 00:00:00+00:00, run_after=2024-06-03 04:00:00+00:00
[2024-06-03T06:25:51.088+0000] {processor.py:183} INFO - Processing /home/airflow/.local/lib/python3.12/site-packages/airflow/example_dags/example_latest_only_with_trigger.py took 0.099 seconds
[2024-06-03T06:26:21.305+0000] {processor.py:161} INFO - Started process (PID=156) to work on /home/airflow/.local/lib/python3.12/site-packages/airflow/example_dags/example_latest_only_with_trigger.py
[2024-06-03T06:26:21.306+0000] {processor.py:830} INFO - Processing file /home/airflow/.local/lib/python3.12/site-packages/airflow/example_dags/example_latest_only_with_trigger.py for tasks to queue
[2024-06-03T06:26:21.308+0000] {logging_mixin.py:188} INFO - [2024-06-03T06:26:21.308+0000] {dagbag.py:545} INFO - Filling up the DagBag from /home/airflow/.local/lib/python3.12/site-packages/airflow/example_dags/example_latest_only_with_trigger.py
[2024-06-03T06:26:21.312+0000] {processor.py:840} INFO - DAG(s) 'latest_only_with_trigger' retrieved from /home/airflow/.local/lib/python3.12/site-packages/airflow/example_dags/example_latest_only_with_trigger.py
[2024-06-03T06:26:21.330+0000] {logging_mixin.py:188} INFO - [2024-06-03T06:26:21.329+0000] {dag.py:3096} INFO - Sync 1 DAGs
[2024-06-03T06:26:21.344+0000] {logging_mixin.py:188} INFO - [2024-06-03T06:26:21.343+0000] {dag.py:3954} INFO - Setting next_dagrun for latest_only_with_trigger to 2024-06-03 00:00:00+00:00, run_after=2024-06-03 04:00:00+00:00
[2024-06-03T06:26:21.355+0000] {processor.py:183} INFO - Processing /home/airflow/.local/lib/python3.12/site-packages/airflow/example_dags/example_latest_only_with_trigger.py took 0.054 seconds
[2024-06-03T06:26:52.014+0000] {processor.py:161} INFO - Started process (PID=214) to work on /home/airflow/.local/lib/python3.12/site-packages/airflow/example_dags/example_latest_only_with_trigger.py
[2024-06-03T06:26:52.016+0000] {processor.py:830} INFO - Processing file /home/airflow/.local/lib/python3.12/site-packages/airflow/example_dags/example_latest_only_with_trigger.py for tasks to queue
[2024-06-03T06:26:52.018+0000] {logging_mixin.py:188} INFO - [2024-06-03T06:26:52.017+0000] {dagbag.py:545} INFO - Filling up the DagBag from /home/airflow/.local/lib/python3.12/site-packages/airflow/example_dags/example_latest_only_with_trigger.py
[2024-06-03T06:26:52.022+0000] {processor.py:840} INFO - DAG(s) 'latest_only_with_trigger' retrieved from /home/airflow/.local/lib/python3.12/site-packages/airflow/example_dags/example_latest_only_with_trigger.py
[2024-06-03T06:26:52.039+0000] {logging_mixin.py:188} INFO - [2024-06-03T06:26:52.039+0000] {dag.py:3096} INFO - Sync 1 DAGs
[2024-06-03T06:26:52.052+0000] {logging_mixin.py:188} INFO - [2024-06-03T06:26:52.052+0000] {dag.py:3954} INFO - Setting next_dagrun for latest_only_with_trigger to 2024-06-03 00:00:00+00:00, run_after=2024-06-03 04:00:00+00:00
[2024-06-03T06:26:52.063+0000] {processor.py:183} INFO - Processing /home/airflow/.local/lib/python3.12/site-packages/airflow/example_dags/example_latest_only_with_trigger.py took 0.053 seconds
[2024-06-03T06:27:22.323+0000] {processor.py:161} INFO - Started process (PID=272) to work on /home/airflow/.local/lib/python3.12/site-packages/airflow/example_dags/example_latest_only_with_trigger.py
[2024-06-03T06:27:22.324+0000] {processor.py:830} INFO - Processing file /home/airflow/.local/lib/python3.12/site-packages/airflow/example_dags/example_latest_only_with_trigger.py for tasks to queue
[2024-06-03T06:27:22.326+0000] {logging_mixin.py:188} INFO - [2024-06-03T06:27:22.326+0000] {dagbag.py:545} INFO - Filling up the DagBag from /home/airflow/.local/lib/python3.12/site-packages/airflow/example_dags/example_latest_only_with_trigger.py
[2024-06-03T06:27:22.331+0000] {processor.py:840} INFO - DAG(s) 'latest_only_with_trigger' retrieved from /home/airflow/.local/lib/python3.12/site-packages/airflow/example_dags/example_latest_only_with_trigger.py
[2024-06-03T06:27:22.348+0000] {logging_mixin.py:188} INFO - [2024-06-03T06:27:22.348+0000] {dag.py:3096} INFO - Sync 1 DAGs
[2024-06-03T06:27:22.362+0000] {logging_mixin.py:188} INFO - [2024-06-03T06:27:22.362+0000] {dag.py:3954} INFO - Setting next_dagrun for latest_only_with_trigger to 2024-06-03 00:00:00+00:00, run_after=2024-06-03 04:00:00+00:00
[2024-06-03T06:27:22.374+0000] {processor.py:183} INFO - Processing /home/airflow/.local/lib/python3.12/site-packages/airflow/example_dags/example_latest_only_with_trigger.py took 0.056 seconds
