[2024-06-03T06:19:28.840+0000] {processor.py:161} INFO - Started process (PID=57) to work on /home/airflow/.local/lib/python3.12/site-packages/airflow/example_dags/example_branch_python_dop_operator_3.py
[2024-06-03T06:19:28.842+0000] {processor.py:830} INFO - Processing file /home/airflow/.local/lib/python3.12/site-packages/airflow/example_dags/example_branch_python_dop_operator_3.py for tasks to queue
[2024-06-03T06:19:28.846+0000] {logging_mixin.py:188} INFO - [2024-06-03T06:19:28.845+0000] {dagbag.py:545} INFO - Filling up the DagBag from /home/airflow/.local/lib/python3.12/site-packages/airflow/example_dags/example_branch_python_dop_operator_3.py
[2024-06-03T06:19:28.859+0000] {processor.py:840} INFO - DAG(s) 'example_branch_dop_operator_v3' retrieved from /home/airflow/.local/lib/python3.12/site-packages/airflow/example_dags/example_branch_python_dop_operator_3.py
[2024-06-03T06:19:28.877+0000] {logging_mixin.py:188} INFO - [2024-06-03T06:19:28.877+0000] {dag.py:3096} INFO - Sync 1 DAGs
[2024-06-03T06:19:28.916+0000] {logging_mixin.py:188} INFO - [2024-06-03T06:19:28.916+0000] {dag.py:3954} INFO - Setting next_dagrun for example_branch_dop_operator_v3 to 2024-06-03 06:18:00+00:00, run_after=2024-06-03 06:19:00+00:00
[2024-06-03T06:19:28.935+0000] {processor.py:183} INFO - Processing /home/airflow/.local/lib/python3.12/site-packages/airflow/example_dags/example_branch_python_dop_operator_3.py took 0.106 seconds
[2024-06-03T06:19:58.969+0000] {processor.py:161} INFO - Started process (PID=114) to work on /home/airflow/.local/lib/python3.12/site-packages/airflow/example_dags/example_branch_python_dop_operator_3.py
[2024-06-03T06:19:58.970+0000] {processor.py:830} INFO - Processing file /home/airflow/.local/lib/python3.12/site-packages/airflow/example_dags/example_branch_python_dop_operator_3.py for tasks to queue
[2024-06-03T06:19:58.972+0000] {logging_mixin.py:188} INFO - [2024-06-03T06:19:58.972+0000] {dagbag.py:545} INFO - Filling up the DagBag from /home/airflow/.local/lib/python3.12/site-packages/airflow/example_dags/example_branch_python_dop_operator_3.py
[2024-06-03T06:19:58.979+0000] {processor.py:840} INFO - DAG(s) 'example_branch_dop_operator_v3' retrieved from /home/airflow/.local/lib/python3.12/site-packages/airflow/example_dags/example_branch_python_dop_operator_3.py
[2024-06-03T06:19:59.033+0000] {logging_mixin.py:188} INFO - [2024-06-03T06:19:59.033+0000] {dag.py:3096} INFO - Sync 1 DAGs
[2024-06-03T06:19:59.046+0000] {logging_mixin.py:188} INFO - [2024-06-03T06:19:59.046+0000] {dag.py:3954} INFO - Setting next_dagrun for example_branch_dop_operator_v3 to 2024-06-03 06:18:00+00:00, run_after=2024-06-03 06:19:00+00:00
[2024-06-03T06:19:59.057+0000] {processor.py:183} INFO - Processing /home/airflow/.local/lib/python3.12/site-packages/airflow/example_dags/example_branch_python_dop_operator_3.py took 0.092 seconds
[2024-06-03T06:20:30.019+0000] {processor.py:161} INFO - Started process (PID=172) to work on /home/airflow/.local/lib/python3.12/site-packages/airflow/example_dags/example_branch_python_dop_operator_3.py
[2024-06-03T06:20:30.023+0000] {processor.py:830} INFO - Processing file /home/airflow/.local/lib/python3.12/site-packages/airflow/example_dags/example_branch_python_dop_operator_3.py for tasks to queue
[2024-06-03T06:20:30.029+0000] {logging_mixin.py:188} INFO - [2024-06-03T06:20:30.029+0000] {dagbag.py:545} INFO - Filling up the DagBag from /home/airflow/.local/lib/python3.12/site-packages/airflow/example_dags/example_branch_python_dop_operator_3.py
[2024-06-03T06:20:30.060+0000] {processor.py:840} INFO - DAG(s) 'example_branch_dop_operator_v3' retrieved from /home/airflow/.local/lib/python3.12/site-packages/airflow/example_dags/example_branch_python_dop_operator_3.py
[2024-06-03T06:20:30.144+0000] {logging_mixin.py:188} INFO - [2024-06-03T06:20:30.142+0000] {dag.py:3096} INFO - Sync 1 DAGs
[2024-06-03T06:20:30.214+0000] {logging_mixin.py:188} INFO - [2024-06-03T06:20:30.213+0000] {dag.py:3954} INFO - Setting next_dagrun for example_branch_dop_operator_v3 to 2024-06-03 06:19:00+00:00, run_after=2024-06-03 06:20:00+00:00
[2024-06-03T06:20:30.289+0000] {processor.py:183} INFO - Processing /home/airflow/.local/lib/python3.12/site-packages/airflow/example_dags/example_branch_python_dop_operator_3.py took 0.284 seconds
[2024-06-03T06:21:00.608+0000] {processor.py:161} INFO - Started process (PID=230) to work on /home/airflow/.local/lib/python3.12/site-packages/airflow/example_dags/example_branch_python_dop_operator_3.py
[2024-06-03T06:21:00.609+0000] {processor.py:830} INFO - Processing file /home/airflow/.local/lib/python3.12/site-packages/airflow/example_dags/example_branch_python_dop_operator_3.py for tasks to queue
[2024-06-03T06:21:00.611+0000] {logging_mixin.py:188} INFO - [2024-06-03T06:21:00.611+0000] {dagbag.py:545} INFO - Filling up the DagBag from /home/airflow/.local/lib/python3.12/site-packages/airflow/example_dags/example_branch_python_dop_operator_3.py
[2024-06-03T06:21:00.617+0000] {processor.py:840} INFO - DAG(s) 'example_branch_dop_operator_v3' retrieved from /home/airflow/.local/lib/python3.12/site-packages/airflow/example_dags/example_branch_python_dop_operator_3.py
[2024-06-03T06:21:00.633+0000] {logging_mixin.py:188} INFO - [2024-06-03T06:21:00.633+0000] {dag.py:3096} INFO - Sync 1 DAGs
[2024-06-03T06:21:00.647+0000] {logging_mixin.py:188} INFO - [2024-06-03T06:21:00.647+0000] {dag.py:3954} INFO - Setting next_dagrun for example_branch_dop_operator_v3 to 2024-06-03 06:20:00+00:00, run_after=2024-06-03 06:21:00+00:00
[2024-06-03T06:21:00.658+0000] {processor.py:183} INFO - Processing /home/airflow/.local/lib/python3.12/site-packages/airflow/example_dags/example_branch_python_dop_operator_3.py took 0.054 seconds
[2024-06-03T06:21:30.732+0000] {processor.py:161} INFO - Started process (PID=288) to work on /home/airflow/.local/lib/python3.12/site-packages/airflow/example_dags/example_branch_python_dop_operator_3.py
[2024-06-03T06:21:30.733+0000] {processor.py:830} INFO - Processing file /home/airflow/.local/lib/python3.12/site-packages/airflow/example_dags/example_branch_python_dop_operator_3.py for tasks to queue
[2024-06-03T06:21:30.735+0000] {logging_mixin.py:188} INFO - [2024-06-03T06:21:30.735+0000] {dagbag.py:545} INFO - Filling up the DagBag from /home/airflow/.local/lib/python3.12/site-packages/airflow/example_dags/example_branch_python_dop_operator_3.py
[2024-06-03T06:21:30.741+0000] {processor.py:840} INFO - DAG(s) 'example_branch_dop_operator_v3' retrieved from /home/airflow/.local/lib/python3.12/site-packages/airflow/example_dags/example_branch_python_dop_operator_3.py
[2024-06-03T06:21:30.757+0000] {logging_mixin.py:188} INFO - [2024-06-03T06:21:30.757+0000] {dag.py:3096} INFO - Sync 1 DAGs
[2024-06-03T06:21:30.772+0000] {logging_mixin.py:188} INFO - [2024-06-03T06:21:30.772+0000] {dag.py:3954} INFO - Setting next_dagrun for example_branch_dop_operator_v3 to 2024-06-03 06:20:00+00:00, run_after=2024-06-03 06:21:00+00:00
[2024-06-03T06:21:30.783+0000] {processor.py:183} INFO - Processing /home/airflow/.local/lib/python3.12/site-packages/airflow/example_dags/example_branch_python_dop_operator_3.py took 0.055 seconds
[2024-06-03T06:22:01.403+0000] {processor.py:161} INFO - Started process (PID=346) to work on /home/airflow/.local/lib/python3.12/site-packages/airflow/example_dags/example_branch_python_dop_operator_3.py
[2024-06-03T06:22:01.404+0000] {processor.py:830} INFO - Processing file /home/airflow/.local/lib/python3.12/site-packages/airflow/example_dags/example_branch_python_dop_operator_3.py for tasks to queue
[2024-06-03T06:22:01.406+0000] {logging_mixin.py:188} INFO - [2024-06-03T06:22:01.406+0000] {dagbag.py:545} INFO - Filling up the DagBag from /home/airflow/.local/lib/python3.12/site-packages/airflow/example_dags/example_branch_python_dop_operator_3.py
[2024-06-03T06:22:01.412+0000] {processor.py:840} INFO - DAG(s) 'example_branch_dop_operator_v3' retrieved from /home/airflow/.local/lib/python3.12/site-packages/airflow/example_dags/example_branch_python_dop_operator_3.py
[2024-06-03T06:22:01.428+0000] {logging_mixin.py:188} INFO - [2024-06-03T06:22:01.428+0000] {dag.py:3096} INFO - Sync 1 DAGs
[2024-06-03T06:22:01.442+0000] {logging_mixin.py:188} INFO - [2024-06-03T06:22:01.442+0000] {dag.py:3954} INFO - Setting next_dagrun for example_branch_dop_operator_v3 to 2024-06-03 06:21:00+00:00, run_after=2024-06-03 06:22:00+00:00
[2024-06-03T06:22:01.453+0000] {processor.py:183} INFO - Processing /home/airflow/.local/lib/python3.12/site-packages/airflow/example_dags/example_branch_python_dop_operator_3.py took 0.056 seconds
[2024-06-03T06:22:31.502+0000] {processor.py:161} INFO - Started process (PID=404) to work on /home/airflow/.local/lib/python3.12/site-packages/airflow/example_dags/example_branch_python_dop_operator_3.py
[2024-06-03T06:22:31.503+0000] {processor.py:830} INFO - Processing file /home/airflow/.local/lib/python3.12/site-packages/airflow/example_dags/example_branch_python_dop_operator_3.py for tasks to queue
[2024-06-03T06:22:31.505+0000] {logging_mixin.py:188} INFO - [2024-06-03T06:22:31.505+0000] {dagbag.py:545} INFO - Filling up the DagBag from /home/airflow/.local/lib/python3.12/site-packages/airflow/example_dags/example_branch_python_dop_operator_3.py
[2024-06-03T06:22:31.511+0000] {processor.py:840} INFO - DAG(s) 'example_branch_dop_operator_v3' retrieved from /home/airflow/.local/lib/python3.12/site-packages/airflow/example_dags/example_branch_python_dop_operator_3.py
[2024-06-03T06:22:31.528+0000] {logging_mixin.py:188} INFO - [2024-06-03T06:22:31.528+0000] {dag.py:3096} INFO - Sync 1 DAGs
[2024-06-03T06:22:31.543+0000] {logging_mixin.py:188} INFO - [2024-06-03T06:22:31.543+0000] {dag.py:3954} INFO - Setting next_dagrun for example_branch_dop_operator_v3 to 2024-06-03 06:21:00+00:00, run_after=2024-06-03 06:22:00+00:00
[2024-06-03T06:22:31.555+0000] {processor.py:183} INFO - Processing /home/airflow/.local/lib/python3.12/site-packages/airflow/example_dags/example_branch_python_dop_operator_3.py took 0.058 seconds
[2024-06-03T06:23:02.201+0000] {processor.py:161} INFO - Started process (PID=462) to work on /home/airflow/.local/lib/python3.12/site-packages/airflow/example_dags/example_branch_python_dop_operator_3.py
[2024-06-03T06:23:02.203+0000] {processor.py:830} INFO - Processing file /home/airflow/.local/lib/python3.12/site-packages/airflow/example_dags/example_branch_python_dop_operator_3.py for tasks to queue
[2024-06-03T06:23:02.207+0000] {logging_mixin.py:188} INFO - [2024-06-03T06:23:02.207+0000] {dagbag.py:545} INFO - Filling up the DagBag from /home/airflow/.local/lib/python3.12/site-packages/airflow/example_dags/example_branch_python_dop_operator_3.py
[2024-06-03T06:23:02.215+0000] {processor.py:840} INFO - DAG(s) 'example_branch_dop_operator_v3' retrieved from /home/airflow/.local/lib/python3.12/site-packages/airflow/example_dags/example_branch_python_dop_operator_3.py
[2024-06-03T06:23:02.237+0000] {logging_mixin.py:188} INFO - [2024-06-03T06:23:02.237+0000] {dag.py:3096} INFO - Sync 1 DAGs
[2024-06-03T06:23:02.252+0000] {logging_mixin.py:188} INFO - [2024-06-03T06:23:02.252+0000] {dag.py:3954} INFO - Setting next_dagrun for example_branch_dop_operator_v3 to 2024-06-03 06:22:00+00:00, run_after=2024-06-03 06:23:00+00:00
[2024-06-03T06:23:02.262+0000] {processor.py:183} INFO - Processing /home/airflow/.local/lib/python3.12/site-packages/airflow/example_dags/example_branch_python_dop_operator_3.py took 0.065 seconds
[2024-06-03T06:25:21.384+0000] {processor.py:161} INFO - Started process (PID=58) to work on /home/airflow/.local/lib/python3.12/site-packages/airflow/example_dags/example_branch_python_dop_operator_3.py
[2024-06-03T06:25:21.387+0000] {processor.py:830} INFO - Processing file /home/airflow/.local/lib/python3.12/site-packages/airflow/example_dags/example_branch_python_dop_operator_3.py for tasks to queue
[2024-06-03T06:25:21.390+0000] {logging_mixin.py:188} INFO - [2024-06-03T06:25:21.389+0000] {dagbag.py:545} INFO - Filling up the DagBag from /home/airflow/.local/lib/python3.12/site-packages/airflow/example_dags/example_branch_python_dop_operator_3.py
[2024-06-03T06:25:21.400+0000] {processor.py:840} INFO - DAG(s) 'example_branch_dop_operator_v3' retrieved from /home/airflow/.local/lib/python3.12/site-packages/airflow/example_dags/example_branch_python_dop_operator_3.py
[2024-06-03T06:25:21.414+0000] {logging_mixin.py:188} INFO - [2024-06-03T06:25:21.413+0000] {dag.py:3096} INFO - Sync 1 DAGs
[2024-06-03T06:25:21.433+0000] {logging_mixin.py:188} INFO - [2024-06-03T06:25:21.432+0000] {dag.py:3954} INFO - Setting next_dagrun for example_branch_dop_operator_v3 to 2024-06-03 06:24:00+00:00, run_after=2024-06-03 06:25:00+00:00
[2024-06-03T06:25:21.450+0000] {processor.py:183} INFO - Processing /home/airflow/.local/lib/python3.12/site-packages/airflow/example_dags/example_branch_python_dop_operator_3.py took 0.074 seconds
[2024-06-03T06:25:52.242+0000] {processor.py:161} INFO - Started process (PID=116) to work on /home/airflow/.local/lib/python3.12/site-packages/airflow/example_dags/example_branch_python_dop_operator_3.py
[2024-06-03T06:25:52.244+0000] {processor.py:830} INFO - Processing file /home/airflow/.local/lib/python3.12/site-packages/airflow/example_dags/example_branch_python_dop_operator_3.py for tasks to queue
[2024-06-03T06:25:52.246+0000] {logging_mixin.py:188} INFO - [2024-06-03T06:25:52.245+0000] {dagbag.py:545} INFO - Filling up the DagBag from /home/airflow/.local/lib/python3.12/site-packages/airflow/example_dags/example_branch_python_dop_operator_3.py
[2024-06-03T06:25:52.252+0000] {processor.py:840} INFO - DAG(s) 'example_branch_dop_operator_v3' retrieved from /home/airflow/.local/lib/python3.12/site-packages/airflow/example_dags/example_branch_python_dop_operator_3.py
[2024-06-03T06:25:52.310+0000] {logging_mixin.py:188} INFO - [2024-06-03T06:25:52.310+0000] {dag.py:3096} INFO - Sync 1 DAGs
[2024-06-03T06:25:52.323+0000] {logging_mixin.py:188} INFO - [2024-06-03T06:25:52.323+0000] {dag.py:3954} INFO - Setting next_dagrun for example_branch_dop_operator_v3 to 2024-06-03 06:24:00+00:00, run_after=2024-06-03 06:25:00+00:00
[2024-06-03T06:25:52.334+0000] {processor.py:183} INFO - Processing /home/airflow/.local/lib/python3.12/site-packages/airflow/example_dags/example_branch_python_dop_operator_3.py took 0.096 seconds
[2024-06-03T06:26:23.061+0000] {processor.py:161} INFO - Started process (PID=174) to work on /home/airflow/.local/lib/python3.12/site-packages/airflow/example_dags/example_branch_python_dop_operator_3.py
[2024-06-03T06:26:23.062+0000] {processor.py:830} INFO - Processing file /home/airflow/.local/lib/python3.12/site-packages/airflow/example_dags/example_branch_python_dop_operator_3.py for tasks to queue
[2024-06-03T06:26:23.064+0000] {logging_mixin.py:188} INFO - [2024-06-03T06:26:23.064+0000] {dagbag.py:545} INFO - Filling up the DagBag from /home/airflow/.local/lib/python3.12/site-packages/airflow/example_dags/example_branch_python_dop_operator_3.py
[2024-06-03T06:26:23.070+0000] {processor.py:840} INFO - DAG(s) 'example_branch_dop_operator_v3' retrieved from /home/airflow/.local/lib/python3.12/site-packages/airflow/example_dags/example_branch_python_dop_operator_3.py
[2024-06-03T06:26:23.087+0000] {logging_mixin.py:188} INFO - [2024-06-03T06:26:23.087+0000] {dag.py:3096} INFO - Sync 1 DAGs
[2024-06-03T06:26:23.104+0000] {logging_mixin.py:188} INFO - [2024-06-03T06:26:23.104+0000] {dag.py:3954} INFO - Setting next_dagrun for example_branch_dop_operator_v3 to 2024-06-03 06:25:00+00:00, run_after=2024-06-03 06:26:00+00:00
[2024-06-03T06:26:23.116+0000] {processor.py:183} INFO - Processing /home/airflow/.local/lib/python3.12/site-packages/airflow/example_dags/example_branch_python_dop_operator_3.py took 0.059 seconds
[2024-06-03T06:26:54.009+0000] {processor.py:161} INFO - Started process (PID=232) to work on /home/airflow/.local/lib/python3.12/site-packages/airflow/example_dags/example_branch_python_dop_operator_3.py
[2024-06-03T06:26:54.011+0000] {processor.py:830} INFO - Processing file /home/airflow/.local/lib/python3.12/site-packages/airflow/example_dags/example_branch_python_dop_operator_3.py for tasks to queue
[2024-06-03T06:26:54.014+0000] {logging_mixin.py:188} INFO - [2024-06-03T06:26:54.013+0000] {dagbag.py:545} INFO - Filling up the DagBag from /home/airflow/.local/lib/python3.12/site-packages/airflow/example_dags/example_branch_python_dop_operator_3.py
[2024-06-03T06:26:54.020+0000] {processor.py:840} INFO - DAG(s) 'example_branch_dop_operator_v3' retrieved from /home/airflow/.local/lib/python3.12/site-packages/airflow/example_dags/example_branch_python_dop_operator_3.py
[2024-06-03T06:26:54.038+0000] {logging_mixin.py:188} INFO - [2024-06-03T06:26:54.038+0000] {dag.py:3096} INFO - Sync 1 DAGs
[2024-06-03T06:26:54.054+0000] {logging_mixin.py:188} INFO - [2024-06-03T06:26:54.054+0000] {dag.py:3954} INFO - Setting next_dagrun for example_branch_dop_operator_v3 to 2024-06-03 06:25:00+00:00, run_after=2024-06-03 06:26:00+00:00
[2024-06-03T06:26:54.068+0000] {processor.py:183} INFO - Processing /home/airflow/.local/lib/python3.12/site-packages/airflow/example_dags/example_branch_python_dop_operator_3.py took 0.064 seconds
[2024-06-03T06:27:24.114+0000] {processor.py:161} INFO - Started process (PID=290) to work on /home/airflow/.local/lib/python3.12/site-packages/airflow/example_dags/example_branch_python_dop_operator_3.py
[2024-06-03T06:27:24.115+0000] {processor.py:830} INFO - Processing file /home/airflow/.local/lib/python3.12/site-packages/airflow/example_dags/example_branch_python_dop_operator_3.py for tasks to queue
[2024-06-03T06:27:24.117+0000] {logging_mixin.py:188} INFO - [2024-06-03T06:27:24.117+0000] {dagbag.py:545} INFO - Filling up the DagBag from /home/airflow/.local/lib/python3.12/site-packages/airflow/example_dags/example_branch_python_dop_operator_3.py
[2024-06-03T06:27:24.123+0000] {processor.py:840} INFO - DAG(s) 'example_branch_dop_operator_v3' retrieved from /home/airflow/.local/lib/python3.12/site-packages/airflow/example_dags/example_branch_python_dop_operator_3.py
[2024-06-03T06:27:24.140+0000] {logging_mixin.py:188} INFO - [2024-06-03T06:27:24.140+0000] {dag.py:3096} INFO - Sync 1 DAGs
[2024-06-03T06:27:24.155+0000] {logging_mixin.py:188} INFO - [2024-06-03T06:27:24.155+0000] {dag.py:3954} INFO - Setting next_dagrun for example_branch_dop_operator_v3 to 2024-06-03 06:26:00+00:00, run_after=2024-06-03 06:27:00+00:00
[2024-06-03T06:27:24.168+0000] {processor.py:183} INFO - Processing /home/airflow/.local/lib/python3.12/site-packages/airflow/example_dags/example_branch_python_dop_operator_3.py took 0.059 seconds
