[2024-06-03T06:19:27.963+0000] {processor.py:161} INFO - Started process (PID=44) to work on /home/airflow/.local/lib/python3.12/site-packages/airflow/example_dags/example_short_circuit_operator.py
[2024-06-03T06:19:27.968+0000] {processor.py:830} INFO - Processing file /home/airflow/.local/lib/python3.12/site-packages/airflow/example_dags/example_short_circuit_operator.py for tasks to queue
[2024-06-03T06:19:27.974+0000] {logging_mixin.py:188} INFO - [2024-06-03T06:19:27.973+0000] {dagbag.py:545} INFO - Filling up the DagBag from /home/airflow/.local/lib/python3.12/site-packages/airflow/example_dags/example_short_circuit_operator.py
[2024-06-03T06:19:27.988+0000] {processor.py:840} INFO - DAG(s) 'example_short_circuit_operator' retrieved from /home/airflow/.local/lib/python3.12/site-packages/airflow/example_dags/example_short_circuit_operator.py
[2024-06-03T06:19:28.015+0000] {logging_mixin.py:188} INFO - [2024-06-03T06:19:28.015+0000] {dag.py:3096} INFO - Sync 1 DAGs
[2024-06-03T06:19:28.046+0000] {logging_mixin.py:188} INFO - [2024-06-03T06:19:28.046+0000] {dag.py:3954} INFO - Setting next_dagrun for example_short_circuit_operator to 2024-06-02 00:00:00+00:00, run_after=2024-06-03 00:00:00+00:00
[2024-06-03T06:19:28.070+0000] {processor.py:183} INFO - Processing /home/airflow/.local/lib/python3.12/site-packages/airflow/example_dags/example_short_circuit_operator.py took 0.124 seconds
[2024-06-03T06:19:58.159+0000] {processor.py:161} INFO - Started process (PID=101) to work on /home/airflow/.local/lib/python3.12/site-packages/airflow/example_dags/example_short_circuit_operator.py
[2024-06-03T06:19:58.161+0000] {processor.py:830} INFO - Processing file /home/airflow/.local/lib/python3.12/site-packages/airflow/example_dags/example_short_circuit_operator.py for tasks to queue
[2024-06-03T06:19:58.164+0000] {logging_mixin.py:188} INFO - [2024-06-03T06:19:58.164+0000] {dagbag.py:545} INFO - Filling up the DagBag from /home/airflow/.local/lib/python3.12/site-packages/airflow/example_dags/example_short_circuit_operator.py
[2024-06-03T06:19:58.170+0000] {processor.py:840} INFO - DAG(s) 'example_short_circuit_operator' retrieved from /home/airflow/.local/lib/python3.12/site-packages/airflow/example_dags/example_short_circuit_operator.py
[2024-06-03T06:19:58.228+0000] {logging_mixin.py:188} INFO - [2024-06-03T06:19:58.228+0000] {dag.py:3096} INFO - Sync 1 DAGs
[2024-06-03T06:19:58.238+0000] {logging_mixin.py:188} INFO - [2024-06-03T06:19:58.238+0000] {dag.py:3954} INFO - Setting next_dagrun for example_short_circuit_operator to 2024-06-02 00:00:00+00:00, run_after=2024-06-03 00:00:00+00:00
[2024-06-03T06:19:58.249+0000] {processor.py:183} INFO - Processing /home/airflow/.local/lib/python3.12/site-packages/airflow/example_dags/example_short_circuit_operator.py took 0.094 seconds
[2024-06-03T06:20:28.708+0000] {processor.py:161} INFO - Started process (PID=159) to work on /home/airflow/.local/lib/python3.12/site-packages/airflow/example_dags/example_short_circuit_operator.py
[2024-06-03T06:20:28.710+0000] {processor.py:830} INFO - Processing file /home/airflow/.local/lib/python3.12/site-packages/airflow/example_dags/example_short_circuit_operator.py for tasks to queue
[2024-06-03T06:20:28.712+0000] {logging_mixin.py:188} INFO - [2024-06-03T06:20:28.712+0000] {dagbag.py:545} INFO - Filling up the DagBag from /home/airflow/.local/lib/python3.12/site-packages/airflow/example_dags/example_short_circuit_operator.py
[2024-06-03T06:20:28.720+0000] {processor.py:840} INFO - DAG(s) 'example_short_circuit_operator' retrieved from /home/airflow/.local/lib/python3.12/site-packages/airflow/example_dags/example_short_circuit_operator.py
[2024-06-03T06:20:28.743+0000] {logging_mixin.py:188} INFO - [2024-06-03T06:20:28.742+0000] {dag.py:3096} INFO - Sync 1 DAGs
[2024-06-03T06:20:28.761+0000] {logging_mixin.py:188} INFO - [2024-06-03T06:20:28.761+0000] {dag.py:3954} INFO - Setting next_dagrun for example_short_circuit_operator to 2024-06-02 00:00:00+00:00, run_after=2024-06-03 00:00:00+00:00
[2024-06-03T06:20:28.775+0000] {processor.py:183} INFO - Processing /home/airflow/.local/lib/python3.12/site-packages/airflow/example_dags/example_short_circuit_operator.py took 0.072 seconds
[2024-06-03T06:20:58.976+0000] {processor.py:161} INFO - Started process (PID=217) to work on /home/airflow/.local/lib/python3.12/site-packages/airflow/example_dags/example_short_circuit_operator.py
[2024-06-03T06:20:58.977+0000] {processor.py:830} INFO - Processing file /home/airflow/.local/lib/python3.12/site-packages/airflow/example_dags/example_short_circuit_operator.py for tasks to queue
[2024-06-03T06:20:58.979+0000] {logging_mixin.py:188} INFO - [2024-06-03T06:20:58.979+0000] {dagbag.py:545} INFO - Filling up the DagBag from /home/airflow/.local/lib/python3.12/site-packages/airflow/example_dags/example_short_circuit_operator.py
[2024-06-03T06:20:58.985+0000] {processor.py:840} INFO - DAG(s) 'example_short_circuit_operator' retrieved from /home/airflow/.local/lib/python3.12/site-packages/airflow/example_dags/example_short_circuit_operator.py
[2024-06-03T06:20:59.002+0000] {logging_mixin.py:188} INFO - [2024-06-03T06:20:59.002+0000] {dag.py:3096} INFO - Sync 1 DAGs
[2024-06-03T06:20:59.018+0000] {logging_mixin.py:188} INFO - [2024-06-03T06:20:59.018+0000] {dag.py:3954} INFO - Setting next_dagrun for example_short_circuit_operator to 2024-06-02 00:00:00+00:00, run_after=2024-06-03 00:00:00+00:00
[2024-06-03T06:20:59.069+0000] {processor.py:183} INFO - Processing /home/airflow/.local/lib/python3.12/site-packages/airflow/example_dags/example_short_circuit_operator.py took 0.097 seconds
[2024-06-03T06:21:29.248+0000] {processor.py:161} INFO - Started process (PID=275) to work on /home/airflow/.local/lib/python3.12/site-packages/airflow/example_dags/example_short_circuit_operator.py
[2024-06-03T06:21:29.250+0000] {processor.py:830} INFO - Processing file /home/airflow/.local/lib/python3.12/site-packages/airflow/example_dags/example_short_circuit_operator.py for tasks to queue
[2024-06-03T06:21:29.252+0000] {logging_mixin.py:188} INFO - [2024-06-03T06:21:29.251+0000] {dagbag.py:545} INFO - Filling up the DagBag from /home/airflow/.local/lib/python3.12/site-packages/airflow/example_dags/example_short_circuit_operator.py
[2024-06-03T06:21:29.258+0000] {processor.py:840} INFO - DAG(s) 'example_short_circuit_operator' retrieved from /home/airflow/.local/lib/python3.12/site-packages/airflow/example_dags/example_short_circuit_operator.py
[2024-06-03T06:21:29.275+0000] {logging_mixin.py:188} INFO - [2024-06-03T06:21:29.275+0000] {dag.py:3096} INFO - Sync 1 DAGs
[2024-06-03T06:21:29.288+0000] {logging_mixin.py:188} INFO - [2024-06-03T06:21:29.288+0000] {dag.py:3954} INFO - Setting next_dagrun for example_short_circuit_operator to 2024-06-02 00:00:00+00:00, run_after=2024-06-03 00:00:00+00:00
[2024-06-03T06:21:29.299+0000] {processor.py:183} INFO - Processing /home/airflow/.local/lib/python3.12/site-packages/airflow/example_dags/example_short_circuit_operator.py took 0.054 seconds
[2024-06-03T06:21:59.828+0000] {processor.py:161} INFO - Started process (PID=333) to work on /home/airflow/.local/lib/python3.12/site-packages/airflow/example_dags/example_short_circuit_operator.py
[2024-06-03T06:21:59.829+0000] {processor.py:830} INFO - Processing file /home/airflow/.local/lib/python3.12/site-packages/airflow/example_dags/example_short_circuit_operator.py for tasks to queue
[2024-06-03T06:21:59.832+0000] {logging_mixin.py:188} INFO - [2024-06-03T06:21:59.832+0000] {dagbag.py:545} INFO - Filling up the DagBag from /home/airflow/.local/lib/python3.12/site-packages/airflow/example_dags/example_short_circuit_operator.py
[2024-06-03T06:21:59.840+0000] {processor.py:840} INFO - DAG(s) 'example_short_circuit_operator' retrieved from /home/airflow/.local/lib/python3.12/site-packages/airflow/example_dags/example_short_circuit_operator.py
[2024-06-03T06:21:59.863+0000] {logging_mixin.py:188} INFO - [2024-06-03T06:21:59.862+0000] {dag.py:3096} INFO - Sync 1 DAGs
[2024-06-03T06:21:59.880+0000] {logging_mixin.py:188} INFO - [2024-06-03T06:21:59.880+0000] {dag.py:3954} INFO - Setting next_dagrun for example_short_circuit_operator to 2024-06-02 00:00:00+00:00, run_after=2024-06-03 00:00:00+00:00
[2024-06-03T06:21:59.901+0000] {processor.py:183} INFO - Processing /home/airflow/.local/lib/python3.12/site-packages/airflow/example_dags/example_short_circuit_operator.py took 0.078 seconds
[2024-06-03T06:22:30.930+0000] {processor.py:161} INFO - Started process (PID=391) to work on /home/airflow/.local/lib/python3.12/site-packages/airflow/example_dags/example_short_circuit_operator.py
[2024-06-03T06:22:30.932+0000] {processor.py:830} INFO - Processing file /home/airflow/.local/lib/python3.12/site-packages/airflow/example_dags/example_short_circuit_operator.py for tasks to queue
[2024-06-03T06:22:30.933+0000] {logging_mixin.py:188} INFO - [2024-06-03T06:22:30.933+0000] {dagbag.py:545} INFO - Filling up the DagBag from /home/airflow/.local/lib/python3.12/site-packages/airflow/example_dags/example_short_circuit_operator.py
[2024-06-03T06:22:30.938+0000] {processor.py:840} INFO - DAG(s) 'example_short_circuit_operator' retrieved from /home/airflow/.local/lib/python3.12/site-packages/airflow/example_dags/example_short_circuit_operator.py
[2024-06-03T06:22:30.956+0000] {logging_mixin.py:188} INFO - [2024-06-03T06:22:30.956+0000] {dag.py:3096} INFO - Sync 1 DAGs
[2024-06-03T06:22:30.969+0000] {logging_mixin.py:188} INFO - [2024-06-03T06:22:30.969+0000] {dag.py:3954} INFO - Setting next_dagrun for example_short_circuit_operator to 2024-06-02 00:00:00+00:00, run_after=2024-06-03 00:00:00+00:00
[2024-06-03T06:22:30.979+0000] {processor.py:183} INFO - Processing /home/airflow/.local/lib/python3.12/site-packages/airflow/example_dags/example_short_circuit_operator.py took 0.053 seconds
[2024-06-03T06:23:01.624+0000] {processor.py:161} INFO - Started process (PID=449) to work on /home/airflow/.local/lib/python3.12/site-packages/airflow/example_dags/example_short_circuit_operator.py
[2024-06-03T06:23:01.625+0000] {processor.py:830} INFO - Processing file /home/airflow/.local/lib/python3.12/site-packages/airflow/example_dags/example_short_circuit_operator.py for tasks to queue
[2024-06-03T06:23:01.627+0000] {logging_mixin.py:188} INFO - [2024-06-03T06:23:01.627+0000] {dagbag.py:545} INFO - Filling up the DagBag from /home/airflow/.local/lib/python3.12/site-packages/airflow/example_dags/example_short_circuit_operator.py
[2024-06-03T06:23:01.632+0000] {processor.py:840} INFO - DAG(s) 'example_short_circuit_operator' retrieved from /home/airflow/.local/lib/python3.12/site-packages/airflow/example_dags/example_short_circuit_operator.py
[2024-06-03T06:23:01.650+0000] {logging_mixin.py:188} INFO - [2024-06-03T06:23:01.650+0000] {dag.py:3096} INFO - Sync 1 DAGs
[2024-06-03T06:23:01.666+0000] {logging_mixin.py:188} INFO - [2024-06-03T06:23:01.666+0000] {dag.py:3954} INFO - Setting next_dagrun for example_short_circuit_operator to 2024-06-02 00:00:00+00:00, run_after=2024-06-03 00:00:00+00:00
[2024-06-03T06:23:01.681+0000] {processor.py:183} INFO - Processing /home/airflow/.local/lib/python3.12/site-packages/airflow/example_dags/example_short_circuit_operator.py took 0.061 seconds
[2024-06-03T06:25:20.584+0000] {processor.py:161} INFO - Started process (PID=45) to work on /home/airflow/.local/lib/python3.12/site-packages/airflow/example_dags/example_short_circuit_operator.py
[2024-06-03T06:25:20.585+0000] {processor.py:830} INFO - Processing file /home/airflow/.local/lib/python3.12/site-packages/airflow/example_dags/example_short_circuit_operator.py for tasks to queue
[2024-06-03T06:25:20.587+0000] {logging_mixin.py:188} INFO - [2024-06-03T06:25:20.587+0000] {dagbag.py:545} INFO - Filling up the DagBag from /home/airflow/.local/lib/python3.12/site-packages/airflow/example_dags/example_short_circuit_operator.py
[2024-06-03T06:25:20.594+0000] {processor.py:840} INFO - DAG(s) 'example_short_circuit_operator' retrieved from /home/airflow/.local/lib/python3.12/site-packages/airflow/example_dags/example_short_circuit_operator.py
[2024-06-03T06:25:20.612+0000] {logging_mixin.py:188} INFO - [2024-06-03T06:25:20.612+0000] {dag.py:3096} INFO - Sync 1 DAGs
[2024-06-03T06:25:20.648+0000] {logging_mixin.py:188} INFO - [2024-06-03T06:25:20.648+0000] {dag.py:3954} INFO - Setting next_dagrun for example_short_circuit_operator to 2024-06-02 00:00:00+00:00, run_after=2024-06-03 00:00:00+00:00
[2024-06-03T06:25:20.667+0000] {processor.py:183} INFO - Processing /home/airflow/.local/lib/python3.12/site-packages/airflow/example_dags/example_short_circuit_operator.py took 0.088 seconds
[2024-06-03T06:25:51.307+0000] {processor.py:161} INFO - Started process (PID=103) to work on /home/airflow/.local/lib/python3.12/site-packages/airflow/example_dags/example_short_circuit_operator.py
[2024-06-03T06:25:51.308+0000] {processor.py:830} INFO - Processing file /home/airflow/.local/lib/python3.12/site-packages/airflow/example_dags/example_short_circuit_operator.py for tasks to queue
[2024-06-03T06:25:51.310+0000] {logging_mixin.py:188} INFO - [2024-06-03T06:25:51.310+0000] {dagbag.py:545} INFO - Filling up the DagBag from /home/airflow/.local/lib/python3.12/site-packages/airflow/example_dags/example_short_circuit_operator.py
[2024-06-03T06:25:51.316+0000] {processor.py:840} INFO - DAG(s) 'example_short_circuit_operator' retrieved from /home/airflow/.local/lib/python3.12/site-packages/airflow/example_dags/example_short_circuit_operator.py
[2024-06-03T06:25:51.376+0000] {logging_mixin.py:188} INFO - [2024-06-03T06:25:51.376+0000] {dag.py:3096} INFO - Sync 1 DAGs
[2024-06-03T06:25:51.387+0000] {logging_mixin.py:188} INFO - [2024-06-03T06:25:51.387+0000] {dag.py:3954} INFO - Setting next_dagrun for example_short_circuit_operator to 2024-06-02 00:00:00+00:00, run_after=2024-06-03 00:00:00+00:00
[2024-06-03T06:25:51.398+0000] {processor.py:183} INFO - Processing /home/airflow/.local/lib/python3.12/site-packages/airflow/example_dags/example_short_circuit_operator.py took 0.095 seconds
[2024-06-03T06:26:21.516+0000] {processor.py:161} INFO - Started process (PID=161) to work on /home/airflow/.local/lib/python3.12/site-packages/airflow/example_dags/example_short_circuit_operator.py
[2024-06-03T06:26:21.518+0000] {processor.py:830} INFO - Processing file /home/airflow/.local/lib/python3.12/site-packages/airflow/example_dags/example_short_circuit_operator.py for tasks to queue
[2024-06-03T06:26:21.520+0000] {logging_mixin.py:188} INFO - [2024-06-03T06:26:21.519+0000] {dagbag.py:545} INFO - Filling up the DagBag from /home/airflow/.local/lib/python3.12/site-packages/airflow/example_dags/example_short_circuit_operator.py
[2024-06-03T06:26:21.526+0000] {processor.py:840} INFO - DAG(s) 'example_short_circuit_operator' retrieved from /home/airflow/.local/lib/python3.12/site-packages/airflow/example_dags/example_short_circuit_operator.py
[2024-06-03T06:26:21.544+0000] {logging_mixin.py:188} INFO - [2024-06-03T06:26:21.544+0000] {dag.py:3096} INFO - Sync 1 DAGs
[2024-06-03T06:26:21.556+0000] {logging_mixin.py:188} INFO - [2024-06-03T06:26:21.556+0000] {dag.py:3954} INFO - Setting next_dagrun for example_short_circuit_operator to 2024-06-02 00:00:00+00:00, run_after=2024-06-03 00:00:00+00:00
[2024-06-03T06:26:21.568+0000] {processor.py:183} INFO - Processing /home/airflow/.local/lib/python3.12/site-packages/airflow/example_dags/example_short_circuit_operator.py took 0.056 seconds
[2024-06-03T06:26:52.251+0000] {processor.py:161} INFO - Started process (PID=219) to work on /home/airflow/.local/lib/python3.12/site-packages/airflow/example_dags/example_short_circuit_operator.py
[2024-06-03T06:26:52.252+0000] {processor.py:830} INFO - Processing file /home/airflow/.local/lib/python3.12/site-packages/airflow/example_dags/example_short_circuit_operator.py for tasks to queue
[2024-06-03T06:26:52.254+0000] {logging_mixin.py:188} INFO - [2024-06-03T06:26:52.254+0000] {dagbag.py:545} INFO - Filling up the DagBag from /home/airflow/.local/lib/python3.12/site-packages/airflow/example_dags/example_short_circuit_operator.py
[2024-06-03T06:26:52.260+0000] {processor.py:840} INFO - DAG(s) 'example_short_circuit_operator' retrieved from /home/airflow/.local/lib/python3.12/site-packages/airflow/example_dags/example_short_circuit_operator.py
[2024-06-03T06:26:52.277+0000] {logging_mixin.py:188} INFO - [2024-06-03T06:26:52.277+0000] {dag.py:3096} INFO - Sync 1 DAGs
[2024-06-03T06:26:52.291+0000] {logging_mixin.py:188} INFO - [2024-06-03T06:26:52.290+0000] {dag.py:3954} INFO - Setting next_dagrun for example_short_circuit_operator to 2024-06-02 00:00:00+00:00, run_after=2024-06-03 00:00:00+00:00
[2024-06-03T06:26:52.302+0000] {processor.py:183} INFO - Processing /home/airflow/.local/lib/python3.12/site-packages/airflow/example_dags/example_short_circuit_operator.py took 0.055 seconds
[2024-06-03T06:27:22.541+0000] {processor.py:161} INFO - Started process (PID=277) to work on /home/airflow/.local/lib/python3.12/site-packages/airflow/example_dags/example_short_circuit_operator.py
[2024-06-03T06:27:22.543+0000] {processor.py:830} INFO - Processing file /home/airflow/.local/lib/python3.12/site-packages/airflow/example_dags/example_short_circuit_operator.py for tasks to queue
[2024-06-03T06:27:22.545+0000] {logging_mixin.py:188} INFO - [2024-06-03T06:27:22.544+0000] {dagbag.py:545} INFO - Filling up the DagBag from /home/airflow/.local/lib/python3.12/site-packages/airflow/example_dags/example_short_circuit_operator.py
[2024-06-03T06:27:22.550+0000] {processor.py:840} INFO - DAG(s) 'example_short_circuit_operator' retrieved from /home/airflow/.local/lib/python3.12/site-packages/airflow/example_dags/example_short_circuit_operator.py
[2024-06-03T06:27:22.568+0000] {logging_mixin.py:188} INFO - [2024-06-03T06:27:22.568+0000] {dag.py:3096} INFO - Sync 1 DAGs
[2024-06-03T06:27:22.582+0000] {logging_mixin.py:188} INFO - [2024-06-03T06:27:22.582+0000] {dag.py:3954} INFO - Setting next_dagrun for example_short_circuit_operator to 2024-06-02 00:00:00+00:00, run_after=2024-06-03 00:00:00+00:00
[2024-06-03T06:27:22.593+0000] {processor.py:183} INFO - Processing /home/airflow/.local/lib/python3.12/site-packages/airflow/example_dags/example_short_circuit_operator.py took 0.056 seconds
