[2024-06-03T06:19:28.507+0000] {processor.py:161} INFO - Started process (PID=52) to work on /home/airflow/.local/lib/python3.12/site-packages/airflow/example_dags/example_task_group_decorator.py
[2024-06-03T06:19:28.510+0000] {processor.py:830} INFO - Processing file /home/airflow/.local/lib/python3.12/site-packages/airflow/example_dags/example_task_group_decorator.py for tasks to queue
[2024-06-03T06:19:28.513+0000] {logging_mixin.py:188} INFO - [2024-06-03T06:19:28.513+0000] {dagbag.py:545} INFO - Filling up the DagBag from /home/airflow/.local/lib/python3.12/site-packages/airflow/example_dags/example_task_group_decorator.py
[2024-06-03T06:19:28.539+0000] {processor.py:840} INFO - DAG(s) 'example_task_group_decorator' retrieved from /home/airflow/.local/lib/python3.12/site-packages/airflow/example_dags/example_task_group_decorator.py
[2024-06-03T06:19:28.559+0000] {logging_mixin.py:188} INFO - [2024-06-03T06:19:28.559+0000] {dag.py:3096} INFO - Sync 1 DAGs
[2024-06-03T06:19:28.580+0000] {logging_mixin.py:188} INFO - [2024-06-03T06:19:28.580+0000] {dag.py:3954} INFO - Setting next_dagrun for example_task_group_decorator to 2024-06-02 00:00:00+00:00, run_after=2024-06-03 00:00:00+00:00
[2024-06-03T06:19:28.592+0000] {processor.py:183} INFO - Processing /home/airflow/.local/lib/python3.12/site-packages/airflow/example_dags/example_task_group_decorator.py took 0.094 seconds
[2024-06-03T06:19:58.699+0000] {processor.py:161} INFO - Started process (PID=109) to work on /home/airflow/.local/lib/python3.12/site-packages/airflow/example_dags/example_task_group_decorator.py
[2024-06-03T06:19:58.700+0000] {processor.py:830} INFO - Processing file /home/airflow/.local/lib/python3.12/site-packages/airflow/example_dags/example_task_group_decorator.py for tasks to queue
[2024-06-03T06:19:58.702+0000] {logging_mixin.py:188} INFO - [2024-06-03T06:19:58.701+0000] {dagbag.py:545} INFO - Filling up the DagBag from /home/airflow/.local/lib/python3.12/site-packages/airflow/example_dags/example_task_group_decorator.py
[2024-06-03T06:19:58.711+0000] {processor.py:840} INFO - DAG(s) 'example_task_group_decorator' retrieved from /home/airflow/.local/lib/python3.12/site-packages/airflow/example_dags/example_task_group_decorator.py
[2024-06-03T06:19:58.773+0000] {logging_mixin.py:188} INFO - [2024-06-03T06:19:58.772+0000] {dag.py:3096} INFO - Sync 1 DAGs
[2024-06-03T06:19:58.784+0000] {logging_mixin.py:188} INFO - [2024-06-03T06:19:58.783+0000] {dag.py:3954} INFO - Setting next_dagrun for example_task_group_decorator to 2024-06-02 00:00:00+00:00, run_after=2024-06-03 00:00:00+00:00
[2024-06-03T06:19:58.794+0000] {processor.py:183} INFO - Processing /home/airflow/.local/lib/python3.12/site-packages/airflow/example_dags/example_task_group_decorator.py took 0.099 seconds
[2024-06-03T06:20:29.125+0000] {processor.py:161} INFO - Started process (PID=167) to work on /home/airflow/.local/lib/python3.12/site-packages/airflow/example_dags/example_task_group_decorator.py
[2024-06-03T06:20:29.130+0000] {processor.py:830} INFO - Processing file /home/airflow/.local/lib/python3.12/site-packages/airflow/example_dags/example_task_group_decorator.py for tasks to queue
[2024-06-03T06:20:29.132+0000] {logging_mixin.py:188} INFO - [2024-06-03T06:20:29.132+0000] {dagbag.py:545} INFO - Filling up the DagBag from /home/airflow/.local/lib/python3.12/site-packages/airflow/example_dags/example_task_group_decorator.py
[2024-06-03T06:20:29.149+0000] {processor.py:840} INFO - DAG(s) 'example_task_group_decorator' retrieved from /home/airflow/.local/lib/python3.12/site-packages/airflow/example_dags/example_task_group_decorator.py
[2024-06-03T06:20:29.197+0000] {logging_mixin.py:188} INFO - [2024-06-03T06:20:29.197+0000] {dag.py:3096} INFO - Sync 1 DAGs
[2024-06-03T06:20:29.261+0000] {logging_mixin.py:188} INFO - [2024-06-03T06:20:29.260+0000] {dag.py:3954} INFO - Setting next_dagrun for example_task_group_decorator to 2024-06-02 00:00:00+00:00, run_after=2024-06-03 00:00:00+00:00
[2024-06-03T06:20:29.279+0000] {processor.py:183} INFO - Processing /home/airflow/.local/lib/python3.12/site-packages/airflow/example_dags/example_task_group_decorator.py took 0.161 seconds
[2024-06-03T06:20:59.397+0000] {processor.py:161} INFO - Started process (PID=225) to work on /home/airflow/.local/lib/python3.12/site-packages/airflow/example_dags/example_task_group_decorator.py
[2024-06-03T06:20:59.398+0000] {processor.py:830} INFO - Processing file /home/airflow/.local/lib/python3.12/site-packages/airflow/example_dags/example_task_group_decorator.py for tasks to queue
[2024-06-03T06:20:59.400+0000] {logging_mixin.py:188} INFO - [2024-06-03T06:20:59.400+0000] {dagbag.py:545} INFO - Filling up the DagBag from /home/airflow/.local/lib/python3.12/site-packages/airflow/example_dags/example_task_group_decorator.py
[2024-06-03T06:20:59.410+0000] {processor.py:840} INFO - DAG(s) 'example_task_group_decorator' retrieved from /home/airflow/.local/lib/python3.12/site-packages/airflow/example_dags/example_task_group_decorator.py
[2024-06-03T06:20:59.430+0000] {logging_mixin.py:188} INFO - [2024-06-03T06:20:59.429+0000] {dag.py:3096} INFO - Sync 1 DAGs
[2024-06-03T06:20:59.442+0000] {logging_mixin.py:188} INFO - [2024-06-03T06:20:59.442+0000] {dag.py:3954} INFO - Setting next_dagrun for example_task_group_decorator to 2024-06-02 00:00:00+00:00, run_after=2024-06-03 00:00:00+00:00
[2024-06-03T06:20:59.452+0000] {processor.py:183} INFO - Processing /home/airflow/.local/lib/python3.12/site-packages/airflow/example_dags/example_task_group_decorator.py took 0.059 seconds
[2024-06-03T06:21:29.567+0000] {processor.py:161} INFO - Started process (PID=283) to work on /home/airflow/.local/lib/python3.12/site-packages/airflow/example_dags/example_task_group_decorator.py
[2024-06-03T06:21:29.569+0000] {processor.py:830} INFO - Processing file /home/airflow/.local/lib/python3.12/site-packages/airflow/example_dags/example_task_group_decorator.py for tasks to queue
[2024-06-03T06:21:29.570+0000] {logging_mixin.py:188} INFO - [2024-06-03T06:21:29.570+0000] {dagbag.py:545} INFO - Filling up the DagBag from /home/airflow/.local/lib/python3.12/site-packages/airflow/example_dags/example_task_group_decorator.py
[2024-06-03T06:21:29.580+0000] {processor.py:840} INFO - DAG(s) 'example_task_group_decorator' retrieved from /home/airflow/.local/lib/python3.12/site-packages/airflow/example_dags/example_task_group_decorator.py
[2024-06-03T06:21:29.597+0000] {logging_mixin.py:188} INFO - [2024-06-03T06:21:29.597+0000] {dag.py:3096} INFO - Sync 1 DAGs
[2024-06-03T06:21:29.610+0000] {logging_mixin.py:188} INFO - [2024-06-03T06:21:29.610+0000] {dag.py:3954} INFO - Setting next_dagrun for example_task_group_decorator to 2024-06-02 00:00:00+00:00, run_after=2024-06-03 00:00:00+00:00
[2024-06-03T06:21:29.622+0000] {processor.py:183} INFO - Processing /home/airflow/.local/lib/python3.12/site-packages/airflow/example_dags/example_task_group_decorator.py took 0.059 seconds
[2024-06-03T06:22:00.174+0000] {processor.py:161} INFO - Started process (PID=341) to work on /home/airflow/.local/lib/python3.12/site-packages/airflow/example_dags/example_task_group_decorator.py
[2024-06-03T06:22:00.175+0000] {processor.py:830} INFO - Processing file /home/airflow/.local/lib/python3.12/site-packages/airflow/example_dags/example_task_group_decorator.py for tasks to queue
[2024-06-03T06:22:00.177+0000] {logging_mixin.py:188} INFO - [2024-06-03T06:22:00.176+0000] {dagbag.py:545} INFO - Filling up the DagBag from /home/airflow/.local/lib/python3.12/site-packages/airflow/example_dags/example_task_group_decorator.py
[2024-06-03T06:22:00.186+0000] {processor.py:840} INFO - DAG(s) 'example_task_group_decorator' retrieved from /home/airflow/.local/lib/python3.12/site-packages/airflow/example_dags/example_task_group_decorator.py
[2024-06-03T06:22:00.206+0000] {logging_mixin.py:188} INFO - [2024-06-03T06:22:00.205+0000] {dag.py:3096} INFO - Sync 1 DAGs
[2024-06-03T06:22:00.218+0000] {logging_mixin.py:188} INFO - [2024-06-03T06:22:00.218+0000] {dag.py:3954} INFO - Setting next_dagrun for example_task_group_decorator to 2024-06-02 00:00:00+00:00, run_after=2024-06-03 00:00:00+00:00
[2024-06-03T06:22:00.227+0000] {processor.py:183} INFO - Processing /home/airflow/.local/lib/python3.12/site-packages/airflow/example_dags/example_task_group_decorator.py took 0.058 seconds
[2024-06-03T06:22:31.289+0000] {processor.py:161} INFO - Started process (PID=399) to work on /home/airflow/.local/lib/python3.12/site-packages/airflow/example_dags/example_task_group_decorator.py
[2024-06-03T06:22:31.291+0000] {processor.py:830} INFO - Processing file /home/airflow/.local/lib/python3.12/site-packages/airflow/example_dags/example_task_group_decorator.py for tasks to queue
[2024-06-03T06:22:31.293+0000] {logging_mixin.py:188} INFO - [2024-06-03T06:22:31.292+0000] {dagbag.py:545} INFO - Filling up the DagBag from /home/airflow/.local/lib/python3.12/site-packages/airflow/example_dags/example_task_group_decorator.py
[2024-06-03T06:22:31.301+0000] {processor.py:840} INFO - DAG(s) 'example_task_group_decorator' retrieved from /home/airflow/.local/lib/python3.12/site-packages/airflow/example_dags/example_task_group_decorator.py
[2024-06-03T06:22:31.321+0000] {logging_mixin.py:188} INFO - [2024-06-03T06:22:31.321+0000] {dag.py:3096} INFO - Sync 1 DAGs
[2024-06-03T06:22:31.335+0000] {logging_mixin.py:188} INFO - [2024-06-03T06:22:31.335+0000] {dag.py:3954} INFO - Setting next_dagrun for example_task_group_decorator to 2024-06-02 00:00:00+00:00, run_after=2024-06-03 00:00:00+00:00
[2024-06-03T06:22:31.347+0000] {processor.py:183} INFO - Processing /home/airflow/.local/lib/python3.12/site-packages/airflow/example_dags/example_task_group_decorator.py took 0.062 seconds
[2024-06-03T06:23:01.996+0000] {processor.py:161} INFO - Started process (PID=457) to work on /home/airflow/.local/lib/python3.12/site-packages/airflow/example_dags/example_task_group_decorator.py
[2024-06-03T06:23:01.997+0000] {processor.py:830} INFO - Processing file /home/airflow/.local/lib/python3.12/site-packages/airflow/example_dags/example_task_group_decorator.py for tasks to queue
[2024-06-03T06:23:01.999+0000] {logging_mixin.py:188} INFO - [2024-06-03T06:23:01.999+0000] {dagbag.py:545} INFO - Filling up the DagBag from /home/airflow/.local/lib/python3.12/site-packages/airflow/example_dags/example_task_group_decorator.py
[2024-06-03T06:23:02.007+0000] {processor.py:840} INFO - DAG(s) 'example_task_group_decorator' retrieved from /home/airflow/.local/lib/python3.12/site-packages/airflow/example_dags/example_task_group_decorator.py
[2024-06-03T06:23:02.025+0000] {logging_mixin.py:188} INFO - [2024-06-03T06:23:02.025+0000] {dag.py:3096} INFO - Sync 1 DAGs
[2024-06-03T06:23:02.040+0000] {logging_mixin.py:188} INFO - [2024-06-03T06:23:02.040+0000] {dag.py:3954} INFO - Setting next_dagrun for example_task_group_decorator to 2024-06-02 00:00:00+00:00, run_after=2024-06-03 00:00:00+00:00
[2024-06-03T06:23:02.051+0000] {processor.py:183} INFO - Processing /home/airflow/.local/lib/python3.12/site-packages/airflow/example_dags/example_task_group_decorator.py took 0.059 seconds
[2024-06-03T06:25:21.056+0000] {processor.py:161} INFO - Started process (PID=53) to work on /home/airflow/.local/lib/python3.12/site-packages/airflow/example_dags/example_task_group_decorator.py
[2024-06-03T06:25:21.058+0000] {processor.py:830} INFO - Processing file /home/airflow/.local/lib/python3.12/site-packages/airflow/example_dags/example_task_group_decorator.py for tasks to queue
[2024-06-03T06:25:21.060+0000] {logging_mixin.py:188} INFO - [2024-06-03T06:25:21.060+0000] {dagbag.py:545} INFO - Filling up the DagBag from /home/airflow/.local/lib/python3.12/site-packages/airflow/example_dags/example_task_group_decorator.py
[2024-06-03T06:25:21.074+0000] {processor.py:840} INFO - DAG(s) 'example_task_group_decorator' retrieved from /home/airflow/.local/lib/python3.12/site-packages/airflow/example_dags/example_task_group_decorator.py
[2024-06-03T06:25:21.091+0000] {logging_mixin.py:188} INFO - [2024-06-03T06:25:21.091+0000] {dag.py:3096} INFO - Sync 1 DAGs
[2024-06-03T06:25:21.111+0000] {logging_mixin.py:188} INFO - [2024-06-03T06:25:21.111+0000] {dag.py:3954} INFO - Setting next_dagrun for example_task_group_decorator to 2024-06-02 00:00:00+00:00, run_after=2024-06-03 00:00:00+00:00
[2024-06-03T06:25:21.126+0000] {processor.py:183} INFO - Processing /home/airflow/.local/lib/python3.12/site-packages/airflow/example_dags/example_task_group_decorator.py took 0.079 seconds
[2024-06-03T06:25:51.881+0000] {processor.py:161} INFO - Started process (PID=111) to work on /home/airflow/.local/lib/python3.12/site-packages/airflow/example_dags/example_task_group_decorator.py
[2024-06-03T06:25:51.883+0000] {processor.py:830} INFO - Processing file /home/airflow/.local/lib/python3.12/site-packages/airflow/example_dags/example_task_group_decorator.py for tasks to queue
[2024-06-03T06:25:51.884+0000] {logging_mixin.py:188} INFO - [2024-06-03T06:25:51.884+0000] {dagbag.py:545} INFO - Filling up the DagBag from /home/airflow/.local/lib/python3.12/site-packages/airflow/example_dags/example_task_group_decorator.py
[2024-06-03T06:25:51.892+0000] {processor.py:840} INFO - DAG(s) 'example_task_group_decorator' retrieved from /home/airflow/.local/lib/python3.12/site-packages/airflow/example_dags/example_task_group_decorator.py
[2024-06-03T06:25:51.954+0000] {logging_mixin.py:188} INFO - [2024-06-03T06:25:51.954+0000] {dag.py:3096} INFO - Sync 1 DAGs
[2024-06-03T06:25:51.966+0000] {logging_mixin.py:188} INFO - [2024-06-03T06:25:51.965+0000] {dag.py:3954} INFO - Setting next_dagrun for example_task_group_decorator to 2024-06-02 00:00:00+00:00, run_after=2024-06-03 00:00:00+00:00
[2024-06-03T06:25:51.978+0000] {processor.py:183} INFO - Processing /home/airflow/.local/lib/python3.12/site-packages/airflow/example_dags/example_task_group_decorator.py took 0.101 seconds
[2024-06-03T06:26:22.872+0000] {processor.py:161} INFO - Started process (PID=169) to work on /home/airflow/.local/lib/python3.12/site-packages/airflow/example_dags/example_task_group_decorator.py
[2024-06-03T06:26:22.874+0000] {processor.py:830} INFO - Processing file /home/airflow/.local/lib/python3.12/site-packages/airflow/example_dags/example_task_group_decorator.py for tasks to queue
[2024-06-03T06:26:22.876+0000] {logging_mixin.py:188} INFO - [2024-06-03T06:26:22.876+0000] {dagbag.py:545} INFO - Filling up the DagBag from /home/airflow/.local/lib/python3.12/site-packages/airflow/example_dags/example_task_group_decorator.py
[2024-06-03T06:26:22.886+0000] {processor.py:840} INFO - DAG(s) 'example_task_group_decorator' retrieved from /home/airflow/.local/lib/python3.12/site-packages/airflow/example_dags/example_task_group_decorator.py
[2024-06-03T06:26:22.907+0000] {logging_mixin.py:188} INFO - [2024-06-03T06:26:22.907+0000] {dag.py:3096} INFO - Sync 1 DAGs
[2024-06-03T06:26:22.921+0000] {logging_mixin.py:188} INFO - [2024-06-03T06:26:22.920+0000] {dag.py:3954} INFO - Setting next_dagrun for example_task_group_decorator to 2024-06-02 00:00:00+00:00, run_after=2024-06-03 00:00:00+00:00
[2024-06-03T06:26:22.931+0000] {processor.py:183} INFO - Processing /home/airflow/.local/lib/python3.12/site-packages/airflow/example_dags/example_task_group_decorator.py took 0.063 seconds
[2024-06-03T06:26:53.776+0000] {processor.py:161} INFO - Started process (PID=227) to work on /home/airflow/.local/lib/python3.12/site-packages/airflow/example_dags/example_task_group_decorator.py
[2024-06-03T06:26:53.778+0000] {processor.py:830} INFO - Processing file /home/airflow/.local/lib/python3.12/site-packages/airflow/example_dags/example_task_group_decorator.py for tasks to queue
[2024-06-03T06:26:53.780+0000] {logging_mixin.py:188} INFO - [2024-06-03T06:26:53.780+0000] {dagbag.py:545} INFO - Filling up the DagBag from /home/airflow/.local/lib/python3.12/site-packages/airflow/example_dags/example_task_group_decorator.py
[2024-06-03T06:26:53.793+0000] {processor.py:840} INFO - DAG(s) 'example_task_group_decorator' retrieved from /home/airflow/.local/lib/python3.12/site-packages/airflow/example_dags/example_task_group_decorator.py
[2024-06-03T06:26:53.814+0000] {logging_mixin.py:188} INFO - [2024-06-03T06:26:53.814+0000] {dag.py:3096} INFO - Sync 1 DAGs
[2024-06-03T06:26:53.829+0000] {logging_mixin.py:188} INFO - [2024-06-03T06:26:53.829+0000] {dag.py:3954} INFO - Setting next_dagrun for example_task_group_decorator to 2024-06-02 00:00:00+00:00, run_after=2024-06-03 00:00:00+00:00
[2024-06-03T06:26:53.843+0000] {processor.py:183} INFO - Processing /home/airflow/.local/lib/python3.12/site-packages/airflow/example_dags/example_task_group_decorator.py took 0.071 seconds
[2024-06-03T06:27:23.926+0000] {processor.py:161} INFO - Started process (PID=285) to work on /home/airflow/.local/lib/python3.12/site-packages/airflow/example_dags/example_task_group_decorator.py
[2024-06-03T06:27:23.927+0000] {processor.py:830} INFO - Processing file /home/airflow/.local/lib/python3.12/site-packages/airflow/example_dags/example_task_group_decorator.py for tasks to queue
[2024-06-03T06:27:23.929+0000] {logging_mixin.py:188} INFO - [2024-06-03T06:27:23.929+0000] {dagbag.py:545} INFO - Filling up the DagBag from /home/airflow/.local/lib/python3.12/site-packages/airflow/example_dags/example_task_group_decorator.py
[2024-06-03T06:27:23.939+0000] {processor.py:840} INFO - DAG(s) 'example_task_group_decorator' retrieved from /home/airflow/.local/lib/python3.12/site-packages/airflow/example_dags/example_task_group_decorator.py
[2024-06-03T06:27:23.958+0000] {logging_mixin.py:188} INFO - [2024-06-03T06:27:23.958+0000] {dag.py:3096} INFO - Sync 1 DAGs
[2024-06-03T06:27:23.971+0000] {logging_mixin.py:188} INFO - [2024-06-03T06:27:23.971+0000] {dag.py:3954} INFO - Setting next_dagrun for example_task_group_decorator to 2024-06-02 00:00:00+00:00, run_after=2024-06-03 00:00:00+00:00
[2024-06-03T06:27:23.982+0000] {processor.py:183} INFO - Processing /home/airflow/.local/lib/python3.12/site-packages/airflow/example_dags/example_task_group_decorator.py took 0.060 seconds
