[2024-06-03T06:19:28.944+0000] {processor.py:161} INFO - Started process (PID=58) to work on /home/airflow/.local/lib/python3.12/site-packages/airflow/example_dags/example_skip_dag.py
[2024-06-03T06:19:28.953+0000] {processor.py:830} INFO - Processing file /home/airflow/.local/lib/python3.12/site-packages/airflow/example_dags/example_skip_dag.py for tasks to queue
[2024-06-03T06:19:28.955+0000] {logging_mixin.py:188} INFO - [2024-06-03T06:19:28.955+0000] {dagbag.py:545} INFO - Filling up the DagBag from /home/airflow/.local/lib/python3.12/site-packages/airflow/example_dags/example_skip_dag.py
[2024-06-03T06:19:28.962+0000] {processor.py:840} INFO - DAG(s) 'example_skip_dag' retrieved from /home/airflow/.local/lib/python3.12/site-packages/airflow/example_dags/example_skip_dag.py
[2024-06-03T06:19:28.980+0000] {logging_mixin.py:188} INFO - [2024-06-03T06:19:28.979+0000] {dag.py:3096} INFO - Sync 1 DAGs
[2024-06-03T06:19:29.021+0000] {logging_mixin.py:188} INFO - [2024-06-03T06:19:29.021+0000] {dag.py:3954} INFO - Setting next_dagrun for example_skip_dag to 2024-06-02 00:00:00+00:00, run_after=2024-06-03 00:00:00+00:00
[2024-06-03T06:19:29.037+0000] {processor.py:183} INFO - Processing /home/airflow/.local/lib/python3.12/site-packages/airflow/example_dags/example_skip_dag.py took 0.101 seconds
[2024-06-03T06:19:59.074+0000] {processor.py:161} INFO - Started process (PID=115) to work on /home/airflow/.local/lib/python3.12/site-packages/airflow/example_dags/example_skip_dag.py
[2024-06-03T06:19:59.076+0000] {processor.py:830} INFO - Processing file /home/airflow/.local/lib/python3.12/site-packages/airflow/example_dags/example_skip_dag.py for tasks to queue
[2024-06-03T06:19:59.077+0000] {logging_mixin.py:188} INFO - [2024-06-03T06:19:59.077+0000] {dagbag.py:545} INFO - Filling up the DagBag from /home/airflow/.local/lib/python3.12/site-packages/airflow/example_dags/example_skip_dag.py
[2024-06-03T06:19:59.082+0000] {processor.py:840} INFO - DAG(s) 'example_skip_dag' retrieved from /home/airflow/.local/lib/python3.12/site-packages/airflow/example_dags/example_skip_dag.py
[2024-06-03T06:19:59.138+0000] {logging_mixin.py:188} INFO - [2024-06-03T06:19:59.137+0000] {dag.py:3096} INFO - Sync 1 DAGs
[2024-06-03T06:19:59.149+0000] {logging_mixin.py:188} INFO - [2024-06-03T06:19:59.149+0000] {dag.py:3954} INFO - Setting next_dagrun for example_skip_dag to 2024-06-02 00:00:00+00:00, run_after=2024-06-03 00:00:00+00:00
[2024-06-03T06:19:59.160+0000] {processor.py:183} INFO - Processing /home/airflow/.local/lib/python3.12/site-packages/airflow/example_dags/example_skip_dag.py took 0.089 seconds
[2024-06-03T06:20:30.181+0000] {processor.py:161} INFO - Started process (PID=173) to work on /home/airflow/.local/lib/python3.12/site-packages/airflow/example_dags/example_skip_dag.py
[2024-06-03T06:20:30.185+0000] {processor.py:830} INFO - Processing file /home/airflow/.local/lib/python3.12/site-packages/airflow/example_dags/example_skip_dag.py for tasks to queue
[2024-06-03T06:20:30.193+0000] {logging_mixin.py:188} INFO - [2024-06-03T06:20:30.193+0000] {dagbag.py:545} INFO - Filling up the DagBag from /home/airflow/.local/lib/python3.12/site-packages/airflow/example_dags/example_skip_dag.py
[2024-06-03T06:20:30.203+0000] {processor.py:840} INFO - DAG(s) 'example_skip_dag' retrieved from /home/airflow/.local/lib/python3.12/site-packages/airflow/example_dags/example_skip_dag.py
[2024-06-03T06:20:30.285+0000] {logging_mixin.py:188} INFO - [2024-06-03T06:20:30.284+0000] {dag.py:3096} INFO - Sync 1 DAGs
[2024-06-03T06:20:30.318+0000] {logging_mixin.py:188} INFO - [2024-06-03T06:20:30.318+0000] {dag.py:3954} INFO - Setting next_dagrun for example_skip_dag to 2024-06-02 00:00:00+00:00, run_after=2024-06-03 00:00:00+00:00
[2024-06-03T06:20:30.345+0000] {processor.py:183} INFO - Processing /home/airflow/.local/lib/python3.12/site-packages/airflow/example_dags/example_skip_dag.py took 0.175 seconds
[2024-06-03T06:21:00.683+0000] {processor.py:161} INFO - Started process (PID=231) to work on /home/airflow/.local/lib/python3.12/site-packages/airflow/example_dags/example_skip_dag.py
[2024-06-03T06:21:00.685+0000] {processor.py:830} INFO - Processing file /home/airflow/.local/lib/python3.12/site-packages/airflow/example_dags/example_skip_dag.py for tasks to queue
[2024-06-03T06:21:00.687+0000] {logging_mixin.py:188} INFO - [2024-06-03T06:21:00.686+0000] {dagbag.py:545} INFO - Filling up the DagBag from /home/airflow/.local/lib/python3.12/site-packages/airflow/example_dags/example_skip_dag.py
[2024-06-03T06:21:00.692+0000] {processor.py:840} INFO - DAG(s) 'example_skip_dag' retrieved from /home/airflow/.local/lib/python3.12/site-packages/airflow/example_dags/example_skip_dag.py
[2024-06-03T06:21:00.708+0000] {logging_mixin.py:188} INFO - [2024-06-03T06:21:00.708+0000] {dag.py:3096} INFO - Sync 1 DAGs
[2024-06-03T06:21:00.720+0000] {logging_mixin.py:188} INFO - [2024-06-03T06:21:00.720+0000] {dag.py:3954} INFO - Setting next_dagrun for example_skip_dag to 2024-06-02 00:00:00+00:00, run_after=2024-06-03 00:00:00+00:00
[2024-06-03T06:21:00.730+0000] {processor.py:183} INFO - Processing /home/airflow/.local/lib/python3.12/site-packages/airflow/example_dags/example_skip_dag.py took 0.051 seconds
[2024-06-03T06:21:30.809+0000] {processor.py:161} INFO - Started process (PID=289) to work on /home/airflow/.local/lib/python3.12/site-packages/airflow/example_dags/example_skip_dag.py
[2024-06-03T06:21:30.810+0000] {processor.py:830} INFO - Processing file /home/airflow/.local/lib/python3.12/site-packages/airflow/example_dags/example_skip_dag.py for tasks to queue
[2024-06-03T06:21:30.812+0000] {logging_mixin.py:188} INFO - [2024-06-03T06:21:30.812+0000] {dagbag.py:545} INFO - Filling up the DagBag from /home/airflow/.local/lib/python3.12/site-packages/airflow/example_dags/example_skip_dag.py
[2024-06-03T06:21:30.817+0000] {processor.py:840} INFO - DAG(s) 'example_skip_dag' retrieved from /home/airflow/.local/lib/python3.12/site-packages/airflow/example_dags/example_skip_dag.py
[2024-06-03T06:21:30.833+0000] {logging_mixin.py:188} INFO - [2024-06-03T06:21:30.833+0000] {dag.py:3096} INFO - Sync 1 DAGs
[2024-06-03T06:21:30.845+0000] {logging_mixin.py:188} INFO - [2024-06-03T06:21:30.845+0000] {dag.py:3954} INFO - Setting next_dagrun for example_skip_dag to 2024-06-02 00:00:00+00:00, run_after=2024-06-03 00:00:00+00:00
[2024-06-03T06:21:30.856+0000] {processor.py:183} INFO - Processing /home/airflow/.local/lib/python3.12/site-packages/airflow/example_dags/example_skip_dag.py took 0.051 seconds
[2024-06-03T06:22:01.422+0000] {processor.py:161} INFO - Started process (PID=347) to work on /home/airflow/.local/lib/python3.12/site-packages/airflow/example_dags/example_skip_dag.py
[2024-06-03T06:22:01.423+0000] {processor.py:830} INFO - Processing file /home/airflow/.local/lib/python3.12/site-packages/airflow/example_dags/example_skip_dag.py for tasks to queue
[2024-06-03T06:22:01.425+0000] {logging_mixin.py:188} INFO - [2024-06-03T06:22:01.424+0000] {dagbag.py:545} INFO - Filling up the DagBag from /home/airflow/.local/lib/python3.12/site-packages/airflow/example_dags/example_skip_dag.py
[2024-06-03T06:22:01.430+0000] {processor.py:840} INFO - DAG(s) 'example_skip_dag' retrieved from /home/airflow/.local/lib/python3.12/site-packages/airflow/example_dags/example_skip_dag.py
[2024-06-03T06:22:01.446+0000] {logging_mixin.py:188} INFO - [2024-06-03T06:22:01.446+0000] {dag.py:3096} INFO - Sync 1 DAGs
[2024-06-03T06:22:01.458+0000] {logging_mixin.py:188} INFO - [2024-06-03T06:22:01.458+0000] {dag.py:3954} INFO - Setting next_dagrun for example_skip_dag to 2024-06-02 00:00:00+00:00, run_after=2024-06-03 00:00:00+00:00
[2024-06-03T06:22:01.470+0000] {processor.py:183} INFO - Processing /home/airflow/.local/lib/python3.12/site-packages/airflow/example_dags/example_skip_dag.py took 0.052 seconds
[2024-06-03T06:22:31.541+0000] {processor.py:161} INFO - Started process (PID=405) to work on /home/airflow/.local/lib/python3.12/site-packages/airflow/example_dags/example_skip_dag.py
[2024-06-03T06:22:31.543+0000] {processor.py:830} INFO - Processing file /home/airflow/.local/lib/python3.12/site-packages/airflow/example_dags/example_skip_dag.py for tasks to queue
[2024-06-03T06:22:31.545+0000] {logging_mixin.py:188} INFO - [2024-06-03T06:22:31.545+0000] {dagbag.py:545} INFO - Filling up the DagBag from /home/airflow/.local/lib/python3.12/site-packages/airflow/example_dags/example_skip_dag.py
[2024-06-03T06:22:31.550+0000] {processor.py:840} INFO - DAG(s) 'example_skip_dag' retrieved from /home/airflow/.local/lib/python3.12/site-packages/airflow/example_dags/example_skip_dag.py
[2024-06-03T06:22:31.568+0000] {logging_mixin.py:188} INFO - [2024-06-03T06:22:31.568+0000] {dag.py:3096} INFO - Sync 1 DAGs
[2024-06-03T06:22:31.581+0000] {logging_mixin.py:188} INFO - [2024-06-03T06:22:31.581+0000] {dag.py:3954} INFO - Setting next_dagrun for example_skip_dag to 2024-06-02 00:00:00+00:00, run_after=2024-06-03 00:00:00+00:00
[2024-06-03T06:22:31.592+0000] {processor.py:183} INFO - Processing /home/airflow/.local/lib/python3.12/site-packages/airflow/example_dags/example_skip_dag.py took 0.056 seconds
[2024-06-03T06:23:02.248+0000] {processor.py:161} INFO - Started process (PID=463) to work on /home/airflow/.local/lib/python3.12/site-packages/airflow/example_dags/example_skip_dag.py
[2024-06-03T06:23:02.249+0000] {processor.py:830} INFO - Processing file /home/airflow/.local/lib/python3.12/site-packages/airflow/example_dags/example_skip_dag.py for tasks to queue
[2024-06-03T06:23:02.251+0000] {logging_mixin.py:188} INFO - [2024-06-03T06:23:02.251+0000] {dagbag.py:545} INFO - Filling up the DagBag from /home/airflow/.local/lib/python3.12/site-packages/airflow/example_dags/example_skip_dag.py
[2024-06-03T06:23:02.256+0000] {processor.py:840} INFO - DAG(s) 'example_skip_dag' retrieved from /home/airflow/.local/lib/python3.12/site-packages/airflow/example_dags/example_skip_dag.py
[2024-06-03T06:23:02.273+0000] {logging_mixin.py:188} INFO - [2024-06-03T06:23:02.273+0000] {dag.py:3096} INFO - Sync 1 DAGs
[2024-06-03T06:23:02.291+0000] {logging_mixin.py:188} INFO - [2024-06-03T06:23:02.291+0000] {dag.py:3954} INFO - Setting next_dagrun for example_skip_dag to 2024-06-02 00:00:00+00:00, run_after=2024-06-03 00:00:00+00:00
[2024-06-03T06:23:02.301+0000] {processor.py:183} INFO - Processing /home/airflow/.local/lib/python3.12/site-packages/airflow/example_dags/example_skip_dag.py took 0.057 seconds
[2024-06-03T06:25:21.421+0000] {processor.py:161} INFO - Started process (PID=59) to work on /home/airflow/.local/lib/python3.12/site-packages/airflow/example_dags/example_skip_dag.py
[2024-06-03T06:25:21.423+0000] {processor.py:830} INFO - Processing file /home/airflow/.local/lib/python3.12/site-packages/airflow/example_dags/example_skip_dag.py for tasks to queue
[2024-06-03T06:25:21.425+0000] {logging_mixin.py:188} INFO - [2024-06-03T06:25:21.424+0000] {dagbag.py:545} INFO - Filling up the DagBag from /home/airflow/.local/lib/python3.12/site-packages/airflow/example_dags/example_skip_dag.py
[2024-06-03T06:25:21.432+0000] {processor.py:840} INFO - DAG(s) 'example_skip_dag' retrieved from /home/airflow/.local/lib/python3.12/site-packages/airflow/example_dags/example_skip_dag.py
[2024-06-03T06:25:21.459+0000] {logging_mixin.py:188} INFO - [2024-06-03T06:25:21.459+0000] {dag.py:3096} INFO - Sync 1 DAGs
[2024-06-03T06:25:21.500+0000] {logging_mixin.py:188} INFO - [2024-06-03T06:25:21.500+0000] {dag.py:3954} INFO - Setting next_dagrun for example_skip_dag to 2024-06-02 00:00:00+00:00, run_after=2024-06-03 00:00:00+00:00
[2024-06-03T06:25:21.531+0000] {processor.py:183} INFO - Processing /home/airflow/.local/lib/python3.12/site-packages/airflow/example_dags/example_skip_dag.py took 0.114 seconds
[2024-06-03T06:25:52.265+0000] {processor.py:161} INFO - Started process (PID=117) to work on /home/airflow/.local/lib/python3.12/site-packages/airflow/example_dags/example_skip_dag.py
[2024-06-03T06:25:52.267+0000] {processor.py:830} INFO - Processing file /home/airflow/.local/lib/python3.12/site-packages/airflow/example_dags/example_skip_dag.py for tasks to queue
[2024-06-03T06:25:52.268+0000] {logging_mixin.py:188} INFO - [2024-06-03T06:25:52.268+0000] {dagbag.py:545} INFO - Filling up the DagBag from /home/airflow/.local/lib/python3.12/site-packages/airflow/example_dags/example_skip_dag.py
[2024-06-03T06:25:52.274+0000] {processor.py:840} INFO - DAG(s) 'example_skip_dag' retrieved from /home/airflow/.local/lib/python3.12/site-packages/airflow/example_dags/example_skip_dag.py
[2024-06-03T06:25:52.333+0000] {logging_mixin.py:188} INFO - [2024-06-03T06:25:52.333+0000] {dag.py:3096} INFO - Sync 1 DAGs
[2024-06-03T06:25:52.346+0000] {logging_mixin.py:188} INFO - [2024-06-03T06:25:52.346+0000] {dag.py:3954} INFO - Setting next_dagrun for example_skip_dag to 2024-06-02 00:00:00+00:00, run_after=2024-06-03 00:00:00+00:00
[2024-06-03T06:25:52.357+0000] {processor.py:183} INFO - Processing /home/airflow/.local/lib/python3.12/site-packages/airflow/example_dags/example_skip_dag.py took 0.096 seconds
[2024-06-03T06:26:23.128+0000] {processor.py:161} INFO - Started process (PID=175) to work on /home/airflow/.local/lib/python3.12/site-packages/airflow/example_dags/example_skip_dag.py
[2024-06-03T06:26:23.129+0000] {processor.py:830} INFO - Processing file /home/airflow/.local/lib/python3.12/site-packages/airflow/example_dags/example_skip_dag.py for tasks to queue
[2024-06-03T06:26:23.131+0000] {logging_mixin.py:188} INFO - [2024-06-03T06:26:23.130+0000] {dagbag.py:545} INFO - Filling up the DagBag from /home/airflow/.local/lib/python3.12/site-packages/airflow/example_dags/example_skip_dag.py
[2024-06-03T06:26:23.136+0000] {processor.py:840} INFO - DAG(s) 'example_skip_dag' retrieved from /home/airflow/.local/lib/python3.12/site-packages/airflow/example_dags/example_skip_dag.py
[2024-06-03T06:26:23.154+0000] {logging_mixin.py:188} INFO - [2024-06-03T06:26:23.154+0000] {dag.py:3096} INFO - Sync 1 DAGs
[2024-06-03T06:26:23.168+0000] {logging_mixin.py:188} INFO - [2024-06-03T06:26:23.168+0000] {dag.py:3954} INFO - Setting next_dagrun for example_skip_dag to 2024-06-02 00:00:00+00:00, run_after=2024-06-03 00:00:00+00:00
[2024-06-03T06:26:23.179+0000] {processor.py:183} INFO - Processing /home/airflow/.local/lib/python3.12/site-packages/airflow/example_dags/example_skip_dag.py took 0.056 seconds
[2024-06-03T06:26:54.085+0000] {processor.py:161} INFO - Started process (PID=233) to work on /home/airflow/.local/lib/python3.12/site-packages/airflow/example_dags/example_skip_dag.py
[2024-06-03T06:26:54.086+0000] {processor.py:830} INFO - Processing file /home/airflow/.local/lib/python3.12/site-packages/airflow/example_dags/example_skip_dag.py for tasks to queue
[2024-06-03T06:26:54.089+0000] {logging_mixin.py:188} INFO - [2024-06-03T06:26:54.088+0000] {dagbag.py:545} INFO - Filling up the DagBag from /home/airflow/.local/lib/python3.12/site-packages/airflow/example_dags/example_skip_dag.py
[2024-06-03T06:26:54.094+0000] {processor.py:840} INFO - DAG(s) 'example_skip_dag' retrieved from /home/airflow/.local/lib/python3.12/site-packages/airflow/example_dags/example_skip_dag.py
[2024-06-03T06:26:54.113+0000] {logging_mixin.py:188} INFO - [2024-06-03T06:26:54.113+0000] {dag.py:3096} INFO - Sync 1 DAGs
[2024-06-03T06:26:54.127+0000] {logging_mixin.py:188} INFO - [2024-06-03T06:26:54.127+0000] {dag.py:3954} INFO - Setting next_dagrun for example_skip_dag to 2024-06-02 00:00:00+00:00, run_after=2024-06-03 00:00:00+00:00
[2024-06-03T06:26:54.140+0000] {processor.py:183} INFO - Processing /home/airflow/.local/lib/python3.12/site-packages/airflow/example_dags/example_skip_dag.py took 0.060 seconds
[2024-06-03T06:27:24.177+0000] {processor.py:161} INFO - Started process (PID=291) to work on /home/airflow/.local/lib/python3.12/site-packages/airflow/example_dags/example_skip_dag.py
[2024-06-03T06:27:24.179+0000] {processor.py:830} INFO - Processing file /home/airflow/.local/lib/python3.12/site-packages/airflow/example_dags/example_skip_dag.py for tasks to queue
[2024-06-03T06:27:24.181+0000] {logging_mixin.py:188} INFO - [2024-06-03T06:27:24.181+0000] {dagbag.py:545} INFO - Filling up the DagBag from /home/airflow/.local/lib/python3.12/site-packages/airflow/example_dags/example_skip_dag.py
[2024-06-03T06:27:24.187+0000] {processor.py:840} INFO - DAG(s) 'example_skip_dag' retrieved from /home/airflow/.local/lib/python3.12/site-packages/airflow/example_dags/example_skip_dag.py
[2024-06-03T06:27:24.207+0000] {logging_mixin.py:188} INFO - [2024-06-03T06:27:24.207+0000] {dag.py:3096} INFO - Sync 1 DAGs
[2024-06-03T06:27:24.221+0000] {logging_mixin.py:188} INFO - [2024-06-03T06:27:24.221+0000] {dag.py:3954} INFO - Setting next_dagrun for example_skip_dag to 2024-06-02 00:00:00+00:00, run_after=2024-06-03 00:00:00+00:00
[2024-06-03T06:27:24.231+0000] {processor.py:183} INFO - Processing /home/airflow/.local/lib/python3.12/site-packages/airflow/example_dags/example_skip_dag.py took 0.058 seconds
