[2024-06-03T06:19:28.319+0000] {processor.py:161} INFO - Started process (PID=49) to work on /home/airflow/.local/lib/python3.12/site-packages/airflow/example_dags/example_datasets.py
[2024-06-03T06:19:28.321+0000] {processor.py:830} INFO - Processing file /home/airflow/.local/lib/python3.12/site-packages/airflow/example_dags/example_datasets.py for tasks to queue
[2024-06-03T06:19:28.325+0000] {logging_mixin.py:188} INFO - [2024-06-03T06:19:28.324+0000] {dagbag.py:545} INFO - Filling up the DagBag from /home/airflow/.local/lib/python3.12/site-packages/airflow/example_dags/example_datasets.py
[2024-06-03T06:19:28.346+0000] {processor.py:840} INFO - DAG(s) 'dataset_produces_1', 'consume_1_and_2_with_dataset_expressions', 'consume_1_or_both_2_and_3_with_dataset_expressions', 'dataset_consumes_1_and_2', 'dataset_consumes_unknown_never_scheduled', 'dataset_consumes_1_never_scheduled', 'consume_1_or_2_with_dataset_expressions', 'conditional_dataset_and_time_based_timetable', 'dataset_consumes_1', 'dataset_produces_2' retrieved from /home/airflow/.local/lib/python3.12/site-packages/airflow/example_dags/example_datasets.py
[2024-06-03T06:19:28.382+0000] {logging_mixin.py:188} INFO - [2024-06-03T06:19:28.382+0000] {dag.py:3096} INFO - Sync 10 DAGs
[2024-06-03T06:19:28.413+0000] {logging_mixin.py:188} INFO - [2024-06-03T06:19:28.413+0000] {dag.py:3954} INFO - Setting next_dagrun for conditional_dataset_and_time_based_timetable to 2024-05-29 01:00:00+00:00, run_after=2024-05-29 01:00:00+00:00
[2024-06-03T06:19:28.416+0000] {logging_mixin.py:188} INFO - [2024-06-03T06:19:28.416+0000] {dag.py:3954} INFO - Setting next_dagrun for consume_1_and_2_with_dataset_expressions to None, run_after=None
[2024-06-03T06:19:28.418+0000] {logging_mixin.py:188} INFO - [2024-06-03T06:19:28.418+0000] {dag.py:3954} INFO - Setting next_dagrun for consume_1_or_2_with_dataset_expressions to None, run_after=None
[2024-06-03T06:19:28.420+0000] {logging_mixin.py:188} INFO - [2024-06-03T06:19:28.420+0000] {dag.py:3954} INFO - Setting next_dagrun for consume_1_or_both_2_and_3_with_dataset_expressions to None, run_after=None
[2024-06-03T06:19:28.421+0000] {logging_mixin.py:188} INFO - [2024-06-03T06:19:28.421+0000] {dag.py:3954} INFO - Setting next_dagrun for dataset_consumes_1 to None, run_after=None
[2024-06-03T06:19:28.423+0000] {logging_mixin.py:188} INFO - [2024-06-03T06:19:28.423+0000] {dag.py:3954} INFO - Setting next_dagrun for dataset_consumes_1_and_2 to None, run_after=None
[2024-06-03T06:19:28.424+0000] {logging_mixin.py:188} INFO - [2024-06-03T06:19:28.424+0000] {dag.py:3954} INFO - Setting next_dagrun for dataset_consumes_1_never_scheduled to None, run_after=None
[2024-06-03T06:19:28.426+0000] {logging_mixin.py:188} INFO - [2024-06-03T06:19:28.425+0000] {dag.py:3954} INFO - Setting next_dagrun for dataset_consumes_unknown_never_scheduled to None, run_after=None
[2024-06-03T06:19:28.427+0000] {logging_mixin.py:188} INFO - [2024-06-03T06:19:28.427+0000] {dag.py:3954} INFO - Setting next_dagrun for dataset_produces_1 to 2024-06-02 00:00:00+00:00, run_after=2024-06-03 00:00:00+00:00
[2024-06-03T06:19:28.429+0000] {logging_mixin.py:188} INFO - [2024-06-03T06:19:28.429+0000] {dag.py:3954} INFO - Setting next_dagrun for dataset_produces_2 to None, run_after=None
[2024-06-03T06:19:28.466+0000] {processor.py:183} INFO - Processing /home/airflow/.local/lib/python3.12/site-packages/airflow/example_dags/example_datasets.py took 0.155 seconds
[2024-06-03T06:19:58.500+0000] {processor.py:161} INFO - Started process (PID=106) to work on /home/airflow/.local/lib/python3.12/site-packages/airflow/example_dags/example_datasets.py
[2024-06-03T06:19:58.501+0000] {processor.py:830} INFO - Processing file /home/airflow/.local/lib/python3.12/site-packages/airflow/example_dags/example_datasets.py for tasks to queue
[2024-06-03T06:19:58.502+0000] {logging_mixin.py:188} INFO - [2024-06-03T06:19:58.502+0000] {dagbag.py:545} INFO - Filling up the DagBag from /home/airflow/.local/lib/python3.12/site-packages/airflow/example_dags/example_datasets.py
[2024-06-03T06:19:58.512+0000] {processor.py:840} INFO - DAG(s) 'consume_1_and_2_with_dataset_expressions', 'dataset_produces_1', 'dataset_produces_2', 'consume_1_or_2_with_dataset_expressions', 'dataset_consumes_unknown_never_scheduled', 'consume_1_or_both_2_and_3_with_dataset_expressions', 'conditional_dataset_and_time_based_timetable', 'dataset_consumes_1_never_scheduled', 'dataset_consumes_1_and_2', 'dataset_consumes_1' retrieved from /home/airflow/.local/lib/python3.12/site-packages/airflow/example_dags/example_datasets.py
[2024-06-03T06:19:58.611+0000] {logging_mixin.py:188} INFO - [2024-06-03T06:19:58.611+0000] {dag.py:3096} INFO - Sync 10 DAGs
[2024-06-03T06:19:58.623+0000] {logging_mixin.py:188} INFO - [2024-06-03T06:19:58.623+0000] {dag.py:3954} INFO - Setting next_dagrun for conditional_dataset_and_time_based_timetable to 2024-05-29 01:00:00+00:00, run_after=2024-05-29 01:00:00+00:00
[2024-06-03T06:19:58.626+0000] {logging_mixin.py:188} INFO - [2024-06-03T06:19:58.625+0000] {dag.py:3954} INFO - Setting next_dagrun for consume_1_and_2_with_dataset_expressions to None, run_after=None
[2024-06-03T06:19:58.627+0000] {logging_mixin.py:188} INFO - [2024-06-03T06:19:58.627+0000] {dag.py:3954} INFO - Setting next_dagrun for consume_1_or_2_with_dataset_expressions to None, run_after=None
[2024-06-03T06:19:58.628+0000] {logging_mixin.py:188} INFO - [2024-06-03T06:19:58.628+0000] {dag.py:3954} INFO - Setting next_dagrun for consume_1_or_both_2_and_3_with_dataset_expressions to None, run_after=None
[2024-06-03T06:19:58.629+0000] {logging_mixin.py:188} INFO - [2024-06-03T06:19:58.629+0000] {dag.py:3954} INFO - Setting next_dagrun for dataset_consumes_1 to None, run_after=None
[2024-06-03T06:19:58.630+0000] {logging_mixin.py:188} INFO - [2024-06-03T06:19:58.630+0000] {dag.py:3954} INFO - Setting next_dagrun for dataset_consumes_1_and_2 to None, run_after=None
[2024-06-03T06:19:58.631+0000] {logging_mixin.py:188} INFO - [2024-06-03T06:19:58.631+0000] {dag.py:3954} INFO - Setting next_dagrun for dataset_consumes_1_never_scheduled to None, run_after=None
[2024-06-03T06:19:58.638+0000] {logging_mixin.py:188} INFO - [2024-06-03T06:19:58.637+0000] {dag.py:3954} INFO - Setting next_dagrun for dataset_consumes_unknown_never_scheduled to None, run_after=None
[2024-06-03T06:19:58.640+0000] {logging_mixin.py:188} INFO - [2024-06-03T06:19:58.640+0000] {dag.py:3954} INFO - Setting next_dagrun for dataset_produces_1 to 2024-06-02 00:00:00+00:00, run_after=2024-06-03 00:00:00+00:00
[2024-06-03T06:19:58.642+0000] {logging_mixin.py:188} INFO - [2024-06-03T06:19:58.642+0000] {dag.py:3954} INFO - Setting next_dagrun for dataset_produces_2 to None, run_after=None
[2024-06-03T06:19:58.669+0000] {processor.py:183} INFO - Processing /home/airflow/.local/lib/python3.12/site-packages/airflow/example_dags/example_datasets.py took 0.174 seconds
[2024-06-03T06:20:28.911+0000] {processor.py:161} INFO - Started process (PID=164) to work on /home/airflow/.local/lib/python3.12/site-packages/airflow/example_dags/example_datasets.py
[2024-06-03T06:20:28.913+0000] {processor.py:830} INFO - Processing file /home/airflow/.local/lib/python3.12/site-packages/airflow/example_dags/example_datasets.py for tasks to queue
[2024-06-03T06:20:28.915+0000] {logging_mixin.py:188} INFO - [2024-06-03T06:20:28.914+0000] {dagbag.py:545} INFO - Filling up the DagBag from /home/airflow/.local/lib/python3.12/site-packages/airflow/example_dags/example_datasets.py
[2024-06-03T06:20:28.925+0000] {processor.py:840} INFO - DAG(s) 'dataset_consumes_1', 'consume_1_or_both_2_and_3_with_dataset_expressions', 'consume_1_or_2_with_dataset_expressions', 'dataset_produces_2', 'consume_1_and_2_with_dataset_expressions', 'dataset_consumes_1_and_2', 'dataset_consumes_1_never_scheduled', 'dataset_consumes_unknown_never_scheduled', 'dataset_produces_1', 'conditional_dataset_and_time_based_timetable' retrieved from /home/airflow/.local/lib/python3.12/site-packages/airflow/example_dags/example_datasets.py
[2024-06-03T06:20:28.960+0000] {logging_mixin.py:188} INFO - [2024-06-03T06:20:28.959+0000] {dag.py:3096} INFO - Sync 10 DAGs
[2024-06-03T06:20:28.976+0000] {logging_mixin.py:188} INFO - [2024-06-03T06:20:28.976+0000] {dag.py:3954} INFO - Setting next_dagrun for conditional_dataset_and_time_based_timetable to 2024-05-29 01:00:00+00:00, run_after=2024-05-29 01:00:00+00:00
[2024-06-03T06:20:28.979+0000] {logging_mixin.py:188} INFO - [2024-06-03T06:20:28.979+0000] {dag.py:3954} INFO - Setting next_dagrun for consume_1_and_2_with_dataset_expressions to None, run_after=None
[2024-06-03T06:20:28.980+0000] {logging_mixin.py:188} INFO - [2024-06-03T06:20:28.980+0000] {dag.py:3954} INFO - Setting next_dagrun for consume_1_or_2_with_dataset_expressions to None, run_after=None
[2024-06-03T06:20:28.982+0000] {logging_mixin.py:188} INFO - [2024-06-03T06:20:28.981+0000] {dag.py:3954} INFO - Setting next_dagrun for consume_1_or_both_2_and_3_with_dataset_expressions to None, run_after=None
[2024-06-03T06:20:28.983+0000] {logging_mixin.py:188} INFO - [2024-06-03T06:20:28.983+0000] {dag.py:3954} INFO - Setting next_dagrun for dataset_consumes_1 to None, run_after=None
[2024-06-03T06:20:28.984+0000] {logging_mixin.py:188} INFO - [2024-06-03T06:20:28.984+0000] {dag.py:3954} INFO - Setting next_dagrun for dataset_consumes_1_and_2 to None, run_after=None
[2024-06-03T06:20:28.985+0000] {logging_mixin.py:188} INFO - [2024-06-03T06:20:28.985+0000] {dag.py:3954} INFO - Setting next_dagrun for dataset_consumes_1_never_scheduled to None, run_after=None
[2024-06-03T06:20:28.986+0000] {logging_mixin.py:188} INFO - [2024-06-03T06:20:28.986+0000] {dag.py:3954} INFO - Setting next_dagrun for dataset_consumes_unknown_never_scheduled to None, run_after=None
[2024-06-03T06:20:28.988+0000] {logging_mixin.py:188} INFO - [2024-06-03T06:20:28.988+0000] {dag.py:3954} INFO - Setting next_dagrun for dataset_produces_1 to 2024-06-02 00:00:00+00:00, run_after=2024-06-03 00:00:00+00:00
[2024-06-03T06:20:28.989+0000] {logging_mixin.py:188} INFO - [2024-06-03T06:20:28.989+0000] {dag.py:3954} INFO - Setting next_dagrun for dataset_produces_2 to None, run_after=None
[2024-06-03T06:20:29.039+0000] {processor.py:183} INFO - Processing /home/airflow/.local/lib/python3.12/site-packages/airflow/example_dags/example_datasets.py took 0.133 seconds
[2024-06-03T06:20:59.255+0000] {processor.py:161} INFO - Started process (PID=222) to work on /home/airflow/.local/lib/python3.12/site-packages/airflow/example_dags/example_datasets.py
[2024-06-03T06:20:59.256+0000] {processor.py:830} INFO - Processing file /home/airflow/.local/lib/python3.12/site-packages/airflow/example_dags/example_datasets.py for tasks to queue
[2024-06-03T06:20:59.258+0000] {logging_mixin.py:188} INFO - [2024-06-03T06:20:59.258+0000] {dagbag.py:545} INFO - Filling up the DagBag from /home/airflow/.local/lib/python3.12/site-packages/airflow/example_dags/example_datasets.py
[2024-06-03T06:20:59.268+0000] {processor.py:840} INFO - DAG(s) 'consume_1_or_2_with_dataset_expressions', 'dataset_consumes_1_and_2', 'conditional_dataset_and_time_based_timetable', 'dataset_produces_2', 'dataset_consumes_unknown_never_scheduled', 'dataset_consumes_1', 'consume_1_and_2_with_dataset_expressions', 'consume_1_or_both_2_and_3_with_dataset_expressions', 'dataset_produces_1', 'dataset_consumes_1_never_scheduled' retrieved from /home/airflow/.local/lib/python3.12/site-packages/airflow/example_dags/example_datasets.py
[2024-06-03T06:20:59.301+0000] {logging_mixin.py:188} INFO - [2024-06-03T06:20:59.300+0000] {dag.py:3096} INFO - Sync 10 DAGs
[2024-06-03T06:20:59.324+0000] {logging_mixin.py:188} INFO - [2024-06-03T06:20:59.323+0000] {dag.py:3954} INFO - Setting next_dagrun for conditional_dataset_and_time_based_timetable to 2024-05-29 01:00:00+00:00, run_after=2024-05-29 01:00:00+00:00
[2024-06-03T06:20:59.328+0000] {logging_mixin.py:188} INFO - [2024-06-03T06:20:59.327+0000] {dag.py:3954} INFO - Setting next_dagrun for consume_1_and_2_with_dataset_expressions to None, run_after=None
[2024-06-03T06:20:59.329+0000] {logging_mixin.py:188} INFO - [2024-06-03T06:20:59.329+0000] {dag.py:3954} INFO - Setting next_dagrun for consume_1_or_2_with_dataset_expressions to None, run_after=None
[2024-06-03T06:20:59.332+0000] {logging_mixin.py:188} INFO - [2024-06-03T06:20:59.331+0000] {dag.py:3954} INFO - Setting next_dagrun for consume_1_or_both_2_and_3_with_dataset_expressions to None, run_after=None
[2024-06-03T06:20:59.334+0000] {logging_mixin.py:188} INFO - [2024-06-03T06:20:59.334+0000] {dag.py:3954} INFO - Setting next_dagrun for dataset_consumes_1 to None, run_after=None
[2024-06-03T06:20:59.335+0000] {logging_mixin.py:188} INFO - [2024-06-03T06:20:59.335+0000] {dag.py:3954} INFO - Setting next_dagrun for dataset_consumes_1_and_2 to None, run_after=None
[2024-06-03T06:20:59.337+0000] {logging_mixin.py:188} INFO - [2024-06-03T06:20:59.337+0000] {dag.py:3954} INFO - Setting next_dagrun for dataset_consumes_1_never_scheduled to None, run_after=None
[2024-06-03T06:20:59.338+0000] {logging_mixin.py:188} INFO - [2024-06-03T06:20:59.338+0000] {dag.py:3954} INFO - Setting next_dagrun for dataset_consumes_unknown_never_scheduled to None, run_after=None
[2024-06-03T06:20:59.340+0000] {logging_mixin.py:188} INFO - [2024-06-03T06:20:59.340+0000] {dag.py:3954} INFO - Setting next_dagrun for dataset_produces_1 to 2024-06-02 00:00:00+00:00, run_after=2024-06-03 00:00:00+00:00
[2024-06-03T06:20:59.341+0000] {logging_mixin.py:188} INFO - [2024-06-03T06:20:59.341+0000] {dag.py:3954} INFO - Setting next_dagrun for dataset_produces_2 to None, run_after=None
[2024-06-03T06:20:59.367+0000] {processor.py:183} INFO - Processing /home/airflow/.local/lib/python3.12/site-packages/airflow/example_dags/example_datasets.py took 0.116 seconds
[2024-06-03T06:21:29.467+0000] {processor.py:161} INFO - Started process (PID=281) to work on /home/airflow/.local/lib/python3.12/site-packages/airflow/example_dags/example_datasets.py
[2024-06-03T06:21:29.469+0000] {processor.py:830} INFO - Processing file /home/airflow/.local/lib/python3.12/site-packages/airflow/example_dags/example_datasets.py for tasks to queue
[2024-06-03T06:21:29.470+0000] {logging_mixin.py:188} INFO - [2024-06-03T06:21:29.470+0000] {dagbag.py:545} INFO - Filling up the DagBag from /home/airflow/.local/lib/python3.12/site-packages/airflow/example_dags/example_datasets.py
[2024-06-03T06:21:29.481+0000] {processor.py:840} INFO - DAG(s) 'dataset_consumes_unknown_never_scheduled', 'conditional_dataset_and_time_based_timetable', 'dataset_consumes_1_and_2', 'dataset_produces_2', 'consume_1_or_2_with_dataset_expressions', 'dataset_consumes_1_never_scheduled', 'consume_1_or_both_2_and_3_with_dataset_expressions', 'dataset_produces_1', 'consume_1_and_2_with_dataset_expressions', 'dataset_consumes_1' retrieved from /home/airflow/.local/lib/python3.12/site-packages/airflow/example_dags/example_datasets.py
[2024-06-03T06:21:29.508+0000] {logging_mixin.py:188} INFO - [2024-06-03T06:21:29.508+0000] {dag.py:3096} INFO - Sync 10 DAGs
[2024-06-03T06:21:29.523+0000] {logging_mixin.py:188} INFO - [2024-06-03T06:21:29.522+0000] {dag.py:3954} INFO - Setting next_dagrun for conditional_dataset_and_time_based_timetable to 2024-05-29 01:00:00+00:00, run_after=2024-05-29 01:00:00+00:00
[2024-06-03T06:21:29.525+0000] {logging_mixin.py:188} INFO - [2024-06-03T06:21:29.525+0000] {dag.py:3954} INFO - Setting next_dagrun for consume_1_and_2_with_dataset_expressions to None, run_after=None
[2024-06-03T06:21:29.527+0000] {logging_mixin.py:188} INFO - [2024-06-03T06:21:29.527+0000] {dag.py:3954} INFO - Setting next_dagrun for consume_1_or_2_with_dataset_expressions to None, run_after=None
[2024-06-03T06:21:29.528+0000] {logging_mixin.py:188} INFO - [2024-06-03T06:21:29.528+0000] {dag.py:3954} INFO - Setting next_dagrun for consume_1_or_both_2_and_3_with_dataset_expressions to None, run_after=None
[2024-06-03T06:21:29.529+0000] {logging_mixin.py:188} INFO - [2024-06-03T06:21:29.529+0000] {dag.py:3954} INFO - Setting next_dagrun for dataset_consumes_1 to None, run_after=None
[2024-06-03T06:21:29.530+0000] {logging_mixin.py:188} INFO - [2024-06-03T06:21:29.530+0000] {dag.py:3954} INFO - Setting next_dagrun for dataset_consumes_1_and_2 to None, run_after=None
[2024-06-03T06:21:29.531+0000] {logging_mixin.py:188} INFO - [2024-06-03T06:21:29.531+0000] {dag.py:3954} INFO - Setting next_dagrun for dataset_consumes_1_never_scheduled to None, run_after=None
[2024-06-03T06:21:29.533+0000] {logging_mixin.py:188} INFO - [2024-06-03T06:21:29.533+0000] {dag.py:3954} INFO - Setting next_dagrun for dataset_consumes_unknown_never_scheduled to None, run_after=None
[2024-06-03T06:21:29.534+0000] {logging_mixin.py:188} INFO - [2024-06-03T06:21:29.534+0000] {dag.py:3954} INFO - Setting next_dagrun for dataset_produces_1 to 2024-06-02 00:00:00+00:00, run_after=2024-06-03 00:00:00+00:00
[2024-06-03T06:21:29.535+0000] {logging_mixin.py:188} INFO - [2024-06-03T06:21:29.535+0000] {dag.py:3954} INFO - Setting next_dagrun for dataset_produces_2 to None, run_after=None
[2024-06-03T06:21:29.553+0000] {processor.py:183} INFO - Processing /home/airflow/.local/lib/python3.12/site-packages/airflow/example_dags/example_datasets.py took 0.090 seconds
[2024-06-03T06:22:00.085+0000] {processor.py:161} INFO - Started process (PID=339) to work on /home/airflow/.local/lib/python3.12/site-packages/airflow/example_dags/example_datasets.py
[2024-06-03T06:22:00.087+0000] {processor.py:830} INFO - Processing file /home/airflow/.local/lib/python3.12/site-packages/airflow/example_dags/example_datasets.py for tasks to queue
[2024-06-03T06:22:00.089+0000] {logging_mixin.py:188} INFO - [2024-06-03T06:22:00.089+0000] {dagbag.py:545} INFO - Filling up the DagBag from /home/airflow/.local/lib/python3.12/site-packages/airflow/example_dags/example_datasets.py
[2024-06-03T06:22:00.102+0000] {processor.py:840} INFO - DAG(s) 'dataset_consumes_1_never_scheduled', 'dataset_produces_2', 'dataset_consumes_unknown_never_scheduled', 'conditional_dataset_and_time_based_timetable', 'dataset_consumes_1_and_2', 'consume_1_or_both_2_and_3_with_dataset_expressions', 'dataset_consumes_1', 'consume_1_or_2_with_dataset_expressions', 'consume_1_and_2_with_dataset_expressions', 'dataset_produces_1' retrieved from /home/airflow/.local/lib/python3.12/site-packages/airflow/example_dags/example_datasets.py
[2024-06-03T06:22:00.133+0000] {logging_mixin.py:188} INFO - [2024-06-03T06:22:00.132+0000] {dag.py:3096} INFO - Sync 10 DAGs
[2024-06-03T06:22:00.147+0000] {logging_mixin.py:188} INFO - [2024-06-03T06:22:00.147+0000] {dag.py:3954} INFO - Setting next_dagrun for conditional_dataset_and_time_based_timetable to 2024-05-29 01:00:00+00:00, run_after=2024-05-29 01:00:00+00:00
[2024-06-03T06:22:00.150+0000] {logging_mixin.py:188} INFO - [2024-06-03T06:22:00.150+0000] {dag.py:3954} INFO - Setting next_dagrun for consume_1_and_2_with_dataset_expressions to None, run_after=None
[2024-06-03T06:22:00.151+0000] {logging_mixin.py:188} INFO - [2024-06-03T06:22:00.151+0000] {dag.py:3954} INFO - Setting next_dagrun for consume_1_or_2_with_dataset_expressions to None, run_after=None
[2024-06-03T06:22:00.152+0000] {logging_mixin.py:188} INFO - [2024-06-03T06:22:00.152+0000] {dag.py:3954} INFO - Setting next_dagrun for consume_1_or_both_2_and_3_with_dataset_expressions to None, run_after=None
[2024-06-03T06:22:00.153+0000] {logging_mixin.py:188} INFO - [2024-06-03T06:22:00.153+0000] {dag.py:3954} INFO - Setting next_dagrun for dataset_consumes_1 to None, run_after=None
[2024-06-03T06:22:00.154+0000] {logging_mixin.py:188} INFO - [2024-06-03T06:22:00.154+0000] {dag.py:3954} INFO - Setting next_dagrun for dataset_consumes_1_and_2 to None, run_after=None
[2024-06-03T06:22:00.155+0000] {logging_mixin.py:188} INFO - [2024-06-03T06:22:00.155+0000] {dag.py:3954} INFO - Setting next_dagrun for dataset_consumes_1_never_scheduled to None, run_after=None
[2024-06-03T06:22:00.156+0000] {logging_mixin.py:188} INFO - [2024-06-03T06:22:00.156+0000] {dag.py:3954} INFO - Setting next_dagrun for dataset_consumes_unknown_never_scheduled to None, run_after=None
[2024-06-03T06:22:00.157+0000] {logging_mixin.py:188} INFO - [2024-06-03T06:22:00.157+0000] {dag.py:3954} INFO - Setting next_dagrun for dataset_produces_1 to 2024-06-02 00:00:00+00:00, run_after=2024-06-03 00:00:00+00:00
[2024-06-03T06:22:00.159+0000] {logging_mixin.py:188} INFO - [2024-06-03T06:22:00.159+0000] {dag.py:3954} INFO - Setting next_dagrun for dataset_produces_2 to None, run_after=None
[2024-06-03T06:22:00.178+0000] {processor.py:183} INFO - Processing /home/airflow/.local/lib/python3.12/site-packages/airflow/example_dags/example_datasets.py took 0.098 seconds
[2024-06-03T06:22:31.156+0000] {processor.py:161} INFO - Started process (PID=396) to work on /home/airflow/.local/lib/python3.12/site-packages/airflow/example_dags/example_datasets.py
[2024-06-03T06:22:31.157+0000] {processor.py:830} INFO - Processing file /home/airflow/.local/lib/python3.12/site-packages/airflow/example_dags/example_datasets.py for tasks to queue
[2024-06-03T06:22:31.159+0000] {logging_mixin.py:188} INFO - [2024-06-03T06:22:31.159+0000] {dagbag.py:545} INFO - Filling up the DagBag from /home/airflow/.local/lib/python3.12/site-packages/airflow/example_dags/example_datasets.py
[2024-06-03T06:22:31.169+0000] {processor.py:840} INFO - DAG(s) 'consume_1_and_2_with_dataset_expressions', 'consume_1_or_2_with_dataset_expressions', 'dataset_produces_2', 'dataset_produces_1', 'conditional_dataset_and_time_based_timetable', 'consume_1_or_both_2_and_3_with_dataset_expressions', 'dataset_consumes_unknown_never_scheduled', 'dataset_consumes_1', 'dataset_consumes_1_and_2', 'dataset_consumes_1_never_scheduled' retrieved from /home/airflow/.local/lib/python3.12/site-packages/airflow/example_dags/example_datasets.py
[2024-06-03T06:22:31.199+0000] {logging_mixin.py:188} INFO - [2024-06-03T06:22:31.199+0000] {dag.py:3096} INFO - Sync 10 DAGs
[2024-06-03T06:22:31.215+0000] {logging_mixin.py:188} INFO - [2024-06-03T06:22:31.214+0000] {dag.py:3954} INFO - Setting next_dagrun for conditional_dataset_and_time_based_timetable to 2024-05-29 01:00:00+00:00, run_after=2024-05-29 01:00:00+00:00
[2024-06-03T06:22:31.217+0000] {logging_mixin.py:188} INFO - [2024-06-03T06:22:31.217+0000] {dag.py:3954} INFO - Setting next_dagrun for consume_1_and_2_with_dataset_expressions to None, run_after=None
[2024-06-03T06:22:31.219+0000] {logging_mixin.py:188} INFO - [2024-06-03T06:22:31.219+0000] {dag.py:3954} INFO - Setting next_dagrun for consume_1_or_2_with_dataset_expressions to None, run_after=None
[2024-06-03T06:22:31.220+0000] {logging_mixin.py:188} INFO - [2024-06-03T06:22:31.220+0000] {dag.py:3954} INFO - Setting next_dagrun for consume_1_or_both_2_and_3_with_dataset_expressions to None, run_after=None
[2024-06-03T06:22:31.221+0000] {logging_mixin.py:188} INFO - [2024-06-03T06:22:31.221+0000] {dag.py:3954} INFO - Setting next_dagrun for dataset_consumes_1 to None, run_after=None
[2024-06-03T06:22:31.222+0000] {logging_mixin.py:188} INFO - [2024-06-03T06:22:31.222+0000] {dag.py:3954} INFO - Setting next_dagrun for dataset_consumes_1_and_2 to None, run_after=None
[2024-06-03T06:22:31.223+0000] {logging_mixin.py:188} INFO - [2024-06-03T06:22:31.223+0000] {dag.py:3954} INFO - Setting next_dagrun for dataset_consumes_1_never_scheduled to None, run_after=None
[2024-06-03T06:22:31.224+0000] {logging_mixin.py:188} INFO - [2024-06-03T06:22:31.224+0000] {dag.py:3954} INFO - Setting next_dagrun for dataset_consumes_unknown_never_scheduled to None, run_after=None
[2024-06-03T06:22:31.225+0000] {logging_mixin.py:188} INFO - [2024-06-03T06:22:31.225+0000] {dag.py:3954} INFO - Setting next_dagrun for dataset_produces_1 to 2024-06-02 00:00:00+00:00, run_after=2024-06-03 00:00:00+00:00
[2024-06-03T06:22:31.226+0000] {logging_mixin.py:188} INFO - [2024-06-03T06:22:31.226+0000] {dag.py:3954} INFO - Setting next_dagrun for dataset_produces_2 to None, run_after=None
[2024-06-03T06:22:31.244+0000] {processor.py:183} INFO - Processing /home/airflow/.local/lib/python3.12/site-packages/airflow/example_dags/example_datasets.py took 0.092 seconds
[2024-06-03T06:23:01.863+0000] {processor.py:161} INFO - Started process (PID=454) to work on /home/airflow/.local/lib/python3.12/site-packages/airflow/example_dags/example_datasets.py
[2024-06-03T06:23:01.864+0000] {processor.py:830} INFO - Processing file /home/airflow/.local/lib/python3.12/site-packages/airflow/example_dags/example_datasets.py for tasks to queue
[2024-06-03T06:23:01.866+0000] {logging_mixin.py:188} INFO - [2024-06-03T06:23:01.866+0000] {dagbag.py:545} INFO - Filling up the DagBag from /home/airflow/.local/lib/python3.12/site-packages/airflow/example_dags/example_datasets.py
[2024-06-03T06:23:01.875+0000] {processor.py:840} INFO - DAG(s) 'dataset_consumes_1', 'conditional_dataset_and_time_based_timetable', 'consume_1_or_2_with_dataset_expressions', 'dataset_consumes_unknown_never_scheduled', 'dataset_consumes_1_never_scheduled', 'consume_1_or_both_2_and_3_with_dataset_expressions', 'dataset_consumes_1_and_2', 'dataset_produces_2', 'dataset_produces_1', 'consume_1_and_2_with_dataset_expressions' retrieved from /home/airflow/.local/lib/python3.12/site-packages/airflow/example_dags/example_datasets.py
[2024-06-03T06:23:01.904+0000] {logging_mixin.py:188} INFO - [2024-06-03T06:23:01.904+0000] {dag.py:3096} INFO - Sync 10 DAGs
[2024-06-03T06:23:01.921+0000] {logging_mixin.py:188} INFO - [2024-06-03T06:23:01.921+0000] {dag.py:3954} INFO - Setting next_dagrun for conditional_dataset_and_time_based_timetable to 2024-05-29 01:00:00+00:00, run_after=2024-05-29 01:00:00+00:00
[2024-06-03T06:23:01.924+0000] {logging_mixin.py:188} INFO - [2024-06-03T06:23:01.924+0000] {dag.py:3954} INFO - Setting next_dagrun for consume_1_and_2_with_dataset_expressions to None, run_after=None
[2024-06-03T06:23:01.926+0000] {logging_mixin.py:188} INFO - [2024-06-03T06:23:01.926+0000] {dag.py:3954} INFO - Setting next_dagrun for consume_1_or_2_with_dataset_expressions to None, run_after=None
[2024-06-03T06:23:01.927+0000] {logging_mixin.py:188} INFO - [2024-06-03T06:23:01.927+0000] {dag.py:3954} INFO - Setting next_dagrun for consume_1_or_both_2_and_3_with_dataset_expressions to None, run_after=None
[2024-06-03T06:23:01.928+0000] {logging_mixin.py:188} INFO - [2024-06-03T06:23:01.928+0000] {dag.py:3954} INFO - Setting next_dagrun for dataset_consumes_1 to None, run_after=None
[2024-06-03T06:23:01.929+0000] {logging_mixin.py:188} INFO - [2024-06-03T06:23:01.929+0000] {dag.py:3954} INFO - Setting next_dagrun for dataset_consumes_1_and_2 to None, run_after=None
[2024-06-03T06:23:01.930+0000] {logging_mixin.py:188} INFO - [2024-06-03T06:23:01.930+0000] {dag.py:3954} INFO - Setting next_dagrun for dataset_consumes_1_never_scheduled to None, run_after=None
[2024-06-03T06:23:01.931+0000] {logging_mixin.py:188} INFO - [2024-06-03T06:23:01.931+0000] {dag.py:3954} INFO - Setting next_dagrun for dataset_consumes_unknown_never_scheduled to None, run_after=None
[2024-06-03T06:23:01.932+0000] {logging_mixin.py:188} INFO - [2024-06-03T06:23:01.932+0000] {dag.py:3954} INFO - Setting next_dagrun for dataset_produces_1 to 2024-06-02 00:00:00+00:00, run_after=2024-06-03 00:00:00+00:00
[2024-06-03T06:23:01.933+0000] {logging_mixin.py:188} INFO - [2024-06-03T06:23:01.933+0000] {dag.py:3954} INFO - Setting next_dagrun for dataset_produces_2 to None, run_after=None
[2024-06-03T06:23:01.952+0000] {processor.py:183} INFO - Processing /home/airflow/.local/lib/python3.12/site-packages/airflow/example_dags/example_datasets.py took 0.094 seconds
[2024-06-03T06:25:20.858+0000] {processor.py:161} INFO - Started process (PID=50) to work on /home/airflow/.local/lib/python3.12/site-packages/airflow/example_dags/example_datasets.py
[2024-06-03T06:25:20.861+0000] {processor.py:830} INFO - Processing file /home/airflow/.local/lib/python3.12/site-packages/airflow/example_dags/example_datasets.py for tasks to queue
[2024-06-03T06:25:20.864+0000] {logging_mixin.py:188} INFO - [2024-06-03T06:25:20.863+0000] {dagbag.py:545} INFO - Filling up the DagBag from /home/airflow/.local/lib/python3.12/site-packages/airflow/example_dags/example_datasets.py
[2024-06-03T06:25:20.885+0000] {processor.py:840} INFO - DAG(s) 'dataset_produces_1', 'dataset_consumes_unknown_never_scheduled', 'consume_1_or_both_2_and_3_with_dataset_expressions', 'consume_1_and_2_with_dataset_expressions', 'conditional_dataset_and_time_based_timetable', 'dataset_consumes_1_never_scheduled', 'consume_1_or_2_with_dataset_expressions', 'dataset_produces_2', 'dataset_consumes_1', 'dataset_consumes_1_and_2' retrieved from /home/airflow/.local/lib/python3.12/site-packages/airflow/example_dags/example_datasets.py
[2024-06-03T06:25:20.924+0000] {logging_mixin.py:188} INFO - [2024-06-03T06:25:20.924+0000] {dag.py:3096} INFO - Sync 10 DAGs
[2024-06-03T06:25:20.941+0000] {logging_mixin.py:188} INFO - [2024-06-03T06:25:20.941+0000] {dag.py:3954} INFO - Setting next_dagrun for conditional_dataset_and_time_based_timetable to 2024-05-29 01:00:00+00:00, run_after=2024-05-29 01:00:00+00:00
[2024-06-03T06:25:20.948+0000] {logging_mixin.py:188} INFO - [2024-06-03T06:25:20.948+0000] {dag.py:3954} INFO - Setting next_dagrun for consume_1_and_2_with_dataset_expressions to None, run_after=None
[2024-06-03T06:25:20.950+0000] {logging_mixin.py:188} INFO - [2024-06-03T06:25:20.949+0000] {dag.py:3954} INFO - Setting next_dagrun for consume_1_or_2_with_dataset_expressions to None, run_after=None
[2024-06-03T06:25:20.951+0000] {logging_mixin.py:188} INFO - [2024-06-03T06:25:20.951+0000] {dag.py:3954} INFO - Setting next_dagrun for consume_1_or_both_2_and_3_with_dataset_expressions to None, run_after=None
[2024-06-03T06:25:20.952+0000] {logging_mixin.py:188} INFO - [2024-06-03T06:25:20.952+0000] {dag.py:3954} INFO - Setting next_dagrun for dataset_consumes_1 to None, run_after=None
[2024-06-03T06:25:20.953+0000] {logging_mixin.py:188} INFO - [2024-06-03T06:25:20.953+0000] {dag.py:3954} INFO - Setting next_dagrun for dataset_consumes_1_and_2 to None, run_after=None
[2024-06-03T06:25:20.955+0000] {logging_mixin.py:188} INFO - [2024-06-03T06:25:20.955+0000] {dag.py:3954} INFO - Setting next_dagrun for dataset_consumes_1_never_scheduled to None, run_after=None
[2024-06-03T06:25:20.956+0000] {logging_mixin.py:188} INFO - [2024-06-03T06:25:20.956+0000] {dag.py:3954} INFO - Setting next_dagrun for dataset_consumes_unknown_never_scheduled to None, run_after=None
[2024-06-03T06:25:20.958+0000] {logging_mixin.py:188} INFO - [2024-06-03T06:25:20.958+0000] {dag.py:3954} INFO - Setting next_dagrun for dataset_produces_1 to 2024-06-02 00:00:00+00:00, run_after=2024-06-03 00:00:00+00:00
[2024-06-03T06:25:20.959+0000] {logging_mixin.py:188} INFO - [2024-06-03T06:25:20.959+0000] {dag.py:3954} INFO - Setting next_dagrun for dataset_produces_2 to None, run_after=None
[2024-06-03T06:25:20.983+0000] {processor.py:183} INFO - Processing /home/airflow/.local/lib/python3.12/site-packages/airflow/example_dags/example_datasets.py took 0.133 seconds
[2024-06-03T06:25:51.586+0000] {processor.py:161} INFO - Started process (PID=108) to work on /home/airflow/.local/lib/python3.12/site-packages/airflow/example_dags/example_datasets.py
[2024-06-03T06:25:51.587+0000] {processor.py:830} INFO - Processing file /home/airflow/.local/lib/python3.12/site-packages/airflow/example_dags/example_datasets.py for tasks to queue
[2024-06-03T06:25:51.589+0000] {logging_mixin.py:188} INFO - [2024-06-03T06:25:51.588+0000] {dagbag.py:545} INFO - Filling up the DagBag from /home/airflow/.local/lib/python3.12/site-packages/airflow/example_dags/example_datasets.py
[2024-06-03T06:25:51.598+0000] {processor.py:840} INFO - DAG(s) 'dataset_consumes_1_and_2', 'consume_1_or_both_2_and_3_with_dataset_expressions', 'dataset_consumes_1_never_scheduled', 'dataset_produces_1', 'dataset_consumes_unknown_never_scheduled', 'consume_1_or_2_with_dataset_expressions', 'consume_1_and_2_with_dataset_expressions', 'dataset_produces_2', 'dataset_consumes_1', 'conditional_dataset_and_time_based_timetable' retrieved from /home/airflow/.local/lib/python3.12/site-packages/airflow/example_dags/example_datasets.py
[2024-06-03T06:25:51.701+0000] {logging_mixin.py:188} INFO - [2024-06-03T06:25:51.701+0000] {dag.py:3096} INFO - Sync 10 DAGs
[2024-06-03T06:25:51.714+0000] {logging_mixin.py:188} INFO - [2024-06-03T06:25:51.713+0000] {dag.py:3954} INFO - Setting next_dagrun for conditional_dataset_and_time_based_timetable to 2024-05-29 01:00:00+00:00, run_after=2024-05-29 01:00:00+00:00
[2024-06-03T06:25:51.716+0000] {logging_mixin.py:188} INFO - [2024-06-03T06:25:51.716+0000] {dag.py:3954} INFO - Setting next_dagrun for consume_1_and_2_with_dataset_expressions to None, run_after=None
[2024-06-03T06:25:51.718+0000] {logging_mixin.py:188} INFO - [2024-06-03T06:25:51.718+0000] {dag.py:3954} INFO - Setting next_dagrun for consume_1_or_2_with_dataset_expressions to None, run_after=None
[2024-06-03T06:25:51.719+0000] {logging_mixin.py:188} INFO - [2024-06-03T06:25:51.719+0000] {dag.py:3954} INFO - Setting next_dagrun for consume_1_or_both_2_and_3_with_dataset_expressions to None, run_after=None
[2024-06-03T06:25:51.720+0000] {logging_mixin.py:188} INFO - [2024-06-03T06:25:51.720+0000] {dag.py:3954} INFO - Setting next_dagrun for dataset_consumes_1 to None, run_after=None
[2024-06-03T06:25:51.721+0000] {logging_mixin.py:188} INFO - [2024-06-03T06:25:51.721+0000] {dag.py:3954} INFO - Setting next_dagrun for dataset_consumes_1_and_2 to None, run_after=None
[2024-06-03T06:25:51.722+0000] {logging_mixin.py:188} INFO - [2024-06-03T06:25:51.722+0000] {dag.py:3954} INFO - Setting next_dagrun for dataset_consumes_1_never_scheduled to None, run_after=None
[2024-06-03T06:25:51.723+0000] {logging_mixin.py:188} INFO - [2024-06-03T06:25:51.723+0000] {dag.py:3954} INFO - Setting next_dagrun for dataset_consumes_unknown_never_scheduled to None, run_after=None
[2024-06-03T06:25:51.725+0000] {logging_mixin.py:188} INFO - [2024-06-03T06:25:51.725+0000] {dag.py:3954} INFO - Setting next_dagrun for dataset_produces_1 to 2024-06-02 00:00:00+00:00, run_after=2024-06-03 00:00:00+00:00
[2024-06-03T06:25:51.726+0000] {logging_mixin.py:188} INFO - [2024-06-03T06:25:51.726+0000] {dag.py:3954} INFO - Setting next_dagrun for dataset_produces_2 to None, run_after=None
[2024-06-03T06:25:51.747+0000] {processor.py:183} INFO - Processing /home/airflow/.local/lib/python3.12/site-packages/airflow/example_dags/example_datasets.py took 0.165 seconds
[2024-06-03T06:26:22.735+0000] {processor.py:161} INFO - Started process (PID=166) to work on /home/airflow/.local/lib/python3.12/site-packages/airflow/example_dags/example_datasets.py
[2024-06-03T06:26:22.738+0000] {processor.py:830} INFO - Processing file /home/airflow/.local/lib/python3.12/site-packages/airflow/example_dags/example_datasets.py for tasks to queue
[2024-06-03T06:26:22.741+0000] {logging_mixin.py:188} INFO - [2024-06-03T06:26:22.740+0000] {dagbag.py:545} INFO - Filling up the DagBag from /home/airflow/.local/lib/python3.12/site-packages/airflow/example_dags/example_datasets.py
[2024-06-03T06:26:22.754+0000] {processor.py:840} INFO - DAG(s) 'dataset_consumes_1', 'dataset_consumes_1_never_scheduled', 'conditional_dataset_and_time_based_timetable', 'dataset_consumes_unknown_never_scheduled', 'dataset_produces_1', 'consume_1_or_2_with_dataset_expressions', 'dataset_produces_2', 'dataset_consumes_1_and_2', 'consume_1_or_both_2_and_3_with_dataset_expressions', 'consume_1_and_2_with_dataset_expressions' retrieved from /home/airflow/.local/lib/python3.12/site-packages/airflow/example_dags/example_datasets.py
[2024-06-03T06:26:22.785+0000] {logging_mixin.py:188} INFO - [2024-06-03T06:26:22.785+0000] {dag.py:3096} INFO - Sync 10 DAGs
[2024-06-03T06:26:22.801+0000] {logging_mixin.py:188} INFO - [2024-06-03T06:26:22.801+0000] {dag.py:3954} INFO - Setting next_dagrun for conditional_dataset_and_time_based_timetable to 2024-05-29 01:00:00+00:00, run_after=2024-05-29 01:00:00+00:00
[2024-06-03T06:26:22.804+0000] {logging_mixin.py:188} INFO - [2024-06-03T06:26:22.804+0000] {dag.py:3954} INFO - Setting next_dagrun for consume_1_and_2_with_dataset_expressions to None, run_after=None
[2024-06-03T06:26:22.806+0000] {logging_mixin.py:188} INFO - [2024-06-03T06:26:22.806+0000] {dag.py:3954} INFO - Setting next_dagrun for consume_1_or_2_with_dataset_expressions to None, run_after=None
[2024-06-03T06:26:22.807+0000] {logging_mixin.py:188} INFO - [2024-06-03T06:26:22.807+0000] {dag.py:3954} INFO - Setting next_dagrun for consume_1_or_both_2_and_3_with_dataset_expressions to None, run_after=None
[2024-06-03T06:26:22.809+0000] {logging_mixin.py:188} INFO - [2024-06-03T06:26:22.809+0000] {dag.py:3954} INFO - Setting next_dagrun for dataset_consumes_1 to None, run_after=None
[2024-06-03T06:26:22.810+0000] {logging_mixin.py:188} INFO - [2024-06-03T06:26:22.810+0000] {dag.py:3954} INFO - Setting next_dagrun for dataset_consumes_1_and_2 to None, run_after=None
[2024-06-03T06:26:22.812+0000] {logging_mixin.py:188} INFO - [2024-06-03T06:26:22.812+0000] {dag.py:3954} INFO - Setting next_dagrun for dataset_consumes_1_never_scheduled to None, run_after=None
[2024-06-03T06:26:22.813+0000] {logging_mixin.py:188} INFO - [2024-06-03T06:26:22.813+0000] {dag.py:3954} INFO - Setting next_dagrun for dataset_consumes_unknown_never_scheduled to None, run_after=None
[2024-06-03T06:26:22.815+0000] {logging_mixin.py:188} INFO - [2024-06-03T06:26:22.815+0000] {dag.py:3954} INFO - Setting next_dagrun for dataset_produces_1 to 2024-06-02 00:00:00+00:00, run_after=2024-06-03 00:00:00+00:00
[2024-06-03T06:26:22.818+0000] {logging_mixin.py:188} INFO - [2024-06-03T06:26:22.818+0000] {dag.py:3954} INFO - Setting next_dagrun for dataset_produces_2 to None, run_after=None
[2024-06-03T06:26:22.844+0000] {processor.py:183} INFO - Processing /home/airflow/.local/lib/python3.12/site-packages/airflow/example_dags/example_datasets.py took 0.118 seconds
[2024-06-03T06:26:53.530+0000] {processor.py:161} INFO - Started process (PID=224) to work on /home/airflow/.local/lib/python3.12/site-packages/airflow/example_dags/example_datasets.py
[2024-06-03T06:26:53.536+0000] {processor.py:830} INFO - Processing file /home/airflow/.local/lib/python3.12/site-packages/airflow/example_dags/example_datasets.py for tasks to queue
[2024-06-03T06:26:53.551+0000] {logging_mixin.py:188} INFO - [2024-06-03T06:26:53.550+0000] {dagbag.py:545} INFO - Filling up the DagBag from /home/airflow/.local/lib/python3.12/site-packages/airflow/example_dags/example_datasets.py
[2024-06-03T06:26:53.593+0000] {processor.py:840} INFO - DAG(s) 'dataset_produces_2', 'dataset_consumes_unknown_never_scheduled', 'consume_1_or_2_with_dataset_expressions', 'dataset_consumes_1_and_2', 'dataset_consumes_1', 'conditional_dataset_and_time_based_timetable', 'dataset_consumes_1_never_scheduled', 'consume_1_and_2_with_dataset_expressions', 'dataset_produces_1', 'consume_1_or_both_2_and_3_with_dataset_expressions' retrieved from /home/airflow/.local/lib/python3.12/site-packages/airflow/example_dags/example_datasets.py
[2024-06-03T06:26:53.669+0000] {logging_mixin.py:188} INFO - [2024-06-03T06:26:53.669+0000] {dag.py:3096} INFO - Sync 10 DAGs
[2024-06-03T06:26:53.690+0000] {logging_mixin.py:188} INFO - [2024-06-03T06:26:53.690+0000] {dag.py:3954} INFO - Setting next_dagrun for conditional_dataset_and_time_based_timetable to 2024-05-29 01:00:00+00:00, run_after=2024-05-29 01:00:00+00:00
[2024-06-03T06:26:53.696+0000] {logging_mixin.py:188} INFO - [2024-06-03T06:26:53.696+0000] {dag.py:3954} INFO - Setting next_dagrun for consume_1_and_2_with_dataset_expressions to None, run_after=None
[2024-06-03T06:26:53.698+0000] {logging_mixin.py:188} INFO - [2024-06-03T06:26:53.697+0000] {dag.py:3954} INFO - Setting next_dagrun for consume_1_or_2_with_dataset_expressions to None, run_after=None
[2024-06-03T06:26:53.700+0000] {logging_mixin.py:188} INFO - [2024-06-03T06:26:53.700+0000] {dag.py:3954} INFO - Setting next_dagrun for consume_1_or_both_2_and_3_with_dataset_expressions to None, run_after=None
[2024-06-03T06:26:53.703+0000] {logging_mixin.py:188} INFO - [2024-06-03T06:26:53.703+0000] {dag.py:3954} INFO - Setting next_dagrun for dataset_consumes_1 to None, run_after=None
[2024-06-03T06:26:53.706+0000] {logging_mixin.py:188} INFO - [2024-06-03T06:26:53.706+0000] {dag.py:3954} INFO - Setting next_dagrun for dataset_consumes_1_and_2 to None, run_after=None
[2024-06-03T06:26:53.710+0000] {logging_mixin.py:188} INFO - [2024-06-03T06:26:53.709+0000] {dag.py:3954} INFO - Setting next_dagrun for dataset_consumes_1_never_scheduled to None, run_after=None
[2024-06-03T06:26:53.713+0000] {logging_mixin.py:188} INFO - [2024-06-03T06:26:53.712+0000] {dag.py:3954} INFO - Setting next_dagrun for dataset_consumes_unknown_never_scheduled to None, run_after=None
[2024-06-03T06:26:53.717+0000] {logging_mixin.py:188} INFO - [2024-06-03T06:26:53.717+0000] {dag.py:3954} INFO - Setting next_dagrun for dataset_produces_1 to 2024-06-02 00:00:00+00:00, run_after=2024-06-03 00:00:00+00:00
[2024-06-03T06:26:53.719+0000] {logging_mixin.py:188} INFO - [2024-06-03T06:26:53.719+0000] {dag.py:3954} INFO - Setting next_dagrun for dataset_produces_2 to None, run_after=None
[2024-06-03T06:26:53.745+0000] {processor.py:183} INFO - Processing /home/airflow/.local/lib/python3.12/site-packages/airflow/example_dags/example_datasets.py took 0.226 seconds
[2024-06-03T06:27:23.848+0000] {processor.py:161} INFO - Started process (PID=283) to work on /home/airflow/.local/lib/python3.12/site-packages/airflow/example_dags/example_datasets.py
[2024-06-03T06:27:23.850+0000] {processor.py:830} INFO - Processing file /home/airflow/.local/lib/python3.12/site-packages/airflow/example_dags/example_datasets.py for tasks to queue
[2024-06-03T06:27:23.851+0000] {logging_mixin.py:188} INFO - [2024-06-03T06:27:23.851+0000] {dagbag.py:545} INFO - Filling up the DagBag from /home/airflow/.local/lib/python3.12/site-packages/airflow/example_dags/example_datasets.py
[2024-06-03T06:27:23.861+0000] {processor.py:840} INFO - DAG(s) 'dataset_consumes_1_and_2', 'consume_1_or_2_with_dataset_expressions', 'dataset_produces_1', 'dataset_consumes_1', 'dataset_produces_2', 'conditional_dataset_and_time_based_timetable', 'consume_1_or_both_2_and_3_with_dataset_expressions', 'dataset_consumes_unknown_never_scheduled', 'consume_1_and_2_with_dataset_expressions', 'dataset_consumes_1_never_scheduled' retrieved from /home/airflow/.local/lib/python3.12/site-packages/airflow/example_dags/example_datasets.py
[2024-06-03T06:27:23.889+0000] {logging_mixin.py:188} INFO - [2024-06-03T06:27:23.889+0000] {dag.py:3096} INFO - Sync 10 DAGs
[2024-06-03T06:27:23.903+0000] {logging_mixin.py:188} INFO - [2024-06-03T06:27:23.903+0000] {dag.py:3954} INFO - Setting next_dagrun for conditional_dataset_and_time_based_timetable to 2024-05-29 01:00:00+00:00, run_after=2024-05-29 01:00:00+00:00
[2024-06-03T06:27:23.906+0000] {logging_mixin.py:188} INFO - [2024-06-03T06:27:23.906+0000] {dag.py:3954} INFO - Setting next_dagrun for consume_1_and_2_with_dataset_expressions to None, run_after=None
[2024-06-03T06:27:23.907+0000] {logging_mixin.py:188} INFO - [2024-06-03T06:27:23.907+0000] {dag.py:3954} INFO - Setting next_dagrun for consume_1_or_2_with_dataset_expressions to None, run_after=None
[2024-06-03T06:27:23.908+0000] {logging_mixin.py:188} INFO - [2024-06-03T06:27:23.908+0000] {dag.py:3954} INFO - Setting next_dagrun for consume_1_or_both_2_and_3_with_dataset_expressions to None, run_after=None
[2024-06-03T06:27:23.909+0000] {logging_mixin.py:188} INFO - [2024-06-03T06:27:23.909+0000] {dag.py:3954} INFO - Setting next_dagrun for dataset_consumes_1 to None, run_after=None
[2024-06-03T06:27:23.911+0000] {logging_mixin.py:188} INFO - [2024-06-03T06:27:23.911+0000] {dag.py:3954} INFO - Setting next_dagrun for dataset_consumes_1_and_2 to None, run_after=None
[2024-06-03T06:27:23.912+0000] {logging_mixin.py:188} INFO - [2024-06-03T06:27:23.912+0000] {dag.py:3954} INFO - Setting next_dagrun for dataset_consumes_1_never_scheduled to None, run_after=None
[2024-06-03T06:27:23.912+0000] {logging_mixin.py:188} INFO - [2024-06-03T06:27:23.912+0000] {dag.py:3954} INFO - Setting next_dagrun for dataset_consumes_unknown_never_scheduled to None, run_after=None
[2024-06-03T06:27:23.914+0000] {logging_mixin.py:188} INFO - [2024-06-03T06:27:23.914+0000] {dag.py:3954} INFO - Setting next_dagrun for dataset_produces_1 to 2024-06-02 00:00:00+00:00, run_after=2024-06-03 00:00:00+00:00
[2024-06-03T06:27:23.915+0000] {logging_mixin.py:188} INFO - [2024-06-03T06:27:23.914+0000] {dag.py:3954} INFO - Setting next_dagrun for dataset_produces_2 to None, run_after=None
[2024-06-03T06:27:23.934+0000] {processor.py:183} INFO - Processing /home/airflow/.local/lib/python3.12/site-packages/airflow/example_dags/example_datasets.py took 0.090 seconds
