[2024-06-03T06:19:29.209+0000] {processor.py:161} INFO - Started process (PID=62) to work on /home/airflow/.local/lib/python3.12/site-packages/airflow/example_dags/example_nested_branch_dag.py
[2024-06-03T06:19:29.211+0000] {processor.py:830} INFO - Processing file /home/airflow/.local/lib/python3.12/site-packages/airflow/example_dags/example_nested_branch_dag.py for tasks to queue
[2024-06-03T06:19:29.215+0000] {logging_mixin.py:188} INFO - [2024-06-03T06:19:29.214+0000] {dagbag.py:545} INFO - Filling up the DagBag from /home/airflow/.local/lib/python3.12/site-packages/airflow/example_dags/example_nested_branch_dag.py
[2024-06-03T06:19:29.230+0000] {processor.py:840} INFO - DAG(s) 'example_nested_branch_dag' retrieved from /home/airflow/.local/lib/python3.12/site-packages/airflow/example_dags/example_nested_branch_dag.py
[2024-06-03T06:19:29.256+0000] {logging_mixin.py:188} INFO - [2024-06-03T06:19:29.256+0000] {dag.py:3096} INFO - Sync 1 DAGs
[2024-06-03T06:19:29.287+0000] {logging_mixin.py:188} INFO - [2024-06-03T06:19:29.287+0000] {dag.py:3954} INFO - Setting next_dagrun for example_nested_branch_dag to 2024-06-02 00:00:00+00:00, run_after=2024-06-03 00:00:00+00:00
[2024-06-03T06:19:29.310+0000] {processor.py:183} INFO - Processing /home/airflow/.local/lib/python3.12/site-packages/airflow/example_dags/example_nested_branch_dag.py took 0.110 seconds
[2024-06-03T06:19:59.409+0000] {processor.py:161} INFO - Started process (PID=119) to work on /home/airflow/.local/lib/python3.12/site-packages/airflow/example_dags/example_nested_branch_dag.py
[2024-06-03T06:19:59.410+0000] {processor.py:830} INFO - Processing file /home/airflow/.local/lib/python3.12/site-packages/airflow/example_dags/example_nested_branch_dag.py for tasks to queue
[2024-06-03T06:19:59.412+0000] {logging_mixin.py:188} INFO - [2024-06-03T06:19:59.412+0000] {dagbag.py:545} INFO - Filling up the DagBag from /home/airflow/.local/lib/python3.12/site-packages/airflow/example_dags/example_nested_branch_dag.py
[2024-06-03T06:19:59.419+0000] {processor.py:840} INFO - DAG(s) 'example_nested_branch_dag' retrieved from /home/airflow/.local/lib/python3.12/site-packages/airflow/example_dags/example_nested_branch_dag.py
[2024-06-03T06:19:59.476+0000] {logging_mixin.py:188} INFO - [2024-06-03T06:19:59.476+0000] {dag.py:3096} INFO - Sync 1 DAGs
[2024-06-03T06:19:59.488+0000] {logging_mixin.py:188} INFO - [2024-06-03T06:19:59.488+0000] {dag.py:3954} INFO - Setting next_dagrun for example_nested_branch_dag to 2024-06-02 00:00:00+00:00, run_after=2024-06-03 00:00:00+00:00
[2024-06-03T06:19:59.498+0000] {processor.py:183} INFO - Processing /home/airflow/.local/lib/python3.12/site-packages/airflow/example_dags/example_nested_branch_dag.py took 0.094 seconds
[2024-06-03T06:20:30.681+0000] {processor.py:161} INFO - Started process (PID=177) to work on /home/airflow/.local/lib/python3.12/site-packages/airflow/example_dags/example_nested_branch_dag.py
[2024-06-03T06:20:30.687+0000] {processor.py:830} INFO - Processing file /home/airflow/.local/lib/python3.12/site-packages/airflow/example_dags/example_nested_branch_dag.py for tasks to queue
[2024-06-03T06:20:30.690+0000] {logging_mixin.py:188} INFO - [2024-06-03T06:20:30.690+0000] {dagbag.py:545} INFO - Filling up the DagBag from /home/airflow/.local/lib/python3.12/site-packages/airflow/example_dags/example_nested_branch_dag.py
[2024-06-03T06:20:30.701+0000] {processor.py:840} INFO - DAG(s) 'example_nested_branch_dag' retrieved from /home/airflow/.local/lib/python3.12/site-packages/airflow/example_dags/example_nested_branch_dag.py
[2024-06-03T06:20:30.744+0000] {logging_mixin.py:188} INFO - [2024-06-03T06:20:30.743+0000] {dag.py:3096} INFO - Sync 1 DAGs
[2024-06-03T06:20:30.771+0000] {logging_mixin.py:188} INFO - [2024-06-03T06:20:30.771+0000] {dag.py:3954} INFO - Setting next_dagrun for example_nested_branch_dag to 2024-06-02 00:00:00+00:00, run_after=2024-06-03 00:00:00+00:00
[2024-06-03T06:20:30.786+0000] {processor.py:183} INFO - Processing /home/airflow/.local/lib/python3.12/site-packages/airflow/example_dags/example_nested_branch_dag.py took 0.116 seconds
[2024-06-03T06:21:00.915+0000] {processor.py:161} INFO - Started process (PID=235) to work on /home/airflow/.local/lib/python3.12/site-packages/airflow/example_dags/example_nested_branch_dag.py
[2024-06-03T06:21:00.917+0000] {processor.py:830} INFO - Processing file /home/airflow/.local/lib/python3.12/site-packages/airflow/example_dags/example_nested_branch_dag.py for tasks to queue
[2024-06-03T06:21:00.918+0000] {logging_mixin.py:188} INFO - [2024-06-03T06:21:00.918+0000] {dagbag.py:545} INFO - Filling up the DagBag from /home/airflow/.local/lib/python3.12/site-packages/airflow/example_dags/example_nested_branch_dag.py
[2024-06-03T06:21:00.926+0000] {processor.py:840} INFO - DAG(s) 'example_nested_branch_dag' retrieved from /home/airflow/.local/lib/python3.12/site-packages/airflow/example_dags/example_nested_branch_dag.py
[2024-06-03T06:21:00.943+0000] {logging_mixin.py:188} INFO - [2024-06-03T06:21:00.943+0000] {dag.py:3096} INFO - Sync 1 DAGs
[2024-06-03T06:21:00.956+0000] {logging_mixin.py:188} INFO - [2024-06-03T06:21:00.956+0000] {dag.py:3954} INFO - Setting next_dagrun for example_nested_branch_dag to 2024-06-02 00:00:00+00:00, run_after=2024-06-03 00:00:00+00:00
[2024-06-03T06:21:00.966+0000] {processor.py:183} INFO - Processing /home/airflow/.local/lib/python3.12/site-packages/airflow/example_dags/example_nested_branch_dag.py took 0.055 seconds
[2024-06-03T06:21:31.032+0000] {processor.py:161} INFO - Started process (PID=293) to work on /home/airflow/.local/lib/python3.12/site-packages/airflow/example_dags/example_nested_branch_dag.py
[2024-06-03T06:21:31.033+0000] {processor.py:830} INFO - Processing file /home/airflow/.local/lib/python3.12/site-packages/airflow/example_dags/example_nested_branch_dag.py for tasks to queue
[2024-06-03T06:21:31.035+0000] {logging_mixin.py:188} INFO - [2024-06-03T06:21:31.035+0000] {dagbag.py:545} INFO - Filling up the DagBag from /home/airflow/.local/lib/python3.12/site-packages/airflow/example_dags/example_nested_branch_dag.py
[2024-06-03T06:21:31.042+0000] {processor.py:840} INFO - DAG(s) 'example_nested_branch_dag' retrieved from /home/airflow/.local/lib/python3.12/site-packages/airflow/example_dags/example_nested_branch_dag.py
[2024-06-03T06:21:31.058+0000] {logging_mixin.py:188} INFO - [2024-06-03T06:21:31.058+0000] {dag.py:3096} INFO - Sync 1 DAGs
[2024-06-03T06:21:31.070+0000] {logging_mixin.py:188} INFO - [2024-06-03T06:21:31.070+0000] {dag.py:3954} INFO - Setting next_dagrun for example_nested_branch_dag to 2024-06-02 00:00:00+00:00, run_after=2024-06-03 00:00:00+00:00
[2024-06-03T06:21:31.080+0000] {processor.py:183} INFO - Processing /home/airflow/.local/lib/python3.12/site-packages/airflow/example_dags/example_nested_branch_dag.py took 0.052 seconds
[2024-06-03T06:22:01.574+0000] {processor.py:161} INFO - Started process (PID=351) to work on /home/airflow/.local/lib/python3.12/site-packages/airflow/example_dags/example_nested_branch_dag.py
[2024-06-03T06:22:01.575+0000] {processor.py:830} INFO - Processing file /home/airflow/.local/lib/python3.12/site-packages/airflow/example_dags/example_nested_branch_dag.py for tasks to queue
[2024-06-03T06:22:01.577+0000] {logging_mixin.py:188} INFO - [2024-06-03T06:22:01.577+0000] {dagbag.py:545} INFO - Filling up the DagBag from /home/airflow/.local/lib/python3.12/site-packages/airflow/example_dags/example_nested_branch_dag.py
[2024-06-03T06:22:01.620+0000] {processor.py:840} INFO - DAG(s) 'example_nested_branch_dag' retrieved from /home/airflow/.local/lib/python3.12/site-packages/airflow/example_dags/example_nested_branch_dag.py
[2024-06-03T06:22:01.663+0000] {logging_mixin.py:188} INFO - [2024-06-03T06:22:01.663+0000] {dag.py:3096} INFO - Sync 1 DAGs
[2024-06-03T06:22:01.676+0000] {logging_mixin.py:188} INFO - [2024-06-03T06:22:01.675+0000] {dag.py:3954} INFO - Setting next_dagrun for example_nested_branch_dag to 2024-06-02 00:00:00+00:00, run_after=2024-06-03 00:00:00+00:00
[2024-06-03T06:22:01.687+0000] {processor.py:183} INFO - Processing /home/airflow/.local/lib/python3.12/site-packages/airflow/example_dags/example_nested_branch_dag.py took 0.117 seconds
[2024-06-03T06:22:32.690+0000] {processor.py:161} INFO - Started process (PID=409) to work on /home/airflow/.local/lib/python3.12/site-packages/airflow/example_dags/example_nested_branch_dag.py
[2024-06-03T06:22:32.692+0000] {processor.py:830} INFO - Processing file /home/airflow/.local/lib/python3.12/site-packages/airflow/example_dags/example_nested_branch_dag.py for tasks to queue
[2024-06-03T06:22:32.694+0000] {logging_mixin.py:188} INFO - [2024-06-03T06:22:32.694+0000] {dagbag.py:545} INFO - Filling up the DagBag from /home/airflow/.local/lib/python3.12/site-packages/airflow/example_dags/example_nested_branch_dag.py
[2024-06-03T06:22:32.703+0000] {processor.py:840} INFO - DAG(s) 'example_nested_branch_dag' retrieved from /home/airflow/.local/lib/python3.12/site-packages/airflow/example_dags/example_nested_branch_dag.py
[2024-06-03T06:22:32.724+0000] {logging_mixin.py:188} INFO - [2024-06-03T06:22:32.724+0000] {dag.py:3096} INFO - Sync 1 DAGs
[2024-06-03T06:22:32.740+0000] {logging_mixin.py:188} INFO - [2024-06-03T06:22:32.740+0000] {dag.py:3954} INFO - Setting next_dagrun for example_nested_branch_dag to 2024-06-02 00:00:00+00:00, run_after=2024-06-03 00:00:00+00:00
[2024-06-03T06:22:32.753+0000] {processor.py:183} INFO - Processing /home/airflow/.local/lib/python3.12/site-packages/airflow/example_dags/example_nested_branch_dag.py took 0.068 seconds
[2024-06-03T06:23:03.381+0000] {processor.py:161} INFO - Started process (PID=467) to work on /home/airflow/.local/lib/python3.12/site-packages/airflow/example_dags/example_nested_branch_dag.py
[2024-06-03T06:23:03.382+0000] {processor.py:830} INFO - Processing file /home/airflow/.local/lib/python3.12/site-packages/airflow/example_dags/example_nested_branch_dag.py for tasks to queue
[2024-06-03T06:23:03.385+0000] {logging_mixin.py:188} INFO - [2024-06-03T06:23:03.384+0000] {dagbag.py:545} INFO - Filling up the DagBag from /home/airflow/.local/lib/python3.12/site-packages/airflow/example_dags/example_nested_branch_dag.py
[2024-06-03T06:23:03.392+0000] {processor.py:840} INFO - DAG(s) 'example_nested_branch_dag' retrieved from /home/airflow/.local/lib/python3.12/site-packages/airflow/example_dags/example_nested_branch_dag.py
[2024-06-03T06:23:03.412+0000] {logging_mixin.py:188} INFO - [2024-06-03T06:23:03.411+0000] {dag.py:3096} INFO - Sync 1 DAGs
[2024-06-03T06:23:03.425+0000] {logging_mixin.py:188} INFO - [2024-06-03T06:23:03.425+0000] {dag.py:3954} INFO - Setting next_dagrun for example_nested_branch_dag to 2024-06-02 00:00:00+00:00, run_after=2024-06-03 00:00:00+00:00
[2024-06-03T06:23:03.437+0000] {processor.py:183} INFO - Processing /home/airflow/.local/lib/python3.12/site-packages/airflow/example_dags/example_nested_branch_dag.py took 0.061 seconds
[2024-06-03T06:25:21.720+0000] {processor.py:161} INFO - Started process (PID=63) to work on /home/airflow/.local/lib/python3.12/site-packages/airflow/example_dags/example_nested_branch_dag.py
[2024-06-03T06:25:21.722+0000] {processor.py:830} INFO - Processing file /home/airflow/.local/lib/python3.12/site-packages/airflow/example_dags/example_nested_branch_dag.py for tasks to queue
[2024-06-03T06:25:21.724+0000] {logging_mixin.py:188} INFO - [2024-06-03T06:25:21.724+0000] {dagbag.py:545} INFO - Filling up the DagBag from /home/airflow/.local/lib/python3.12/site-packages/airflow/example_dags/example_nested_branch_dag.py
[2024-06-03T06:25:21.734+0000] {processor.py:840} INFO - DAG(s) 'example_nested_branch_dag' retrieved from /home/airflow/.local/lib/python3.12/site-packages/airflow/example_dags/example_nested_branch_dag.py
[2024-06-03T06:25:21.749+0000] {logging_mixin.py:188} INFO - [2024-06-03T06:25:21.749+0000] {dag.py:3096} INFO - Sync 1 DAGs
[2024-06-03T06:25:21.784+0000] {logging_mixin.py:188} INFO - [2024-06-03T06:25:21.784+0000] {dag.py:3954} INFO - Setting next_dagrun for example_nested_branch_dag to 2024-06-02 00:00:00+00:00, run_after=2024-06-03 00:00:00+00:00
[2024-06-03T06:25:21.801+0000] {processor.py:183} INFO - Processing /home/airflow/.local/lib/python3.12/site-packages/airflow/example_dags/example_nested_branch_dag.py took 0.092 seconds
[2024-06-03T06:25:52.505+0000] {processor.py:161} INFO - Started process (PID=121) to work on /home/airflow/.local/lib/python3.12/site-packages/airflow/example_dags/example_nested_branch_dag.py
[2024-06-03T06:25:52.506+0000] {processor.py:830} INFO - Processing file /home/airflow/.local/lib/python3.12/site-packages/airflow/example_dags/example_nested_branch_dag.py for tasks to queue
[2024-06-03T06:25:52.508+0000] {logging_mixin.py:188} INFO - [2024-06-03T06:25:52.508+0000] {dagbag.py:545} INFO - Filling up the DagBag from /home/airflow/.local/lib/python3.12/site-packages/airflow/example_dags/example_nested_branch_dag.py
[2024-06-03T06:25:52.515+0000] {processor.py:840} INFO - DAG(s) 'example_nested_branch_dag' retrieved from /home/airflow/.local/lib/python3.12/site-packages/airflow/example_dags/example_nested_branch_dag.py
[2024-06-03T06:25:52.608+0000] {logging_mixin.py:188} INFO - [2024-06-03T06:25:52.608+0000] {dag.py:3096} INFO - Sync 1 DAGs
[2024-06-03T06:25:52.624+0000] {logging_mixin.py:188} INFO - [2024-06-03T06:25:52.624+0000] {dag.py:3954} INFO - Setting next_dagrun for example_nested_branch_dag to 2024-06-02 00:00:00+00:00, run_after=2024-06-03 00:00:00+00:00
[2024-06-03T06:25:52.638+0000] {processor.py:183} INFO - Processing /home/airflow/.local/lib/python3.12/site-packages/airflow/example_dags/example_nested_branch_dag.py took 0.137 seconds
[2024-06-03T06:26:23.301+0000] {processor.py:161} INFO - Started process (PID=179) to work on /home/airflow/.local/lib/python3.12/site-packages/airflow/example_dags/example_nested_branch_dag.py
[2024-06-03T06:26:23.303+0000] {processor.py:830} INFO - Processing file /home/airflow/.local/lib/python3.12/site-packages/airflow/example_dags/example_nested_branch_dag.py for tasks to queue
[2024-06-03T06:26:23.305+0000] {logging_mixin.py:188} INFO - [2024-06-03T06:26:23.305+0000] {dagbag.py:545} INFO - Filling up the DagBag from /home/airflow/.local/lib/python3.12/site-packages/airflow/example_dags/example_nested_branch_dag.py
[2024-06-03T06:26:23.313+0000] {processor.py:840} INFO - DAG(s) 'example_nested_branch_dag' retrieved from /home/airflow/.local/lib/python3.12/site-packages/airflow/example_dags/example_nested_branch_dag.py
[2024-06-03T06:26:23.334+0000] {logging_mixin.py:188} INFO - [2024-06-03T06:26:23.334+0000] {dag.py:3096} INFO - Sync 1 DAGs
[2024-06-03T06:26:23.349+0000] {logging_mixin.py:188} INFO - [2024-06-03T06:26:23.349+0000] {dag.py:3954} INFO - Setting next_dagrun for example_nested_branch_dag to 2024-06-02 00:00:00+00:00, run_after=2024-06-03 00:00:00+00:00
[2024-06-03T06:26:23.363+0000] {processor.py:183} INFO - Processing /home/airflow/.local/lib/python3.12/site-packages/airflow/example_dags/example_nested_branch_dag.py took 0.070 seconds
[2024-06-03T06:26:54.264+0000] {processor.py:161} INFO - Started process (PID=237) to work on /home/airflow/.local/lib/python3.12/site-packages/airflow/example_dags/example_nested_branch_dag.py
[2024-06-03T06:26:54.266+0000] {processor.py:830} INFO - Processing file /home/airflow/.local/lib/python3.12/site-packages/airflow/example_dags/example_nested_branch_dag.py for tasks to queue
[2024-06-03T06:26:54.268+0000] {logging_mixin.py:188} INFO - [2024-06-03T06:26:54.268+0000] {dagbag.py:545} INFO - Filling up the DagBag from /home/airflow/.local/lib/python3.12/site-packages/airflow/example_dags/example_nested_branch_dag.py
[2024-06-03T06:26:54.278+0000] {processor.py:840} INFO - DAG(s) 'example_nested_branch_dag' retrieved from /home/airflow/.local/lib/python3.12/site-packages/airflow/example_dags/example_nested_branch_dag.py
[2024-06-03T06:26:54.298+0000] {logging_mixin.py:188} INFO - [2024-06-03T06:26:54.298+0000] {dag.py:3096} INFO - Sync 1 DAGs
[2024-06-03T06:26:54.313+0000] {logging_mixin.py:188} INFO - [2024-06-03T06:26:54.313+0000] {dag.py:3954} INFO - Setting next_dagrun for example_nested_branch_dag to 2024-06-02 00:00:00+00:00, run_after=2024-06-03 00:00:00+00:00
[2024-06-03T06:26:54.327+0000] {processor.py:183} INFO - Processing /home/airflow/.local/lib/python3.12/site-packages/airflow/example_dags/example_nested_branch_dag.py took 0.068 seconds
[2024-06-03T06:27:24.357+0000] {processor.py:161} INFO - Started process (PID=295) to work on /home/airflow/.local/lib/python3.12/site-packages/airflow/example_dags/example_nested_branch_dag.py
[2024-06-03T06:27:24.358+0000] {processor.py:830} INFO - Processing file /home/airflow/.local/lib/python3.12/site-packages/airflow/example_dags/example_nested_branch_dag.py for tasks to queue
[2024-06-03T06:27:24.360+0000] {logging_mixin.py:188} INFO - [2024-06-03T06:27:24.360+0000] {dagbag.py:545} INFO - Filling up the DagBag from /home/airflow/.local/lib/python3.12/site-packages/airflow/example_dags/example_nested_branch_dag.py
[2024-06-03T06:27:24.367+0000] {processor.py:840} INFO - DAG(s) 'example_nested_branch_dag' retrieved from /home/airflow/.local/lib/python3.12/site-packages/airflow/example_dags/example_nested_branch_dag.py
[2024-06-03T06:27:24.383+0000] {logging_mixin.py:188} INFO - [2024-06-03T06:27:24.383+0000] {dag.py:3096} INFO - Sync 1 DAGs
[2024-06-03T06:27:24.396+0000] {logging_mixin.py:188} INFO - [2024-06-03T06:27:24.396+0000] {dag.py:3954} INFO - Setting next_dagrun for example_nested_branch_dag to 2024-06-02 00:00:00+00:00, run_after=2024-06-03 00:00:00+00:00
[2024-06-03T06:27:24.408+0000] {processor.py:183} INFO - Processing /home/airflow/.local/lib/python3.12/site-packages/airflow/example_dags/example_nested_branch_dag.py took 0.055 seconds
