[2024-06-03T06:19:27.085+0000] {processor.py:161} INFO - Started process (PID=32) to work on /home/airflow/.local/lib/python3.12/site-packages/airflow/example_dags/example_branch_operator.py
[2024-06-03T06:19:27.088+0000] {processor.py:830} INFO - Processing file /home/airflow/.local/lib/python3.12/site-packages/airflow/example_dags/example_branch_operator.py for tasks to queue
[2024-06-03T06:19:27.095+0000] {logging_mixin.py:188} INFO - [2024-06-03T06:19:27.094+0000] {dagbag.py:545} INFO - Filling up the DagBag from /home/airflow/.local/lib/python3.12/site-packages/airflow/example_dags/example_branch_operator.py
[2024-06-03T06:19:27.126+0000] {processor.py:840} INFO - DAG(s) 'example_branch_operator' retrieved from /home/airflow/.local/lib/python3.12/site-packages/airflow/example_dags/example_branch_operator.py
[2024-06-03T06:19:27.143+0000] {logging_mixin.py:188} INFO - [2024-06-03T06:19:27.143+0000] {dag.py:3096} INFO - Sync 1 DAGs
[2024-06-03T06:19:27.168+0000] {logging_mixin.py:188} INFO - [2024-06-03T06:19:27.168+0000] {dag.py:3954} INFO - Setting next_dagrun for example_branch_operator to 2024-06-02 00:00:00+00:00, run_after=2024-06-03 00:00:00+00:00
[2024-06-03T06:19:27.197+0000] {processor.py:183} INFO - Processing /home/airflow/.local/lib/python3.12/site-packages/airflow/example_dags/example_branch_operator.py took 0.118 seconds
[2024-06-03T06:19:57.391+0000] {processor.py:161} INFO - Started process (PID=89) to work on /home/airflow/.local/lib/python3.12/site-packages/airflow/example_dags/example_branch_operator.py
[2024-06-03T06:19:57.393+0000] {processor.py:830} INFO - Processing file /home/airflow/.local/lib/python3.12/site-packages/airflow/example_dags/example_branch_operator.py for tasks to queue
[2024-06-03T06:19:57.395+0000] {logging_mixin.py:188} INFO - [2024-06-03T06:19:57.394+0000] {dagbag.py:545} INFO - Filling up the DagBag from /home/airflow/.local/lib/python3.12/site-packages/airflow/example_dags/example_branch_operator.py
[2024-06-03T06:19:57.412+0000] {processor.py:840} INFO - DAG(s) 'example_branch_operator' retrieved from /home/airflow/.local/lib/python3.12/site-packages/airflow/example_dags/example_branch_operator.py
[2024-06-03T06:19:57.476+0000] {logging_mixin.py:188} INFO - [2024-06-03T06:19:57.476+0000] {dag.py:3096} INFO - Sync 1 DAGs
[2024-06-03T06:19:57.494+0000] {logging_mixin.py:188} INFO - [2024-06-03T06:19:57.494+0000] {dag.py:3954} INFO - Setting next_dagrun for example_branch_operator to 2024-06-02 00:00:00+00:00, run_after=2024-06-03 00:00:00+00:00
[2024-06-03T06:19:57.508+0000] {processor.py:183} INFO - Processing /home/airflow/.local/lib/python3.12/site-packages/airflow/example_dags/example_branch_operator.py took 0.123 seconds
[2024-06-03T06:20:27.986+0000] {processor.py:161} INFO - Started process (PID=147) to work on /home/airflow/.local/lib/python3.12/site-packages/airflow/example_dags/example_branch_operator.py
[2024-06-03T06:20:27.987+0000] {processor.py:830} INFO - Processing file /home/airflow/.local/lib/python3.12/site-packages/airflow/example_dags/example_branch_operator.py for tasks to queue
[2024-06-03T06:20:27.989+0000] {logging_mixin.py:188} INFO - [2024-06-03T06:20:27.989+0000] {dagbag.py:545} INFO - Filling up the DagBag from /home/airflow/.local/lib/python3.12/site-packages/airflow/example_dags/example_branch_operator.py
[2024-06-03T06:20:28.000+0000] {processor.py:840} INFO - DAG(s) 'example_branch_operator' retrieved from /home/airflow/.local/lib/python3.12/site-packages/airflow/example_dags/example_branch_operator.py
[2024-06-03T06:20:28.020+0000] {logging_mixin.py:188} INFO - [2024-06-03T06:20:28.020+0000] {dag.py:3096} INFO - Sync 1 DAGs
[2024-06-03T06:20:28.034+0000] {logging_mixin.py:188} INFO - [2024-06-03T06:20:28.034+0000] {dag.py:3954} INFO - Setting next_dagrun for example_branch_operator to 2024-06-02 00:00:00+00:00, run_after=2024-06-03 00:00:00+00:00
[2024-06-03T06:20:28.045+0000] {processor.py:183} INFO - Processing /home/airflow/.local/lib/python3.12/site-packages/airflow/example_dags/example_branch_operator.py took 0.064 seconds
[2024-06-03T06:20:58.298+0000] {processor.py:161} INFO - Started process (PID=205) to work on /home/airflow/.local/lib/python3.12/site-packages/airflow/example_dags/example_branch_operator.py
[2024-06-03T06:20:58.300+0000] {processor.py:830} INFO - Processing file /home/airflow/.local/lib/python3.12/site-packages/airflow/example_dags/example_branch_operator.py for tasks to queue
[2024-06-03T06:20:58.302+0000] {logging_mixin.py:188} INFO - [2024-06-03T06:20:58.302+0000] {dagbag.py:545} INFO - Filling up the DagBag from /home/airflow/.local/lib/python3.12/site-packages/airflow/example_dags/example_branch_operator.py
[2024-06-03T06:20:58.314+0000] {processor.py:840} INFO - DAG(s) 'example_branch_operator' retrieved from /home/airflow/.local/lib/python3.12/site-packages/airflow/example_dags/example_branch_operator.py
[2024-06-03T06:20:58.335+0000] {logging_mixin.py:188} INFO - [2024-06-03T06:20:58.334+0000] {dag.py:3096} INFO - Sync 1 DAGs
[2024-06-03T06:20:58.350+0000] {logging_mixin.py:188} INFO - [2024-06-03T06:20:58.350+0000] {dag.py:3954} INFO - Setting next_dagrun for example_branch_operator to 2024-06-02 00:00:00+00:00, run_after=2024-06-03 00:00:00+00:00
[2024-06-03T06:20:58.361+0000] {processor.py:183} INFO - Processing /home/airflow/.local/lib/python3.12/site-packages/airflow/example_dags/example_branch_operator.py took 0.068 seconds
[2024-06-03T06:21:28.411+0000] {processor.py:161} INFO - Started process (PID=263) to work on /home/airflow/.local/lib/python3.12/site-packages/airflow/example_dags/example_branch_operator.py
[2024-06-03T06:21:28.412+0000] {processor.py:830} INFO - Processing file /home/airflow/.local/lib/python3.12/site-packages/airflow/example_dags/example_branch_operator.py for tasks to queue
[2024-06-03T06:21:28.414+0000] {logging_mixin.py:188} INFO - [2024-06-03T06:21:28.414+0000] {dagbag.py:545} INFO - Filling up the DagBag from /home/airflow/.local/lib/python3.12/site-packages/airflow/example_dags/example_branch_operator.py
[2024-06-03T06:21:28.424+0000] {processor.py:840} INFO - DAG(s) 'example_branch_operator' retrieved from /home/airflow/.local/lib/python3.12/site-packages/airflow/example_dags/example_branch_operator.py
[2024-06-03T06:21:28.445+0000] {logging_mixin.py:188} INFO - [2024-06-03T06:21:28.445+0000] {dag.py:3096} INFO - Sync 1 DAGs
[2024-06-03T06:21:28.459+0000] {logging_mixin.py:188} INFO - [2024-06-03T06:21:28.459+0000] {dag.py:3954} INFO - Setting next_dagrun for example_branch_operator to 2024-06-02 00:00:00+00:00, run_after=2024-06-03 00:00:00+00:00
[2024-06-03T06:21:28.469+0000] {processor.py:183} INFO - Processing /home/airflow/.local/lib/python3.12/site-packages/airflow/example_dags/example_branch_operator.py took 0.062 seconds
[2024-06-03T06:21:58.957+0000] {processor.py:161} INFO - Started process (PID=321) to work on /home/airflow/.local/lib/python3.12/site-packages/airflow/example_dags/example_branch_operator.py
[2024-06-03T06:21:58.958+0000] {processor.py:830} INFO - Processing file /home/airflow/.local/lib/python3.12/site-packages/airflow/example_dags/example_branch_operator.py for tasks to queue
[2024-06-03T06:21:58.960+0000] {logging_mixin.py:188} INFO - [2024-06-03T06:21:58.960+0000] {dagbag.py:545} INFO - Filling up the DagBag from /home/airflow/.local/lib/python3.12/site-packages/airflow/example_dags/example_branch_operator.py
[2024-06-03T06:21:58.971+0000] {processor.py:840} INFO - DAG(s) 'example_branch_operator' retrieved from /home/airflow/.local/lib/python3.12/site-packages/airflow/example_dags/example_branch_operator.py
[2024-06-03T06:21:58.990+0000] {logging_mixin.py:188} INFO - [2024-06-03T06:21:58.990+0000] {dag.py:3096} INFO - Sync 1 DAGs
[2024-06-03T06:21:59.003+0000] {logging_mixin.py:188} INFO - [2024-06-03T06:21:59.003+0000] {dag.py:3954} INFO - Setting next_dagrun for example_branch_operator to 2024-06-02 00:00:00+00:00, run_after=2024-06-03 00:00:00+00:00
[2024-06-03T06:21:59.012+0000] {processor.py:183} INFO - Processing /home/airflow/.local/lib/python3.12/site-packages/airflow/example_dags/example_branch_operator.py took 0.060 seconds
[2024-06-03T06:22:29.186+0000] {processor.py:161} INFO - Started process (PID=379) to work on /home/airflow/.local/lib/python3.12/site-packages/airflow/example_dags/example_branch_operator.py
[2024-06-03T06:22:29.187+0000] {processor.py:830} INFO - Processing file /home/airflow/.local/lib/python3.12/site-packages/airflow/example_dags/example_branch_operator.py for tasks to queue
[2024-06-03T06:22:29.189+0000] {logging_mixin.py:188} INFO - [2024-06-03T06:22:29.189+0000] {dagbag.py:545} INFO - Filling up the DagBag from /home/airflow/.local/lib/python3.12/site-packages/airflow/example_dags/example_branch_operator.py
[2024-06-03T06:22:29.199+0000] {processor.py:840} INFO - DAG(s) 'example_branch_operator' retrieved from /home/airflow/.local/lib/python3.12/site-packages/airflow/example_dags/example_branch_operator.py
[2024-06-03T06:22:29.220+0000] {logging_mixin.py:188} INFO - [2024-06-03T06:22:29.219+0000] {dag.py:3096} INFO - Sync 1 DAGs
[2024-06-03T06:22:29.233+0000] {logging_mixin.py:188} INFO - [2024-06-03T06:22:29.233+0000] {dag.py:3954} INFO - Setting next_dagrun for example_branch_operator to 2024-06-02 00:00:00+00:00, run_after=2024-06-03 00:00:00+00:00
[2024-06-03T06:22:29.243+0000] {processor.py:183} INFO - Processing /home/airflow/.local/lib/python3.12/site-packages/airflow/example_dags/example_branch_operator.py took 0.061 seconds
[2024-06-03T06:23:00.042+0000] {processor.py:161} INFO - Started process (PID=437) to work on /home/airflow/.local/lib/python3.12/site-packages/airflow/example_dags/example_branch_operator.py
[2024-06-03T06:23:00.044+0000] {processor.py:830} INFO - Processing file /home/airflow/.local/lib/python3.12/site-packages/airflow/example_dags/example_branch_operator.py for tasks to queue
[2024-06-03T06:23:00.047+0000] {logging_mixin.py:188} INFO - [2024-06-03T06:23:00.047+0000] {dagbag.py:545} INFO - Filling up the DagBag from /home/airflow/.local/lib/python3.12/site-packages/airflow/example_dags/example_branch_operator.py
[2024-06-03T06:23:00.067+0000] {processor.py:840} INFO - DAG(s) 'example_branch_operator' retrieved from /home/airflow/.local/lib/python3.12/site-packages/airflow/example_dags/example_branch_operator.py
[2024-06-03T06:23:00.096+0000] {logging_mixin.py:188} INFO - [2024-06-03T06:23:00.096+0000] {dag.py:3096} INFO - Sync 1 DAGs
[2024-06-03T06:23:00.112+0000] {logging_mixin.py:188} INFO - [2024-06-03T06:23:00.112+0000] {dag.py:3954} INFO - Setting next_dagrun for example_branch_operator to 2024-06-02 00:00:00+00:00, run_after=2024-06-03 00:00:00+00:00
[2024-06-03T06:23:00.127+0000] {processor.py:183} INFO - Processing /home/airflow/.local/lib/python3.12/site-packages/airflow/example_dags/example_branch_operator.py took 0.090 seconds
[2024-06-03T06:25:19.360+0000] {processor.py:161} INFO - Started process (PID=33) to work on /home/airflow/.local/lib/python3.12/site-packages/airflow/example_dags/example_branch_operator.py
[2024-06-03T06:25:19.367+0000] {processor.py:830} INFO - Processing file /home/airflow/.local/lib/python3.12/site-packages/airflow/example_dags/example_branch_operator.py for tasks to queue
[2024-06-03T06:25:19.370+0000] {logging_mixin.py:188} INFO - [2024-06-03T06:25:19.369+0000] {dagbag.py:545} INFO - Filling up the DagBag from /home/airflow/.local/lib/python3.12/site-packages/airflow/example_dags/example_branch_operator.py
[2024-06-03T06:25:19.396+0000] {processor.py:840} INFO - DAG(s) 'example_branch_operator' retrieved from /home/airflow/.local/lib/python3.12/site-packages/airflow/example_dags/example_branch_operator.py
[2024-06-03T06:25:19.446+0000] {logging_mixin.py:188} INFO - [2024-06-03T06:25:19.446+0000] {dag.py:3096} INFO - Sync 1 DAGs
[2024-06-03T06:25:19.473+0000] {logging_mixin.py:188} INFO - [2024-06-03T06:25:19.473+0000] {dag.py:3954} INFO - Setting next_dagrun for example_branch_operator to 2024-06-02 00:00:00+00:00, run_after=2024-06-03 00:00:00+00:00
[2024-06-03T06:25:19.491+0000] {processor.py:183} INFO - Processing /home/airflow/.local/lib/python3.12/site-packages/airflow/example_dags/example_branch_operator.py took 0.146 seconds
[2024-06-03T06:25:50.552+0000] {processor.py:161} INFO - Started process (PID=91) to work on /home/airflow/.local/lib/python3.12/site-packages/airflow/example_dags/example_branch_operator.py
[2024-06-03T06:25:50.554+0000] {processor.py:830} INFO - Processing file /home/airflow/.local/lib/python3.12/site-packages/airflow/example_dags/example_branch_operator.py for tasks to queue
[2024-06-03T06:25:50.556+0000] {logging_mixin.py:188} INFO - [2024-06-03T06:25:50.555+0000] {dagbag.py:545} INFO - Filling up the DagBag from /home/airflow/.local/lib/python3.12/site-packages/airflow/example_dags/example_branch_operator.py
[2024-06-03T06:25:50.568+0000] {processor.py:840} INFO - DAG(s) 'example_branch_operator' retrieved from /home/airflow/.local/lib/python3.12/site-packages/airflow/example_dags/example_branch_operator.py
[2024-06-03T06:25:50.635+0000] {logging_mixin.py:188} INFO - [2024-06-03T06:25:50.635+0000] {dag.py:3096} INFO - Sync 1 DAGs
[2024-06-03T06:25:50.652+0000] {logging_mixin.py:188} INFO - [2024-06-03T06:25:50.652+0000] {dag.py:3954} INFO - Setting next_dagrun for example_branch_operator to 2024-06-02 00:00:00+00:00, run_after=2024-06-03 00:00:00+00:00
[2024-06-03T06:25:50.664+0000] {processor.py:183} INFO - Processing /home/airflow/.local/lib/python3.12/site-packages/airflow/example_dags/example_branch_operator.py took 0.116 seconds
[2024-06-03T06:26:21.025+0000] {processor.py:161} INFO - Started process (PID=149) to work on /home/airflow/.local/lib/python3.12/site-packages/airflow/example_dags/example_branch_operator.py
[2024-06-03T06:26:21.027+0000] {processor.py:830} INFO - Processing file /home/airflow/.local/lib/python3.12/site-packages/airflow/example_dags/example_branch_operator.py for tasks to queue
[2024-06-03T06:26:21.029+0000] {logging_mixin.py:188} INFO - [2024-06-03T06:26:21.028+0000] {dagbag.py:545} INFO - Filling up the DagBag from /home/airflow/.local/lib/python3.12/site-packages/airflow/example_dags/example_branch_operator.py
[2024-06-03T06:26:21.040+0000] {processor.py:840} INFO - DAG(s) 'example_branch_operator' retrieved from /home/airflow/.local/lib/python3.12/site-packages/airflow/example_dags/example_branch_operator.py
[2024-06-03T06:26:21.062+0000] {logging_mixin.py:188} INFO - [2024-06-03T06:26:21.062+0000] {dag.py:3096} INFO - Sync 1 DAGs
[2024-06-03T06:26:21.076+0000] {logging_mixin.py:188} INFO - [2024-06-03T06:26:21.076+0000] {dag.py:3954} INFO - Setting next_dagrun for example_branch_operator to 2024-06-02 00:00:00+00:00, run_after=2024-06-03 00:00:00+00:00
[2024-06-03T06:26:21.090+0000] {processor.py:183} INFO - Processing /home/airflow/.local/lib/python3.12/site-packages/airflow/example_dags/example_branch_operator.py took 0.070 seconds
[2024-06-03T06:26:51.684+0000] {processor.py:161} INFO - Started process (PID=207) to work on /home/airflow/.local/lib/python3.12/site-packages/airflow/example_dags/example_branch_operator.py
[2024-06-03T06:26:51.685+0000] {processor.py:830} INFO - Processing file /home/airflow/.local/lib/python3.12/site-packages/airflow/example_dags/example_branch_operator.py for tasks to queue
[2024-06-03T06:26:51.687+0000] {logging_mixin.py:188} INFO - [2024-06-03T06:26:51.687+0000] {dagbag.py:545} INFO - Filling up the DagBag from /home/airflow/.local/lib/python3.12/site-packages/airflow/example_dags/example_branch_operator.py
[2024-06-03T06:26:51.697+0000] {processor.py:840} INFO - DAG(s) 'example_branch_operator' retrieved from /home/airflow/.local/lib/python3.12/site-packages/airflow/example_dags/example_branch_operator.py
[2024-06-03T06:26:51.718+0000] {logging_mixin.py:188} INFO - [2024-06-03T06:26:51.717+0000] {dag.py:3096} INFO - Sync 1 DAGs
[2024-06-03T06:26:51.730+0000] {logging_mixin.py:188} INFO - [2024-06-03T06:26:51.729+0000] {dag.py:3954} INFO - Setting next_dagrun for example_branch_operator to 2024-06-02 00:00:00+00:00, run_after=2024-06-03 00:00:00+00:00
[2024-06-03T06:26:51.739+0000] {processor.py:183} INFO - Processing /home/airflow/.local/lib/python3.12/site-packages/airflow/example_dags/example_branch_operator.py took 0.060 seconds
[2024-06-03T06:27:22.019+0000] {processor.py:161} INFO - Started process (PID=265) to work on /home/airflow/.local/lib/python3.12/site-packages/airflow/example_dags/example_branch_operator.py
[2024-06-03T06:27:22.023+0000] {processor.py:830} INFO - Processing file /home/airflow/.local/lib/python3.12/site-packages/airflow/example_dags/example_branch_operator.py for tasks to queue
[2024-06-03T06:27:22.026+0000] {logging_mixin.py:188} INFO - [2024-06-03T06:27:22.026+0000] {dagbag.py:545} INFO - Filling up the DagBag from /home/airflow/.local/lib/python3.12/site-packages/airflow/example_dags/example_branch_operator.py
[2024-06-03T06:27:22.042+0000] {processor.py:840} INFO - DAG(s) 'example_branch_operator' retrieved from /home/airflow/.local/lib/python3.12/site-packages/airflow/example_dags/example_branch_operator.py
[2024-06-03T06:27:22.064+0000] {logging_mixin.py:188} INFO - [2024-06-03T06:27:22.064+0000] {dag.py:3096} INFO - Sync 1 DAGs
[2024-06-03T06:27:22.078+0000] {logging_mixin.py:188} INFO - [2024-06-03T06:27:22.078+0000] {dag.py:3954} INFO - Setting next_dagrun for example_branch_operator to 2024-06-02 00:00:00+00:00, run_after=2024-06-03 00:00:00+00:00
[2024-06-03T06:27:22.089+0000] {processor.py:183} INFO - Processing /home/airflow/.local/lib/python3.12/site-packages/airflow/example_dags/example_branch_operator.py took 0.078 seconds
