[2024-06-03T06:19:29.103+0000] {processor.py:161} INFO - Started process (PID=61) to work on /home/airflow/.local/lib/python3.12/site-packages/airflow/example_dags/example_bash_operator.py
[2024-06-03T06:19:29.105+0000] {processor.py:830} INFO - Processing file /home/airflow/.local/lib/python3.12/site-packages/airflow/example_dags/example_bash_operator.py for tasks to queue
[2024-06-03T06:19:29.111+0000] {logging_mixin.py:188} INFO - [2024-06-03T06:19:29.110+0000] {dagbag.py:545} INFO - Filling up the DagBag from /home/airflow/.local/lib/python3.12/site-packages/airflow/example_dags/example_bash_operator.py
[2024-06-03T06:19:29.130+0000] {processor.py:840} INFO - DAG(s) 'example_bash_operator' retrieved from /home/airflow/.local/lib/python3.12/site-packages/airflow/example_dags/example_bash_operator.py
[2024-06-03T06:19:29.166+0000] {logging_mixin.py:188} INFO - [2024-06-03T06:19:29.166+0000] {dag.py:3096} INFO - Sync 1 DAGs
[2024-06-03T06:19:29.191+0000] {logging_mixin.py:188} INFO - [2024-06-03T06:19:29.190+0000] {dag.py:3954} INFO - Setting next_dagrun for example_bash_operator to 2024-06-02 00:00:00+00:00, run_after=2024-06-03 00:00:00+00:00
[2024-06-03T06:19:29.213+0000] {processor.py:183} INFO - Processing /home/airflow/.local/lib/python3.12/site-packages/airflow/example_dags/example_bash_operator.py took 0.119 seconds
[2024-06-03T06:19:59.297+0000] {processor.py:161} INFO - Started process (PID=118) to work on /home/airflow/.local/lib/python3.12/site-packages/airflow/example_dags/example_bash_operator.py
[2024-06-03T06:19:59.298+0000] {processor.py:830} INFO - Processing file /home/airflow/.local/lib/python3.12/site-packages/airflow/example_dags/example_bash_operator.py for tasks to queue
[2024-06-03T06:19:59.300+0000] {logging_mixin.py:188} INFO - [2024-06-03T06:19:59.299+0000] {dagbag.py:545} INFO - Filling up the DagBag from /home/airflow/.local/lib/python3.12/site-packages/airflow/example_dags/example_bash_operator.py
[2024-06-03T06:19:59.307+0000] {processor.py:840} INFO - DAG(s) 'example_bash_operator' retrieved from /home/airflow/.local/lib/python3.12/site-packages/airflow/example_dags/example_bash_operator.py
[2024-06-03T06:19:59.364+0000] {logging_mixin.py:188} INFO - [2024-06-03T06:19:59.364+0000] {dag.py:3096} INFO - Sync 1 DAGs
[2024-06-03T06:19:59.375+0000] {logging_mixin.py:188} INFO - [2024-06-03T06:19:59.375+0000] {dag.py:3954} INFO - Setting next_dagrun for example_bash_operator to 2024-06-02 00:00:00+00:00, run_after=2024-06-03 00:00:00+00:00
[2024-06-03T06:19:59.386+0000] {processor.py:183} INFO - Processing /home/airflow/.local/lib/python3.12/site-packages/airflow/example_dags/example_bash_operator.py took 0.094 seconds
[2024-06-03T06:20:30.620+0000] {processor.py:161} INFO - Started process (PID=176) to work on /home/airflow/.local/lib/python3.12/site-packages/airflow/example_dags/example_bash_operator.py
[2024-06-03T06:20:30.622+0000] {processor.py:830} INFO - Processing file /home/airflow/.local/lib/python3.12/site-packages/airflow/example_dags/example_bash_operator.py for tasks to queue
[2024-06-03T06:20:30.625+0000] {logging_mixin.py:188} INFO - [2024-06-03T06:20:30.624+0000] {dagbag.py:545} INFO - Filling up the DagBag from /home/airflow/.local/lib/python3.12/site-packages/airflow/example_dags/example_bash_operator.py
[2024-06-03T06:20:30.636+0000] {processor.py:840} INFO - DAG(s) 'example_bash_operator' retrieved from /home/airflow/.local/lib/python3.12/site-packages/airflow/example_dags/example_bash_operator.py
[2024-06-03T06:20:30.702+0000] {logging_mixin.py:188} INFO - [2024-06-03T06:20:30.702+0000] {dag.py:3096} INFO - Sync 1 DAGs
[2024-06-03T06:20:30.740+0000] {logging_mixin.py:188} INFO - [2024-06-03T06:20:30.739+0000] {dag.py:3954} INFO - Setting next_dagrun for example_bash_operator to 2024-06-02 00:00:00+00:00, run_after=2024-06-03 00:00:00+00:00
[2024-06-03T06:20:30.767+0000] {processor.py:183} INFO - Processing /home/airflow/.local/lib/python3.12/site-packages/airflow/example_dags/example_bash_operator.py took 0.160 seconds
[2024-06-03T06:21:00.833+0000] {processor.py:161} INFO - Started process (PID=234) to work on /home/airflow/.local/lib/python3.12/site-packages/airflow/example_dags/example_bash_operator.py
[2024-06-03T06:21:00.835+0000] {processor.py:830} INFO - Processing file /home/airflow/.local/lib/python3.12/site-packages/airflow/example_dags/example_bash_operator.py for tasks to queue
[2024-06-03T06:21:00.837+0000] {logging_mixin.py:188} INFO - [2024-06-03T06:21:00.837+0000] {dagbag.py:545} INFO - Filling up the DagBag from /home/airflow/.local/lib/python3.12/site-packages/airflow/example_dags/example_bash_operator.py
[2024-06-03T06:21:00.845+0000] {processor.py:840} INFO - DAG(s) 'example_bash_operator' retrieved from /home/airflow/.local/lib/python3.12/site-packages/airflow/example_dags/example_bash_operator.py
[2024-06-03T06:21:00.865+0000] {logging_mixin.py:188} INFO - [2024-06-03T06:21:00.865+0000] {dag.py:3096} INFO - Sync 1 DAGs
[2024-06-03T06:21:00.877+0000] {logging_mixin.py:188} INFO - [2024-06-03T06:21:00.877+0000] {dag.py:3954} INFO - Setting next_dagrun for example_bash_operator to 2024-06-02 00:00:00+00:00, run_after=2024-06-03 00:00:00+00:00
[2024-06-03T06:21:00.887+0000] {processor.py:183} INFO - Processing /home/airflow/.local/lib/python3.12/site-packages/airflow/example_dags/example_bash_operator.py took 0.059 seconds
[2024-06-03T06:21:30.957+0000] {processor.py:161} INFO - Started process (PID=292) to work on /home/airflow/.local/lib/python3.12/site-packages/airflow/example_dags/example_bash_operator.py
[2024-06-03T06:21:30.958+0000] {processor.py:830} INFO - Processing file /home/airflow/.local/lib/python3.12/site-packages/airflow/example_dags/example_bash_operator.py for tasks to queue
[2024-06-03T06:21:30.960+0000] {logging_mixin.py:188} INFO - [2024-06-03T06:21:30.960+0000] {dagbag.py:545} INFO - Filling up the DagBag from /home/airflow/.local/lib/python3.12/site-packages/airflow/example_dags/example_bash_operator.py
[2024-06-03T06:21:30.967+0000] {processor.py:840} INFO - DAG(s) 'example_bash_operator' retrieved from /home/airflow/.local/lib/python3.12/site-packages/airflow/example_dags/example_bash_operator.py
[2024-06-03T06:21:30.986+0000] {logging_mixin.py:188} INFO - [2024-06-03T06:21:30.986+0000] {dag.py:3096} INFO - Sync 1 DAGs
[2024-06-03T06:21:30.998+0000] {logging_mixin.py:188} INFO - [2024-06-03T06:21:30.998+0000] {dag.py:3954} INFO - Setting next_dagrun for example_bash_operator to 2024-06-02 00:00:00+00:00, run_after=2024-06-03 00:00:00+00:00
[2024-06-03T06:21:31.008+0000] {processor.py:183} INFO - Processing /home/airflow/.local/lib/python3.12/site-packages/airflow/example_dags/example_bash_operator.py took 0.057 seconds
[2024-06-03T06:22:01.554+0000] {processor.py:161} INFO - Started process (PID=350) to work on /home/airflow/.local/lib/python3.12/site-packages/airflow/example_dags/example_bash_operator.py
[2024-06-03T06:22:01.555+0000] {processor.py:830} INFO - Processing file /home/airflow/.local/lib/python3.12/site-packages/airflow/example_dags/example_bash_operator.py for tasks to queue
[2024-06-03T06:22:01.557+0000] {logging_mixin.py:188} INFO - [2024-06-03T06:22:01.557+0000] {dagbag.py:545} INFO - Filling up the DagBag from /home/airflow/.local/lib/python3.12/site-packages/airflow/example_dags/example_bash_operator.py
[2024-06-03T06:22:01.566+0000] {processor.py:840} INFO - DAG(s) 'example_bash_operator' retrieved from /home/airflow/.local/lib/python3.12/site-packages/airflow/example_dags/example_bash_operator.py
[2024-06-03T06:22:01.623+0000] {logging_mixin.py:188} INFO - [2024-06-03T06:22:01.623+0000] {dag.py:3096} INFO - Sync 1 DAGs
[2024-06-03T06:22:01.661+0000] {logging_mixin.py:188} INFO - [2024-06-03T06:22:01.661+0000] {dag.py:3954} INFO - Setting next_dagrun for example_bash_operator to 2024-06-02 00:00:00+00:00, run_after=2024-06-03 00:00:00+00:00
[2024-06-03T06:22:01.673+0000] {processor.py:183} INFO - Processing /home/airflow/.local/lib/python3.12/site-packages/airflow/example_dags/example_bash_operator.py took 0.123 seconds
[2024-06-03T06:22:32.687+0000] {processor.py:161} INFO - Started process (PID=408) to work on /home/airflow/.local/lib/python3.12/site-packages/airflow/example_dags/example_bash_operator.py
[2024-06-03T06:22:32.689+0000] {processor.py:830} INFO - Processing file /home/airflow/.local/lib/python3.12/site-packages/airflow/example_dags/example_bash_operator.py for tasks to queue
[2024-06-03T06:22:32.692+0000] {logging_mixin.py:188} INFO - [2024-06-03T06:22:32.691+0000] {dagbag.py:545} INFO - Filling up the DagBag from /home/airflow/.local/lib/python3.12/site-packages/airflow/example_dags/example_bash_operator.py
[2024-06-03T06:22:32.703+0000] {processor.py:840} INFO - DAG(s) 'example_bash_operator' retrieved from /home/airflow/.local/lib/python3.12/site-packages/airflow/example_dags/example_bash_operator.py
[2024-06-03T06:22:32.726+0000] {logging_mixin.py:188} INFO - [2024-06-03T06:22:32.726+0000] {dag.py:3096} INFO - Sync 1 DAGs
[2024-06-03T06:22:32.740+0000] {logging_mixin.py:188} INFO - [2024-06-03T06:22:32.740+0000] {dag.py:3954} INFO - Setting next_dagrun for example_bash_operator to 2024-06-02 00:00:00+00:00, run_after=2024-06-03 00:00:00+00:00
[2024-06-03T06:22:32.753+0000] {processor.py:183} INFO - Processing /home/airflow/.local/lib/python3.12/site-packages/airflow/example_dags/example_bash_operator.py took 0.075 seconds
[2024-06-03T06:23:03.377+0000] {processor.py:161} INFO - Started process (PID=466) to work on /home/airflow/.local/lib/python3.12/site-packages/airflow/example_dags/example_bash_operator.py
[2024-06-03T06:23:03.379+0000] {processor.py:830} INFO - Processing file /home/airflow/.local/lib/python3.12/site-packages/airflow/example_dags/example_bash_operator.py for tasks to queue
[2024-06-03T06:23:03.381+0000] {logging_mixin.py:188} INFO - [2024-06-03T06:23:03.381+0000] {dagbag.py:545} INFO - Filling up the DagBag from /home/airflow/.local/lib/python3.12/site-packages/airflow/example_dags/example_bash_operator.py
[2024-06-03T06:23:03.391+0000] {processor.py:840} INFO - DAG(s) 'example_bash_operator' retrieved from /home/airflow/.local/lib/python3.12/site-packages/airflow/example_dags/example_bash_operator.py
[2024-06-03T06:23:03.413+0000] {logging_mixin.py:188} INFO - [2024-06-03T06:23:03.413+0000] {dag.py:3096} INFO - Sync 1 DAGs
[2024-06-03T06:23:03.426+0000] {logging_mixin.py:188} INFO - [2024-06-03T06:23:03.426+0000] {dag.py:3954} INFO - Setting next_dagrun for example_bash_operator to 2024-06-02 00:00:00+00:00, run_after=2024-06-03 00:00:00+00:00
[2024-06-03T06:23:03.437+0000] {processor.py:183} INFO - Processing /home/airflow/.local/lib/python3.12/site-packages/airflow/example_dags/example_bash_operator.py took 0.066 seconds
[2024-06-03T06:25:21.622+0000] {processor.py:161} INFO - Started process (PID=62) to work on /home/airflow/.local/lib/python3.12/site-packages/airflow/example_dags/example_bash_operator.py
[2024-06-03T06:25:21.626+0000] {processor.py:830} INFO - Processing file /home/airflow/.local/lib/python3.12/site-packages/airflow/example_dags/example_bash_operator.py for tasks to queue
[2024-06-03T06:25:21.630+0000] {logging_mixin.py:188} INFO - [2024-06-03T06:25:21.629+0000] {dagbag.py:545} INFO - Filling up the DagBag from /home/airflow/.local/lib/python3.12/site-packages/airflow/example_dags/example_bash_operator.py
[2024-06-03T06:25:21.644+0000] {processor.py:840} INFO - DAG(s) 'example_bash_operator' retrieved from /home/airflow/.local/lib/python3.12/site-packages/airflow/example_dags/example_bash_operator.py
[2024-06-03T06:25:21.664+0000] {logging_mixin.py:188} INFO - [2024-06-03T06:25:21.664+0000] {dag.py:3096} INFO - Sync 1 DAGs
[2024-06-03T06:25:21.687+0000] {logging_mixin.py:188} INFO - [2024-06-03T06:25:21.687+0000] {dag.py:3954} INFO - Setting next_dagrun for example_bash_operator to 2024-06-02 00:00:00+00:00, run_after=2024-06-03 00:00:00+00:00
[2024-06-03T06:25:21.713+0000] {processor.py:183} INFO - Processing /home/airflow/.local/lib/python3.12/site-packages/airflow/example_dags/example_bash_operator.py took 0.099 seconds
[2024-06-03T06:25:52.485+0000] {processor.py:161} INFO - Started process (PID=120) to work on /home/airflow/.local/lib/python3.12/site-packages/airflow/example_dags/example_bash_operator.py
[2024-06-03T06:25:52.487+0000] {processor.py:830} INFO - Processing file /home/airflow/.local/lib/python3.12/site-packages/airflow/example_dags/example_bash_operator.py for tasks to queue
[2024-06-03T06:25:52.489+0000] {logging_mixin.py:188} INFO - [2024-06-03T06:25:52.489+0000] {dagbag.py:545} INFO - Filling up the DagBag from /home/airflow/.local/lib/python3.12/site-packages/airflow/example_dags/example_bash_operator.py
[2024-06-03T06:25:52.498+0000] {processor.py:840} INFO - DAG(s) 'example_bash_operator' retrieved from /home/airflow/.local/lib/python3.12/site-packages/airflow/example_dags/example_bash_operator.py
[2024-06-03T06:25:52.592+0000] {logging_mixin.py:188} INFO - [2024-06-03T06:25:52.592+0000] {dag.py:3096} INFO - Sync 1 DAGs
[2024-06-03T06:25:52.609+0000] {logging_mixin.py:188} INFO - [2024-06-03T06:25:52.608+0000] {dag.py:3954} INFO - Setting next_dagrun for example_bash_operator to 2024-06-02 00:00:00+00:00, run_after=2024-06-03 00:00:00+00:00
[2024-06-03T06:25:52.625+0000] {processor.py:183} INFO - Processing /home/airflow/.local/lib/python3.12/site-packages/airflow/example_dags/example_bash_operator.py took 0.144 seconds
[2024-06-03T06:26:23.227+0000] {processor.py:161} INFO - Started process (PID=178) to work on /home/airflow/.local/lib/python3.12/site-packages/airflow/example_dags/example_bash_operator.py
[2024-06-03T06:26:23.228+0000] {processor.py:830} INFO - Processing file /home/airflow/.local/lib/python3.12/site-packages/airflow/example_dags/example_bash_operator.py for tasks to queue
[2024-06-03T06:26:23.230+0000] {logging_mixin.py:188} INFO - [2024-06-03T06:26:23.229+0000] {dagbag.py:545} INFO - Filling up the DagBag from /home/airflow/.local/lib/python3.12/site-packages/airflow/example_dags/example_bash_operator.py
[2024-06-03T06:26:23.238+0000] {processor.py:840} INFO - DAG(s) 'example_bash_operator' retrieved from /home/airflow/.local/lib/python3.12/site-packages/airflow/example_dags/example_bash_operator.py
[2024-06-03T06:26:23.257+0000] {logging_mixin.py:188} INFO - [2024-06-03T06:26:23.257+0000] {dag.py:3096} INFO - Sync 1 DAGs
[2024-06-03T06:26:23.273+0000] {logging_mixin.py:188} INFO - [2024-06-03T06:26:23.272+0000] {dag.py:3954} INFO - Setting next_dagrun for example_bash_operator to 2024-06-02 00:00:00+00:00, run_after=2024-06-03 00:00:00+00:00
[2024-06-03T06:26:23.288+0000] {processor.py:183} INFO - Processing /home/airflow/.local/lib/python3.12/site-packages/airflow/example_dags/example_bash_operator.py took 0.065 seconds
[2024-06-03T06:26:54.188+0000] {processor.py:161} INFO - Started process (PID=236) to work on /home/airflow/.local/lib/python3.12/site-packages/airflow/example_dags/example_bash_operator.py
[2024-06-03T06:26:54.190+0000] {processor.py:830} INFO - Processing file /home/airflow/.local/lib/python3.12/site-packages/airflow/example_dags/example_bash_operator.py for tasks to queue
[2024-06-03T06:26:54.193+0000] {logging_mixin.py:188} INFO - [2024-06-03T06:26:54.192+0000] {dagbag.py:545} INFO - Filling up the DagBag from /home/airflow/.local/lib/python3.12/site-packages/airflow/example_dags/example_bash_operator.py
[2024-06-03T06:26:54.207+0000] {processor.py:840} INFO - DAG(s) 'example_bash_operator' retrieved from /home/airflow/.local/lib/python3.12/site-packages/airflow/example_dags/example_bash_operator.py
[2024-06-03T06:26:54.228+0000] {logging_mixin.py:188} INFO - [2024-06-03T06:26:54.228+0000] {dag.py:3096} INFO - Sync 1 DAGs
[2024-06-03T06:26:54.243+0000] {logging_mixin.py:188} INFO - [2024-06-03T06:26:54.243+0000] {dag.py:3954} INFO - Setting next_dagrun for example_bash_operator to 2024-06-02 00:00:00+00:00, run_after=2024-06-03 00:00:00+00:00
[2024-06-03T06:26:54.256+0000] {processor.py:183} INFO - Processing /home/airflow/.local/lib/python3.12/site-packages/airflow/example_dags/example_bash_operator.py took 0.075 seconds
[2024-06-03T06:27:24.352+0000] {processor.py:161} INFO - Started process (PID=294) to work on /home/airflow/.local/lib/python3.12/site-packages/airflow/example_dags/example_bash_operator.py
[2024-06-03T06:27:24.354+0000] {processor.py:830} INFO - Processing file /home/airflow/.local/lib/python3.12/site-packages/airflow/example_dags/example_bash_operator.py for tasks to queue
[2024-06-03T06:27:24.356+0000] {logging_mixin.py:188} INFO - [2024-06-03T06:27:24.356+0000] {dagbag.py:545} INFO - Filling up the DagBag from /home/airflow/.local/lib/python3.12/site-packages/airflow/example_dags/example_bash_operator.py
[2024-06-03T06:27:24.364+0000] {processor.py:840} INFO - DAG(s) 'example_bash_operator' retrieved from /home/airflow/.local/lib/python3.12/site-packages/airflow/example_dags/example_bash_operator.py
[2024-06-03T06:27:24.383+0000] {logging_mixin.py:188} INFO - [2024-06-03T06:27:24.383+0000] {dag.py:3096} INFO - Sync 1 DAGs
[2024-06-03T06:27:24.396+0000] {logging_mixin.py:188} INFO - [2024-06-03T06:27:24.396+0000] {dag.py:3954} INFO - Setting next_dagrun for example_bash_operator to 2024-06-02 00:00:00+00:00, run_after=2024-06-03 00:00:00+00:00
[2024-06-03T06:27:24.408+0000] {processor.py:183} INFO - Processing /home/airflow/.local/lib/python3.12/site-packages/airflow/example_dags/example_bash_operator.py took 0.060 seconds
