[2024-06-03T06:19:27.237+0000] {processor.py:161} INFO - Started process (PID=34) to work on /home/airflow/.local/lib/python3.12/site-packages/airflow/example_dags/example_setup_teardown.py
[2024-06-03T06:19:27.239+0000] {processor.py:830} INFO - Processing file /home/airflow/.local/lib/python3.12/site-packages/airflow/example_dags/example_setup_teardown.py for tasks to queue
[2024-06-03T06:19:27.241+0000] {logging_mixin.py:188} INFO - [2024-06-03T06:19:27.240+0000] {dagbag.py:545} INFO - Filling up the DagBag from /home/airflow/.local/lib/python3.12/site-packages/airflow/example_dags/example_setup_teardown.py
[2024-06-03T06:19:27.249+0000] {processor.py:840} INFO - DAG(s) 'example_setup_teardown' retrieved from /home/airflow/.local/lib/python3.12/site-packages/airflow/example_dags/example_setup_teardown.py
[2024-06-03T06:19:27.263+0000] {logging_mixin.py:188} INFO - [2024-06-03T06:19:27.263+0000] {dag.py:3096} INFO - Sync 1 DAGs
[2024-06-03T06:19:27.287+0000] {logging_mixin.py:188} INFO - [2024-06-03T06:19:27.287+0000] {dag.py:3954} INFO - Setting next_dagrun for example_setup_teardown to 2024-06-02 00:00:00+00:00, run_after=2024-06-03 00:00:00+00:00
[2024-06-03T06:19:27.309+0000] {processor.py:183} INFO - Processing /home/airflow/.local/lib/python3.12/site-packages/airflow/example_dags/example_setup_teardown.py took 0.076 seconds
[2024-06-03T06:19:57.536+0000] {processor.py:161} INFO - Started process (PID=91) to work on /home/airflow/.local/lib/python3.12/site-packages/airflow/example_dags/example_setup_teardown.py
[2024-06-03T06:19:57.538+0000] {processor.py:830} INFO - Processing file /home/airflow/.local/lib/python3.12/site-packages/airflow/example_dags/example_setup_teardown.py for tasks to queue
[2024-06-03T06:19:57.540+0000] {logging_mixin.py:188} INFO - [2024-06-03T06:19:57.540+0000] {dagbag.py:545} INFO - Filling up the DagBag from /home/airflow/.local/lib/python3.12/site-packages/airflow/example_dags/example_setup_teardown.py
[2024-06-03T06:19:57.545+0000] {processor.py:840} INFO - DAG(s) 'example_setup_teardown' retrieved from /home/airflow/.local/lib/python3.12/site-packages/airflow/example_dags/example_setup_teardown.py
[2024-06-03T06:19:57.615+0000] {logging_mixin.py:188} INFO - [2024-06-03T06:19:57.615+0000] {dag.py:3096} INFO - Sync 1 DAGs
[2024-06-03T06:19:57.627+0000] {logging_mixin.py:188} INFO - [2024-06-03T06:19:57.627+0000] {dag.py:3954} INFO - Setting next_dagrun for example_setup_teardown to 2024-06-02 00:00:00+00:00, run_after=2024-06-03 00:00:00+00:00
[2024-06-03T06:19:57.639+0000] {processor.py:183} INFO - Processing /home/airflow/.local/lib/python3.12/site-packages/airflow/example_dags/example_setup_teardown.py took 0.107 seconds
[2024-06-03T06:20:28.079+0000] {processor.py:161} INFO - Started process (PID=149) to work on /home/airflow/.local/lib/python3.12/site-packages/airflow/example_dags/example_setup_teardown.py
[2024-06-03T06:20:28.080+0000] {processor.py:830} INFO - Processing file /home/airflow/.local/lib/python3.12/site-packages/airflow/example_dags/example_setup_teardown.py for tasks to queue
[2024-06-03T06:20:28.082+0000] {logging_mixin.py:188} INFO - [2024-06-03T06:20:28.082+0000] {dagbag.py:545} INFO - Filling up the DagBag from /home/airflow/.local/lib/python3.12/site-packages/airflow/example_dags/example_setup_teardown.py
[2024-06-03T06:20:28.088+0000] {processor.py:840} INFO - DAG(s) 'example_setup_teardown' retrieved from /home/airflow/.local/lib/python3.12/site-packages/airflow/example_dags/example_setup_teardown.py
[2024-06-03T06:20:28.112+0000] {logging_mixin.py:188} INFO - [2024-06-03T06:20:28.111+0000] {dag.py:3096} INFO - Sync 1 DAGs
[2024-06-03T06:20:28.128+0000] {logging_mixin.py:188} INFO - [2024-06-03T06:20:28.128+0000] {dag.py:3954} INFO - Setting next_dagrun for example_setup_teardown to 2024-06-02 00:00:00+00:00, run_after=2024-06-03 00:00:00+00:00
[2024-06-03T06:20:28.140+0000] {processor.py:183} INFO - Processing /home/airflow/.local/lib/python3.12/site-packages/airflow/example_dags/example_setup_teardown.py took 0.066 seconds
[2024-06-03T06:20:58.394+0000] {processor.py:161} INFO - Started process (PID=207) to work on /home/airflow/.local/lib/python3.12/site-packages/airflow/example_dags/example_setup_teardown.py
[2024-06-03T06:20:58.396+0000] {processor.py:830} INFO - Processing file /home/airflow/.local/lib/python3.12/site-packages/airflow/example_dags/example_setup_teardown.py for tasks to queue
[2024-06-03T06:20:58.398+0000] {logging_mixin.py:188} INFO - [2024-06-03T06:20:58.397+0000] {dagbag.py:545} INFO - Filling up the DagBag from /home/airflow/.local/lib/python3.12/site-packages/airflow/example_dags/example_setup_teardown.py
[2024-06-03T06:20:58.403+0000] {processor.py:840} INFO - DAG(s) 'example_setup_teardown' retrieved from /home/airflow/.local/lib/python3.12/site-packages/airflow/example_dags/example_setup_teardown.py
[2024-06-03T06:20:58.421+0000] {logging_mixin.py:188} INFO - [2024-06-03T06:20:58.421+0000] {dag.py:3096} INFO - Sync 1 DAGs
[2024-06-03T06:20:58.440+0000] {logging_mixin.py:188} INFO - [2024-06-03T06:20:58.440+0000] {dag.py:3954} INFO - Setting next_dagrun for example_setup_teardown to 2024-06-02 00:00:00+00:00, run_after=2024-06-03 00:00:00+00:00
[2024-06-03T06:20:58.456+0000] {processor.py:183} INFO - Processing /home/airflow/.local/lib/python3.12/site-packages/airflow/example_dags/example_setup_teardown.py took 0.066 seconds
[2024-06-03T06:21:28.494+0000] {processor.py:161} INFO - Started process (PID=264) to work on /home/airflow/.local/lib/python3.12/site-packages/airflow/example_dags/example_setup_teardown.py
[2024-06-03T06:21:28.496+0000] {processor.py:830} INFO - Processing file /home/airflow/.local/lib/python3.12/site-packages/airflow/example_dags/example_setup_teardown.py for tasks to queue
[2024-06-03T06:21:28.497+0000] {logging_mixin.py:188} INFO - [2024-06-03T06:21:28.497+0000] {dagbag.py:545} INFO - Filling up the DagBag from /home/airflow/.local/lib/python3.12/site-packages/airflow/example_dags/example_setup_teardown.py
[2024-06-03T06:21:28.502+0000] {processor.py:840} INFO - DAG(s) 'example_setup_teardown' retrieved from /home/airflow/.local/lib/python3.12/site-packages/airflow/example_dags/example_setup_teardown.py
[2024-06-03T06:21:28.519+0000] {logging_mixin.py:188} INFO - [2024-06-03T06:21:28.519+0000] {dag.py:3096} INFO - Sync 1 DAGs
[2024-06-03T06:21:28.534+0000] {logging_mixin.py:188} INFO - [2024-06-03T06:21:28.534+0000] {dag.py:3954} INFO - Setting next_dagrun for example_setup_teardown to 2024-06-02 00:00:00+00:00, run_after=2024-06-03 00:00:00+00:00
[2024-06-03T06:21:28.547+0000] {processor.py:183} INFO - Processing /home/airflow/.local/lib/python3.12/site-packages/airflow/example_dags/example_setup_teardown.py took 0.057 seconds
[2024-06-03T06:21:58.959+0000] {processor.py:161} INFO - Started process (PID=322) to work on /home/airflow/.local/lib/python3.12/site-packages/airflow/example_dags/example_setup_teardown.py
[2024-06-03T06:21:58.960+0000] {processor.py:830} INFO - Processing file /home/airflow/.local/lib/python3.12/site-packages/airflow/example_dags/example_setup_teardown.py for tasks to queue
[2024-06-03T06:21:58.962+0000] {logging_mixin.py:188} INFO - [2024-06-03T06:21:58.962+0000] {dagbag.py:545} INFO - Filling up the DagBag from /home/airflow/.local/lib/python3.12/site-packages/airflow/example_dags/example_setup_teardown.py
[2024-06-03T06:21:58.967+0000] {processor.py:840} INFO - DAG(s) 'example_setup_teardown' retrieved from /home/airflow/.local/lib/python3.12/site-packages/airflow/example_dags/example_setup_teardown.py
[2024-06-03T06:21:58.984+0000] {logging_mixin.py:188} INFO - [2024-06-03T06:21:58.984+0000] {dag.py:3096} INFO - Sync 1 DAGs
[2024-06-03T06:21:58.997+0000] {logging_mixin.py:188} INFO - [2024-06-03T06:21:58.997+0000] {dag.py:3954} INFO - Setting next_dagrun for example_setup_teardown to 2024-06-02 00:00:00+00:00, run_after=2024-06-03 00:00:00+00:00
[2024-06-03T06:21:59.008+0000] {processor.py:183} INFO - Processing /home/airflow/.local/lib/python3.12/site-packages/airflow/example_dags/example_setup_teardown.py took 0.053 seconds
[2024-06-03T06:22:29.261+0000] {processor.py:161} INFO - Started process (PID=380) to work on /home/airflow/.local/lib/python3.12/site-packages/airflow/example_dags/example_setup_teardown.py
[2024-06-03T06:22:29.262+0000] {processor.py:830} INFO - Processing file /home/airflow/.local/lib/python3.12/site-packages/airflow/example_dags/example_setup_teardown.py for tasks to queue
[2024-06-03T06:22:29.264+0000] {logging_mixin.py:188} INFO - [2024-06-03T06:22:29.264+0000] {dagbag.py:545} INFO - Filling up the DagBag from /home/airflow/.local/lib/python3.12/site-packages/airflow/example_dags/example_setup_teardown.py
[2024-06-03T06:22:29.270+0000] {processor.py:840} INFO - DAG(s) 'example_setup_teardown' retrieved from /home/airflow/.local/lib/python3.12/site-packages/airflow/example_dags/example_setup_teardown.py
[2024-06-03T06:22:29.285+0000] {logging_mixin.py:188} INFO - [2024-06-03T06:22:29.285+0000] {dag.py:3096} INFO - Sync 1 DAGs
[2024-06-03T06:22:29.297+0000] {logging_mixin.py:188} INFO - [2024-06-03T06:22:29.297+0000] {dag.py:3954} INFO - Setting next_dagrun for example_setup_teardown to 2024-06-02 00:00:00+00:00, run_after=2024-06-03 00:00:00+00:00
[2024-06-03T06:22:29.307+0000] {processor.py:183} INFO - Processing /home/airflow/.local/lib/python3.12/site-packages/airflow/example_dags/example_setup_teardown.py took 0.051 seconds
[2024-06-03T06:23:00.159+0000] {processor.py:161} INFO - Started process (PID=439) to work on /home/airflow/.local/lib/python3.12/site-packages/airflow/example_dags/example_setup_teardown.py
[2024-06-03T06:23:00.161+0000] {processor.py:830} INFO - Processing file /home/airflow/.local/lib/python3.12/site-packages/airflow/example_dags/example_setup_teardown.py for tasks to queue
[2024-06-03T06:23:00.163+0000] {logging_mixin.py:188} INFO - [2024-06-03T06:23:00.163+0000] {dagbag.py:545} INFO - Filling up the DagBag from /home/airflow/.local/lib/python3.12/site-packages/airflow/example_dags/example_setup_teardown.py
[2024-06-03T06:23:00.169+0000] {processor.py:840} INFO - DAG(s) 'example_setup_teardown' retrieved from /home/airflow/.local/lib/python3.12/site-packages/airflow/example_dags/example_setup_teardown.py
[2024-06-03T06:23:00.187+0000] {logging_mixin.py:188} INFO - [2024-06-03T06:23:00.186+0000] {dag.py:3096} INFO - Sync 1 DAGs
[2024-06-03T06:23:00.200+0000] {logging_mixin.py:188} INFO - [2024-06-03T06:23:00.200+0000] {dag.py:3954} INFO - Setting next_dagrun for example_setup_teardown to 2024-06-02 00:00:00+00:00, run_after=2024-06-03 00:00:00+00:00
[2024-06-03T06:23:00.211+0000] {processor.py:183} INFO - Processing /home/airflow/.local/lib/python3.12/site-packages/airflow/example_dags/example_setup_teardown.py took 0.057 seconds
[2024-06-03T06:25:19.818+0000] {processor.py:161} INFO - Started process (PID=35) to work on /home/airflow/.local/lib/python3.12/site-packages/airflow/example_dags/example_setup_teardown.py
[2024-06-03T06:25:19.820+0000] {processor.py:830} INFO - Processing file /home/airflow/.local/lib/python3.12/site-packages/airflow/example_dags/example_setup_teardown.py for tasks to queue
[2024-06-03T06:25:19.825+0000] {logging_mixin.py:188} INFO - [2024-06-03T06:25:19.825+0000] {dagbag.py:545} INFO - Filling up the DagBag from /home/airflow/.local/lib/python3.12/site-packages/airflow/example_dags/example_setup_teardown.py
[2024-06-03T06:25:19.846+0000] {processor.py:840} INFO - DAG(s) 'example_setup_teardown' retrieved from /home/airflow/.local/lib/python3.12/site-packages/airflow/example_dags/example_setup_teardown.py
[2024-06-03T06:25:19.874+0000] {logging_mixin.py:188} INFO - [2024-06-03T06:25:19.873+0000] {dag.py:3096} INFO - Sync 1 DAGs
[2024-06-03T06:25:19.904+0000] {logging_mixin.py:188} INFO - [2024-06-03T06:25:19.903+0000] {dag.py:3954} INFO - Setting next_dagrun for example_setup_teardown to 2024-06-02 00:00:00+00:00, run_after=2024-06-03 00:00:00+00:00
[2024-06-03T06:25:19.929+0000] {processor.py:183} INFO - Processing /home/airflow/.local/lib/python3.12/site-packages/airflow/example_dags/example_setup_teardown.py took 0.120 seconds
[2024-06-03T06:25:50.692+0000] {processor.py:161} INFO - Started process (PID=93) to work on /home/airflow/.local/lib/python3.12/site-packages/airflow/example_dags/example_setup_teardown.py
[2024-06-03T06:25:50.694+0000] {processor.py:830} INFO - Processing file /home/airflow/.local/lib/python3.12/site-packages/airflow/example_dags/example_setup_teardown.py for tasks to queue
[2024-06-03T06:25:50.696+0000] {logging_mixin.py:188} INFO - [2024-06-03T06:25:50.695+0000] {dagbag.py:545} INFO - Filling up the DagBag from /home/airflow/.local/lib/python3.12/site-packages/airflow/example_dags/example_setup_teardown.py
[2024-06-03T06:25:50.701+0000] {processor.py:840} INFO - DAG(s) 'example_setup_teardown' retrieved from /home/airflow/.local/lib/python3.12/site-packages/airflow/example_dags/example_setup_teardown.py
[2024-06-03T06:25:50.763+0000] {logging_mixin.py:188} INFO - [2024-06-03T06:25:50.763+0000] {dag.py:3096} INFO - Sync 1 DAGs
[2024-06-03T06:25:50.774+0000] {logging_mixin.py:188} INFO - [2024-06-03T06:25:50.773+0000] {dag.py:3954} INFO - Setting next_dagrun for example_setup_teardown to 2024-06-02 00:00:00+00:00, run_after=2024-06-03 00:00:00+00:00
[2024-06-03T06:25:50.784+0000] {processor.py:183} INFO - Processing /home/airflow/.local/lib/python3.12/site-packages/airflow/example_dags/example_setup_teardown.py took 0.096 seconds
[2024-06-03T06:26:21.117+0000] {processor.py:161} INFO - Started process (PID=151) to work on /home/airflow/.local/lib/python3.12/site-packages/airflow/example_dags/example_setup_teardown.py
[2024-06-03T06:26:21.119+0000] {processor.py:830} INFO - Processing file /home/airflow/.local/lib/python3.12/site-packages/airflow/example_dags/example_setup_teardown.py for tasks to queue
[2024-06-03T06:26:21.121+0000] {logging_mixin.py:188} INFO - [2024-06-03T06:26:21.120+0000] {dagbag.py:545} INFO - Filling up the DagBag from /home/airflow/.local/lib/python3.12/site-packages/airflow/example_dags/example_setup_teardown.py
[2024-06-03T06:26:21.126+0000] {processor.py:840} INFO - DAG(s) 'example_setup_teardown' retrieved from /home/airflow/.local/lib/python3.12/site-packages/airflow/example_dags/example_setup_teardown.py
[2024-06-03T06:26:21.143+0000] {logging_mixin.py:188} INFO - [2024-06-03T06:26:21.143+0000] {dag.py:3096} INFO - Sync 1 DAGs
[2024-06-03T06:26:21.158+0000] {logging_mixin.py:188} INFO - [2024-06-03T06:26:21.158+0000] {dag.py:3954} INFO - Setting next_dagrun for example_setup_teardown to 2024-06-02 00:00:00+00:00, run_after=2024-06-03 00:00:00+00:00
[2024-06-03T06:26:21.169+0000] {processor.py:183} INFO - Processing /home/airflow/.local/lib/python3.12/site-packages/airflow/example_dags/example_setup_teardown.py took 0.056 seconds
[2024-06-03T06:26:51.774+0000] {processor.py:161} INFO - Started process (PID=209) to work on /home/airflow/.local/lib/python3.12/site-packages/airflow/example_dags/example_setup_teardown.py
[2024-06-03T06:26:51.775+0000] {processor.py:830} INFO - Processing file /home/airflow/.local/lib/python3.12/site-packages/airflow/example_dags/example_setup_teardown.py for tasks to queue
[2024-06-03T06:26:51.777+0000] {logging_mixin.py:188} INFO - [2024-06-03T06:26:51.776+0000] {dagbag.py:545} INFO - Filling up the DagBag from /home/airflow/.local/lib/python3.12/site-packages/airflow/example_dags/example_setup_teardown.py
[2024-06-03T06:26:51.782+0000] {processor.py:840} INFO - DAG(s) 'example_setup_teardown' retrieved from /home/airflow/.local/lib/python3.12/site-packages/airflow/example_dags/example_setup_teardown.py
[2024-06-03T06:26:51.799+0000] {logging_mixin.py:188} INFO - [2024-06-03T06:26:51.798+0000] {dag.py:3096} INFO - Sync 1 DAGs
[2024-06-03T06:26:51.812+0000] {logging_mixin.py:188} INFO - [2024-06-03T06:26:51.812+0000] {dag.py:3954} INFO - Setting next_dagrun for example_setup_teardown to 2024-06-02 00:00:00+00:00, run_after=2024-06-03 00:00:00+00:00
[2024-06-03T06:26:51.824+0000] {processor.py:183} INFO - Processing /home/airflow/.local/lib/python3.12/site-packages/airflow/example_dags/example_setup_teardown.py took 0.054 seconds
[2024-06-03T06:27:22.118+0000] {processor.py:161} INFO - Started process (PID=267) to work on /home/airflow/.local/lib/python3.12/site-packages/airflow/example_dags/example_setup_teardown.py
[2024-06-03T06:27:22.120+0000] {processor.py:830} INFO - Processing file /home/airflow/.local/lib/python3.12/site-packages/airflow/example_dags/example_setup_teardown.py for tasks to queue
[2024-06-03T06:27:22.122+0000] {logging_mixin.py:188} INFO - [2024-06-03T06:27:22.121+0000] {dagbag.py:545} INFO - Filling up the DagBag from /home/airflow/.local/lib/python3.12/site-packages/airflow/example_dags/example_setup_teardown.py
[2024-06-03T06:27:22.127+0000] {processor.py:840} INFO - DAG(s) 'example_setup_teardown' retrieved from /home/airflow/.local/lib/python3.12/site-packages/airflow/example_dags/example_setup_teardown.py
[2024-06-03T06:27:22.144+0000] {logging_mixin.py:188} INFO - [2024-06-03T06:27:22.144+0000] {dag.py:3096} INFO - Sync 1 DAGs
[2024-06-03T06:27:22.158+0000] {logging_mixin.py:188} INFO - [2024-06-03T06:27:22.158+0000] {dag.py:3954} INFO - Setting next_dagrun for example_setup_teardown to 2024-06-02 00:00:00+00:00, run_after=2024-06-03 00:00:00+00:00
[2024-06-03T06:27:22.170+0000] {processor.py:183} INFO - Processing /home/airflow/.local/lib/python3.12/site-packages/airflow/example_dags/example_setup_teardown.py took 0.056 seconds
