[2024-06-03T06:19:28.981+0000] {processor.py:161} INFO - Started process (PID=59) to work on /home/airflow/.local/lib/python3.12/site-packages/airflow/example_dags/example_complex.py
[2024-06-03T06:19:28.982+0000] {processor.py:830} INFO - Processing file /home/airflow/.local/lib/python3.12/site-packages/airflow/example_dags/example_complex.py for tasks to queue
[2024-06-03T06:19:28.991+0000] {logging_mixin.py:188} INFO - [2024-06-03T06:19:28.991+0000] {dagbag.py:545} INFO - Filling up the DagBag from /home/airflow/.local/lib/python3.12/site-packages/airflow/example_dags/example_complex.py
[2024-06-03T06:19:29.016+0000] {processor.py:840} INFO - DAG(s) 'example_complex' retrieved from /home/airflow/.local/lib/python3.12/site-packages/airflow/example_dags/example_complex.py
[2024-06-03T06:19:29.035+0000] {logging_mixin.py:188} INFO - [2024-06-03T06:19:29.035+0000] {dag.py:3096} INFO - Sync 1 DAGs
[2024-06-03T06:19:29.048+0000] {logging_mixin.py:188} INFO - [2024-06-03T06:19:29.048+0000] {dag.py:3954} INFO - Setting next_dagrun for example_complex to None, run_after=None
[2024-06-03T06:19:29.064+0000] {processor.py:183} INFO - Processing /home/airflow/.local/lib/python3.12/site-packages/airflow/example_dags/example_complex.py took 0.092 seconds
[2024-06-03T06:19:59.184+0000] {processor.py:161} INFO - Started process (PID=116) to work on /home/airflow/.local/lib/python3.12/site-packages/airflow/example_dags/example_complex.py
[2024-06-03T06:19:59.186+0000] {processor.py:830} INFO - Processing file /home/airflow/.local/lib/python3.12/site-packages/airflow/example_dags/example_complex.py for tasks to queue
[2024-06-03T06:19:59.187+0000] {logging_mixin.py:188} INFO - [2024-06-03T06:19:59.187+0000] {dagbag.py:545} INFO - Filling up the DagBag from /home/airflow/.local/lib/python3.12/site-packages/airflow/example_dags/example_complex.py
[2024-06-03T06:19:59.194+0000] {processor.py:840} INFO - DAG(s) 'example_complex' retrieved from /home/airflow/.local/lib/python3.12/site-packages/airflow/example_dags/example_complex.py
[2024-06-03T06:19:59.252+0000] {logging_mixin.py:188} INFO - [2024-06-03T06:19:59.251+0000] {dag.py:3096} INFO - Sync 1 DAGs
[2024-06-03T06:19:59.258+0000] {logging_mixin.py:188} INFO - [2024-06-03T06:19:59.257+0000] {dag.py:3954} INFO - Setting next_dagrun for example_complex to None, run_after=None
[2024-06-03T06:19:59.268+0000] {processor.py:183} INFO - Processing /home/airflow/.local/lib/python3.12/site-packages/airflow/example_dags/example_complex.py took 0.088 seconds
[2024-06-03T06:20:30.383+0000] {processor.py:161} INFO - Started process (PID=174) to work on /home/airflow/.local/lib/python3.12/site-packages/airflow/example_dags/example_complex.py
[2024-06-03T06:20:30.385+0000] {processor.py:830} INFO - Processing file /home/airflow/.local/lib/python3.12/site-packages/airflow/example_dags/example_complex.py for tasks to queue
[2024-06-03T06:20:30.391+0000] {logging_mixin.py:188} INFO - [2024-06-03T06:20:30.390+0000] {dagbag.py:545} INFO - Filling up the DagBag from /home/airflow/.local/lib/python3.12/site-packages/airflow/example_dags/example_complex.py
[2024-06-03T06:20:30.406+0000] {processor.py:840} INFO - DAG(s) 'example_complex' retrieved from /home/airflow/.local/lib/python3.12/site-packages/airflow/example_dags/example_complex.py
[2024-06-03T06:20:30.479+0000] {logging_mixin.py:188} INFO - [2024-06-03T06:20:30.479+0000] {dag.py:3096} INFO - Sync 1 DAGs
[2024-06-03T06:20:30.512+0000] {logging_mixin.py:188} INFO - [2024-06-03T06:20:30.511+0000] {dag.py:3954} INFO - Setting next_dagrun for example_complex to None, run_after=None
[2024-06-03T06:20:30.562+0000] {processor.py:183} INFO - Processing /home/airflow/.local/lib/python3.12/site-packages/airflow/example_dags/example_complex.py took 0.199 seconds
[2024-06-03T06:21:00.755+0000] {processor.py:161} INFO - Started process (PID=232) to work on /home/airflow/.local/lib/python3.12/site-packages/airflow/example_dags/example_complex.py
[2024-06-03T06:21:00.756+0000] {processor.py:830} INFO - Processing file /home/airflow/.local/lib/python3.12/site-packages/airflow/example_dags/example_complex.py for tasks to queue
[2024-06-03T06:21:00.759+0000] {logging_mixin.py:188} INFO - [2024-06-03T06:21:00.758+0000] {dagbag.py:545} INFO - Filling up the DagBag from /home/airflow/.local/lib/python3.12/site-packages/airflow/example_dags/example_complex.py
[2024-06-03T06:21:00.765+0000] {processor.py:840} INFO - DAG(s) 'example_complex' retrieved from /home/airflow/.local/lib/python3.12/site-packages/airflow/example_dags/example_complex.py
[2024-06-03T06:21:00.786+0000] {logging_mixin.py:188} INFO - [2024-06-03T06:21:00.786+0000] {dag.py:3096} INFO - Sync 1 DAGs
[2024-06-03T06:21:00.793+0000] {logging_mixin.py:188} INFO - [2024-06-03T06:21:00.793+0000] {dag.py:3954} INFO - Setting next_dagrun for example_complex to None, run_after=None
[2024-06-03T06:21:00.805+0000] {processor.py:183} INFO - Processing /home/airflow/.local/lib/python3.12/site-packages/airflow/example_dags/example_complex.py took 0.054 seconds
[2024-06-03T06:21:30.881+0000] {processor.py:161} INFO - Started process (PID=290) to work on /home/airflow/.local/lib/python3.12/site-packages/airflow/example_dags/example_complex.py
[2024-06-03T06:21:30.882+0000] {processor.py:830} INFO - Processing file /home/airflow/.local/lib/python3.12/site-packages/airflow/example_dags/example_complex.py for tasks to queue
[2024-06-03T06:21:30.884+0000] {logging_mixin.py:188} INFO - [2024-06-03T06:21:30.883+0000] {dagbag.py:545} INFO - Filling up the DagBag from /home/airflow/.local/lib/python3.12/site-packages/airflow/example_dags/example_complex.py
[2024-06-03T06:21:30.890+0000] {processor.py:840} INFO - DAG(s) 'example_complex' retrieved from /home/airflow/.local/lib/python3.12/site-packages/airflow/example_dags/example_complex.py
[2024-06-03T06:21:30.912+0000] {logging_mixin.py:188} INFO - [2024-06-03T06:21:30.912+0000] {dag.py:3096} INFO - Sync 1 DAGs
[2024-06-03T06:21:30.919+0000] {logging_mixin.py:188} INFO - [2024-06-03T06:21:30.919+0000] {dag.py:3954} INFO - Setting next_dagrun for example_complex to None, run_after=None
[2024-06-03T06:21:30.930+0000] {processor.py:183} INFO - Processing /home/airflow/.local/lib/python3.12/site-packages/airflow/example_dags/example_complex.py took 0.054 seconds
[2024-06-03T06:22:01.480+0000] {processor.py:161} INFO - Started process (PID=348) to work on /home/airflow/.local/lib/python3.12/site-packages/airflow/example_dags/example_complex.py
[2024-06-03T06:22:01.481+0000] {processor.py:830} INFO - Processing file /home/airflow/.local/lib/python3.12/site-packages/airflow/example_dags/example_complex.py for tasks to queue
[2024-06-03T06:22:01.483+0000] {logging_mixin.py:188} INFO - [2024-06-03T06:22:01.483+0000] {dagbag.py:545} INFO - Filling up the DagBag from /home/airflow/.local/lib/python3.12/site-packages/airflow/example_dags/example_complex.py
[2024-06-03T06:22:01.489+0000] {processor.py:840} INFO - DAG(s) 'example_complex' retrieved from /home/airflow/.local/lib/python3.12/site-packages/airflow/example_dags/example_complex.py
[2024-06-03T06:22:01.512+0000] {logging_mixin.py:188} INFO - [2024-06-03T06:22:01.512+0000] {dag.py:3096} INFO - Sync 1 DAGs
[2024-06-03T06:22:01.519+0000] {logging_mixin.py:188} INFO - [2024-06-03T06:22:01.519+0000] {dag.py:3954} INFO - Setting next_dagrun for example_complex to None, run_after=None
[2024-06-03T06:22:01.530+0000] {processor.py:183} INFO - Processing /home/airflow/.local/lib/python3.12/site-packages/airflow/example_dags/example_complex.py took 0.055 seconds
[2024-06-03T06:22:31.581+0000] {processor.py:161} INFO - Started process (PID=406) to work on /home/airflow/.local/lib/python3.12/site-packages/airflow/example_dags/example_complex.py
[2024-06-03T06:22:31.582+0000] {processor.py:830} INFO - Processing file /home/airflow/.local/lib/python3.12/site-packages/airflow/example_dags/example_complex.py for tasks to queue
[2024-06-03T06:22:31.584+0000] {logging_mixin.py:188} INFO - [2024-06-03T06:22:31.584+0000] {dagbag.py:545} INFO - Filling up the DagBag from /home/airflow/.local/lib/python3.12/site-packages/airflow/example_dags/example_complex.py
[2024-06-03T06:22:31.591+0000] {processor.py:840} INFO - DAG(s) 'example_complex' retrieved from /home/airflow/.local/lib/python3.12/site-packages/airflow/example_dags/example_complex.py
[2024-06-03T06:22:31.612+0000] {logging_mixin.py:188} INFO - [2024-06-03T06:22:31.612+0000] {dag.py:3096} INFO - Sync 1 DAGs
[2024-06-03T06:22:31.620+0000] {logging_mixin.py:188} INFO - [2024-06-03T06:22:31.620+0000] {dag.py:3954} INFO - Setting next_dagrun for example_complex to None, run_after=None
[2024-06-03T06:22:31.630+0000] {processor.py:183} INFO - Processing /home/airflow/.local/lib/python3.12/site-packages/airflow/example_dags/example_complex.py took 0.054 seconds
[2024-06-03T06:23:02.288+0000] {processor.py:161} INFO - Started process (PID=464) to work on /home/airflow/.local/lib/python3.12/site-packages/airflow/example_dags/example_complex.py
[2024-06-03T06:23:02.290+0000] {processor.py:830} INFO - Processing file /home/airflow/.local/lib/python3.12/site-packages/airflow/example_dags/example_complex.py for tasks to queue
[2024-06-03T06:23:02.292+0000] {logging_mixin.py:188} INFO - [2024-06-03T06:23:02.291+0000] {dagbag.py:545} INFO - Filling up the DagBag from /home/airflow/.local/lib/python3.12/site-packages/airflow/example_dags/example_complex.py
[2024-06-03T06:23:02.298+0000] {processor.py:840} INFO - DAG(s) 'example_complex' retrieved from /home/airflow/.local/lib/python3.12/site-packages/airflow/example_dags/example_complex.py
[2024-06-03T06:23:02.320+0000] {logging_mixin.py:188} INFO - [2024-06-03T06:23:02.319+0000] {dag.py:3096} INFO - Sync 1 DAGs
[2024-06-03T06:23:02.329+0000] {logging_mixin.py:188} INFO - [2024-06-03T06:23:02.328+0000] {dag.py:3954} INFO - Setting next_dagrun for example_complex to None, run_after=None
[2024-06-03T06:23:02.339+0000] {processor.py:183} INFO - Processing /home/airflow/.local/lib/python3.12/site-packages/airflow/example_dags/example_complex.py took 0.055 seconds
[2024-06-03T06:25:21.493+0000] {processor.py:161} INFO - Started process (PID=60) to work on /home/airflow/.local/lib/python3.12/site-packages/airflow/example_dags/example_complex.py
[2024-06-03T06:25:21.497+0000] {processor.py:830} INFO - Processing file /home/airflow/.local/lib/python3.12/site-packages/airflow/example_dags/example_complex.py for tasks to queue
[2024-06-03T06:25:21.501+0000] {logging_mixin.py:188} INFO - [2024-06-03T06:25:21.501+0000] {dagbag.py:545} INFO - Filling up the DagBag from /home/airflow/.local/lib/python3.12/site-packages/airflow/example_dags/example_complex.py
[2024-06-03T06:25:21.531+0000] {processor.py:840} INFO - DAG(s) 'example_complex' retrieved from /home/airflow/.local/lib/python3.12/site-packages/airflow/example_dags/example_complex.py
[2024-06-03T06:25:21.547+0000] {logging_mixin.py:188} INFO - [2024-06-03T06:25:21.546+0000] {dag.py:3096} INFO - Sync 1 DAGs
[2024-06-03T06:25:21.565+0000] {logging_mixin.py:188} INFO - [2024-06-03T06:25:21.564+0000] {dag.py:3954} INFO - Setting next_dagrun for example_complex to None, run_after=None
[2024-06-03T06:25:21.584+0000] {processor.py:183} INFO - Processing /home/airflow/.local/lib/python3.12/site-packages/airflow/example_dags/example_complex.py took 0.101 seconds
[2024-06-03T06:25:52.362+0000] {processor.py:161} INFO - Started process (PID=118) to work on /home/airflow/.local/lib/python3.12/site-packages/airflow/example_dags/example_complex.py
[2024-06-03T06:25:52.364+0000] {processor.py:830} INFO - Processing file /home/airflow/.local/lib/python3.12/site-packages/airflow/example_dags/example_complex.py for tasks to queue
[2024-06-03T06:25:52.366+0000] {logging_mixin.py:188} INFO - [2024-06-03T06:25:52.366+0000] {dagbag.py:545} INFO - Filling up the DagBag from /home/airflow/.local/lib/python3.12/site-packages/airflow/example_dags/example_complex.py
[2024-06-03T06:25:52.373+0000] {processor.py:840} INFO - DAG(s) 'example_complex' retrieved from /home/airflow/.local/lib/python3.12/site-packages/airflow/example_dags/example_complex.py
[2024-06-03T06:25:52.436+0000] {logging_mixin.py:188} INFO - [2024-06-03T06:25:52.436+0000] {dag.py:3096} INFO - Sync 1 DAGs
[2024-06-03T06:25:52.443+0000] {logging_mixin.py:188} INFO - [2024-06-03T06:25:52.442+0000] {dag.py:3954} INFO - Setting next_dagrun for example_complex to None, run_after=None
[2024-06-03T06:25:52.456+0000] {processor.py:183} INFO - Processing /home/airflow/.local/lib/python3.12/site-packages/airflow/example_dags/example_complex.py took 0.098 seconds
[2024-06-03T06:26:23.145+0000] {processor.py:161} INFO - Started process (PID=176) to work on /home/airflow/.local/lib/python3.12/site-packages/airflow/example_dags/example_complex.py
[2024-06-03T06:26:23.147+0000] {processor.py:830} INFO - Processing file /home/airflow/.local/lib/python3.12/site-packages/airflow/example_dags/example_complex.py for tasks to queue
[2024-06-03T06:26:23.149+0000] {logging_mixin.py:188} INFO - [2024-06-03T06:26:23.148+0000] {dagbag.py:545} INFO - Filling up the DagBag from /home/airflow/.local/lib/python3.12/site-packages/airflow/example_dags/example_complex.py
[2024-06-03T06:26:23.156+0000] {processor.py:840} INFO - DAG(s) 'example_complex' retrieved from /home/airflow/.local/lib/python3.12/site-packages/airflow/example_dags/example_complex.py
[2024-06-03T06:26:23.177+0000] {logging_mixin.py:188} INFO - [2024-06-03T06:26:23.177+0000] {dag.py:3096} INFO - Sync 1 DAGs
[2024-06-03T06:26:23.187+0000] {logging_mixin.py:188} INFO - [2024-06-03T06:26:23.186+0000] {dag.py:3954} INFO - Setting next_dagrun for example_complex to None, run_after=None
[2024-06-03T06:26:23.200+0000] {processor.py:183} INFO - Processing /home/airflow/.local/lib/python3.12/site-packages/airflow/example_dags/example_complex.py took 0.059 seconds
[2024-06-03T06:26:54.097+0000] {processor.py:161} INFO - Started process (PID=234) to work on /home/airflow/.local/lib/python3.12/site-packages/airflow/example_dags/example_complex.py
[2024-06-03T06:26:54.099+0000] {processor.py:830} INFO - Processing file /home/airflow/.local/lib/python3.12/site-packages/airflow/example_dags/example_complex.py for tasks to queue
[2024-06-03T06:26:54.101+0000] {logging_mixin.py:188} INFO - [2024-06-03T06:26:54.101+0000] {dagbag.py:545} INFO - Filling up the DagBag from /home/airflow/.local/lib/python3.12/site-packages/airflow/example_dags/example_complex.py
[2024-06-03T06:26:54.108+0000] {processor.py:840} INFO - DAG(s) 'example_complex' retrieved from /home/airflow/.local/lib/python3.12/site-packages/airflow/example_dags/example_complex.py
[2024-06-03T06:26:54.130+0000] {logging_mixin.py:188} INFO - [2024-06-03T06:26:54.130+0000] {dag.py:3096} INFO - Sync 1 DAGs
[2024-06-03T06:26:54.139+0000] {logging_mixin.py:188} INFO - [2024-06-03T06:26:54.138+0000] {dag.py:3954} INFO - Setting next_dagrun for example_complex to None, run_after=None
[2024-06-03T06:26:54.157+0000] {processor.py:183} INFO - Processing /home/airflow/.local/lib/python3.12/site-packages/airflow/example_dags/example_complex.py took 0.065 seconds
[2024-06-03T06:27:24.199+0000] {processor.py:161} INFO - Started process (PID=292) to work on /home/airflow/.local/lib/python3.12/site-packages/airflow/example_dags/example_complex.py
[2024-06-03T06:27:24.201+0000] {processor.py:830} INFO - Processing file /home/airflow/.local/lib/python3.12/site-packages/airflow/example_dags/example_complex.py for tasks to queue
[2024-06-03T06:27:24.203+0000] {logging_mixin.py:188} INFO - [2024-06-03T06:27:24.203+0000] {dagbag.py:545} INFO - Filling up the DagBag from /home/airflow/.local/lib/python3.12/site-packages/airflow/example_dags/example_complex.py
[2024-06-03T06:27:24.210+0000] {processor.py:840} INFO - DAG(s) 'example_complex' retrieved from /home/airflow/.local/lib/python3.12/site-packages/airflow/example_dags/example_complex.py
[2024-06-03T06:27:24.232+0000] {logging_mixin.py:188} INFO - [2024-06-03T06:27:24.232+0000] {dag.py:3096} INFO - Sync 1 DAGs
[2024-06-03T06:27:24.241+0000] {logging_mixin.py:188} INFO - [2024-06-03T06:27:24.240+0000] {dag.py:3954} INFO - Setting next_dagrun for example_complex to None, run_after=None
[2024-06-03T06:27:24.251+0000] {processor.py:183} INFO - Processing /home/airflow/.local/lib/python3.12/site-packages/airflow/example_dags/example_complex.py took 0.057 seconds
