[2024-06-03T06:19:29.955+0000] {processor.py:161} INFO - Started process (PID=69) to work on /home/airflow/.local/lib/python3.12/site-packages/airflow/example_dags/tutorial.py
[2024-06-03T06:19:29.958+0000] {processor.py:830} INFO - Processing file /home/airflow/.local/lib/python3.12/site-packages/airflow/example_dags/tutorial.py for tasks to queue
[2024-06-03T06:19:29.963+0000] {logging_mixin.py:188} INFO - [2024-06-03T06:19:29.962+0000] {dagbag.py:545} INFO - Filling up the DagBag from /home/airflow/.local/lib/python3.12/site-packages/airflow/example_dags/tutorial.py
[2024-06-03T06:19:29.978+0000] {processor.py:840} INFO - DAG(s) 'tutorial' retrieved from /home/airflow/.local/lib/python3.12/site-packages/airflow/example_dags/tutorial.py
[2024-06-03T06:19:30.017+0000] {logging_mixin.py:188} INFO - [2024-06-03T06:19:30.017+0000] {dag.py:3096} INFO - Sync 1 DAGs
[2024-06-03T06:19:30.057+0000] {logging_mixin.py:188} INFO - [2024-06-03T06:19:30.056+0000] {dag.py:3954} INFO - Setting next_dagrun for tutorial to 2024-06-02 00:00:00+00:00, run_after=2024-06-03 00:00:00+00:00
[2024-06-03T06:19:30.096+0000] {processor.py:183} INFO - Processing /home/airflow/.local/lib/python3.12/site-packages/airflow/example_dags/tutorial.py took 0.147 seconds
[2024-06-03T06:20:00.944+0000] {processor.py:161} INFO - Started process (PID=126) to work on /home/airflow/.local/lib/python3.12/site-packages/airflow/example_dags/tutorial.py
[2024-06-03T06:20:00.945+0000] {processor.py:830} INFO - Processing file /home/airflow/.local/lib/python3.12/site-packages/airflow/example_dags/tutorial.py for tasks to queue
[2024-06-03T06:20:00.947+0000] {logging_mixin.py:188} INFO - [2024-06-03T06:20:00.947+0000] {dagbag.py:545} INFO - Filling up the DagBag from /home/airflow/.local/lib/python3.12/site-packages/airflow/example_dags/tutorial.py
[2024-06-03T06:20:00.952+0000] {processor.py:840} INFO - DAG(s) 'tutorial' retrieved from /home/airflow/.local/lib/python3.12/site-packages/airflow/example_dags/tutorial.py
[2024-06-03T06:20:01.008+0000] {logging_mixin.py:188} INFO - [2024-06-03T06:20:01.008+0000] {dag.py:3096} INFO - Sync 1 DAGs
[2024-06-03T06:20:01.018+0000] {logging_mixin.py:188} INFO - [2024-06-03T06:20:01.018+0000] {dag.py:3954} INFO - Setting next_dagrun for tutorial to 2024-06-02 00:00:00+00:00, run_after=2024-06-03 00:00:00+00:00
[2024-06-03T06:20:01.029+0000] {processor.py:183} INFO - Processing /home/airflow/.local/lib/python3.12/site-packages/airflow/example_dags/tutorial.py took 0.088 seconds
[2024-06-03T06:20:31.342+0000] {processor.py:161} INFO - Started process (PID=184) to work on /home/airflow/.local/lib/python3.12/site-packages/airflow/example_dags/tutorial.py
[2024-06-03T06:20:31.344+0000] {processor.py:830} INFO - Processing file /home/airflow/.local/lib/python3.12/site-packages/airflow/example_dags/tutorial.py for tasks to queue
[2024-06-03T06:20:31.346+0000] {logging_mixin.py:188} INFO - [2024-06-03T06:20:31.346+0000] {dagbag.py:545} INFO - Filling up the DagBag from /home/airflow/.local/lib/python3.12/site-packages/airflow/example_dags/tutorial.py
[2024-06-03T06:20:31.356+0000] {processor.py:840} INFO - DAG(s) 'tutorial' retrieved from /home/airflow/.local/lib/python3.12/site-packages/airflow/example_dags/tutorial.py
[2024-06-03T06:20:31.387+0000] {logging_mixin.py:188} INFO - [2024-06-03T06:20:31.387+0000] {dag.py:3096} INFO - Sync 1 DAGs
[2024-06-03T06:20:31.407+0000] {logging_mixin.py:188} INFO - [2024-06-03T06:20:31.407+0000] {dag.py:3954} INFO - Setting next_dagrun for tutorial to 2024-06-02 00:00:00+00:00, run_after=2024-06-03 00:00:00+00:00
[2024-06-03T06:20:31.425+0000] {processor.py:183} INFO - Processing /home/airflow/.local/lib/python3.12/site-packages/airflow/example_dags/tutorial.py took 0.089 seconds
[2024-06-03T06:21:02.265+0000] {processor.py:161} INFO - Started process (PID=242) to work on /home/airflow/.local/lib/python3.12/site-packages/airflow/example_dags/tutorial.py
[2024-06-03T06:21:02.267+0000] {processor.py:830} INFO - Processing file /home/airflow/.local/lib/python3.12/site-packages/airflow/example_dags/tutorial.py for tasks to queue
[2024-06-03T06:21:02.269+0000] {logging_mixin.py:188} INFO - [2024-06-03T06:21:02.269+0000] {dagbag.py:545} INFO - Filling up the DagBag from /home/airflow/.local/lib/python3.12/site-packages/airflow/example_dags/tutorial.py
[2024-06-03T06:21:02.275+0000] {processor.py:840} INFO - DAG(s) 'tutorial' retrieved from /home/airflow/.local/lib/python3.12/site-packages/airflow/example_dags/tutorial.py
[2024-06-03T06:21:02.295+0000] {logging_mixin.py:188} INFO - [2024-06-03T06:21:02.295+0000] {dag.py:3096} INFO - Sync 1 DAGs
[2024-06-03T06:21:02.309+0000] {logging_mixin.py:188} INFO - [2024-06-03T06:21:02.309+0000] {dag.py:3954} INFO - Setting next_dagrun for tutorial to 2024-06-02 00:00:00+00:00, run_after=2024-06-03 00:00:00+00:00
[2024-06-03T06:21:02.345+0000] {processor.py:183} INFO - Processing /home/airflow/.local/lib/python3.12/site-packages/airflow/example_dags/tutorial.py took 0.085 seconds
[2024-06-03T06:21:32.444+0000] {processor.py:161} INFO - Started process (PID=300) to work on /home/airflow/.local/lib/python3.12/site-packages/airflow/example_dags/tutorial.py
[2024-06-03T06:21:32.446+0000] {processor.py:830} INFO - Processing file /home/airflow/.local/lib/python3.12/site-packages/airflow/example_dags/tutorial.py for tasks to queue
[2024-06-03T06:21:32.448+0000] {logging_mixin.py:188} INFO - [2024-06-03T06:21:32.447+0000] {dagbag.py:545} INFO - Filling up the DagBag from /home/airflow/.local/lib/python3.12/site-packages/airflow/example_dags/tutorial.py
[2024-06-03T06:21:32.453+0000] {processor.py:840} INFO - DAG(s) 'tutorial' retrieved from /home/airflow/.local/lib/python3.12/site-packages/airflow/example_dags/tutorial.py
[2024-06-03T06:21:32.471+0000] {logging_mixin.py:188} INFO - [2024-06-03T06:21:32.470+0000] {dag.py:3096} INFO - Sync 1 DAGs
[2024-06-03T06:21:32.485+0000] {logging_mixin.py:188} INFO - [2024-06-03T06:21:32.485+0000] {dag.py:3954} INFO - Setting next_dagrun for tutorial to 2024-06-02 00:00:00+00:00, run_after=2024-06-03 00:00:00+00:00
[2024-06-03T06:21:32.498+0000] {processor.py:183} INFO - Processing /home/airflow/.local/lib/python3.12/site-packages/airflow/example_dags/tutorial.py took 0.059 seconds
[2024-06-03T06:22:02.972+0000] {processor.py:161} INFO - Started process (PID=358) to work on /home/airflow/.local/lib/python3.12/site-packages/airflow/example_dags/tutorial.py
[2024-06-03T06:22:02.973+0000] {processor.py:830} INFO - Processing file /home/airflow/.local/lib/python3.12/site-packages/airflow/example_dags/tutorial.py for tasks to queue
[2024-06-03T06:22:02.974+0000] {logging_mixin.py:188} INFO - [2024-06-03T06:22:02.974+0000] {dagbag.py:545} INFO - Filling up the DagBag from /home/airflow/.local/lib/python3.12/site-packages/airflow/example_dags/tutorial.py
[2024-06-03T06:22:02.979+0000] {processor.py:840} INFO - DAG(s) 'tutorial' retrieved from /home/airflow/.local/lib/python3.12/site-packages/airflow/example_dags/tutorial.py
[2024-06-03T06:22:02.997+0000] {logging_mixin.py:188} INFO - [2024-06-03T06:22:02.997+0000] {dag.py:3096} INFO - Sync 1 DAGs
[2024-06-03T06:22:03.011+0000] {logging_mixin.py:188} INFO - [2024-06-03T06:22:03.010+0000] {dag.py:3954} INFO - Setting next_dagrun for tutorial to 2024-06-02 00:00:00+00:00, run_after=2024-06-03 00:00:00+00:00
[2024-06-03T06:22:03.022+0000] {processor.py:183} INFO - Processing /home/airflow/.local/lib/python3.12/site-packages/airflow/example_dags/tutorial.py took 0.055 seconds
[2024-06-03T06:22:33.098+0000] {processor.py:161} INFO - Started process (PID=416) to work on /home/airflow/.local/lib/python3.12/site-packages/airflow/example_dags/tutorial.py
[2024-06-03T06:22:33.099+0000] {processor.py:830} INFO - Processing file /home/airflow/.local/lib/python3.12/site-packages/airflow/example_dags/tutorial.py for tasks to queue
[2024-06-03T06:22:33.101+0000] {logging_mixin.py:188} INFO - [2024-06-03T06:22:33.100+0000] {dagbag.py:545} INFO - Filling up the DagBag from /home/airflow/.local/lib/python3.12/site-packages/airflow/example_dags/tutorial.py
[2024-06-03T06:22:33.105+0000] {processor.py:840} INFO - DAG(s) 'tutorial' retrieved from /home/airflow/.local/lib/python3.12/site-packages/airflow/example_dags/tutorial.py
[2024-06-03T06:22:33.123+0000] {logging_mixin.py:188} INFO - [2024-06-03T06:22:33.122+0000] {dag.py:3096} INFO - Sync 1 DAGs
[2024-06-03T06:22:33.135+0000] {logging_mixin.py:188} INFO - [2024-06-03T06:22:33.134+0000] {dag.py:3954} INFO - Setting next_dagrun for tutorial to 2024-06-02 00:00:00+00:00, run_after=2024-06-03 00:00:00+00:00
[2024-06-03T06:22:33.146+0000] {processor.py:183} INFO - Processing /home/airflow/.local/lib/python3.12/site-packages/airflow/example_dags/tutorial.py took 0.052 seconds
[2024-06-03T06:23:03.806+0000] {processor.py:161} INFO - Started process (PID=474) to work on /home/airflow/.local/lib/python3.12/site-packages/airflow/example_dags/tutorial.py
[2024-06-03T06:23:03.807+0000] {processor.py:830} INFO - Processing file /home/airflow/.local/lib/python3.12/site-packages/airflow/example_dags/tutorial.py for tasks to queue
[2024-06-03T06:23:03.809+0000] {logging_mixin.py:188} INFO - [2024-06-03T06:23:03.809+0000] {dagbag.py:545} INFO - Filling up the DagBag from /home/airflow/.local/lib/python3.12/site-packages/airflow/example_dags/tutorial.py
[2024-06-03T06:23:03.815+0000] {processor.py:840} INFO - DAG(s) 'tutorial' retrieved from /home/airflow/.local/lib/python3.12/site-packages/airflow/example_dags/tutorial.py
[2024-06-03T06:23:03.832+0000] {logging_mixin.py:188} INFO - [2024-06-03T06:23:03.832+0000] {dag.py:3096} INFO - Sync 1 DAGs
[2024-06-03T06:23:03.846+0000] {logging_mixin.py:188} INFO - [2024-06-03T06:23:03.846+0000] {dag.py:3954} INFO - Setting next_dagrun for tutorial to 2024-06-02 00:00:00+00:00, run_after=2024-06-03 00:00:00+00:00
[2024-06-03T06:23:03.857+0000] {processor.py:183} INFO - Processing /home/airflow/.local/lib/python3.12/site-packages/airflow/example_dags/tutorial.py took 0.056 seconds
[2024-06-03T06:25:22.359+0000] {processor.py:161} INFO - Started process (PID=70) to work on /home/airflow/.local/lib/python3.12/site-packages/airflow/example_dags/tutorial.py
[2024-06-03T06:25:22.360+0000] {processor.py:830} INFO - Processing file /home/airflow/.local/lib/python3.12/site-packages/airflow/example_dags/tutorial.py for tasks to queue
[2024-06-03T06:25:22.363+0000] {logging_mixin.py:188} INFO - [2024-06-03T06:25:22.362+0000] {dagbag.py:545} INFO - Filling up the DagBag from /home/airflow/.local/lib/python3.12/site-packages/airflow/example_dags/tutorial.py
[2024-06-03T06:25:22.374+0000] {processor.py:840} INFO - DAG(s) 'tutorial' retrieved from /home/airflow/.local/lib/python3.12/site-packages/airflow/example_dags/tutorial.py
[2024-06-03T06:25:22.385+0000] {logging_mixin.py:188} INFO - [2024-06-03T06:25:22.385+0000] {dag.py:3096} INFO - Sync 1 DAGs
[2024-06-03T06:25:22.400+0000] {logging_mixin.py:188} INFO - [2024-06-03T06:25:22.399+0000] {dag.py:3954} INFO - Setting next_dagrun for tutorial to 2024-06-02 00:00:00+00:00, run_after=2024-06-03 00:00:00+00:00
[2024-06-03T06:25:22.412+0000] {processor.py:183} INFO - Processing /home/airflow/.local/lib/python3.12/site-packages/airflow/example_dags/tutorial.py took 0.059 seconds
[2024-06-03T06:25:53.049+0000] {processor.py:161} INFO - Started process (PID=128) to work on /home/airflow/.local/lib/python3.12/site-packages/airflow/example_dags/tutorial.py
[2024-06-03T06:25:53.050+0000] {processor.py:830} INFO - Processing file /home/airflow/.local/lib/python3.12/site-packages/airflow/example_dags/tutorial.py for tasks to queue
[2024-06-03T06:25:53.052+0000] {logging_mixin.py:188} INFO - [2024-06-03T06:25:53.051+0000] {dagbag.py:545} INFO - Filling up the DagBag from /home/airflow/.local/lib/python3.12/site-packages/airflow/example_dags/tutorial.py
[2024-06-03T06:25:53.058+0000] {processor.py:840} INFO - DAG(s) 'tutorial' retrieved from /home/airflow/.local/lib/python3.12/site-packages/airflow/example_dags/tutorial.py
[2024-06-03T06:25:53.158+0000] {logging_mixin.py:188} INFO - [2024-06-03T06:25:53.158+0000] {dag.py:3096} INFO - Sync 1 DAGs
[2024-06-03T06:25:53.171+0000] {logging_mixin.py:188} INFO - [2024-06-03T06:25:53.170+0000] {dag.py:3954} INFO - Setting next_dagrun for tutorial to 2024-06-02 00:00:00+00:00, run_after=2024-06-03 00:00:00+00:00
[2024-06-03T06:25:53.184+0000] {processor.py:183} INFO - Processing /home/airflow/.local/lib/python3.12/site-packages/airflow/example_dags/tutorial.py took 0.139 seconds
[2024-06-03T06:26:23.595+0000] {processor.py:161} INFO - Started process (PID=186) to work on /home/airflow/.local/lib/python3.12/site-packages/airflow/example_dags/tutorial.py
[2024-06-03T06:26:23.596+0000] {processor.py:830} INFO - Processing file /home/airflow/.local/lib/python3.12/site-packages/airflow/example_dags/tutorial.py for tasks to queue
[2024-06-03T06:26:23.599+0000] {logging_mixin.py:188} INFO - [2024-06-03T06:26:23.599+0000] {dagbag.py:545} INFO - Filling up the DagBag from /home/airflow/.local/lib/python3.12/site-packages/airflow/example_dags/tutorial.py
[2024-06-03T06:26:23.605+0000] {processor.py:840} INFO - DAG(s) 'tutorial' retrieved from /home/airflow/.local/lib/python3.12/site-packages/airflow/example_dags/tutorial.py
[2024-06-03T06:26:23.625+0000] {logging_mixin.py:188} INFO - [2024-06-03T06:26:23.624+0000] {dag.py:3096} INFO - Sync 1 DAGs
[2024-06-03T06:26:23.641+0000] {logging_mixin.py:188} INFO - [2024-06-03T06:26:23.641+0000] {dag.py:3954} INFO - Setting next_dagrun for tutorial to 2024-06-02 00:00:00+00:00, run_after=2024-06-03 00:00:00+00:00
[2024-06-03T06:26:23.656+0000] {processor.py:183} INFO - Processing /home/airflow/.local/lib/python3.12/site-packages/airflow/example_dags/tutorial.py took 0.067 seconds
[2024-06-03T06:26:54.544+0000] {processor.py:161} INFO - Started process (PID=244) to work on /home/airflow/.local/lib/python3.12/site-packages/airflow/example_dags/tutorial.py
[2024-06-03T06:26:54.545+0000] {processor.py:830} INFO - Processing file /home/airflow/.local/lib/python3.12/site-packages/airflow/example_dags/tutorial.py for tasks to queue
[2024-06-03T06:26:54.547+0000] {logging_mixin.py:188} INFO - [2024-06-03T06:26:54.547+0000] {dagbag.py:545} INFO - Filling up the DagBag from /home/airflow/.local/lib/python3.12/site-packages/airflow/example_dags/tutorial.py
[2024-06-03T06:26:54.552+0000] {processor.py:840} INFO - DAG(s) 'tutorial' retrieved from /home/airflow/.local/lib/python3.12/site-packages/airflow/example_dags/tutorial.py
[2024-06-03T06:26:54.569+0000] {logging_mixin.py:188} INFO - [2024-06-03T06:26:54.569+0000] {dag.py:3096} INFO - Sync 1 DAGs
[2024-06-03T06:26:54.582+0000] {logging_mixin.py:188} INFO - [2024-06-03T06:26:54.582+0000] {dag.py:3954} INFO - Setting next_dagrun for tutorial to 2024-06-02 00:00:00+00:00, run_after=2024-06-03 00:00:00+00:00
[2024-06-03T06:26:54.595+0000] {processor.py:183} INFO - Processing /home/airflow/.local/lib/python3.12/site-packages/airflow/example_dags/tutorial.py took 0.055 seconds
[2024-06-03T06:27:24.668+0000] {processor.py:161} INFO - Started process (PID=302) to work on /home/airflow/.local/lib/python3.12/site-packages/airflow/example_dags/tutorial.py
[2024-06-03T06:27:24.670+0000] {processor.py:830} INFO - Processing file /home/airflow/.local/lib/python3.12/site-packages/airflow/example_dags/tutorial.py for tasks to queue
[2024-06-03T06:27:24.672+0000] {logging_mixin.py:188} INFO - [2024-06-03T06:27:24.671+0000] {dagbag.py:545} INFO - Filling up the DagBag from /home/airflow/.local/lib/python3.12/site-packages/airflow/example_dags/tutorial.py
[2024-06-03T06:27:24.676+0000] {processor.py:840} INFO - DAG(s) 'tutorial' retrieved from /home/airflow/.local/lib/python3.12/site-packages/airflow/example_dags/tutorial.py
[2024-06-03T06:27:24.693+0000] {logging_mixin.py:188} INFO - [2024-06-03T06:27:24.693+0000] {dag.py:3096} INFO - Sync 1 DAGs
[2024-06-03T06:27:24.708+0000] {logging_mixin.py:188} INFO - [2024-06-03T06:27:24.708+0000] {dag.py:3954} INFO - Setting next_dagrun for tutorial to 2024-06-02 00:00:00+00:00, run_after=2024-06-03 00:00:00+00:00
[2024-06-03T06:27:24.721+0000] {processor.py:183} INFO - Processing /home/airflow/.local/lib/python3.12/site-packages/airflow/example_dags/tutorial.py took 0.058 seconds
